

   Time         sum(rTop)     sum(rRoot)    sum(vTop)     sum(vRoot)     sum(vBot)    hTop       hRoot      hBot      A-level
    [T]           [L]           [L]           [L]           [L]            [L]        [L]         [L]       [L] 

     1.00000 -0.510000E+00  0.146450E-01 -0.510000E+00  0.146450E-01 -0.819222E-02   -269.806   -402.661   -500.000       1
     2.00000 -0.530000E+00  0.330700E-01 -0.530001E+00  0.330700E-01 -0.163844E-01   -365.289   -402.010   -500.000       2
     3.00000 -0.496056E+00  0.643960E-01 -0.496138E+00  0.643960E-01 -0.245770E-01   -426.363   -423.994   -499.980       3
     4.00000 -0.496056E+00  0.918790E-01 -0.496106E+00  0.918790E-01 -0.327730E-01   -438.785   -437.800   -499.836       4
     5.00000 -0.462478E+00  0.114391E+00 -0.462466E+00  0.114391E+00 -0.409796E-01   -480.006   -455.808   -499.480       5
     6.00000 -0.425347E+00  0.142181E+00 -0.425467E+00  0.142181E+00 -0.492140E-01   -512.753   -473.010   -498.767       6
     7.00000 -0.363988E+00  0.162007E+00 -0.363909E+00  0.162007E+00 -0.574845E-01   -575.859   -498.430   -497.843       7
     8.00000 -0.318183E+00  0.179222E+00 -0.318038E+00  0.179222E+00 -0.657949E-01   -599.566   -517.090   -496.744       8
     9.00000 -0.277535E+00  0.202088E+00 -0.277532E+00  0.202088E+00 -0.741473E-01   -621.335   -533.165   -495.570       9
    10.00000 -0.219581E+00  0.223838E+00 -0.219550E+00  0.223838E+00 -0.825413E-01   -686.353   -557.453   -494.424      10
    11.00000 -0.169124E+00  0.267209E+00 -0.169633E+00  0.267209E+00 -0.909747E-01   -723.220   -578.141   -493.371      11
    12.00000 -0.169124E+00  0.336740E+00 -0.170287E+00  0.336740E+00 -0.994405E-01   -664.764   -585.881   -492.500      12
    13.00000 -0.122451E+00  0.367016E+00 -0.122633E+00  0.367016E+00 -0.107927E+00   -793.317   -625.200   -491.872      13
    14.00000 -0.721331E-01  0.399647E+00 -0.723735E-01  0.399647E+00 -0.116425E+00   -872.735   -650.378   -491.542      14
    15.00000 -0.121308E-02  0.417441E+00 -0.108255E-02  0.417441E+00 -0.124924E+00  -1073.482   -690.773   -491.526      15
    16.00000  0.511129E-01  0.436466E+00  0.512127E-01  0.436466E+00 -0.133411E+00  -1111.242   -714.362   -491.853      16
    17.00000  0.101479E+00  0.463071E+00  0.101389E+00  0.463071E+00 -0.141877E+00  -1180.998   -739.357   -492.498      17
    18.00000  0.101479E+00  0.502830E+00  0.101060E+00  0.502830E+00 -0.150307E+00   -951.311   -734.053   -493.422      18
    19.00000 -0.268521E+00  0.536019E+00 -0.268938E+00  0.536019E+00 -0.158716E+00   -380.642   -591.274   -494.514      19
    20.00000 -0.268521E+00  0.536019E+00 -0.268730E+00  0.536019E+00 -0.167076E+00   -533.948   -579.381   -495.895      20
    21.00000 -0.217245E+00  0.580189E+00 -0.217823E+00  0.580189E+00 -0.175371E+00   -655.865   -603.056   -497.547      21
    22.00000 -0.347245E+00  0.594202E+00 -0.347815E+00  0.594202E+00 -0.183615E+00   -466.893   -564.458   -499.348      22
    23.00000 -0.222725E+01  0.594202E+00 -0.222781E+01  0.594202E+00 -0.191793E+00   -141.006   -265.704   -501.314      23
    24.00000 -0.317724E+01  0.613531E+00 -0.317782E+01  0.613531E+00 -0.199895E+00   -154.425   -202.185   -503.395      24
    25.00000 -0.315876E+01  0.642187E+00 -0.315939E+01  0.642187E+00 -0.207917E+00   -230.275   -235.786   -505.397      25
    26.00000 -0.313475E+01  0.665492E+00 -0.313533E+01  0.665492E+00 -0.215905E+00   -263.969   -262.170   -505.547      26
    27.00000 -0.308900E+01  0.691639E+00 -0.308962E+01  0.691639E+00 -0.223971E+00   -295.347   -285.316   -502.054      27
    28.00000 -0.305803E+01  0.733687E+00 -0.305905E+01  0.733687E+00 -0.232423E+00   -313.931   -301.816   -493.061      28
    29.00000 -0.305803E+01  0.803642E+00 -0.305975E+01  0.803642E+00 -0.241513E+00   -325.468   -316.641   -482.134      29
    30.00000 -0.298458E+01  0.848157E+00 -0.298566E+01  0.848157E+00 -0.251723E+00   -376.949   -344.861   -470.620      30
    31.00000 -0.291505E+01  0.887681E+00 -0.291600E+01  0.887681E+00 -0.263144E+00   -409.353   -366.163   -458.062      31
    32.00000 -0.291505E+01  0.981537E+00 -0.291736E+01  0.981537E+00 -0.275703E+00   -396.687   -374.210   -446.108      32
    33.00000 -0.286833E+01  0.103490E+01 -0.286963E+01  0.103490E+01 -0.289273E+00   -448.469   -401.289   -435.561      33
    34.00000 -0.286833E+01  0.110933E+01 -0.287016E+01  0.110933E+01 -0.303731E+00   -437.502   -408.730   -426.802      34
    35.00000 -0.285161E+01  0.120010E+01 -0.285384E+01  0.120010E+01 -0.318840E+00   -466.450   -427.768   -419.573      35
    36.00000 -0.277520E+01  0.124822E+01 -0.277637E+01  0.124822E+01 -0.334477E+00   -559.929   -462.606   -414.079      36
    37.00000 -0.278657E+01  0.130687E+01 -0.278774E+01  0.130687E+01 -0.350387E+00   -504.548   -466.917   -409.453      37
    38.00000 -0.299657E+01  0.134339E+01 -0.299774E+01  0.134339E+01 -0.366658E+00   -360.615   -424.931   -406.317      38
    39.00000 -0.299657E+01  0.142824E+01 -0.299804E+01  0.142824E+01 -0.383171E+00   -442.649   -438.670   -404.558      39
    40.00000 -0.302883E+01  0.149524E+01 -0.303030E+01  0.149524E+01 -0.399784E+00   -444.235   -445.309   -403.687      40
    41.00000 -0.297742E+01  0.156309E+01 -0.297889E+01  0.156309E+01 -0.416435E+00   -532.120   -471.283   -403.635      41
    42.00000 -0.296260E+01  0.162860E+01 -0.296405E+01  0.162860E+01 -0.433051E+00   -541.505   -488.598   -404.119      42
    43.00000 -0.364260E+01  0.170402E+01 -0.364405E+01  0.170402E+01 -0.449613E+00   -242.454   -370.590   -404.873      43
    44.00000 -0.523260E+01  0.179370E+01 -0.523406E+01  0.179370E+01 -0.466086E+00   -141.449   -215.315   -405.932      44
    45.00000 -0.520788E+01  0.191506E+01 -0.520954E+01  0.191506E+01 -0.482438E+00   -240.377   -247.588   -407.112      45
    46.00000 -0.523788E+01  0.198729E+01 -0.523953E+01  0.198729E+01 -0.498716E+00   -270.529   -272.838   -407.467      46
    47.00000 -0.523788E+01  0.205608E+01 -0.523950E+01  0.205608E+01 -0.515135E+00   -297.885   -292.504   -404.778      47
    48.00000 -0.523174E+01  0.212450E+01 -0.523336E+01  0.212450E+01 -0.532091E+00   -319.927   -309.556   -398.797      48
    49.00000 -0.523174E+01  0.217220E+01 -0.523310E+01  0.217220E+01 -0.549731E+00   -336.144   -325.224   -391.359      49
    50.00000 -0.521192E+01  0.225948E+01 -0.521427E+01  0.225948E+01 -0.568432E+00   -357.731   -340.260   -384.398      50
    51.00000 -0.514919E+01  0.234824E+01 -0.515158E+01  0.234824E+01 -0.588481E+00   -405.252   -365.245   -378.773      51
    52.00000 -0.510450E+01  0.245476E+01 -0.510733E+01  0.245476E+01 -0.609817E+00   -435.858   -387.859   -374.029      52
    53.00000 -0.507331E+01  0.256196E+01 -0.507616E+01  0.256196E+01 -0.632122E+00   -464.891   -411.804   -370.160      53
    54.00000 -0.504987E+01  0.265583E+01 -0.505239E+01  0.265583E+01 -0.655132E+00   -490.884   -433.411   -367.414      54
    55.00000 -0.504987E+01  0.272118E+01 -0.505167E+01  0.272118E+01 -0.678578E+00   -493.872   -446.944   -365.665      55
    56.00000 -0.513987E+01  0.277203E+01 -0.514167E+01  0.277203E+01 -0.702204E+00   -420.642   -432.986   -364.412      56
    57.00000 -0.591737E+01  0.285421E+01 -0.591918E+01  0.285421E+01 -0.725991E+00   -216.197   -319.626   -364.135      57
    58.00000 -0.591737E+01  0.294120E+01 -0.591921E+01  0.294120E+01 -0.749729E+00   -320.119   -334.004   -364.607      58
    59.00000 -0.594737E+01  0.300285E+01 -0.594920E+01  0.300285E+01 -0.773289E+00   -342.563   -347.840   -365.487      59
    60.00000 -0.594737E+01  0.309201E+01 -0.594937E+01  0.309201E+01 -0.796587E+00   -374.448   -365.735   -366.393      60
    61.00000 -0.612737E+01  0.315666E+01 -0.612936E+01  0.315666E+01 -0.819711E+00   -315.230   -351.435   -367.056      61
    62.00000 -0.612737E+01  0.320670E+01 -0.612927E+01  0.320670E+01 -0.842713E+00   -367.115   -363.789   -367.353      62
    63.00000 -0.612737E+01  0.339162E+01 -0.613040E+01  0.339162E+01 -0.865681E+00   -407.330   -389.323   -367.427      63
    64.00000 -0.606295E+01  0.351963E+01 -0.606526E+01  0.351963E+01 -0.888646E+00   -505.199   -432.819   -367.426      64
    65.00000 -0.606292E+01  0.369920E+01 -0.606653E+01  0.369920E+01 -0.911572E+00   -508.370   -455.792   -367.554      65
    66.00000 -0.606292E+01  0.379752E+01 -0.606450E+01  0.379752E+01 -0.934393E+00   -558.500   -492.764   -367.945      66
    67.00000 -0.832293E+01  0.382656E+01 -0.832448E+01  0.382656E+01 -0.957157E+00   -124.038   -204.493   -368.502      67
    68.00000 -0.832293E+01  0.391735E+01 -0.832470E+01  0.391735E+01 -0.979717E+00   -225.355   -231.619   -369.417      68
    69.00000 -0.832293E+01  0.406429E+01 -0.832517E+01  0.406429E+01 -0.100208E+01   -266.843   -263.456   -369.760      69
    70.00000 -0.827821E+01  0.421924E+01 -0.828055E+01  0.421924E+01 -0.102484E+01   -313.241   -294.811   -367.396      70
    71.00000 -0.821462E+01  0.438596E+01 -0.821711E+01  0.438596E+01 -0.104870E+01   -367.185   -329.927   -362.506      71
    72.00000 -0.815037E+01  0.456495E+01 -0.815317E+01  0.456495E+01 -0.107441E+01   -421.214   -365.188   -356.802      72
    73.00000 -0.811587E+01  0.477283E+01 -0.811938E+01  0.477283E+01 -0.110137E+01   -462.257   -398.905   -352.001      73
    74.00000 -0.806944E+01  0.494465E+01 -0.807205E+01  0.494465E+01 -0.112915E+01   -543.092   -443.887   -348.412      74
    75.00000 -0.802024E+01  0.512457E+01 -0.802306E+01  0.512457E+01 -0.115752E+01   -624.926   -485.702   -346.522      75
    76.00000 -0.801351E+01  0.530319E+01 -0.801629E+01  0.530319E+01 -0.118597E+01   -644.529   -520.356   -345.745      76
    77.00000 -0.801351E+01  0.552491E+01 -0.801737E+01  0.552491E+01 -0.121435E+01   -687.408   -556.415   -346.373      77
    78.00000 -0.115135E+02  0.553425E+01 -0.115173E+02  0.553425E+01 -0.124258E+01    -94.908   -147.281   -347.326      78
    79.00000 -0.124235E+02  0.560057E+01 -0.124273E+02  0.560057E+01 -0.127040E+01   -133.139   -149.814   -349.063      79
    80.00000 -0.123984E+02  0.572955E+01 -0.124026E+02  0.572955E+01 -0.129841E+01   -192.954   -186.368   -344.969      80
    81.00000 -0.123599E+02  0.590420E+01 -0.123645E+02  0.590421E+01 -0.133088E+01   -229.266   -216.520   -325.439      81
    82.00000 -0.127699E+02  0.601543E+01 -0.127745E+02  0.601543E+01 -0.136820E+01   -190.027   -205.913   -302.436      82
    83.00000 -0.150499E+02  0.603745E+01 -0.150545E+02  0.603745E+01 -0.141595E+01   -101.262   -122.584   -283.670      83
    84.00000 -0.150799E+02  0.613594E+01 -0.150845E+02  0.613594E+01 -0.147673E+01   -166.088   -159.479   -261.518      84
    85.00000 -0.150899E+02  0.625907E+01 -0.150945E+02  0.625907E+01 -0.155934E+01   -193.057   -183.155   -231.989      85
    86.00000 -0.150899E+02  0.644326E+01 -0.150949E+02  0.644326E+01 -0.168050E+01   -217.387   -203.608   -213.313      86
    87.00000 -0.150899E+02  0.664160E+01 -0.150950E+02  0.664160E+01 -0.182214E+01   -238.450   -222.501   -205.575      87
    88.00000 -0.150734E+02  0.683547E+01 -0.150785E+02  0.683547E+01 -0.196870E+01   -262.624   -241.377   -203.442      88
    89.00000 -0.150734E+02  0.695438E+01 -0.150766E+02  0.695438E+01 -0.211260E+01   -279.788   -257.535   -205.394      89
    90.00000 -0.151234E+02  0.709094E+01 -0.151266E+02  0.709094E+01 -0.225349E+01   -277.251   -263.525   -208.147      90
    91.00000 -0.151934E+02  0.722795E+01 -0.151966E+02  0.722796E+01 -0.238806E+01   -277.591   -268.011   -212.267      91
    92.00000 -0.152514E+02  0.746043E+01 -0.152546E+02  0.746043E+01 -0.251513E+01   -296.883   -283.447   -216.808      92
    93.00000 -0.153314E+02  0.771777E+01 -0.153346E+02  0.771777E+01 -0.263431E+01   -310.205   -298.288   -221.491      93
    94.00000 -0.154714E+02  0.779137E+01 -0.154746E+02  0.779137E+01 -0.274538E+01   -282.279   -286.359   -226.305      94
    95.00000 -0.154194E+02  0.803729E+01 -0.154237E+02  0.803729E+01 -0.284738E+01   -353.711   -315.377   -231.122      95
    96.00000 -0.153848E+02  0.833153E+01 -0.153894E+02  0.833153E+01 -0.294044E+01   -410.245   -352.561   -235.849      96
    97.00000 -0.155848E+02  0.860294E+01 -0.155894E+02  0.860294E+01 -0.302705E+01   -336.011   -349.273   -240.704      97
    98.00000 -0.155848E+02  0.879333E+01 -0.155889E+02  0.879333E+01 -0.310601E+01   -409.364   -371.953   -246.855      98
    99.00000 -0.155620E+02  0.908218E+01 -0.155669E+02  0.908218E+01 -0.318038E+01   -483.797   -410.998   -253.022      99
   100.00000 -0.155620E+02  0.937698E+01 -0.155670E+02  0.937698E+01 -0.325082E+01   -550.196   -456.181   -259.099     100
   101.00000 -0.155388E+02  0.968275E+01 -0.155441E+02  0.968275E+01 -0.331622E+01   -681.068   -515.784   -265.166     101
   102.00000 -0.155031E+02  0.999229E+01 -0.155085E+02  0.999229E+01 -0.337759E+01   -917.144   -600.580   -271.247     102
   103.00000 -0.154804E+02  0.103333E+02 -0.154866E+02  0.103333E+02 -0.343491E+01  -1225.078   -706.513   -277.349     103
   104.00000 -0.154503E+02  0.106746E+02 -0.154546E+02  0.106707E+02 -0.348818E+01  -2349.777   -900.931   -283.474     104
   105.00000 -0.154298E+02  0.110265E+02 -0.154284E+02  0.109854E+02 -0.353737E+01  -6274.878  -1257.728   -289.620     105
   106.00000 -0.154199E+02  0.113595E+02 -0.154175E+02  0.112486E+02 -0.358245E+01 -10453.022  -1742.236   -295.814     106
   107.00000 -0.154141E+02  0.117185E+02 -0.154117E+02  0.114916E+02 -0.362332E+01 -13595.805  -2227.904   -302.143     107
   108.00000 -0.154141E+02  0.118771E+02 -0.154117E+02  0.115996E+02 -0.366095E+01 -10470.252  -2576.987   -309.663     108
   109.00000 -0.154106E+02  0.122035E+02 -0.154082E+02  0.117940E+02 -0.369660E+01 -13225.077  -2762.022   -317.530     109
   110.00000 -0.154106E+02  0.125526E+02 -0.154082E+02  0.119805E+02 -0.373034E+01 -11138.226  -3019.482   -325.012     110
   111.00000 -0.153979E+02  0.128871E+02 -0.153955E+02  0.121443E+02 -0.376226E+01 -56697.941  -4185.505   -332.193     111
   112.00000 -0.153685E+02  0.132232E+02 -0.153895E+02  0.122952E+02 -0.379241E+01-100000.000  -5292.865   -339.103     112
   113.00000 -0.153639E+02  0.135900E+02 -0.153863E+02  0.124442E+02 -0.382087E+01-100000.000  -5610.111   -345.842     113
   114.00000 -0.153639E+02  0.137123E+02 -0.153863E+02  0.124959E+02 -0.384766E+01 -53269.926  -5055.368   -352.367     114
   115.00000 -0.155439E+02  0.139904E+02 -0.155665E+02  0.126360E+02 -0.387357E+01  -1047.857  -3232.899   -358.792     115
   116.00000 -0.155236E+02  0.143451E+02 -0.155452E+02  0.128260E+02 -0.389778E+01  -5569.889  -3648.098   -365.079     116
   117.00000 -0.155131E+02  0.147223E+02 -0.155336E+02  0.129764E+02 -0.392028E+01 -13970.020  -4369.109   -371.283     117
   118.00000 -0.154861E+02  0.151226E+02 -0.155168E+02  0.130988E+02 -0.394108E+01-100000.000  -6339.270   -377.476     118
   119.00000 -0.155161E+02  0.154692E+02 -0.155475E+02  0.132029E+02 -0.396059E+01  -3761.775  -4591.526   -383.895     119
   120.00000 -0.155161E+02  0.157877E+02 -0.155464E+02  0.132959E+02 -0.397864E+01  -6978.961  -4715.277   -391.981     120
   121.00000 -0.155161E+02  0.160698E+02 -0.155459E+02  0.133722E+02 -0.399584E+01  -7793.450  -4789.260   -399.461     121
   122.00000 -0.155161E+02  0.163928E+02 -0.155458E+02  0.134572E+02 -0.401237E+01  -7961.273  -4850.286   -406.571     122
   123.00000 -0.155161E+02  0.166628E+02 -0.155458E+02  0.135227E+02 -0.402808E+01  -8009.225  -4933.923   -413.305     123
   124.00000 -0.182861E+02  0.168001E+02 -0.183158E+02  0.136279E+02 -0.404346E+01   -135.371   -660.721   -419.948     124
   125.00000 -0.183561E+02  0.170633E+02 -0.183858E+02  0.138912E+02 -0.405819E+01   -320.484   -443.246   -426.329     125
   126.00000 -0.187061E+02  0.173864E+02 -0.187358E+02  0.142143E+02 -0.407231E+01   -299.919   -437.015   -432.509     126
   127.00000 -0.187061E+02  0.177998E+02 -0.187364E+02  0.146277E+02 -0.408582E+01   -498.621   -529.565   -438.487     127
   128.00000 -0.188961E+02  0.180772E+02 -0.189263E+02  0.149051E+02 -0.409879E+01   -435.139   -558.563   -444.246     128
   129.00000 -0.189861E+02  0.183145E+02 -0.190163E+02  0.151424E+02 -0.411122E+01   -515.799   -600.661   -449.685     129
   130.00000 -0.189861E+02  0.186591E+02 -0.190170E+02  0.154870E+02 -0.412310E+01   -757.965   -719.481   -454.671     130
   131.00000 -0.189861E+02  0.191199E+02 -0.190180E+02  0.159478E+02 -0.413449E+01  -1196.269   -962.332   -459.207     131
   132.00000 -0.204861E+02  0.193566E+02 -0.205179E+02  0.161845E+02 -0.414557E+01   -188.488   -513.745   -463.451     132
   133.00000 -0.204861E+02  0.197243E+02 -0.205183E+02  0.165522E+02 -0.415623E+01   -425.780   -518.614   -467.375     133
   134.00000 -0.204861E+02  0.202011E+02 -0.205192E+02  0.170290E+02 -0.416650E+01   -645.153   -652.423   -471.090     134
   135.00000 -0.221861E+02  0.202685E+02 -0.222191E+02  0.170963E+02 -0.417647E+01   -156.194   -331.213   -474.717     135
   136.00000 -0.221861E+02  0.204425E+02 -0.222195E+02  0.172704E+02 -0.418606E+01   -295.672   -332.758   -478.307     136
   137.00000 -0.224861E+02  0.207654E+02 -0.225195E+02  0.175933E+02 -0.419532E+01   -284.353   -353.886   -481.901     137
   138.00000 -0.224861E+02  0.211791E+02 -0.225201E+02  0.180069E+02 -0.420421E+01   -439.682   -435.451   -485.465     138
   139.00000 -0.224678E+02  0.215753E+02 -0.225016E+02  0.184031E+02 -0.421283E+01   -623.307   -543.844   -488.967     139
   140.00000 -0.232878E+02  0.219003E+02 -0.233216E+02  0.187282E+02 -0.422136E+01   -246.969   -431.354   -491.499     140
   141.00000 -0.232914E+02  0.223613E+02 -0.233252E+02  0.191892E+02 -0.422983E+01   -496.711   -519.118   -492.735     141
   142.00000 -0.233914E+02  0.227881E+02 -0.234252E+02  0.196159E+02 -0.423828E+01   -559.061   -617.367   -493.106     142
   143.00000 -0.236114E+02  0.230679E+02 -0.236452E+02  0.198958E+02 -0.424672E+01   -467.149   -630.946   -493.073     143
   144.00000 -0.235942E+02  0.235398E+02 -0.236292E+02  0.203677E+02 -0.425516E+01   -932.956   -817.260   -493.031     144
   145.00000 -0.235942E+02  0.240139E+02 -0.236290E+02  0.208401E+02 -0.426360E+01  -1611.786  -1172.801   -493.300     145
   146.00000 -0.235942E+02  0.245073E+02 -0.236274E+02  0.212779E+02 -0.427202E+01  -3447.242  -1971.317   -493.952     146
   147.00000 -0.238542E+02  0.248784E+02 -0.238874E+02  0.215867E+02 -0.428041E+01   -735.291  -2077.222   -494.963     147
   148.00000 -0.248642E+02  0.251587E+02 -0.248974E+02  0.218374E+02 -0.428876E+01   -265.863  -1132.410   -496.446     148
   149.00000 -0.271542E+02  0.254807E+02 -0.271874E+02  0.221576E+02 -0.429704E+01   -135.772   -375.363   -498.413     149
   150.00000 -0.277242E+02  0.256672E+02 -0.277574E+02  0.223441E+02 -0.430524E+01   -196.814   -269.899   -500.858     150
   151.00000 -0.276847E+02  0.261173E+02 -0.277195E+02  0.227941E+02 -0.431334E+01   -340.012   -343.538   -503.717     151
   152.00000 -0.276847E+02  0.265034E+02 -0.277190E+02  0.231803E+02 -0.432132E+01   -448.029   -428.189   -506.623     152
   153.00000 -0.276847E+02  0.267726E+02 -0.277175E+02  0.234495E+02 -0.432920E+01   -560.378   -508.042   -509.005     153
   154.00000 -0.276829E+02  0.272189E+02 -0.277202E+02  0.238958E+02 -0.433702E+01   -681.745   -587.765   -510.138     154
   155.00000 -0.278629E+02  0.274986E+02 -0.279001E+02  0.241755E+02 -0.434482E+01   -510.406   -610.595   -510.829     155
   156.00000 -0.307129E+02  0.277126E+02 -0.307501E+02  0.243895E+02 -0.435263E+01   -113.243   -210.061   -510.545     156
   157.00000 -0.308629E+02  0.279727E+02 -0.309001E+02  0.246496E+02 -0.436045E+01   -217.328   -236.822   -509.665     157
   158.00000 -0.308729E+02  0.282732E+02 -0.309101E+02  0.249500E+02 -0.436832E+01   -291.965   -289.376   -508.505     158
   159.00000 -0.310729E+02  0.286783E+02 -0.311102E+02  0.253552E+02 -0.437625E+01   -300.601   -327.127   -506.159     159
   160.00000 -0.310555E+02  0.291747E+02 -0.310934E+02  0.258516E+02 -0.438434E+01   -461.270   -413.334   -500.506     160
   161.00000 -0.310555E+02  0.296152E+02 -0.310929E+02  0.262921E+02 -0.439275E+01   -618.257   -515.734   -491.836     161
   162.00000 -0.310555E+02  0.300487E+02 -0.310928E+02  0.267255E+02 -0.440156E+01   -868.211   -652.179   -483.415     162
   163.00000 -0.319255E+02  0.304397E+02 -0.319628E+02  0.271165E+02 -0.441095E+01   -259.950   -487.267   -475.269     163
   164.00000 -0.319026E+02  0.309479E+02 -0.319403E+02  0.276247E+02 -0.442118E+01   -595.373   -595.724   -467.825     164
   165.00000 -0.319026E+02  0.314571E+02 -0.319403E+02  0.281340E+02 -0.443208E+01   -970.013   -806.212   -462.268     165
   166.00000 -0.319026E+02  0.319647E+02 -0.319400E+02  0.286370E+02 -0.444338E+01  -1824.727  -1202.355   -458.291     166
   167.00000 -0.319426E+02  0.324591E+02 -0.319799E+02  0.290911E+02 -0.445492E+01  -1945.537  -1863.886   -455.746     167
   168.00000 -0.319426E+02  0.329747E+02 -0.319784E+02  0.294470E+02 -0.446662E+01  -5220.977  -3193.822   -454.665     168
   169.00000 -0.319926E+02  0.334058E+02 -0.320287E+02  0.296681E+02 -0.447836E+01  -2344.043  -3723.819   -454.646     169
   170.00000 -0.319926E+02  0.338933E+02 -0.320272E+02  0.298576E+02 -0.449004E+01  -6140.441  -4402.809   -455.616     170
   171.00000 -0.319926E+02  0.344130E+02 -0.320255E+02  0.299924E+02 -0.450155E+01  -7927.798  -4896.581   -457.444     171
   172.00000 -0.319926E+02  0.349333E+02 -0.320255E+02  0.301111E+02 -0.451285E+01  -8023.486  -5102.623   -459.807     172
   173.00000 -0.319926E+02  0.354019E+02 -0.320255E+02  0.301932E+02 -0.452381E+01  -8020.115  -5338.907   -462.792     173
   174.00000 -0.323025E+02  0.356603E+02 -0.323356E+02  0.302870E+02 -0.453460E+01   -671.485  -4025.678   -465.918     174
   175.00000 -0.323025E+02  0.361675E+02 -0.323360E+02  0.305268E+02 -0.454505E+01  -2312.736  -4293.043   -469.470     175
   176.00000 -0.323025E+02  0.367036E+02 -0.323340E+02  0.306946E+02 -0.455511E+01  -5459.189  -5156.631   -473.365     176
   177.00000 -0.323225E+02  0.369271E+02 -0.323541E+02  0.307516E+02 -0.456481E+01  -3360.291  -5132.517   -477.514     177
   178.00000 -0.329426E+02  0.371235E+02 -0.329741E+02  0.308399E+02 -0.457412E+01   -399.697  -3404.422   -481.972     178
   179.00000 -0.334126E+02  0.375167E+02 -0.334442E+02  0.311152E+02 -0.458297E+01   -392.879  -2602.620   -487.371     179
   180.00000 -0.334126E+02  0.379056E+02 -0.334441E+02  0.314268E+02 -0.459148E+01   -930.239  -2545.363   -493.683     180
   181.00000 -0.340826E+02  0.383030E+02 -0.341141E+02  0.317476E+02 -0.459978E+01   -335.215  -2343.912   -499.640     181
   182.00000 -0.340826E+02  0.388322E+02 -0.341146E+02  0.321883E+02 -0.460786E+01   -903.553  -2506.126   -505.433     182
   183.00000 -0.340826E+02  0.392126E+02 -0.341133E+02  0.324840E+02 -0.461572E+01  -1656.512  -3098.494   -511.101     183
   184.00000 -0.342725E+02  0.396686E+02 -0.343033E+02  0.327867E+02 -0.462340E+01   -819.598  -3751.816   -516.677     184
   185.00000 -0.368825E+02  0.397157E+02 -0.369132E+02  0.328240E+02 -0.463088E+01   -134.546   -874.239   -522.160     185
   186.00000 -0.369125E+02  0.401029E+02 -0.369433E+02  0.332106E+02 -0.463817E+01   -346.853   -507.600   -527.546     186
   187.00000 -0.369125E+02  0.404344E+02 -0.369431E+02  0.335421E+02 -0.464524E+01   -500.906   -580.892   -532.835     187
   188.00000 -0.369725E+02  0.408728E+02 -0.370031E+02  0.339805E+02 -0.465214E+01   -634.201   -727.570   -538.045     188
   189.00000 -0.370025E+02  0.413148E+02 -0.370331E+02  0.344225E+02 -0.465885E+01   -929.717   -965.335   -543.164     189
   190.00000 -0.388926E+02  0.417377E+02 -0.389231E+02  0.348454E+02 -0.466538E+01   -165.176   -531.698   -548.181     190
   191.00000 -0.411626E+02  0.419778E+02 -0.411927E+02  0.350855E+02 -0.467173E+01   -120.214   -202.206   -553.052     191
   192.00000 -0.411626E+02  0.423429E+02 -0.411931E+02  0.354506E+02 -0.467790E+01   -246.776   -258.981   -557.733     192
   193.00000 -0.412400E+02  0.427342E+02 -0.412705E+02  0.358420E+02 -0.468392E+01   -308.282   -319.978   -562.189     193
   194.00000 -0.412400E+02  0.431955E+02 -0.412710E+02  0.363032E+02 -0.468976E+01   -432.218   -402.950   -566.063     194
   195.00000 -0.412258E+02  0.437246E+02 -0.412573E+02  0.368323E+02 -0.469550E+01   -637.472   -528.514   -568.367     195
   196.00000 -0.412258E+02  0.442860E+02 -0.412577E+02  0.373938E+02 -0.470120E+01  -1005.759   -730.781   -568.501     196
   197.00000 -0.412140E+02  0.448649E+02 -0.412384E+02  0.378491E+02 -0.470701E+01  -2430.446  -1166.769   -566.040     197
   198.00000 -0.412140E+02  0.454304E+02 -0.412354E+02  0.381873E+02 -0.471295E+01  -3809.243  -1827.086   -562.286     198
   199.00000 -0.412081E+02  0.459919E+02 -0.412264E+02  0.384425E+02 -0.471904E+01  -7367.401  -2662.830   -558.098     199
   200.00000 -0.412026E+02  0.465273E+02 -0.412205E+02  0.386370E+02 -0.472527E+01 -11145.164  -3474.522   -554.115     200
   201.00000 -0.412026E+02  0.471002E+02 -0.412205E+02  0.388021E+02 -0.473163E+01  -9154.585  -4018.120   -550.817     201
   202.00000 -0.412026E+02  0.476340E+02 -0.412205E+02  0.389340E+02 -0.473808E+01  -9002.331  -4510.770   -548.250     202
   203.00000 -0.412026E+02  0.481502E+02 -0.412205E+02  0.390452E+02 -0.474459E+01  -8580.068  -4837.904   -546.712     203
   204.00000 -0.412026E+02  0.486352E+02 -0.412205E+02  0.391389E+02 -0.475112E+01  -8416.451  -5106.057   -545.940     204
   205.00000 -0.420126E+02  0.489759E+02 -0.420306E+02  0.393081E+02 -0.475767E+01   -343.831  -3050.497   -545.570     205
   206.00000 -0.420088E+02  0.494642E+02 -0.420269E+02  0.396575E+02 -0.476420E+01  -1106.846  -2992.337   -546.082     206
   207.00000 -0.420041E+02  0.499779E+02 -0.420212E+02  0.399617E+02 -0.477070E+01  -2630.896  -3927.364   -547.326     207
   208.00000 -0.420140E+02  0.504248E+02 -0.420309E+02  0.401553E+02 -0.477714E+01  -3676.681  -4850.295   -549.047     208
   209.00000 -0.425141E+02  0.508644E+02 -0.425309E+02  0.403440E+02 -0.478352E+01   -484.472  -4043.620   -551.212     209
   210.00000 -0.425941E+02  0.512105E+02 -0.426109E+02  0.405384E+02 -0.478981E+01   -898.331  -3789.472   -553.774     210
   211.00000 -0.465941E+02  0.512663E+02 -0.466109E+02  0.405853E+02 -0.479600E+01    -98.592   -366.299   -556.629     211
   212.00000 -0.465897E+02  0.516631E+02 -0.466067E+02  0.409821E+02 -0.480208E+01   -263.268   -290.088   -559.751     212
   213.00000 -0.465579E+02  0.520944E+02 -0.465751E+02  0.414134E+02 -0.480804E+01   -386.748   -379.676   -563.090     213
   214.00000 -0.465289E+02  0.525338E+02 -0.465462E+02  0.418527E+02 -0.481385E+01   -557.013   -492.363   -566.505     214
   215.00000 -0.474589E+02  0.526727E+02 -0.474761E+02  0.419917E+02 -0.481957E+01   -212.362   -355.003   -569.828     215
   216.00000 -0.474589E+02  0.530773E+02 -0.474772E+02  0.423963E+02 -0.482517E+01   -383.405   -412.361   -572.655     216
   217.00000 -0.474497E+02  0.535276E+02 -0.474684E+02  0.428465E+02 -0.483067E+01   -560.941   -523.054   -574.561     217
   218.00000 -0.474187E+02  0.539700E+02 -0.474373E+02  0.432890E+02 -0.483614E+01   -918.695   -693.939   -575.629     218
   219.00000 -0.476787E+02  0.543881E+02 -0.476973E+02  0.437071E+02 -0.484159E+01   -526.940   -750.702   -575.874     219
   220.00000 -0.476787E+02  0.547235E+02 -0.476968E+02  0.440425E+02 -0.484705E+01  -1014.784   -934.380   -575.237     220
   221.00000 -0.480487E+02  0.550183E+02 -0.480668E+02  0.443373E+02 -0.485254E+01   -455.094   -879.293   -574.059     221
   222.00000 -0.485087E+02  0.551777E+02 -0.485262E+02  0.444966E+02 -0.485808E+01   -351.001   -725.650   -572.605     222
   223.00000 -0.494487E+02  0.553257E+02 -0.494662E+02  0.446447E+02 -0.486368E+01   -218.968   -489.787   -571.186     223
   224.00000 -0.494687E+02  0.556015E+02 -0.494863E+02  0.449205E+02 -0.486932E+01   -408.682   -497.806   -570.024     224
   225.00000 -0.494830E+02  0.559957E+02 -0.495006E+02  0.453147E+02 -0.487500E+01   -581.435   -605.324   -569.249     225
   226.00000 -0.494830E+02  0.564336E+02 -0.495008E+02  0.457526E+02 -0.488069E+01   -890.819   -794.593   -568.958     226
   227.00000 -0.494553E+02  0.568884E+02 -0.494727E+02  0.462053E+02 -0.488639E+01  -2017.130  -1155.210   -569.089     227
   228.00000 -0.494151E+02  0.573421E+02 -0.494272E+02  0.466002E+02 -0.489207E+01 -28349.436  -2412.616   -569.534     228
   229.00000 -0.514151E+02  0.576798E+02 -0.514272E+02  0.469251E+02 -0.489773E+01   -170.305   -682.255   -570.178     229
   230.00000 -0.514355E+02  0.580369E+02 -0.514477E+02  0.472821E+02 -0.490337E+01   -419.904   -596.657   -571.049     230
   231.00000 -0.514206E+02  0.583652E+02 -0.514325E+02  0.476104E+02 -0.490897E+01   -631.989   -695.415   -572.131     231
   232.00000 -0.532605E+02  0.584684E+02 -0.532725E+02  0.477136E+02 -0.491452E+01   -150.118   -344.901   -573.373     232
   233.00000 -0.532605E+02  0.587922E+02 -0.532731E+02  0.480374E+02 -0.492003E+01   -311.799   -355.009   -574.826     233
   234.00000 -0.555106E+02  0.591738E+02 -0.555231E+02  0.484190E+02 -0.492548E+01   -122.825   -195.507   -576.469     234
   235.00000 -0.566505E+02  0.593618E+02 -0.566631E+02  0.486070E+02 -0.493087E+01   -138.889   -172.399   -578.279     235
   236.00000 -0.566234E+02  0.597080E+02 -0.566369E+02  0.489533E+02 -0.493619E+01   -230.951   -226.960   -580.009     236
   237.00000 -0.566229E+02  0.600207E+02 -0.566361E+02  0.492660E+02 -0.494151E+01   -285.501   -274.345   -579.171     237
   238.00000 -0.566136E+02  0.604115E+02 -0.566278E+02  0.496568E+02 -0.494701E+01   -354.123   -326.666   -572.051     238
   239.00000 -0.565966E+02  0.607825E+02 -0.566103E+02  0.500277E+02 -0.495321E+01   -446.007   -391.340   -555.954     239
   240.00000 -0.567266E+02  0.610231E+02 -0.567402E+02  0.502683E+02 -0.495977E+01   -394.385   -406.124   -536.060     240
   241.00000 -0.579066E+02  0.610854E+02 -0.579202E+02  0.503306E+02 -0.496712E+01   -172.406   -260.477   -513.275     241
   242.00000 -0.585966E+02  0.611202E+02 -0.586102E+02  0.503654E+02 -0.497527E+01   -175.677   -218.795   -492.437     242
   243.00000 -0.585966E+02  0.612403E+02 -0.586107E+02  0.504855E+02 -0.498432E+01   -245.891   -248.594   -477.764     243
   244.00000 -0.586584E+02  0.615099E+02 -0.586726E+02  0.507552E+02 -0.499460E+01   -286.942   -285.895   -463.748     244
   245.00000 -0.586353E+02  0.617701E+02 -0.586494E+02  0.510153E+02 -0.500646E+01   -354.999   -329.021   -448.092     245
   246.00000 -0.587052E+02  0.620840E+02 -0.587194E+02  0.513292E+02 -0.501974E+01   -374.839   -366.188   -431.483     246
   247.00000 -0.609652E+02  0.621715E+02 -0.609793E+02  0.514168E+02 -0.503454E+01   -117.515   -172.460   -415.699     247
   248.00000 -0.610652E+02  0.623228E+02 -0.610793E+02  0.515680E+02 -0.505077E+01   -199.686   -204.874   -402.523     248
   249.00000 -0.615152E+02  0.623809E+02 -0.615293E+02  0.516261E+02 -0.506822E+01   -180.276   -199.386   -389.517     249
   250.00000 -0.642653E+02  0.624351E+02 -0.642793E+02  0.516803E+02 -0.508768E+01    -92.240   -112.566   -374.388     250
   251.00000 -0.642498E+02  0.626715E+02 -0.642647E+02  0.519167E+02 -0.511301E+01   -166.771   -158.294   -343.820     251
   252.00000 -0.642498E+02  0.629119E+02 -0.642647E+02  0.521571E+02 -0.515287E+01   -199.929   -188.206   -292.367     252
   253.00000 -0.642324E+02  0.631514E+02 -0.642472E+02  0.523966E+02 -0.522053E+01   -230.998   -214.824   -254.780     253
   254.00000 -0.643002E+02  0.634477E+02 -0.643151E+02  0.526929E+02 -0.530476E+01   -248.598   -236.580   -234.352     254
   255.00000 -0.643002E+02  0.636987E+02 -0.643148E+02  0.529439E+02 -0.540824E+01   -284.471   -261.896   -226.885     255
   256.00000 -0.642353E+02  0.639708E+02 -0.642501E+02  0.532160E+02 -0.551739E+01   -338.309   -293.870   -225.410     256
   257.00000 -0.641674E+02  0.642349E+02 -0.641820E+02  0.534801E+02 -0.562525E+01   -394.035   -328.611   -226.677     257
   258.00000 -0.641674E+02  0.644151E+02 -0.641799E+02  0.536603E+02 -0.572615E+01   -411.700   -353.842   -230.040     258
   259.00000 -0.641044E+02  0.646847E+02 -0.641192E+02  0.539299E+02 -0.581963E+01   -470.956   -380.264   -234.434     259
   260.00000 -0.640814E+02  0.648981E+02 -0.640948E+02  0.541433E+02 -0.590457E+01   -519.516   -417.171   -239.465     260
   261.00000 -0.681615E+02  0.649144E+02 -0.681748E+02  0.541596E+02 -0.598549E+01    -82.406   -111.143   -245.909     261
   262.00000 -0.681122E+02  0.651224E+02 -0.681260E+02  0.543676E+02 -0.606221E+01   -170.822   -162.333   -247.575     262
   263.00000 -0.680390E+02  0.653450E+02 -0.680529E+02  0.545903E+02 -0.614947E+01   -211.711   -194.845   -233.494     263
   264.00000 -0.679673E+02  0.655609E+02 -0.679812E+02  0.548062E+02 -0.626289E+01   -244.996   -222.320   -220.354     264
   265.00000 -0.678924E+02  0.657726E+02 -0.679062E+02  0.550179E+02 -0.639002E+01   -279.477   -248.406   -213.934     265
   266.00000 -0.678264E+02  0.659735E+02 -0.678400E+02  0.552187E+02 -0.652022E+01   -309.991   -271.996   -213.681     266
   267.00000 -0.677732E+02  0.661880E+02 -0.677871E+02  0.554333E+02 -0.664641E+01   -338.426   -294.139   -215.609     267
   268.00000 -0.677296E+02  0.663640E+02 -0.677426E+02  0.556092E+02 -0.676623E+01   -369.011   -317.787   -219.263     268
   269.00000 -0.677296E+02  0.664655E+02 -0.677407E+02  0.557108E+02 -0.687811E+01   -372.428   -330.417   -223.679     269
   270.00000 -0.695796E+02  0.666073E+02 -0.695907E+02  0.558525E+02 -0.698559E+01   -129.191   -178.157   -228.606     270
   271.00000 -0.725628E+02  0.667973E+02 -0.725739E+02  0.560425E+02 -0.708480E+01    -87.868   -104.984   -232.805     271
   272.00000 -0.725428E+02  0.669862E+02 -0.725539E+02  0.562314E+02 -0.719187E+01   -156.544   -147.646   -219.193     272
   273.00000 -0.724585E+02  0.671799E+02 -0.724697E+02  0.564251E+02 -0.734152E+01   -193.607   -177.695   -194.134     273
   274.00000 -0.723862E+02  0.673666E+02 -0.723973E+02  0.566118E+02 -0.753511E+01   -221.299   -200.841   -183.870     274
   275.00000 -0.723166E+02  0.675391E+02 -0.723275E+02  0.567844E+02 -0.774491E+01   -245.013   -220.701   -181.581     275
   276.00000 -0.722726E+02  0.677123E+02 -0.722835E+02  0.569576E+02 -0.794428E+01   -262.561   -236.550   -184.049     276
   277.00000 -0.722726E+02  0.677767E+02 -0.722807E+02  0.570219E+02 -0.812773E+01   -271.735   -248.730   -187.709     277
   278.00000 -0.726321E+02  0.679183E+02 -0.726403E+02  0.571635E+02 -0.830122E+01   -214.006   -227.535   -192.428     278
   279.00000 -0.727121E+02  0.679441E+02 -0.727203E+02  0.571893E+02 -0.846064E+01   -231.623   -227.855   -198.268     279
   280.00000 -0.726777E+02  0.680758E+02 -0.726865E+02  0.573210E+02 -0.861044E+01   -262.683   -243.682   -202.937     280
   281.00000 -0.725877E+02  0.682175E+02 -0.725966E+02  0.574627E+02 -0.875228E+01   -300.013   -265.994   -207.084     281
   282.00000 -0.725216E+02  0.683506E+02 -0.725304E+02  0.575959E+02 -0.888714E+01   -323.024   -284.134   -211.366     282
   283.00000 -0.725087E+02  0.684569E+02 -0.725168E+02  0.577021E+02 -0.901212E+01   -326.858   -294.942   -216.030     283
   284.00000 -0.724712E+02  0.685809E+02 -0.724798E+02  0.578261E+02 -0.912884E+01   -344.077   -306.674   -220.929     284
   285.00000 -0.724168E+02  0.686994E+02 -0.724252E+02  0.579446E+02 -0.923705E+01   -370.158   -323.343   -225.911     285
   286.00000 -0.724035E+02  0.688150E+02 -0.724119E+02  0.580602E+02 -0.933668E+01   -371.223   -332.100   -230.946     286
   287.00000 -0.723183E+02  0.689314E+02 -0.723267E+02  0.581766E+02 -0.942766E+01   -425.357   -354.446   -236.000     287
   288.00000 -0.722382E+02  0.690402E+02 -0.722464E+02  0.582854E+02 -0.950990E+01   -463.932   -376.108   -241.169     288
   289.00000 -0.721538E+02  0.691486E+02 -0.721620E+02  0.583938E+02 -0.958712E+01   -509.294   -398.525   -247.599     289
   290.00000 -0.720822E+02  0.692557E+02 -0.720904E+02  0.585009E+02 -0.966007E+01   -542.957   -419.352   -253.749     290
   291.00000 -0.729122E+02  0.692964E+02 -0.729203E+02  0.585417E+02 -0.973078E+01   -206.949   -288.006   -259.899     291
   292.00000 -0.729322E+02  0.694144E+02 -0.729404E+02  0.586596E+02 -0.979744E+01   -297.432   -299.286   -265.782     292
   293.00000 -0.730422E+02  0.694697E+02 -0.730503E+02  0.587150E+02 -0.986041E+01   -287.204   -297.552   -271.029     293
   294.00000 -0.730922E+02  0.695296E+02 -0.731003E+02  0.587749E+02 -0.992028E+01   -301.954   -302.301   -275.241     294
   295.00000 -0.742422E+02  0.695423E+02 -0.742503E+02  0.587876E+02 -0.997774E+01   -156.171   -207.256   -278.491     295
   296.00000 -0.752422E+02  0.695693E+02 -0.752504E+02  0.588145E+02 -0.100334E+02   -143.038   -170.671   -280.465     296
   297.00000 -0.756621E+02  0.695792E+02 -0.756704E+02  0.588245E+02 -0.100889E+02   -164.359   -174.918   -278.780     297
   298.00000 -0.756397E+02  0.696455E+02 -0.756484E+02  0.588908E+02 -0.101493E+02   -207.354   -199.276   -268.936     298
   299.00000 -0.757998E+02  0.696689E+02 -0.758083E+02  0.589142E+02 -0.102173E+02   -202.344   -204.113   -255.428     299
   300.00000 -0.757998E+02  0.697009E+02 -0.758084E+02  0.589461E+02 -0.102946E+02   -227.504   -218.497   -243.744     300
   301.00000 -0.769098E+02  0.697339E+02 -0.769184E+02  0.589792E+02 -0.103801E+02   -139.715   -164.848   -236.377     301
   302.00000 -0.768696E+02  0.698128E+02 -0.768785E+02  0.590581E+02 -0.104774E+02   -200.478   -191.179   -229.705     302
   303.00000 -0.769796E+02  0.698659E+02 -0.769885E+02  0.591111E+02 -0.105866E+02   -203.731   -200.846   -222.060     303
   304.00000 -0.769688E+02  0.699454E+02 -0.769779E+02  0.591906E+02 -0.107083E+02   -229.011   -217.003   -216.364     304
   305.00000 -0.768951E+02  0.700184E+02 -0.769041E+02  0.592637E+02 -0.108367E+02   -255.067   -233.888   -213.812     305
   306.00000 -0.768395E+02  0.700849E+02 -0.768485E+02  0.593301E+02 -0.109665E+02   -271.112   -247.767   -213.427     306
   307.00000 -0.768025E+02  0.701466E+02 -0.768114E+02  0.593918E+02 -0.110934E+02   -280.882   -258.031   -215.133     307
   308.00000 -0.768025E+02  0.701832E+02 -0.768107E+02  0.594284E+02 -0.112159E+02   -282.070   -263.899   -217.620     308
   309.00000 -0.767328E+02  0.702419E+02 -0.767416E+02  0.594871E+02 -0.113329E+02   -303.160   -274.755   -220.675     309
   310.00000 -0.767227E+02  0.702959E+02 -0.767314E+02  0.595411E+02 -0.114441E+02   -301.573   -280.151   -224.175     310
   311.00000 -0.766875E+02  0.703558E+02 -0.766963E+02  0.596010E+02 -0.115491E+02   -315.498   -289.037   -227.795     311
   312.00000 -0.766573E+02  0.704176E+02 -0.766661E+02  0.596628E+02 -0.116477E+02   -324.344   -296.892   -231.555     312
   313.00000 -0.771673E+02  0.704370E+02 -0.771761E+02  0.596822E+02 -0.117426E+02   -210.388   -245.475   -235.351     313
   314.00000 -0.771673E+02  0.705262E+02 -0.771765E+02  0.597714E+02 -0.118308E+02   -266.977   -259.738   -238.990     314
   315.00000 -0.772491E+02  0.705992E+02 -0.772584E+02  0.598444E+02 -0.119136E+02   -265.394   -264.106   -242.015     315
   316.00000 -0.772491E+02  0.706948E+02 -0.772585E+02  0.599401E+02 -0.119932E+02   -290.864   -277.189   -244.697     316
   317.00000 -0.772069E+02  0.707473E+02 -0.772159E+02  0.599925E+02 -0.120710E+02   -313.876   -289.954   -247.019     317
   318.00000 -0.771945E+02  0.707835E+02 -0.772033E+02  0.600287E+02 -0.121472E+02   -317.473   -296.744   -249.470     318
   319.00000 -0.771945E+02  0.708215E+02 -0.772033E+02  0.600667E+02 -0.122213E+02   -318.686   -300.740   -252.214     319
   320.00000 -0.771846E+02  0.708780E+02 -0.771939E+02  0.601232E+02 -0.122934E+02   -326.584   -306.622   -255.112     320
   321.00000 -0.771846E+02  0.709194E+02 -0.771935E+02  0.601646E+02 -0.123635E+02   -332.133   -312.983   -258.143     321
   322.00000 -0.782146E+02  0.709286E+02 -0.782235E+02  0.601738E+02 -0.124324E+02   -165.707   -217.172   -261.215     322
   323.00000 -0.782246E+02  0.709577E+02 -0.782335E+02  0.602029E+02 -0.124993E+02   -234.905   -233.596   -263.945     323
   324.00000 -0.782246E+02  0.709811E+02 -0.782335E+02  0.602263E+02 -0.125651E+02   -254.371   -247.102   -264.560     324
   325.00000 -0.782246E+02  0.710084E+02 -0.782335E+02  0.602536E+02 -0.126315E+02   -267.990   -258.309   -263.428     325
   326.00000 -0.782246E+02  0.710697E+02 -0.782339E+02  0.603149E+02 -0.126987E+02   -280.993   -269.107   -262.046     326
   327.00000 -0.782246E+02  0.711280E+02 -0.782339E+02  0.603732E+02 -0.127668E+02   -292.144   -278.738   -261.346     327
   328.00000 -0.782237E+02  0.711754E+02 -0.782328E+02  0.604206E+02 -0.128349E+02   -302.103   -287.369   -261.335     328
   329.00000 -0.792537E+02  0.712001E+02 -0.792628E+02  0.604453E+02 -0.129028E+02   -160.819   -204.796   -261.667     329
   330.00000 -0.792537E+02  0.712734E+02 -0.792631E+02  0.605186E+02 -0.129703E+02   -229.356   -226.140   -261.953     330
   331.00000 -0.792487E+02  0.713197E+02 -0.792578E+02  0.605649E+02 -0.130386E+02   -249.486   -240.697   -260.281     331
   332.00000 -0.792083E+02  0.713361E+02 -0.792171E+02  0.605813E+02 -0.131085E+02   -271.372   -255.694   -257.853     332
   333.00000 -0.792083E+02  0.713532E+02 -0.792171E+02  0.605984E+02 -0.131801E+02   -274.733   -262.493   -256.018     333
   334.00000 -0.791972E+02  0.713766E+02 -0.792061E+02  0.606218E+02 -0.132524E+02   -284.241   -270.223   -255.030     334
   335.00000 -0.791590E+02  0.713996E+02 -0.791679E+02  0.606448E+02 -0.133247E+02   -299.078   -279.823   -254.904     335
   336.00000 -0.791327E+02  0.714240E+02 -0.791416E+02  0.606692E+02 -0.133966E+02   -305.950   -286.664   -255.528     336
   337.00000 -0.795827E+02  0.714401E+02 -0.795917E+02  0.606853E+02 -0.134681E+02   -213.779   -245.755   -256.489     337
   338.00000 -0.795572E+02  0.714632E+02 -0.795662E+02  0.607084E+02 -0.135388E+02   -267.959   -259.509   -257.816     338
   339.00000 -0.795373E+02  0.714883E+02 -0.795463E+02  0.607335E+02 -0.136086E+02   -283.822   -270.788   -258.688     339
   340.00000 -0.794796E+02  0.715015E+02 -0.794884E+02  0.607467E+02 -0.136779E+02   -305.235   -283.050   -259.349     340
   341.00000 -0.798496E+02  0.715180E+02 -0.798584E+02  0.607631E+02 -0.137470E+02   -222.796   -250.302   -260.044     341
   342.00000 -0.818172E+02  0.715471E+02 -0.818260E+02  0.607923E+02 -0.138155E+02   -114.146   -146.312   -260.844     342
   343.00000 -0.821309E+02  0.715711E+02 -0.821398E+02  0.608163E+02 -0.138842E+02   -159.475   -164.405   -258.406     343
   344.00000 -0.824409E+02  0.715960E+02 -0.824498E+02  0.608412E+02 -0.139595E+02   -167.376   -171.322   -245.285     344
   345.00000 -0.824113E+02  0.716160E+02 -0.824201E+02  0.608612E+02 -0.140539E+02   -198.076   -189.035   -231.374     345
   346.00000 -0.835313E+02  0.716253E+02 -0.835402E+02  0.608705E+02 -0.141651E+02   -131.709   -149.402   -219.178     346
   347.00000 -0.835439E+02  0.716624E+02 -0.835527E+02  0.609076E+02 -0.142953E+02   -181.822   -174.160   -208.169     347
   348.00000 -0.835439E+02  0.716777E+02 -0.835526E+02  0.609229E+02 -0.144461E+02   -197.987   -187.880   -197.904     348
   349.00000 -0.837839E+02  0.717097E+02 -0.837925E+02  0.609549E+02 -0.146091E+02   -184.204   -185.642   -191.561     349
   350.00000 -0.839835E+02  0.717349E+02 -0.839922E+02  0.609801E+02 -0.147830E+02   -186.211   -186.451   -189.118     350
   351.00000 -0.840235E+02  0.717452E+02 -0.840322E+02  0.609904E+02 -0.149637E+02   -203.314   -195.358   -188.074     351
   352.00000 -0.840059E+02  0.717604E+02 -0.840146E+02  0.610056E+02 -0.151464E+02   -218.788   -206.085   -188.056     352
   353.00000 -0.839758E+02  0.717689E+02 -0.839845E+02  0.610141E+02 -0.153251E+02   -229.471   -214.872   -189.210     353
   354.00000 -0.839758E+02  0.717828E+02 -0.839846E+02  0.610280E+02 -0.154965E+02   -233.333   -220.463   -191.169     354
   355.00000 -0.839758E+02  0.717944E+02 -0.839845E+02  0.610396E+02 -0.156588E+02   -238.174   -225.376   -194.297     355
   356.00000 -0.839758E+02  0.718054E+02 -0.839845E+02  0.610505E+02 -0.158152E+02   -242.728   -229.906   -197.641     356
   357.00000 -0.839758E+02  0.718183E+02 -0.839845E+02  0.610635E+02 -0.159658E+02   -247.141   -234.182   -201.090     357
   358.00000 -0.839758E+02  0.718330E+02 -0.839846E+02  0.610782E+02 -0.161103E+02   -251.698   -238.506   -204.541     358
   359.00000 -0.839683E+02  0.718479E+02 -0.839770E+02  0.610931E+02 -0.162491E+02   -257.807   -243.499   -207.976     359
   360.00000 -0.839659E+02  0.718686E+02 -0.839748E+02  0.611138E+02 -0.163820E+02   -261.681   -247.677   -211.372     360
   361.00000 -0.839659E+02  0.718793E+02 -0.839746E+02  0.611245E+02 -0.165093E+02   -266.173   -252.183   -214.723     361
   362.00000 -0.839659E+02  0.718949E+02 -0.839747E+02  0.611401E+02 -0.166309E+02   -269.215   -255.482   -218.009     362
   363.00000 -0.839659E+02  0.719083E+02 -0.839746E+02  0.611536E+02 -0.167471E+02   -273.257   -259.422   -221.223     363
   364.00000 -0.839659E+02  0.719201E+02 -0.839746E+02  0.611653E+02 -0.168579E+02   -276.638   -262.851   -224.356     364
   365.00000 -0.839547E+02  0.719406E+02 -0.839636E+02  0.611858E+02 -0.169636E+02   -282.699   -267.326   -227.414     365
   366.00000 -0.839263E+02  0.719604E+02 -0.839351E+02  0.612056E+02 -0.170641E+02   -292.713   -273.967   -230.423     366
   367.00000 -0.839188E+02  0.719821E+02 -0.839277E+02  0.612273E+02 -0.171595E+02   -293.837   -277.434   -233.395     367
   368.00000 -0.839188E+02  0.720068E+02 -0.839278E+02  0.612520E+02 -0.172500E+02   -296.309   -280.998   -236.338     368
   369.00000 -0.839188E+02  0.720231E+02 -0.839276E+02  0.612683E+02 -0.173354E+02   -299.575   -284.498   -239.258     369
   370.00000 -0.839188E+02  0.720340E+02 -0.839275E+02  0.612792E+02 -0.174161E+02   -301.854   -287.117   -242.252     370
   371.00000 -0.839111E+02  0.720545E+02 -0.839200E+02  0.612997E+02 -0.174944E+02   -306.113   -290.273   -245.839     371
   372.00000 -0.839104E+02  0.720753E+02 -0.839192E+02  0.613205E+02 -0.175704E+02   -308.592   -293.479   -249.126     372
   373.00000 -0.838485E+02  0.720872E+02 -0.838572E+02  0.613324E+02 -0.176443E+02   -333.466   -304.268   -252.382     373
   374.00000 -0.838245E+02  0.721012E+02 -0.838332E+02  0.613464E+02 -0.177160E+02   -331.484   -307.861   -255.552     374
   375.00000 -0.838191E+02  0.721205E+02 -0.838279E+02  0.613657E+02 -0.177858E+02   -329.780   -310.387   -258.698     375
   376.00000 -0.838161E+02  0.721410E+02 -0.838250E+02  0.613862E+02 -0.178534E+02   -331.000   -313.131   -261.802     376
   377.00000 -0.838150E+02  0.721912E+02 -0.838246E+02  0.614364E+02 -0.179190E+02   -332.852   -315.857   -264.861     377
   378.00000 -0.839650E+02  0.722036E+02 -0.839746E+02  0.614488E+02 -0.179835E+02   -284.123   -298.116   -267.894     378
   379.00000 -0.839511E+02  0.722327E+02 -0.839608E+02  0.614780E+02 -0.180458E+02   -317.932   -305.557   -270.808     379
   380.00000 -0.839511E+02  0.722327E+02 -0.839606E+02  0.614780E+02 -0.181060E+02   -321.612   -309.072   -273.482     380
   381.00000 -0.839511E+02  0.722556E+02 -0.839608E+02  0.615008E+02 -0.181647E+02   -326.601   -313.062   -275.944     381
   382.00000 -0.841011E+02  0.722729E+02 -0.841108E+02  0.615181E+02 -0.182221E+02   -282.915   -297.881   -278.244     382
   383.00000 -0.841002E+02  0.723031E+02 -0.841100E+02  0.615483E+02 -0.182779E+02   -313.094   -304.650   -280.363     383
   384.00000 -0.840952E+02  0.723342E+02 -0.841051E+02  0.615794E+02 -0.183322E+02   -326.201   -312.710   -282.287     384
   385.00000 -0.840229E+02  0.723693E+02 -0.840328E+02  0.616145E+02 -0.183853E+02   -364.768   -329.806   -284.079     385
   386.00000 -0.839807E+02  0.724041E+02 -0.839906E+02  0.616493E+02 -0.184370E+02   -373.602   -340.089   -285.865     386
   387.00000 -0.839807E+02  0.724343E+02 -0.839905E+02  0.616796E+02 -0.184875E+02   -366.417   -343.911   -287.744     387
   388.00000 -0.839624E+02  0.724989E+02 -0.839730E+02  0.617441E+02 -0.185366E+02   -376.743   -350.524   -289.762     388
   389.00000 -0.838936E+02  0.725240E+02 -0.839032E+02  0.617692E+02 -0.185842E+02   -420.152   -369.121   -291.925     389
   390.00000 -0.838838E+02  0.725631E+02 -0.838937E+02  0.618083E+02 -0.186303E+02   -403.129   -370.710   -294.274     390
   391.00000 -0.838245E+02  0.725999E+02 -0.838344E+02  0.618451E+02 -0.186748E+02   -439.057   -385.080   -296.792     391
   392.00000 -0.838245E+02  0.726602E+02 -0.838350E+02  0.619054E+02 -0.187174E+02   -417.223   -385.487   -299.483     392
   393.00000 -0.838245E+02  0.727282E+02 -0.838352E+02  0.619734E+02 -0.187582E+02   -424.182   -393.205   -302.289     393
   394.00000 -0.837677E+02  0.727686E+02 -0.837777E+02  0.620139E+02 -0.187969E+02   -474.845   -412.630   -305.354     394
   395.00000 -0.837455E+02  0.728056E+02 -0.837554E+02  0.620508E+02 -0.188347E+02   -469.730   -418.668   -309.288     395
   396.00000 -0.837399E+02  0.728535E+02 -0.837501E+02  0.620987E+02 -0.188714E+02   -460.998   -420.891   -313.100     396
   397.00000 -0.837399E+02  0.728988E+02 -0.837500E+02  0.621440E+02 -0.189072E+02   -460.236   -425.180   -316.896     397
   398.00000 -0.842999E+02  0.729141E+02 -0.843100E+02  0.621593E+02 -0.189425E+02   -244.187   -330.980   -320.667     398
   399.00000 -0.843099E+02  0.729648E+02 -0.843200E+02  0.622100E+02 -0.189768E+02   -331.110   -339.069   -324.388     399
   400.00000 -0.843035E+02  0.730070E+02 -0.843135E+02  0.622522E+02 -0.190101E+02   -359.957   -352.349   -327.842     400
   401.00000 -0.848435E+02  0.730470E+02 -0.848535E+02  0.622922E+02 -0.190427E+02   -226.411   -290.998   -330.853     401
   402.00000 -0.848265E+02  0.730908E+02 -0.848366E+02  0.623361E+02 -0.190746E+02   -303.559   -305.497   -333.181     402
   403.00000 -0.848133E+02  0.731928E+02 -0.848239E+02  0.624380E+02 -0.191059E+02   -338.264   -327.905   -334.558     403
   404.00000 -0.847870E+02  0.732653E+02 -0.847972E+02  0.625105E+02 -0.191371E+02   -369.891   -348.405   -335.219     404
   405.00000 -0.847094E+02  0.733154E+02 -0.847190E+02  0.625606E+02 -0.191682E+02   -424.242   -373.538   -335.418     405
   406.00000 -0.846617E+02  0.733749E+02 -0.846716E+02  0.626201E+02 -0.191993E+02   -440.040   -389.307   -335.637     406
   407.00000 -0.846163E+02  0.734310E+02 -0.846261E+02  0.626762E+02 -0.192302E+02   -463.553   -406.521   -336.135     407
   408.00000 -0.845770E+02  0.734833E+02 -0.845867E+02  0.627285E+02 -0.192609E+02   -481.111   -420.909   -336.982     408
   409.00000 -0.845112E+02  0.735389E+02 -0.845210E+02  0.627841E+02 -0.192913E+02   -529.968   -441.428   -338.192     409
   410.00000 -0.845112E+02  0.735539E+02 -0.845200E+02  0.627992E+02 -0.193213E+02   -496.246   -445.841   -339.804     410
   411.00000 -0.845112E+02  0.735857E+02 -0.845204E+02  0.628309E+02 -0.193508E+02   -481.267   -442.655   -341.772     411
   412.00000 -0.845112E+02  0.736769E+02 -0.845219E+02  0.629221E+02 -0.193797E+02   -479.484   -445.536   -343.968     412
   413.00000 -0.844758E+02  0.737458E+02 -0.844860E+02  0.629910E+02 -0.194081E+02   -535.989   -468.600   -346.367     413
   414.00000 -0.844682E+02  0.738628E+02 -0.844795E+02  0.631080E+02 -0.194357E+02   -535.098   -478.644   -348.968     414
   415.00000 -0.844320E+02  0.739723E+02 -0.844432E+02  0.632175E+02 -0.194627E+02   -612.766   -512.420   -351.675     415
   416.00000 -0.843601E+02  0.740529E+02 -0.843705E+02  0.632981E+02 -0.194889E+02   -763.293   -557.577   -354.532     416
   417.00000 -0.843185E+02  0.741634E+02 -0.843297E+02  0.634086E+02 -0.195144E+02   -790.901   -583.533   -357.522     417
   418.00000 -0.842954E+02  0.742577E+02 -0.843062E+02  0.635029E+02 -0.195391E+02   -820.357   -615.191   -360.663     418
   419.00000 -0.842640E+02  0.743852E+02 -0.842756E+02  0.636304E+02 -0.195629E+02   -899.412   -646.373   -363.917     419
   420.00000 -0.841918E+02  0.745064E+02 -0.842033E+02  0.637517E+02 -0.195859E+02  -1359.248   -725.275   -367.294     420
   421.00000 -0.841420E+02  0.746540E+02 -0.841540E+02  0.638991E+02 -0.196080E+02  -1689.788   -798.916   -370.814     421
   422.00000 -0.840935E+02  0.747923E+02 -0.841048E+02  0.640361E+02 -0.196292E+02  -2719.118   -916.457   -374.481     422
   423.00000 -0.840956E+02  0.749319E+02 -0.841069E+02  0.641748E+02 -0.196498E+02  -1766.940   -954.374   -378.247     423
   424.00000 -0.841099E+02  0.750472E+02 -0.841212E+02  0.642899E+02 -0.196695E+02  -1512.488   -972.797   -382.272     424
   425.00000 -0.840954E+02  0.751625E+02 -0.841066E+02  0.644043E+02 -0.196880E+02  -2078.412  -1047.864   -387.229     425
   426.00000 -0.842154E+02  0.752317E+02 -0.842266E+02  0.644734E+02 -0.197059E+02   -841.638   -914.358   -392.704     426
   427.00000 -0.842354E+02  0.754095E+02 -0.842466E+02  0.646512E+02 -0.197233E+02  -1154.385   -990.193   -397.971     427
   428.00000 -0.842354E+02  0.755847E+02 -0.842466E+02  0.648262E+02 -0.197402E+02  -1545.983  -1109.325   -403.148     428
   429.00000 -0.848854E+02  0.756271E+02 -0.848966E+02  0.648686E+02 -0.197566E+02   -322.880   -707.684   -408.275     429
   430.00000 -0.849554E+02  0.756837E+02 -0.849666E+02  0.649252E+02 -0.197725E+02   -488.964   -645.326   -413.346     430
   431.00000 -0.849533E+02  0.757689E+02 -0.849646E+02  0.650104E+02 -0.197879E+02   -609.929   -655.103   -418.358     431
   432.00000 -0.849533E+02  0.758146E+02 -0.849643E+02  0.650561E+02 -0.198027E+02   -669.157   -667.700   -423.296     432
   433.00000 -0.853033E+02  0.758763E+02 -0.853143E+02  0.651178E+02 -0.198172E+02   -363.243   -567.830   -428.173     433
   434.00000 -0.852926E+02  0.760124E+02 -0.853041E+02  0.652539E+02 -0.198312E+02   -553.374   -591.674   -432.932     434
   435.00000 -0.852926E+02  0.761844E+02 -0.853044E+02  0.654259E+02 -0.198447E+02   -651.834   -643.861   -437.521     435
   436.00000 -0.855026E+02  0.762561E+02 -0.855144E+02  0.654977E+02 -0.198578E+02   -437.220   -590.484   -441.994     436
   437.00000 -0.856627E+02  0.764434E+02 -0.856744E+02  0.656849E+02 -0.198706E+02   -450.835   -592.234   -446.288     437
   438.00000 -0.856627E+02  0.766226E+02 -0.856744E+02  0.658641E+02 -0.198828E+02   -628.211   -646.375   -450.392     438
   439.00000 -0.856627E+02  0.767639E+02 -0.856741E+02  0.660054E+02 -0.198947E+02   -736.822   -700.639   -454.296     439
   440.00000 -0.856349E+02  0.769324E+02 -0.856467E+02  0.661739E+02 -0.199062E+02   -973.314   -782.735   -458.061     440
   441.00000 -0.857349E+02  0.771071E+02 -0.857467E+02  0.663486E+02 -0.199174E+02   -704.474   -803.680   -461.720     441
   442.00000 -0.858449E+02  0.772842E+02 -0.858567E+02  0.665257E+02 -0.199282E+02   -664.424   -821.286   -465.259     442
   443.00000 -0.858449E+02  0.773741E+02 -0.858560E+02  0.666156E+02 -0.199387E+02   -907.910   -868.465   -468.730     443
   444.00000 -0.858310E+02  0.775352E+02 -0.858429E+02  0.667767E+02 -0.199488E+02  -1159.839   -945.661   -472.168     444
   445.00000 -0.858285E+02  0.776975E+02 -0.858405E+02  0.669390E+02 -0.199586E+02  -1378.317  -1055.282   -475.617     445
   446.00000 -0.858285E+02  0.777953E+02 -0.858388E+02  0.670363E+02 -0.199680E+02  -1651.260  -1187.436   -479.138     446
   447.00000 -0.863385E+02  0.778752E+02 -0.863488E+02  0.671161E+02 -0.199772E+02   -380.337   -858.873   -482.728     447
   448.00000 -0.873985E+02  0.779806E+02 -0.874088E+02  0.672215E+02 -0.199860E+02   -213.153   -530.748   -486.931     448
   449.00000 -0.882385E+02  0.780788E+02 -0.882488E+02  0.673197E+02 -0.199946E+02   -198.583   -348.847   -491.893     449
   450.00000 -0.882385E+02  0.782171E+02 -0.882490E+02  0.674580E+02 -0.200030E+02   -319.448   -363.092   -496.527     450
   451.00000 -0.882385E+02  0.783728E+02 -0.882492E+02  0.676138E+02 -0.200111E+02   -382.340   -402.340   -500.967     451
   452.00000 -0.882585E+02  0.784983E+02 -0.882692E+02  0.677392E+02 -0.200192E+02   -425.529   -437.568   -505.212     452
   453.00000 -0.883285E+02  0.785689E+02 -0.883392E+02  0.678098E+02 -0.200271E+02   -412.711   -445.426   -508.998     453
   454.00000 -0.883485E+02  0.787555E+02 -0.883592E+02  0.679964E+02 -0.200349E+02   -482.852   -485.835   -512.033     454
   455.00000 -0.882994E+02  0.790011E+02 -0.883105E+02  0.682421E+02 -0.200427E+02   -683.828   -571.662   -514.029     455
   456.00000 -0.882499E+02  0.792301E+02 -0.882608E+02  0.684710E+02 -0.200503E+02   -948.764   -677.276   -515.081     456
   457.00000 -0.882499E+02  0.794359E+02 -0.882606E+02  0.686768E+02 -0.200579E+02  -1013.479   -767.248   -515.572     457
   458.00000 -0.883799E+02  0.795381E+02 -0.883905E+02  0.687791E+02 -0.200656E+02   -634.602   -727.337   -515.733     458
   459.00000 -0.883999E+02  0.796844E+02 -0.884106E+02  0.689254E+02 -0.200732E+02   -810.613   -773.000   -515.729     459
   460.00000 -0.883999E+02  0.798266E+02 -0.884105E+02  0.690675E+02 -0.200808E+02   -971.016   -835.050   -515.842     460
   461.00000 -0.883944E+02  0.800356E+02 -0.884056E+02  0.692765E+02 -0.200884E+02  -1231.144   -947.339   -516.251     461
   462.00000 -0.883944E+02  0.802677E+02 -0.884058E+02  0.695084E+02 -0.200960E+02  -1568.594  -1114.896   -516.985     462
   463.00000 -0.889944E+02  0.804033E+02 -0.890058E+02  0.696440E+02 -0.201036E+02   -346.733   -799.032   -517.985     463
   464.00000 -0.889944E+02  0.805154E+02 -0.890057E+02  0.697561E+02 -0.201111E+02   -636.979   -787.721   -519.362     464
   465.00000 -0.889944E+02  0.807423E+02 -0.890067E+02  0.699830E+02 -0.201185E+02   -836.515   -868.294   -521.083     465
   466.00000 -0.889944E+02  0.810465E+02 -0.890076E+02  0.702872E+02 -0.201259E+02  -1145.256  -1038.481   -523.120     466
   467.00000 -0.889944E+02  0.812326E+02 -0.890061E+02  0.704730E+02 -0.201332E+02  -1554.034  -1249.240   -525.420     467
   468.00000 -0.891644E+02  0.813225E+02 -0.891761E+02  0.705628E+02 -0.201404E+02   -705.714  -1142.228   -527.901     468
   469.00000 -0.891644E+02  0.815025E+02 -0.891767E+02  0.707424E+02 -0.201475E+02  -1205.049  -1252.643   -530.597     469
   470.00000 -0.891543E+02  0.817948E+02 -0.891671E+02  0.710227E+02 -0.201545E+02  -2053.190  -1592.117   -533.482     470
   471.00000 -0.904643E+02  0.818832E+02 -0.904771E+02  0.711093E+02 -0.201615E+02   -214.955   -787.650   -536.472     471
   472.00000 -0.904643E+02  0.821027E+02 -0.904773E+02  0.713288E+02 -0.201683E+02   -471.874   -702.723   -539.593     472
   473.00000 -0.905943E+02  0.823032E+02 -0.906073E+02  0.715294E+02 -0.201750E+02   -474.361   -704.936   -542.815     473
   474.00000 -0.905943E+02  0.824950E+02 -0.906072E+02  0.717211E+02 -0.201815E+02   -679.053   -771.847   -546.129     474
   475.00000 -0.910343E+02  0.827460E+02 -0.910472E+02  0.719721E+02 -0.201880E+02   -359.512   -714.671   -549.511     475
   476.00000 -0.910343E+02  0.831057E+02 -0.910479E+02  0.723318E+02 -0.201943E+02   -687.683   -832.438   -552.950     476
   477.00000 -0.910343E+02  0.833330E+02 -0.910468E+02  0.725591E+02 -0.202005E+02   -940.338   -980.237   -556.423     477
   478.00000 -0.910343E+02  0.835471E+02 -0.910466E+02  0.727732E+02 -0.202066E+02  -1238.823  -1150.223   -559.899     478
   479.00000 -0.911343E+02  0.837222E+02 -0.911466E+02  0.729483E+02 -0.202125E+02   -864.417  -1214.355   -563.369     479
   480.00000 -0.911343E+02  0.840112E+02 -0.911473E+02  0.732331E+02 -0.202183E+02  -1534.918  -1507.257   -566.817     480
   481.00000 -0.913343E+02  0.842358E+02 -0.913473E+02  0.734471E+02 -0.202240E+02   -706.072  -1565.258   -570.240     481
   482.00000 -0.913843E+02  0.844746E+02 -0.913973E+02  0.736691E+02 -0.202296E+02  -1057.338  -1792.383   -573.638     482
   483.00000 -0.913555E+02  0.848373E+02 -0.913682E+02  0.739714E+02 -0.202351E+02  -3469.581  -2541.792   -577.014     483
   484.00000 -0.913555E+02  0.852165E+02 -0.913659E+02  0.741691E+02 -0.202404E+02  -5194.115  -3829.934   -580.381     484
   485.00000 -0.913555E+02  0.853793E+02 -0.913650E+02  0.742336E+02 -0.202456E+02  -6335.387  -4470.472   -583.749     485
   486.00000 -0.913555E+02  0.856347E+02 -0.913644E+02  0.743029E+02 -0.202506E+02  -7211.390  -4794.290   -587.139     486
   487.00000 -0.916355E+02  0.858662E+02 -0.916445E+02  0.744017E+02 -0.202556E+02   -717.605  -3899.222   -590.532     487
   488.00000 -0.916481E+02  0.862600E+02 -0.916570E+02  0.745973E+02 -0.202604E+02  -1877.211  -4211.470   -593.963     488
   489.00000 -0.918881E+02  0.865861E+02 -0.918970E+02  0.747536E+02 -0.202651E+02   -724.770  -4064.850   -597.445     489
   490.00000 -0.919078E+02  0.869501E+02 -0.919167E+02  0.749348E+02 -0.202697E+02  -1611.047  -4286.165   -600.998     490
   491.00000 -0.926678E+02  0.872042E+02 -0.926766E+02  0.750769E+02 -0.202742E+02   -329.360  -3177.982   -604.642     491
   492.00000 -0.927678E+02  0.874788E+02 -0.927766E+02  0.752853E+02 -0.202785E+02   -611.155  -2616.682   -608.440     492
   493.00000 -0.927678E+02  0.878212E+02 -0.927769E+02  0.755613E+02 -0.202827E+02  -1121.370  -2794.571   -612.551     493
   494.00000 -0.927643E+02  0.882678E+02 -0.927735E+02  0.758576E+02 -0.202867E+02  -2179.470  -3633.123   -617.833     494
   495.00000 -0.927643E+02  0.886351E+02 -0.927712E+02  0.760305E+02 -0.202907E+02  -4184.317  -4768.213   -622.915     495
   496.00000 -0.927643E+02  0.889383E+02 -0.927695E+02  0.761073E+02 -0.202946E+02  -6347.552  -5656.077   -627.808     496
   497.00000 -0.927643E+02  0.892708E+02 -0.927676E+02  0.761415E+02 -0.202984E+02  -8009.875  -6169.646   -632.568     497
   498.00000 -0.927643E+02  0.896783E+02 -0.927676E+02  0.761812E+02 -0.203022E+02  -7830.917  -6165.412   -637.260     498
   499.00000 -0.927643E+02  0.900828E+02 -0.927676E+02  0.762184E+02 -0.203059E+02  -8050.111  -6279.806   -641.888     499
   500.00000 -0.927643E+02  0.905868E+02 -0.927676E+02  0.762606E+02 -0.203095E+02  -8002.413  -6325.747   -646.462     500
   501.00000 -0.927643E+02  0.910164E+02 -0.927676E+02  0.762948E+02 -0.203131E+02  -8020.184  -6411.484   -650.985     501
   502.00000 -0.928043E+02  0.913347E+02 -0.928080E+02  0.763349E+02 -0.203167E+02  -2689.199  -6124.391   -655.484     502
   503.00000 -0.928043E+02  0.915389E+02 -0.928069E+02  0.763631E+02 -0.203201E+02  -5255.190  -6182.822   -659.928     503
   504.00000 -0.931943E+02  0.916779E+02 -0.931969E+02  0.764047E+02 -0.203236E+02   -551.127  -4767.848   -664.332     504
   505.00000 -0.946344E+02  0.919511E+02 -0.946370E+02  0.765741E+02 -0.203269E+02   -206.524  -2529.623   -668.693     505
   506.00000 -0.971743E+02  0.919924E+02 -0.971769E+02  0.766132E+02 -0.203302E+02   -119.647   -399.481   -673.010     506
   507.00000 -0.978344E+02  0.921023E+02 -0.978370E+02  0.767230E+02 -0.203335E+02   -175.278   -235.505   -677.285     507
   508.00000 -0.978344E+02  0.924134E+02 -0.978377E+02  0.770341E+02 -0.203367E+02   -281.968   -296.702   -681.517     508
   509.00000 -0.978344E+02  0.926215E+02 -0.978368E+02  0.772423E+02 -0.203398E+02   -349.673   -353.135   -685.698     509
   510.00000 -0.980171E+02  0.930697E+02 -0.980196E+02  0.776905E+02 -0.203429E+02   -362.556   -413.673   -689.790     510
   511.00000 -0.980082E+02  0.934749E+02 -0.980104E+02  0.780956E+02 -0.203459E+02   -563.912   -519.037   -693.519     511
   512.00000 -0.979956E+02  0.939154E+02 -0.979981E+02  0.785362E+02 -0.203489E+02   -835.938   -670.665   -696.285     512
   513.00000 -0.979956E+02  0.944578E+02 -0.979994E+02  0.790786E+02 -0.203518E+02  -1374.970   -947.657   -697.696     513
   514.00000 -0.979956E+02  0.949862E+02 -0.979905E+02  0.794347E+02 -0.203548E+02  -3177.715  -1638.912   -697.127     514
   515.00000 -0.979956E+02  0.954043E+02 -0.979882E+02  0.796704E+02 -0.203578E+02  -4765.919  -2420.618   -695.159     515
   516.00000 -0.981169E+02  0.958383E+02 -0.981097E+02  0.799700E+02 -0.203608E+02  -1309.592  -2956.954   -692.483     516
   517.00000 -0.980602E+02  0.962994E+02 -0.980560E+02  0.801950E+02 -0.203638E+02-100000.000  -5798.236   -688.830     517
   518.00000 -0.980441E+02  0.967781E+02 -0.980473E+02  0.803430E+02 -0.203669E+02-100000.000  -6579.346   -684.750     518
   519.00000 -0.980540E+02  0.971268E+02 -0.980573E+02  0.804334E+02 -0.203701E+02  -8808.389  -5197.043   -680.691     519
   520.00000 -0.980540E+02  0.974616E+02 -0.980573E+02  0.805117E+02 -0.203733E+02  -9745.296  -5320.396   -677.058     520
   521.00000 -0.992241E+02  0.976948E+02 -0.992274E+02  0.806432E+02 -0.203765E+02   -259.774  -2329.773   -673.910     521
   522.00000 -0.101524E+03  0.977468E+02 -0.101527E+03  0.806923E+02 -0.203798E+02   -134.021   -469.479   -671.455     522
   523.00000 -0.102504E+03  0.979562E+02 -0.102507E+03  0.809017E+02 -0.203831E+02   -166.976   -251.690   -669.740     523
   524.00000 -0.102564E+03  0.981996E+02 -0.102567E+03  0.811452E+02 -0.203864E+02   -269.560   -295.755   -668.725     524
   525.00000 -0.105604E+03  0.984219E+02 -0.105607E+03  0.813675E+02 -0.203898E+02    -97.445   -136.475   -668.310     525
   526.00000 -0.105631E+03  0.988328E+02 -0.105635E+03  0.817783E+02 -0.203931E+02   -200.844   -199.097   -668.367     526
   527.00000 -0.105617E+03  0.993413E+02 -0.105621E+03  0.822869E+02 -0.203965E+02   -277.935   -260.714   -667.297     527
   528.00000 -0.106137E+03  0.996844E+02 -0.106141E+03  0.826299E+02 -0.203999E+02   -216.149   -253.791   -660.958     528
   529.00000 -0.106387E+03  0.998260E+02 -0.106391E+03  0.827715E+02 -0.204034E+02   -233.155   -256.070   -641.739     529
   530.00000 -0.107107E+03  0.999129E+02 -0.107111E+03  0.828585E+02 -0.204074E+02   -178.152   -217.865   -610.286     530
   531.00000 -0.107487E+03  0.100159E+03 -0.107491E+03  0.831050E+02 -0.204123E+02   -203.648   -226.433   -573.905     531
   532.00000 -0.107497E+03  0.100523E+03 -0.107501E+03  0.834684E+02 -0.204187E+02   -286.273   -275.740   -532.666     532
   533.00000 -0.107497E+03  0.100831E+03 -0.107500E+03  0.837763E+02 -0.204267E+02   -344.529   -319.672   -492.487     533
   534.00000 -0.107527E+03  0.101059E+03 -0.107530E+03  0.840042E+02 -0.204366E+02   -368.394   -348.826   -461.439     534
   535.00000 -0.109827E+03  0.101384E+03 -0.109830E+03  0.843297E+02 -0.204491E+02   -119.574   -176.157   -433.669     535
   536.00000 -0.109826E+03  0.101892E+03 -0.109831E+03  0.848379E+02 -0.204642E+02   -237.872   -233.318   -412.432     536
   537.00000 -0.109826E+03  0.102279E+03 -0.109830E+03  0.852243E+02 -0.204812E+02   -306.003   -287.475   -394.110     537
   538.00000 -0.109866E+03  0.102740E+03 -0.109870E+03  0.856854E+02 -0.205000E+02   -372.126   -344.782   -378.387     538
   539.00000 -0.109866E+03  0.103304E+03 -0.109870E+03  0.862499E+02 -0.205227E+02   -521.994   -435.208   -364.233     539
   540.00000 -0.110176E+03  0.103766E+03 -0.110180E+03  0.867111E+02 -0.205482E+02   -378.466   -445.311   -352.990     540
   541.00000 -0.111466E+03  0.104279E+03 -0.111470E+03  0.872245E+02 -0.205759E+02   -185.386   -312.276   -346.044     541
   542.00000 -0.111481E+03  0.104800E+03 -0.111485E+03  0.877456E+02 -0.206048E+02   -374.656   -375.216   -342.919     542
   543.00000 -0.111481E+03  0.105298E+03 -0.111485E+03  0.882437E+02 -0.206341E+02   -544.830   -477.699   -342.408     543
   544.00000 -0.112151E+03  0.105622E+03 -0.112155E+03  0.885679E+02 -0.206634E+02   -263.225   -395.862   -343.055     544
   545.00000 -0.112161E+03  0.106107E+03 -0.112165E+03  0.890528E+02 -0.206923E+02   -493.796   -479.182   -344.535     545
   546.00000 -0.112161E+03  0.106606E+03 -0.112165E+03  0.895518E+02 -0.207208E+02   -754.457   -621.867   -346.703     546
   547.00000 -0.112631E+03  0.106902E+03 -0.112635E+03  0.898478E+02 -0.207486E+02   -350.981   -539.002   -349.324     547
   548.00000 -0.112617E+03  0.107412E+03 -0.112622E+03  0.903576E+02 -0.207757E+02   -740.688   -674.570   -352.427     548
   549.00000 -0.112614E+03  0.107906E+03 -0.112619E+03  0.908511E+02 -0.208018E+02  -1276.954   -932.906   -355.981     549
   550.00000 -0.112614E+03  0.108414E+03 -0.112618E+03  0.913379E+02 -0.208269E+02  -2592.933  -1474.350   -359.873     550
   551.00000 -0.113234E+03  0.108793E+03 -0.113238E+03  0.916990E+02 -0.208513E+02   -386.600  -1121.927   -364.006     551
   552.00000 -0.113224E+03  0.109236E+03 -0.113228E+03  0.921295E+02 -0.208744E+02  -1130.444  -1366.418   -368.451     552
   553.00000 -0.113404E+03  0.109745E+03 -0.113408E+03  0.925938E+02 -0.208965E+02   -783.661  -1865.046   -373.162     553
   554.00000 -0.114014E+03  0.110230E+03 -0.114018E+03  0.930063E+02 -0.209173E+02   -377.400  -1805.832   -378.152     554
   555.00000 -0.114374E+03  0.110356E+03 -0.114378E+03  0.931231E+02 -0.209368E+02   -392.062  -1122.308   -383.568     555
   556.00000 -0.114624E+03  0.110669E+03 -0.114628E+03  0.934331E+02 -0.209550E+02   -450.954  -1004.501   -390.646     556
   557.00000 -0.114616E+03  0.111146E+03 -0.114622E+03  0.939070E+02 -0.209725E+02   -962.790  -1246.328   -397.493     557
   558.00000 -0.114616E+03  0.111685E+03 -0.114621E+03  0.943757E+02 -0.209892E+02  -1939.609  -1981.345   -404.084     558
   559.00000 -0.114616E+03  0.112209E+03 -0.114618E+03  0.946900E+02 -0.210054E+02  -4634.846  -3486.981   -410.512     559
   560.00000 -0.114706E+03  0.112517E+03 -0.114708E+03  0.948514E+02 -0.210210E+02  -1492.172  -3859.588   -416.816     560
   561.00000 -0.120176E+03  0.112622E+03 -0.120178E+03  0.949444E+02 -0.210361E+02    -78.922   -157.002   -422.984     561
   562.00000 -0.120186E+03  0.112983E+03 -0.120188E+03  0.953054E+02 -0.210505E+02   -206.963   -211.097   -429.008     562
   563.00000 -0.120186E+03  0.113490E+03 -0.120188E+03  0.958122E+02 -0.210644E+02   -290.642   -279.225   -434.384     563
   564.00000 -0.120866E+03  0.113894E+03 -0.120868E+03  0.962168E+02 -0.210779E+02   -208.193   -261.201   -437.178     564
   565.00000 -0.122746E+03  0.114152E+03 -0.122748E+03  0.964745E+02 -0.210914E+02   -123.547   -166.121   -434.499     565
   566.00000 -0.122739E+03  0.114665E+03 -0.122743E+03  0.969870E+02 -0.211056E+02   -230.349   -223.962   -425.621     566
   567.00000 -0.123709E+03  0.115112E+03 -0.123713E+03  0.974343E+02 -0.211209E+02   -164.842   -201.280   -410.834     567
   568.00000 -0.124959E+03  0.115231E+03 -0.124962E+03  0.975536E+02 -0.211379E+02   -133.490   -160.129   -389.640     568
   569.00000 -0.124969E+03  0.115547E+03 -0.124972E+03  0.978691E+02 -0.211584E+02   -212.177   -204.419   -367.506     569
   570.00000 -0.125829E+03  0.115656E+03 -0.125832E+03  0.979784E+02 -0.211855E+02   -151.792   -174.641   -338.105     570
   571.00000 -0.125829E+03  0.115910E+03 -0.125833E+03  0.982323E+02 -0.212208E+02   -217.126   -208.634   -308.081     571
   572.00000 -0.125829E+03  0.116155E+03 -0.125833E+03  0.984775E+02 -0.212691E+02   -250.544   -236.283   -286.989     572
   573.00000 -0.125829E+03  0.116522E+03 -0.125835E+03  0.988447E+02 -0.213283E+02   -292.595   -269.769   -271.347     573
   574.00000 -0.125979E+03  0.116932E+03 -0.125985E+03  0.992543E+02 -0.213939E+02   -296.562   -293.884   -261.215     574
   575.00000 -0.125962E+03  0.117407E+03 -0.125968E+03  0.997291E+02 -0.214639E+02   -409.381   -353.035   -257.433     575
   576.00000 -0.125946E+03  0.117881E+03 -0.125952E+03  0.100203E+03 -0.215345E+02   -538.255   -427.523   -257.780     576
   577.00000 -0.126176E+03  0.118279E+03 -0.126182E+03  0.100602E+03 -0.216042E+02   -407.118   -432.509   -260.017     577
   578.00000 -0.126186E+03  0.118608E+03 -0.126192E+03  0.100930E+03 -0.216715E+02   -570.605   -484.995   -264.109     578
   579.00000 -0.126186E+03  0.119078E+03 -0.126193E+03  0.101400E+03 -0.217354E+02   -785.566   -590.317   -269.311     579
   580.00000 -0.127386E+03  0.119434E+03 -0.127393E+03  0.101757E+03 -0.217960E+02   -205.849   -367.666   -274.980     580
   581.00000 -0.127374E+03  0.119897E+03 -0.127381E+03  0.102219E+03 -0.218525E+02   -429.612   -424.479   -280.985     581
   582.00000 -0.128354E+03  0.120344E+03 -0.128361E+03  0.102667E+03 -0.219051E+02   -210.550   -332.281   -287.063     582
   583.00000 -0.128594E+03  0.120535E+03 -0.128601E+03  0.102857E+03 -0.219537E+02   -273.023   -320.659   -292.990     583
   584.00000 -0.128568E+03  0.120981E+03 -0.128577E+03  0.103303E+03 -0.219982E+02   -413.119   -385.459   -298.484     584
   585.00000 -0.128549E+03  0.121443E+03 -0.128557E+03  0.103766E+03 -0.220390E+02   -581.059   -482.447   -303.369     585
   586.00000 -0.132399E+03  0.121689E+03 -0.132407E+03  0.104011E+03 -0.220777E+02    -89.927   -133.324   -308.865     586
   587.00000 -0.133569E+03  0.122039E+03 -0.133577E+03  0.104361E+03 -0.221149E+02   -125.796   -141.948   -312.806     587
   588.00000 -0.133539E+03  0.122462E+03 -0.133549E+03  0.104785E+03 -0.221527E+02   -202.889   -190.958   -304.578     588
   589.00000 -0.133516E+03  0.122900E+03 -0.133526E+03  0.105223E+03 -0.222022E+02   -255.260   -234.040   -284.928     589
   590.00000 -0.133526E+03  0.123322E+03 -0.133536E+03  0.105645E+03 -0.222623E+02   -302.247   -274.967   -265.275     590
   591.00000 -0.133526E+03  0.123748E+03 -0.133536E+03  0.106070E+03 -0.223330E+02   -364.620   -320.025   -254.412     591
   592.00000 -0.133550E+03  0.124164E+03 -0.133559E+03  0.106486E+03 -0.224076E+02   -421.388   -365.945   -250.045     592
   593.00000 -0.135880E+03  0.124508E+03 -0.135889E+03  0.106831E+03 -0.224831E+02   -119.475   -174.594   -250.612     593
   594.00000 -0.137770E+03  0.124683E+03 -0.137779E+03  0.107006E+03 -0.225572E+02   -108.511   -129.314   -252.692     594
   595.00000 -0.137735E+03  0.125000E+03 -0.137744E+03  0.107323E+03 -0.226335E+02   -184.052   -174.169   -244.322     595
   596.00000 -0.137709E+03  0.125405E+03 -0.137719E+03  0.107727E+03 -0.227301E+02   -228.521   -210.054   -229.664     596
   597.00000 -0.137667E+03  0.125814E+03 -0.137678E+03  0.108137E+03 -0.228465E+02   -279.497   -248.558   -219.377     597
   598.00000 -0.137917E+03  0.126118E+03 -0.137928E+03  0.108441E+03 -0.229714E+02   -243.252   -249.039   -214.749     598
   599.00000 -0.137910E+03  0.126470E+03 -0.137921E+03  0.108793E+03 -0.230983E+02   -309.942   -282.225   -215.486     599
   600.00000 -0.137881E+03  0.126866E+03 -0.137893E+03  0.109189E+03 -0.232203E+02   -378.490   -325.233   -218.674     600
   601.00000 -0.141812E+03  0.126985E+03 -0.141823E+03  0.109308E+03 -0.233373E+02    -82.125   -105.953   -222.756     601
   602.00000 -0.143130E+03  0.127321E+03 -0.143142E+03  0.109643E+03 -0.234517E+02   -110.724   -118.647   -218.270     602
   603.00000 -0.143087E+03  0.127667E+03 -0.143099E+03  0.109989E+03 -0.236044E+02   -172.749   -159.274   -189.849     603
   604.00000 -0.143027E+03  0.128031E+03 -0.143039E+03  0.110353E+03 -0.238320E+02   -210.723   -190.475   -176.161     604
   605.00000 -0.142973E+03  0.128403E+03 -0.142985E+03  0.110726E+03 -0.240799E+02   -247.938   -220.435   -172.873     605
   606.00000 -0.142925E+03  0.128758E+03 -0.142936E+03  0.111080E+03 -0.243127E+02   -287.131   -249.966   -176.434     606
   607.00000 -0.142888E+03  0.129102E+03 -0.142899E+03  0.111425E+03 -0.245224E+02   -323.959   -278.038   -181.624     607
   608.00000 -0.142898E+03  0.129319E+03 -0.142909E+03  0.111641E+03 -0.247180E+02   -322.632   -288.153   -187.766     608
   609.00000 -0.142898E+03  0.129541E+03 -0.142909E+03  0.111863E+03 -0.248841E+02   -340.645   -302.830   -195.552     609
   610.00000 -0.142856E+03  0.129822E+03 -0.142868E+03  0.112145E+03 -0.250333E+02   -389.507   -330.461   -203.641     610
   611.00000 -0.142818E+03  0.130119E+03 -0.142830E+03  0.112441E+03 -0.251695E+02   -445.117   -364.058   -211.376     611
   612.00000 -0.142787E+03  0.130457E+03 -0.142799E+03  0.112779E+03 -0.252898E+02   -507.247   -401.181   -218.780     612
   613.00000 -0.142787E+03  0.130748E+03 -0.142798E+03  0.113071E+03 -0.253977E+02   -567.741   -446.366   -226.033     613
   614.00000 -0.142787E+03  0.131093E+03 -0.142800E+03  0.113416E+03 -0.254937E+02   -632.306   -485.206   -233.132     614
   615.00000 -0.142787E+03  0.131437E+03 -0.142800E+03  0.113760E+03 -0.255775E+02   -762.580   -552.428   -240.208     615
   616.00000 -0.143017E+03  0.131713E+03 -0.143030E+03  0.114036E+03 -0.256564E+02   -466.660   -513.106   -248.977     616
   617.00000 -0.143844E+03  0.131993E+03 -0.143857E+03  0.114315E+03 -0.257294E+02   -237.597   -373.388   -257.393     617
   618.00000 -0.143805E+03  0.132311E+03 -0.143818E+03  0.114634E+03 -0.257966E+02   -439.224   -416.857   -265.333     618
   619.00000 -0.143754E+03  0.132595E+03 -0.143767E+03  0.114918E+03 -0.258581E+02   -595.154   -483.166   -272.660     619
   620.00000 -0.143721E+03  0.132907E+03 -0.143734E+03  0.115229E+03 -0.259151E+02   -762.658   -560.698   -279.519     620
   621.00000 -0.148581E+03  0.133175E+03 -0.148594E+03  0.115498E+03 -0.259687E+02    -77.846   -110.978   -285.996     621
   622.00000 -0.148711E+03  0.133248E+03 -0.148724E+03  0.115571E+03 -0.260183E+02   -155.829   -154.907   -290.781     622
   623.00000 -0.149101E+03  0.133300E+03 -0.149114E+03  0.115622E+03 -0.260694E+02   -158.737   -164.109   -280.355     623
   624.00000 -0.149741E+03  0.133402E+03 -0.149754E+03  0.115725E+03 -0.261344E+02   -147.915   -158.719   -253.850     624
   625.00000 -0.149741E+03  0.133471E+03 -0.149754E+03  0.115794E+03 -0.262222E+02   -190.861   -182.265   -230.996     625
   626.00000 -0.149709E+03  0.133685E+03 -0.149723E+03  0.116007E+03 -0.263423E+02   -221.208   -205.591   -216.668     626
   627.00000 -0.149652E+03  0.133885E+03 -0.149666E+03  0.116208E+03 -0.264773E+02   -252.304   -229.591   -209.112     627
   628.00000 -0.149608E+03  0.134076E+03 -0.149621E+03  0.116399E+03 -0.266173E+02   -277.983   -250.635   -208.098     628
   629.00000 -0.149608E+03  0.134204E+03 -0.149620E+03  0.116527E+03 -0.267540E+02   -290.274   -265.909   -209.492     629
   630.00000 -0.149608E+03  0.134338E+03 -0.149620E+03  0.116661E+03 -0.268853E+02   -298.815   -275.380   -212.606     630
   631.00000 -0.149836E+03  0.134468E+03 -0.149848E+03  0.116791E+03 -0.270128E+02   -251.468   -261.812   -216.288     631
   632.00000 -0.149840E+03  0.134611E+03 -0.149852E+03  0.116933E+03 -0.271332E+02   -293.226   -276.511   -220.658     632
   633.00000 -0.149815E+03  0.134797E+03 -0.149828E+03  0.117120E+03 -0.272453E+02   -326.531   -296.668   -224.998     633
   634.00000 -0.151455E+03  0.134860E+03 -0.151468E+03  0.117182E+03 -0.273511E+02   -131.814   -174.132   -229.261     634
   635.00000 -0.151465E+03  0.134947E+03 -0.151478E+03  0.117270E+03 -0.274501E+02   -205.465   -201.102   -232.489     635
   636.00000 -0.151465E+03  0.135029E+03 -0.151478E+03  0.117352E+03 -0.275475E+02   -230.046   -220.374   -231.698     636
   637.00000 -0.151461E+03  0.135157E+03 -0.151474E+03  0.117480E+03 -0.276491E+02   -249.761   -236.331   -229.315     637
   638.00000 -0.151392E+03  0.135335E+03 -0.151406E+03  0.117658E+03 -0.277538E+02   -288.254   -260.667   -227.751     638
   639.00000 -0.151337E+03  0.135519E+03 -0.151351E+03  0.117841E+03 -0.278583E+02   -317.033   -282.528   -228.274     639
   640.00000 -0.151337E+03  0.135706E+03 -0.151351E+03  0.118028E+03 -0.279598E+02   -328.957   -298.936   -229.982     640
   641.00000 -0.151310E+03  0.135848E+03 -0.151322E+03  0.118171E+03 -0.280563E+02   -361.415   -320.776   -232.798     641
   642.00000 -0.154160E+03  0.135867E+03 -0.154172E+03  0.118190E+03 -0.281500E+02    -99.055   -131.667   -235.999     642
   643.00000 -0.154740E+03  0.135964E+03 -0.154752E+03  0.118287E+03 -0.282390E+02   -140.471   -147.395   -236.931     643
   644.00000 -0.154681E+03  0.136130E+03 -0.154694E+03  0.118452E+03 -0.283396E+02   -192.456   -180.416   -225.031     644
   645.00000 -0.154627E+03  0.136271E+03 -0.154640E+03  0.118594E+03 -0.284683E+02   -219.645   -202.719   -211.779     645
   646.00000 -0.154606E+03  0.136428E+03 -0.154619E+03  0.118750E+03 -0.286112E+02   -237.782   -220.623   -204.498     646
   647.00000 -0.154526E+03  0.136573E+03 -0.154538E+03  0.118895E+03 -0.287590E+02   -268.864   -241.370   -203.557     647
   648.00000 -0.154451E+03  0.136717E+03 -0.154463E+03  0.119039E+03 -0.289034E+02   -292.819   -259.915   -205.033     648
   649.00000 -0.154537E+03  0.136870E+03 -0.154550E+03  0.119193E+03 -0.290450E+02   -272.874   -263.037   -207.704     649
   650.00000 -0.154452E+03  0.137007E+03 -0.154464E+03  0.119330E+03 -0.291795E+02   -323.928   -284.289   -211.888     650
   651.00000 -0.154360E+03  0.137138E+03 -0.154373E+03  0.119460E+03 -0.293054E+02   -358.984   -305.675   -216.626     651
   652.00000 -0.154292E+03  0.137275E+03 -0.154305E+03  0.119598E+03 -0.294231E+02   -381.117   -324.113   -221.624     652
   653.00000 -0.154215E+03  0.137396E+03 -0.154228E+03  0.119719E+03 -0.295297E+02   -416.038   -344.758   -226.863     653
   654.00000 -0.154167E+03  0.137516E+03 -0.154179E+03  0.119839E+03 -0.296272E+02   -427.660   -359.090   -232.171     654
   655.00000 -0.154134E+03  0.137664E+03 -0.154147E+03  0.119987E+03 -0.297155E+02   -437.432   -371.690   -237.567     655
   656.00000 -0.154534E+03  0.137726E+03 -0.154547E+03  0.120049E+03 -0.297987E+02   -262.978   -309.636   -243.644     656
   657.00000 -0.154489E+03  0.137844E+03 -0.154502E+03  0.120167E+03 -0.298755E+02   -351.832   -327.740   -250.317     657
   658.00000 -0.154424E+03  0.137930E+03 -0.154436E+03  0.120252E+03 -0.299477E+02   -394.259   -347.989   -256.152     658
   659.00000 -0.154331E+03  0.138023E+03 -0.154344E+03  0.120346E+03 -0.300164E+02   -450.441   -373.023   -261.459     659
   660.00000 -0.154255E+03  0.138113E+03 -0.154268E+03  0.120436E+03 -0.300811E+02   -484.333   -394.540   -266.366     660
   661.00000 -0.154177E+03  0.138209E+03 -0.154190E+03  0.120532E+03 -0.301425E+02   -528.219   -416.903   -271.126     661
   662.00000 -0.154177E+03  0.138239E+03 -0.154188E+03  0.120561E+03 -0.302008E+02   -488.290   -422.474   -275.851     662
   663.00000 -0.154174E+03  0.138318E+03 -0.154187E+03  0.120640E+03 -0.302561E+02   -468.453   -416.975   -280.512     663
   664.00000 -0.154174E+03  0.138354E+03 -0.154186E+03  0.120677E+03 -0.303082E+02   -470.314   -423.800   -285.133     664
   665.00000 -0.154174E+03  0.138384E+03 -0.154186E+03  0.120706E+03 -0.303574E+02   -461.494   -421.010   -289.665     665
   666.00000 -0.154157E+03  0.138447E+03 -0.154169E+03  0.120769E+03 -0.304036E+02   -470.078   -423.913   -294.121     666
   667.00000 -0.154142E+03  0.138538E+03 -0.154155E+03  0.120860E+03 -0.304469E+02   -480.284   -431.925   -298.499     667
   668.00000 -0.154152E+03  0.138623E+03 -0.154165E+03  0.120945E+03 -0.304885E+02   -475.005   -438.777   -302.922     668
   669.00000 -0.154392E+03  0.138731E+03 -0.154405E+03  0.121054E+03 -0.305274E+02   -345.325   -402.833   -308.180     669
   670.00000 -0.154392E+03  0.138783E+03 -0.154404E+03  0.121106E+03 -0.305646E+02   -421.144   -410.126   -313.407     670
   671.00000 -0.155080E+03  0.138852E+03 -0.155092E+03  0.121175E+03 -0.306006E+02   -222.528   -314.300   -318.302     671
   672.00000 -0.155090E+03  0.138892E+03 -0.155102E+03  0.121214E+03 -0.306353E+02   -309.832   -321.372   -322.872     672
   673.00000 -0.155039E+03  0.138959E+03 -0.155052E+03  0.121282E+03 -0.306689E+02   -365.569   -346.303   -326.822     673
   674.00000 -0.155038E+03  0.139013E+03 -0.155050E+03  0.121336E+03 -0.307016E+02   -373.502   -358.761   -329.818     674
   675.00000 -0.155184E+03  0.139095E+03 -0.155197E+03  0.121418E+03 -0.307338E+02   -325.892   -350.483   -332.221     675
   676.00000 -0.155270E+03  0.139158E+03 -0.155283E+03  0.121481E+03 -0.307654E+02   -335.094   -349.394   -333.989     676
   677.00000 -0.156210E+03  0.139194E+03 -0.156223E+03  0.121517E+03 -0.307967E+02   -180.067   -250.290   -335.447     677
   678.00000 -0.157050E+03  0.139212E+03 -0.157062E+03  0.121535E+03 -0.308276E+02   -163.497   -203.458   -336.583     678
   679.00000 -0.156992E+03  0.139262E+03 -0.157005E+03  0.121585E+03 -0.308584E+02   -235.731   -232.139   -336.130     679
   680.00000 -0.156975E+03  0.139316E+03 -0.156988E+03  0.121639E+03 -0.308900E+02   -261.316   -253.519   -332.027     680
   681.00000 -0.156975E+03  0.139358E+03 -0.156988E+03  0.121681E+03 -0.309232E+02   -277.693   -268.962   -325.208     681
   682.00000 -0.156975E+03  0.139381E+03 -0.156988E+03  0.121704E+03 -0.309588E+02   -290.169   -280.114   -317.797     682
   683.00000 -0.157655E+03  0.139395E+03 -0.157668E+03  0.121718E+03 -0.309955E+02   -185.442   -226.017   -310.763     683
   684.00000 -0.157725E+03  0.139413E+03 -0.157738E+03  0.121736E+03 -0.310337E+02   -232.518   -236.428   -305.078     684
   685.00000 -0.157700E+03  0.139454E+03 -0.157713E+03  0.121777E+03 -0.310748E+02   -264.452   -254.968   -300.262     685
   686.00000 -0.157646E+03  0.139487E+03 -0.157658E+03  0.121810E+03 -0.311197E+02   -290.479   -272.569   -294.993     686
   687.00000 -0.157698E+03  0.139552E+03 -0.157711E+03  0.121875E+03 -0.311672E+02   -283.957   -279.411   -289.992     687
   688.00000 -0.157630E+03  0.139573E+03 -0.157642E+03  0.121896E+03 -0.312179E+02   -321.187   -294.866   -286.245     688
   689.00000 -0.157576E+03  0.139596E+03 -0.157588E+03  0.121919E+03 -0.312706E+02   -335.117   -306.540   -283.998     689
   690.00000 -0.157523E+03  0.139629E+03 -0.157535E+03  0.121952E+03 -0.313242E+02   -350.411   -318.439   -282.824     690
   691.00000 -0.157773E+03  0.139651E+03 -0.157785E+03  0.121974E+03 -0.313781E+02   -264.234   -290.066   -282.481     691
   692.00000 -0.157773E+03  0.139717E+03 -0.157785E+03  0.122040E+03 -0.314318E+02   -307.694   -300.058   -282.981     692
   693.00000 -0.157766E+03  0.139787E+03 -0.157779E+03  0.122109E+03 -0.314850E+02   -328.351   -312.886   -283.917     693
   694.00000 -0.158046E+03  0.139807E+03 -0.158058E+03  0.122130E+03 -0.315376E+02   -254.293   -284.452   -284.981     694
   695.00000 -0.158046E+03  0.139829E+03 -0.158058E+03  0.122152E+03 -0.315893E+02   -297.539   -292.751   -286.147     695
   696.00000 -0.157985E+03  0.139841E+03 -0.157998E+03  0.122163E+03 -0.316403E+02   -329.492   -306.584   -287.213     696
   697.00000 -0.157922E+03  0.139852E+03 -0.157934E+03  0.122175E+03 -0.316906E+02   -350.818   -320.065   -288.157     697
   698.00000 -0.158300E+03  0.139874E+03 -0.158312E+03  0.122197E+03 -0.317404E+02   -239.035   -278.959   -289.042     698
   699.00000 -0.158868E+03  0.139899E+03 -0.158881E+03  0.122221E+03 -0.317897E+02   -195.587   -236.083   -289.952     699
   700.00000 -0.159171E+03  0.139924E+03 -0.159183E+03  0.122247E+03 -0.318383E+02   -207.537   -228.016   -290.667     700
   701.00000 -0.160131E+03  0.139945E+03 -0.160143E+03  0.122267E+03 -0.318869E+02   -150.679   -182.045   -290.192     701
   702.00000 -0.160189E+03  0.139970E+03 -0.160201E+03  0.122293E+03 -0.319368E+02   -203.545   -203.243   -286.893     702
   703.00000 -0.160459E+03  0.139998E+03 -0.160471E+03  0.122320E+03 -0.319905E+02   -193.265   -202.920   -278.960     703
   704.00000 -0.160459E+03  0.140019E+03 -0.160471E+03  0.122341E+03 -0.320515E+02   -226.644   -219.485   -268.376     704
   705.00000 -0.160469E+03  0.140038E+03 -0.160481E+03  0.122361E+03 -0.321187E+02   -238.847   -230.447   -258.395     705
   706.00000 -0.160489E+03  0.140065E+03 -0.160501E+03  0.122387E+03 -0.321916E+02   -246.891   -238.437   -250.662     706
   707.00000 -0.160471E+03  0.140087E+03 -0.160484E+03  0.122409E+03 -0.322690E+02   -262.436   -248.636   -245.755     707
   708.00000 -0.160430E+03  0.140097E+03 -0.160442E+03  0.122420E+03 -0.323488E+02   -276.971   -258.884   -243.156     708
   709.00000 -0.160356E+03  0.140099E+03 -0.160368E+03  0.122422E+03 -0.324295E+02   -295.558   -270.453   -242.085     709
   710.00000 -0.160356E+03  0.140122E+03 -0.160368E+03  0.122445E+03 -0.325100E+02   -287.494   -272.253   -242.628     710
   711.00000 -0.162105E+03  0.140129E+03 -0.162118E+03  0.122452E+03 -0.325900E+02   -123.541   -159.472   -243.569     711
   712.00000 -0.163855E+03  0.140136E+03 -0.163868E+03  0.122458E+03 -0.326702E+02   -107.312   -123.509   -241.888     712
   713.00000 -0.164535E+03  0.140145E+03 -0.164548E+03  0.122468E+03 -0.327619E+02   -129.180   -133.757   -227.746     713
   714.00000 -0.164595E+03  0.140151E+03 -0.164608E+03  0.122474E+03 -0.328947E+02   -162.543   -155.228   -198.967     714
   715.00000 -0.164765E+03  0.140160E+03 -0.164778E+03  0.122483E+03 -0.330820E+02   -168.180   -164.349   -180.820     715
   716.00000 -0.164835E+03  0.140182E+03 -0.164848E+03  0.122505E+03 -0.333165E+02   -182.997   -175.543   -173.281     716
   717.00000 -0.165565E+03  0.140196E+03 -0.165578E+03  0.122519E+03 -0.335688E+02   -142.719   -152.842   -170.950     717
   718.00000 -0.167065E+03  0.140202E+03 -0.167078E+03  0.122525E+03 -0.338299E+02   -109.356   -120.578   -168.017     718
   719.00000 -0.167415E+03  0.140232E+03 -0.167428E+03  0.122555E+03 -0.341214E+02   -139.417   -137.257   -157.497     719
   720.00000 -0.167412E+03  0.140254E+03 -0.167425E+03  0.122577E+03 -0.344682E+02   -165.893   -155.082   -149.574     720
   721.00000 -0.167352E+03  0.140259E+03 -0.167364E+03  0.122582E+03 -0.348398E+02   -183.208   -169.113   -148.774     721
   722.00000 -0.167341E+03  0.140277E+03 -0.167353E+03  0.122600E+03 -0.351950E+02   -191.081   -178.151   -150.942     722
   723.00000 -0.167271E+03  0.140278E+03 -0.167283E+03  0.122601E+03 -0.355177E+02   -205.590   -188.824   -155.530     723
   724.00000 -0.167230E+03  0.140294E+03 -0.167242E+03  0.122616E+03 -0.358176E+02   -211.588   -195.664   -160.598     724
   725.00000 -0.167450E+03  0.140299E+03 -0.167462E+03  0.122622E+03 -0.361049E+02   -187.439   -187.378   -165.756     725
   726.00000 -0.167425E+03  0.140315E+03 -0.167437E+03  0.122638E+03 -0.363693E+02   -210.991   -197.863   -170.334     726
   727.00000 -0.167425E+03  0.140328E+03 -0.167437E+03  0.122651E+03 -0.366139E+02   -217.196   -204.547   -174.391     727
   728.00000 -0.167413E+03  0.140349E+03 -0.167426E+03  0.122671E+03 -0.368420E+02   -225.152   -211.386   -178.350     728
   729.00000 -0.167413E+03  0.140365E+03 -0.167426E+03  0.122688E+03 -0.370491E+02   -229.893   -216.645   -182.258     729
   730.00000 -0.167395E+03  0.140383E+03 -0.167408E+03  0.122705E+03 -0.372398E+02   -237.700   -222.830   -186.102     730
end
