 ******* Program HYDRUS
 ******* None                                                                    
 Date:   0.**.    Time: ***:**:**
 Units: L = cm   , T = days , M = mmol 

 CosAlf,MaxIt,TolTh,  TolH
 1.000   10   0.001 1.00000

 TopInF,BotInF,AtmBC,SinkF,WLayer,qGWLF,FreeD,SeepF,lWat,lChem,lTemp,lRoot,lWDep
     T     F     T     T     F     F     T     F     T     F     F     F     F

Nodal point information

node      x         hOld    MatN LayN  Beta      Ah       AK      ATh     Temp    Conc(1...NS)         Sorb(1...NS)

   1      0.000   -500.000    1    1   0.050    1.000    1.000    1.000
   2     -1.000   -500.000    1    1   0.050    1.000    1.000    1.000
   3     -2.000   -500.000    1    1   0.050    1.000    1.000    1.000
   4     -3.000   -500.000    1    1   0.050    1.000    1.000    1.000
   5     -4.000   -500.000    1    1   0.050    1.000    1.000    1.000
   6     -5.000   -500.000    1    1   0.050    1.000    1.000    1.000
   7     -6.000   -500.000    1    1   0.050    1.000    1.000    1.000
   8     -7.000   -500.000    1    1   0.050    1.000    1.000    1.000
   9     -8.000   -500.000    1    1   0.050    1.000    1.000    1.000
  10     -9.000   -500.000    1    1   0.050    1.000    1.000    1.000
  11    -10.000   -500.000    1    1   0.050    1.000    1.000    1.000
  12    -11.000   -500.000    1    1   0.047    1.000    1.000    1.000
  13    -12.000   -500.000    1    1   0.045    1.000    1.000    1.000
  14    -13.000   -500.000    1    1   0.043    1.000    1.000    1.000
  15    -14.000   -500.000    1    1   0.040    1.000    1.000    1.000
  16    -15.000   -500.000    1    1   0.038    1.000    1.000    1.000
  17    -16.000   -500.000    1    1   0.035    1.000    1.000    1.000
  18    -17.000   -500.000    1    1   0.032    1.000    1.000    1.000
  19    -18.000   -500.000    1    1   0.030    1.000    1.000    1.000
  20    -19.000   -500.000    1    1   0.027    1.000    1.000    1.000
  21    -20.000   -500.000    1    1   0.025    1.000    1.000    1.000
  22    -21.000   -500.000    1    1   0.022    1.000    1.000    1.000
  23    -22.000   -500.000    1    1   0.020    1.000    1.000    1.000
  24    -23.000   -500.000    1    1   0.018    1.000    1.000    1.000
  25    -24.000   -500.000    1    1   0.015    1.000    1.000    1.000
  26    -25.000   -500.000    1    1   0.013    1.000    1.000    1.000
  27    -26.000   -500.000    1    1   0.010    1.000    1.000    1.000
  28    -27.000   -500.000    1    1   0.008    1.000    1.000    1.000
  29    -28.000   -500.000    1    1   0.005    1.000    1.000    1.000
  30    -29.000   -500.000    1    1   0.002    1.000    1.000    1.000
  31    -30.000   -500.000    1    1   0.000    1.000    1.000    1.000
  32    -31.000   -500.000    1    1   0.000    1.000    1.000    1.000
  33    -32.000   -500.000    1    1   0.000    1.000    1.000    1.000
  34    -33.000   -500.000    1    1   0.000    1.000    1.000    1.000
  35    -34.000   -500.000    1    1   0.000    1.000    1.000    1.000
  36    -35.000   -500.000    1    1   0.000    1.000    1.000    1.000
  37    -36.000   -500.000    1    1   0.000    1.000    1.000    1.000
  38    -37.000   -500.000    1    1   0.000    1.000    1.000    1.000
  39    -38.000   -500.000    1    1   0.000    1.000    1.000    1.000
  40    -39.000   -500.000    1    1   0.000    1.000    1.000    1.000
  41    -40.000   -500.000    1    1   0.000    1.000    1.000    1.000
  42    -41.000   -500.000    1    1   0.000    1.000    1.000    1.000
  43    -42.000   -500.000    1    1   0.000    1.000    1.000    1.000
  44    -43.000   -500.000    1    1   0.000    1.000    1.000    1.000
  45    -44.000   -500.000    1    1   0.000    1.000    1.000    1.000
  46    -45.000   -500.000    1    1   0.000    1.000    1.000    1.000
  47    -46.000   -500.000    1    1   0.000    1.000    1.000    1.000
  48    -47.000   -500.000    1    1   0.000    1.000    1.000    1.000
  49    -48.000   -500.000    1    1   0.000    1.000    1.000    1.000
  50    -49.000   -500.000    1    1   0.000    1.000    1.000    1.000
  51    -50.000   -500.000    1    1   0.000    1.000    1.000    1.000
  52    -51.000   -500.000    1    1   0.000    1.000    1.000    1.000
  53    -52.000   -500.000    1    1   0.000    1.000    1.000    1.000
  54    -53.000   -500.000    1    1   0.000    1.000    1.000    1.000
  55    -54.000   -500.000    1    1   0.000    1.000    1.000    1.000
  56    -55.000   -500.000    1    1   0.000    1.000    1.000    1.000
  57    -56.000   -500.000    1    1   0.000    1.000    1.000    1.000
  58    -57.000   -500.000    1    1   0.000    1.000    1.000    1.000
  59    -58.000   -500.000    1    1   0.000    1.000    1.000    1.000
  60    -59.000   -500.000    1    1   0.000    1.000    1.000    1.000
  61    -60.000   -500.000    1    1   0.000    1.000    1.000    1.000
  62    -61.000   -500.000    1    1   0.000    1.000    1.000    1.000
  63    -62.000   -500.000    1    1   0.000    1.000    1.000    1.000
  64    -63.000   -500.000    1    1   0.000    1.000    1.000    1.000
  65    -64.000   -500.000    1    1   0.000    1.000    1.000    1.000
  66    -65.000   -500.000    1    1   0.000    1.000    1.000    1.000
  67    -66.000   -500.000    1    1   0.000    1.000    1.000    1.000
  68    -67.000   -500.000    1    1   0.000    1.000    1.000    1.000
  69    -68.000   -500.000    1    1   0.000    1.000    1.000    1.000
  70    -69.000   -500.000    1    1   0.000    1.000    1.000    1.000
  71    -70.000   -500.000    1    1   0.000    1.000    1.000    1.000
  72    -71.000   -500.000    1    1   0.000    1.000    1.000    1.000
  73    -72.000   -500.000    1    1   0.000    1.000    1.000    1.000
  74    -73.000   -500.000    1    1   0.000    1.000    1.000    1.000
  75    -74.000   -500.000    1    1   0.000    1.000    1.000    1.000
  76    -75.000   -500.000    1    1   0.000    1.000    1.000    1.000
  77    -76.000   -500.000    1    1   0.000    1.000    1.000    1.000
  78    -77.000   -500.000    1    1   0.000    1.000    1.000    1.000
  79    -78.000   -500.000    1    1   0.000    1.000    1.000    1.000
  80    -79.000   -500.000    1    1   0.000    1.000    1.000    1.000
  81    -80.000   -500.000    1    1   0.000    1.000    1.000    1.000
  82    -81.000   -500.000    1    1   0.000    1.000    1.000    1.000
  83    -82.000   -500.000    1    1   0.000    1.000    1.000    1.000
  84    -83.000   -500.000    1    1   0.000    1.000    1.000    1.000
  85    -84.000   -500.000    1    1   0.000    1.000    1.000    1.000
  86    -85.000   -500.000    1    1   0.000    1.000    1.000    1.000
  87    -86.000   -500.000    1    1   0.000    1.000    1.000    1.000
  88    -87.000   -500.000    1    1   0.000    1.000    1.000    1.000
  89    -88.000   -500.000    1    1   0.000    1.000    1.000    1.000
  90    -89.000   -500.000    1    1   0.000    1.000    1.000    1.000
  91    -90.000   -500.000    1    1   0.000    1.000    1.000    1.000
  92    -91.000   -500.000    1    1   0.000    1.000    1.000    1.000
  93    -92.000   -500.000    1    1   0.000    1.000    1.000    1.000
  94    -93.000   -500.000    1    1   0.000    1.000    1.000    1.000
  95    -94.000   -500.000    1    1   0.000    1.000    1.000    1.000
  96    -95.000   -500.000    1    1   0.000    1.000    1.000    1.000
  97    -96.000   -500.000    1    1   0.000    1.000    1.000    1.000
  98    -97.000   -500.000    1    1   0.000    1.000    1.000    1.000
  99    -98.000   -500.000    1    1   0.000    1.000    1.000    1.000
 100    -99.000   -500.000    1    1   0.000    1.000    1.000    1.000
 101   -100.000   -500.000    1    1   0.000    1.000    1.000    1.000
end

 Number of species in the chain :   0


MatNum, Param. array:

   Mat     Qr     Qs        Alfa         n          Ks      l

    1    0.000  0.445   0.227E-01   0.152E+01   0.212E+03  0.500

       Table of Hydraulic Properties which are interpolated in simulation
       =================================================================

  theta         h        log h        C             K        log K          S          Kv

  0.4450  -0.100E-05 -0.6000E+01  0.5647E-06  0.2118E+03  0.2326E+01    1.0000  0.0000E+00
  0.4450  -0.126E-05 -0.5899E+01  0.6372E-06  0.2118E+03  0.2326E+01    1.0000  0.0000E+00
  0.4450  -0.159E-05 -0.5798E+01  0.7189E-06  0.2118E+03  0.2326E+01    1.0000  0.0000E+00
  0.4450  -0.201E-05 -0.5697E+01  0.8111E-06  0.2117E+03  0.2326E+01    1.0000  0.0000E+00
  0.4450  -0.254E-05 -0.5596E+01  0.9152E-06  0.2117E+03  0.2326E+01    1.0000  0.0000E+00
  0.4450  -0.320E-05 -0.5495E+01  0.1033E-05  0.2117E+03  0.2326E+01    1.0000  0.0000E+00
  0.4450  -0.404E-05 -0.5394E+01  0.1165E-05  0.2117E+03  0.2326E+01    1.0000  0.0000E+00
  0.4450  -0.509E-05 -0.5293E+01  0.1315E-05  0.2117E+03  0.2326E+01    1.0000  0.0000E+00
  0.4450  -0.643E-05 -0.5192E+01  0.1483E-05  0.2117E+03  0.2326E+01    1.0000  0.0000E+00
  0.4450  -0.811E-05 -0.5091E+01  0.1673E-05  0.2117E+03  0.2326E+01    1.0000  0.0000E+00
  0.4450  -0.102E-04 -0.4990E+01  0.1888E-05  0.2117E+03  0.2326E+01    1.0000  0.0000E+00
  0.4450  -0.129E-04 -0.4889E+01  0.2130E-05  0.2116E+03  0.2326E+01    1.0000  0.0000E+00
  0.4450  -0.163E-04 -0.4788E+01  0.2404E-05  0.2116E+03  0.2326E+01    1.0000  0.0000E+00
  0.4450  -0.206E-04 -0.4687E+01  0.2712E-05  0.2116E+03  0.2326E+01    1.0000  0.0000E+00
  0.4450  -0.260E-04 -0.4586E+01  0.3060E-05  0.2116E+03  0.2325E+01    1.0000  0.0000E+00
  0.4450  -0.327E-04 -0.4485E+01  0.3453E-05  0.2115E+03  0.2325E+01    1.0000  0.0000E+00
  0.4450  -0.413E-04 -0.4384E+01  0.3895E-05  0.2115E+03  0.2325E+01    1.0000  0.0000E+00
  0.4450  -0.521E-04 -0.4283E+01  0.4395E-05  0.2115E+03  0.2325E+01    1.0000  0.0000E+00
  0.4450  -0.658E-04 -0.4182E+01  0.4959E-05  0.2114E+03  0.2325E+01    1.0000  0.0000E+00
  0.4450  -0.830E-04 -0.4081E+01  0.5595E-05  0.2114E+03  0.2325E+01    1.0000  0.0000E+00
  0.4450  -0.105E-03 -0.3980E+01  0.6313E-05  0.2113E+03  0.2325E+01    1.0000  0.0000E+00
  0.4450  -0.132E-03 -0.3879E+01  0.7123E-05  0.2112E+03  0.2325E+01    1.0000  0.0000E+00
  0.4450  -0.167E-03 -0.3778E+01  0.8037E-05  0.2112E+03  0.2325E+01    1.0000  0.0000E+00
  0.4450  -0.210E-03 -0.3677E+01  0.9068E-05  0.2111E+03  0.2324E+01    1.0000  0.0000E+00
  0.4450  -0.266E-03 -0.3576E+01  0.1023E-04  0.2110E+03  0.2324E+01    1.0000  0.0000E+00
  0.4450  -0.335E-03 -0.3475E+01  0.1154E-04  0.2109E+03  0.2324E+01    1.0000  0.0000E+00
  0.4450  -0.423E-03 -0.3374E+01  0.1302E-04  0.2108E+03  0.2324E+01    1.0000  0.0000E+00
  0.4450  -0.534E-03 -0.3273E+01  0.1470E-04  0.2106E+03  0.2324E+01    1.0000  0.0000E+00
  0.4450  -0.673E-03 -0.3172E+01  0.1658E-04  0.2105E+03  0.2323E+01    1.0000  0.0000E+00
  0.4450  -0.850E-03 -0.3071E+01  0.1871E-04  0.2103E+03  0.2323E+01    1.0000  0.0000E+00
  0.4450  -0.107E-02 -0.2970E+01  0.2111E-04  0.2101E+03  0.2322E+01    1.0000  0.0000E+00
  0.4450  -0.135E-02 -0.2869E+01  0.2382E-04  0.2099E+03  0.2322E+01    1.0000  0.1098E-30
  0.4450  -0.171E-02 -0.2768E+01  0.2687E-04  0.2096E+03  0.2321E+01    1.0000  0.1098E-30
  0.4450  -0.215E-02 -0.2667E+01  0.3032E-04  0.2094E+03  0.2321E+01    1.0000  0.1098E-30
  0.4450  -0.272E-02 -0.2566E+01  0.3421E-04  0.2091E+03  0.2320E+01    1.0000  0.1107E-29
  0.4450  -0.343E-02 -0.2465E+01  0.3860E-04  0.2087E+03  0.2320E+01    1.0000  0.4275E-29
  0.4450  -0.433E-02 -0.2364E+01  0.4355E-04  0.2083E+03  0.2319E+01    1.0000  0.1115E-28
  0.4450  -0.546E-02 -0.2263E+01  0.4913E-04  0.2079E+03  0.2318E+01    1.0000  0.4309E-28
  0.4450  -0.689E-02 -0.2162E+01  0.5544E-04  0.2074E+03  0.2317E+01    1.0000  0.1124E-27
  0.4450  -0.870E-02 -0.2061E+01  0.6255E-04  0.2068E+03  0.2316E+01    1.0000  0.4343E-27
  0.4450  -0.110E-01 -0.1960E+01  0.7057E-04  0.2061E+03  0.2314E+01    1.0000  0.1387E-26
  0.4450  -0.138E-01 -0.1859E+01  0.7963E-04  0.2054E+03  0.2313E+01    1.0000  0.4378E-26
  0.4450  -0.175E-01 -0.1758E+01  0.8984E-04  0.2046E+03  0.2311E+01    1.0000  0.1540E-25
  0.4450  -0.221E-01 -0.1657E+01  0.1014E-03  0.2037E+03  0.2309E+01    1.0000  0.4726E-25
  0.4450  -0.278E-01 -0.1556E+01  0.1144E-03  0.2027E+03  0.2307E+01    1.0000  0.1552E-24
  0.4450  -0.351E-01 -0.1455E+01  0.1290E-03  0.2015E+03  0.2304E+01    1.0000  0.5096E-24
  0.4450  -0.443E-01 -0.1354E+01  0.1456E-03  0.2002E+03  0.2301E+01    1.0000  0.1679E-23
  0.4450  -0.559E-01 -0.1253E+01  0.1643E-03  0.1987E+03  0.2298E+01    1.0000  0.5398E-23
  0.4450  -0.705E-01 -0.1152E+01  0.1853E-03  0.1971E+03  0.2295E+01    1.0000  0.1752E-22
  0.4450  -0.890E-01 -0.1051E+01  0.2091E-03  0.1952E+03  0.2291E+01    1.0000  0.5667E-22
  0.4450  -0.112E+00 -0.9495E+00  0.2359E-03  0.1932E+03  0.2286E+01    1.0000  0.1838E-21
  0.4450  -0.142E+00 -0.8485E+00  0.2662E-03  0.1908E+03  0.2281E+01    0.9999  0.5995E-21
  0.4450  -0.179E+00 -0.7475E+00  0.3003E-03  0.1882E+03  0.2275E+01    0.9999  0.1944E-20
  0.4449  -0.226E+00 -0.6465E+00  0.3388E-03  0.1853E+03  0.2268E+01    0.9999  0.6300E-20
  0.4449  -0.285E+00 -0.5455E+00  0.3822E-03  0.1820E+03  0.2260E+01    0.9998  0.2046E-19
  0.4449  -0.359E+00 -0.4444E+00  0.4311E-03  0.1783E+03  0.2251E+01    0.9998  0.6642E-19
  0.4449  -0.453E+00 -0.3434E+00  0.4862E-03  0.1742E+03  0.2241E+01    0.9997  0.2155E-18
  0.4448  -0.572E+00 -0.2424E+00  0.5483E-03  0.1697E+03  0.2230E+01    0.9995  0.6990E-18
  0.4447  -0.722E+00 -0.1414E+00  0.6181E-03  0.1646E+03  0.2216E+01    0.9993  0.2267E-17
  0.4446  -0.911E+00 -0.4040E-01  0.6967E-03  0.1590E+03  0.2201E+01    0.9991  0.7346E-17
  0.4444  -0.115E+01  0.6061E-01  0.7848E-03  0.1528E+03  0.2184E+01    0.9987  0.2378E-16
  0.4441  -0.145E+01  0.1616E+00  0.8835E-03  0.1459E+03  0.2164E+01    0.9981  0.7693E-16
  0.4438  -0.183E+01  0.2626E+00  0.9937E-03  0.1383E+03  0.2141E+01    0.9973  0.2485E-15
  0.4433  -0.231E+01  0.3636E+00  0.1116E-02  0.1301E+03  0.2114E+01    0.9962  0.8006E-15
  0.4426  -0.292E+01  0.4646E+00  0.1251E-02  0.1211E+03  0.2083E+01    0.9945  0.2572E-14
  0.4416  -0.368E+01  0.5657E+00  0.1399E-02  0.1114E+03  0.2047E+01    0.9923  0.8226E-14
  0.4401  -0.464E+01  0.6667E+00  0.1559E-02  0.1010E+03  0.2004E+01    0.9891  0.2614E-13
  0.4381  -0.586E+01  0.7677E+00  0.1728E-02  0.9008E+02  0.1955E+01    0.9846  0.8238E-13
  0.4353  -0.739E+01  0.8687E+00  0.1901E-02  0.7869E+02  0.1896E+01    0.9783  0.2564E-12
  0.4315  -0.933E+01  0.9697E+00  0.2071E-02  0.6707E+02  0.1827E+01    0.9696  0.7851E-12
  0.4262  -0.118E+02  0.1071E+01  0.2227E-02  0.5551E+02  0.1744E+01    0.9578  0.2350E-11
  0.4192  -0.148E+02  0.1172E+01  0.2353E-02  0.4437E+02  0.1647E+01    0.9419  0.6826E-11
  0.4098  -0.187E+02  0.1273E+01  0.2430E-02  0.3406E+02  0.1532E+01    0.9210  0.1906E-10
  0.3978  -0.236E+02  0.1374E+01  0.2441E-02  0.2497E+02  0.1397E+01    0.8940  0.5066E-10
  0.3829  -0.298E+02  0.1475E+01  0.2370E-02  0.1739E+02  0.1240E+01    0.8605  0.1267E-09
  0.3650  -0.376E+02  0.1576E+01  0.2215E-02  0.1146E+02  0.1059E+01    0.8202  0.2953E-09
  0.3443  -0.475E+02  0.1677E+01  0.1986E-02  0.7152E+01  0.8544E+00    0.7736  0.6362E-09
  0.3213  -0.599E+02  0.1778E+01  0.1709E-02  0.4228E+01  0.6261E+00    0.7220  0.1261E-08
  0.2969  -0.756E+02  0.1879E+01  0.1414E-02  0.2379E+01  0.3764E+00    0.6672  0.2300E-08
  0.2718  -0.955E+02  0.1980E+01  0.1129E-02  0.1282E+01  0.1080E+00    0.6109  0.3870E-08
  0.2470  -0.120E+03  0.2081E+01  0.8742E-03  0.6667E+00 -0.1761E+00    0.5551  0.6050E-08
  0.2231  -0.152E+03  0.2182E+01  0.6607E-03  0.3367E+00 -0.4727E+00    0.5013  0.8854E-08
  0.2004  -0.192E+03  0.2283E+01  0.4898E-03  0.1663E+00 -0.7790E+00    0.4504  0.1224E-07
  0.1794  -0.242E+03  0.2384E+01  0.3578E-03  0.8077E-01 -0.1093E+01    0.4032  0.1610E-07
  0.1602  -0.305E+03  0.2485E+01  0.2585E-03  0.3874E-01 -0.1412E+01    0.3599  0.2033E-07
  0.1427  -0.385E+03  0.2586E+01  0.1853E-03  0.1841E-01 -0.1735E+01    0.3207  0.2480E-07
  0.1269  -0.486E+03  0.2687E+01  0.1320E-03  0.8689E-02 -0.2061E+01    0.2852  0.2937E-07
  0.1128  -0.614E+03  0.2788E+01  0.9368E-04  0.4082E-02 -0.2389E+01    0.2535  0.3395E-07
  0.1002  -0.774E+03  0.2889E+01  0.6627E-04  0.1912E-02 -0.2719E+01    0.2251  0.3845E-07
  0.0889  -0.977E+03  0.2990E+01  0.4679E-04  0.8929E-03 -0.3049E+01    0.1997  0.4279E-07
  0.0788  -0.123E+04  0.3091E+01  0.3298E-04  0.4164E-03 -0.3381E+01    0.1772  0.4694E-07
  0.0699  -0.156E+04  0.3192E+01  0.2322E-04  0.1939E-03 -0.3712E+01    0.1571  0.5085E-07
  0.0620  -0.196E+04  0.3293E+01  0.1634E-04  0.9025E-04 -0.4045E+01    0.1393  0.5450E-07
  0.0550  -0.248E+04  0.3394E+01  0.1149E-04  0.4198E-04 -0.4377E+01    0.1235  0.5789E-07
  0.0487  -0.313E+04  0.3495E+01  0.8078E-05  0.1951E-04 -0.4710E+01    0.1095  0.6100E-07
  0.0432  -0.394E+04  0.3596E+01  0.5677E-05  0.9069E-05 -0.5042E+01    0.0971  0.6385E-07
  0.0383  -0.498E+04  0.3697E+01  0.3989E-05  0.4214E-05 -0.5375E+01    0.0860  0.6644E-07
  0.0339  -0.628E+04  0.3798E+01  0.2803E-05  0.1958E-05 -0.5708E+01    0.0763  0.6877E-07
  0.0301  -0.792E+04  0.3899E+01  0.1969E-05  0.9096E-06 -0.6041E+01    0.0676  0.7086E-07
  0.0267  -0.100E+05  0.4000E+01  0.1383E-05  0.4225E-06 -0.6374E+01    0.0599  0.7272E-07
end
