 ******* Program HYDRUS
 ******* None                                                                    
 Date:   0.**.    Time: ***:**:**
 Units: L = cm   , T = days , M = mmol 


    n      depth     THr       THs       hs       Ks        Ks/KsTop     Beta      Ah        AK        ATh

    1      0.00     0.000     0.445      -0.0   0.212E+03     1.000     0.050     1.000     1.000     1.000
    2      1.00     0.000     0.445      -0.0   0.212E+03     1.000     0.050     1.000     1.000     1.000
    3      2.00     0.000     0.445      -0.0   0.212E+03     1.000     0.050     1.000     1.000     1.000
    4      3.00     0.000     0.445      -0.0   0.212E+03     1.000     0.050     1.000     1.000     1.000
    5      4.00     0.000     0.445      -0.0   0.212E+03     1.000     0.050     1.000     1.000     1.000
    6      5.00     0.000     0.445      -0.0   0.212E+03     1.000     0.050     1.000     1.000     1.000
    7      6.00     0.000     0.445      -0.0   0.212E+03     1.000     0.050     1.000     1.000     1.000
    8      7.00     0.000     0.445      -0.0   0.212E+03     1.000     0.050     1.000     1.000     1.000
    9      8.00     0.000     0.445      -0.0   0.212E+03     1.000     0.050     1.000     1.000     1.000
   10      9.00     0.000     0.445      -0.0   0.212E+03     1.000     0.050     1.000     1.000     1.000
   11     10.00     0.000     0.445      -0.0   0.212E+03     1.000     0.050     1.000     1.000     1.000
   12     11.00     0.000     0.445      -0.0   0.212E+03     1.000     0.047     1.000     1.000     1.000
   13     12.00     0.000     0.445      -0.0   0.212E+03     1.000     0.045     1.000     1.000     1.000
   14     13.00     0.000     0.445      -0.0   0.212E+03     1.000     0.043     1.000     1.000     1.000
   15     14.00     0.000     0.445      -0.0   0.212E+03     1.000     0.040     1.000     1.000     1.000
   16     15.00     0.000     0.445      -0.0   0.212E+03     1.000     0.038     1.000     1.000     1.000
   17     16.00     0.000     0.445      -0.0   0.212E+03     1.000     0.035     1.000     1.000     1.000
   18     17.00     0.000     0.445      -0.0   0.212E+03     1.000     0.032     1.000     1.000     1.000
   19     18.00     0.000     0.445      -0.0   0.212E+03     1.000     0.030     1.000     1.000     1.000
   20     19.00     0.000     0.445      -0.0   0.212E+03     1.000     0.027     1.000     1.000     1.000
   21     20.00     0.000     0.445      -0.0   0.212E+03     1.000     0.025     1.000     1.000     1.000
   22     21.00     0.000     0.445      -0.0   0.212E+03     1.000     0.022     1.000     1.000     1.000
   23     22.00     0.000     0.445      -0.0   0.212E+03     1.000     0.020     1.000     1.000     1.000
   24     23.00     0.000     0.445      -0.0   0.212E+03     1.000     0.018     1.000     1.000     1.000
   25     24.00     0.000     0.445      -0.0   0.212E+03     1.000     0.015     1.000     1.000     1.000
   26     25.00     0.000     0.445      -0.0   0.212E+03     1.000     0.013     1.000     1.000     1.000
   27     26.00     0.000     0.445      -0.0   0.212E+03     1.000     0.010     1.000     1.000     1.000
   28     27.00     0.000     0.445      -0.0   0.212E+03     1.000     0.008     1.000     1.000     1.000
   29     28.00     0.000     0.445      -0.0   0.212E+03     1.000     0.005     1.000     1.000     1.000
   30     29.00     0.000     0.445      -0.0   0.212E+03     1.000     0.002     1.000     1.000     1.000
   31     30.00     0.000     0.445      -0.0   0.212E+03     1.000     0.000     1.000     1.000     1.000
   32     31.00     0.000     0.445      -0.0   0.212E+03     1.000     0.000     1.000     1.000     1.000
   33     32.00     0.000     0.445      -0.0   0.212E+03     1.000     0.000     1.000     1.000     1.000
   34     33.00     0.000     0.445      -0.0   0.212E+03     1.000     0.000     1.000     1.000     1.000
   35     34.00     0.000     0.445      -0.0   0.212E+03     1.000     0.000     1.000     1.000     1.000
   36     35.00     0.000     0.445      -0.0   0.212E+03     1.000     0.000     1.000     1.000     1.000
   37     36.00     0.000     0.445      -0.0   0.212E+03     1.000     0.000     1.000     1.000     1.000
   38     37.00     0.000     0.445      -0.0   0.212E+03     1.000     0.000     1.000     1.000     1.000
   39     38.00     0.000     0.445      -0.0   0.212E+03     1.000     0.000     1.000     1.000     1.000
   40     39.00     0.000     0.445      -0.0   0.212E+03     1.000     0.000     1.000     1.000     1.000
   41     40.00     0.000     0.445      -0.0   0.212E+03     1.000     0.000     1.000     1.000     1.000
   42     41.00     0.000     0.445      -0.0   0.212E+03     1.000     0.000     1.000     1.000     1.000
   43     42.00     0.000     0.445      -0.0   0.212E+03     1.000     0.000     1.000     1.000     1.000
   44     43.00     0.000     0.445      -0.0   0.212E+03     1.000     0.000     1.000     1.000     1.000
   45     44.00     0.000     0.445      -0.0   0.212E+03     1.000     0.000     1.000     1.000     1.000
   46     45.00     0.000     0.445      -0.0   0.212E+03     1.000     0.000     1.000     1.000     1.000
   47     46.00     0.000     0.445      -0.0   0.212E+03     1.000     0.000     1.000     1.000     1.000
   48     47.00     0.000     0.445      -0.0   0.212E+03     1.000     0.000     1.000     1.000     1.000
   49     48.00     0.000     0.445      -0.0   0.212E+03     1.000     0.000     1.000     1.000     1.000
   50     49.00     0.000     0.445      -0.0   0.212E+03     1.000     0.000     1.000     1.000     1.000
   51     50.00     0.000     0.445      -0.0   0.212E+03     1.000     0.000     1.000     1.000     1.000
   52     51.00     0.000     0.445      -0.0   0.212E+03     1.000     0.000     1.000     1.000     1.000
   53     52.00     0.000     0.445      -0.0   0.212E+03     1.000     0.000     1.000     1.000     1.000
   54     53.00     0.000     0.445      -0.0   0.212E+03     1.000     0.000     1.000     1.000     1.000
   55     54.00     0.000     0.445      -0.0   0.212E+03     1.000     0.000     1.000     1.000     1.000
   56     55.00     0.000     0.445      -0.0   0.212E+03     1.000     0.000     1.000     1.000     1.000
   57     56.00     0.000     0.445      -0.0   0.212E+03     1.000     0.000     1.000     1.000     1.000
   58     57.00     0.000     0.445      -0.0   0.212E+03     1.000     0.000     1.000     1.000     1.000
   59     58.00     0.000     0.445      -0.0   0.212E+03     1.000     0.000     1.000     1.000     1.000
   60     59.00     0.000     0.445      -0.0   0.212E+03     1.000     0.000     1.000     1.000     1.000
   61     60.00     0.000     0.445      -0.0   0.212E+03     1.000     0.000     1.000     1.000     1.000
   62     61.00     0.000     0.445      -0.0   0.212E+03     1.000     0.000     1.000     1.000     1.000
   63     62.00     0.000     0.445      -0.0   0.212E+03     1.000     0.000     1.000     1.000     1.000
   64     63.00     0.000     0.445      -0.0   0.212E+03     1.000     0.000     1.000     1.000     1.000
   65     64.00     0.000     0.445      -0.0   0.212E+03     1.000     0.000     1.000     1.000     1.000
   66     65.00     0.000     0.445      -0.0   0.212E+03     1.000     0.000     1.000     1.000     1.000
   67     66.00     0.000     0.445      -0.0   0.212E+03     1.000     0.000     1.000     1.000     1.000
   68     67.00     0.000     0.445      -0.0   0.212E+03     1.000     0.000     1.000     1.000     1.000
   69     68.00     0.000     0.445      -0.0   0.212E+03     1.000     0.000     1.000     1.000     1.000
   70     69.00     0.000     0.445      -0.0   0.212E+03     1.000     0.000     1.000     1.000     1.000
   71     70.00     0.000     0.445      -0.0   0.212E+03     1.000     0.000     1.000     1.000     1.000
   72     71.00     0.000     0.445      -0.0   0.212E+03     1.000     0.000     1.000     1.000     1.000
   73     72.00     0.000     0.445      -0.0   0.212E+03     1.000     0.000     1.000     1.000     1.000
   74     73.00     0.000     0.445      -0.0   0.212E+03     1.000     0.000     1.000     1.000     1.000
   75     74.00     0.000     0.445      -0.0   0.212E+03     1.000     0.000     1.000     1.000     1.000
   76     75.00     0.000     0.445      -0.0   0.212E+03     1.000     0.000     1.000     1.000     1.000
   77     76.00     0.000     0.445      -0.0   0.212E+03     1.000     0.000     1.000     1.000     1.000
   78     77.00     0.000     0.445      -0.0   0.212E+03     1.000     0.000     1.000     1.000     1.000
   79     78.00     0.000     0.445      -0.0   0.212E+03     1.000     0.000     1.000     1.000     1.000
   80     79.00     0.000     0.445      -0.0   0.212E+03     1.000     0.000     1.000     1.000     1.000
   81     80.00     0.000     0.445      -0.0   0.212E+03     1.000     0.000     1.000     1.000     1.000
   82     81.00     0.000     0.445      -0.0   0.212E+03     1.000     0.000     1.000     1.000     1.000
   83     82.00     0.000     0.445      -0.0   0.212E+03     1.000     0.000     1.000     1.000     1.000
   84     83.00     0.000     0.445      -0.0   0.212E+03     1.000     0.000     1.000     1.000     1.000
   85     84.00     0.000     0.445      -0.0   0.212E+03     1.000     0.000     1.000     1.000     1.000
   86     85.00     0.000     0.445      -0.0   0.212E+03     1.000     0.000     1.000     1.000     1.000
   87     86.00     0.000     0.445      -0.0   0.212E+03     1.000     0.000     1.000     1.000     1.000
   88     87.00     0.000     0.445      -0.0   0.212E+03     1.000     0.000     1.000     1.000     1.000
   89     88.00     0.000     0.445      -0.0   0.212E+03     1.000     0.000     1.000     1.000     1.000
   90     89.00     0.000     0.445      -0.0   0.212E+03     1.000     0.000     1.000     1.000     1.000
   91     90.00     0.000     0.445      -0.0   0.212E+03     1.000     0.000     1.000     1.000     1.000
   92     91.00     0.000     0.445      -0.0   0.212E+03     1.000     0.000     1.000     1.000     1.000
   93     92.00     0.000     0.445      -0.0   0.212E+03     1.000     0.000     1.000     1.000     1.000
   94     93.00     0.000     0.445      -0.0   0.212E+03     1.000     0.000     1.000     1.000     1.000
   95     94.00     0.000     0.445      -0.0   0.212E+03     1.000     0.000     1.000     1.000     1.000
   96     95.00     0.000     0.445      -0.0   0.212E+03     1.000     0.000     1.000     1.000     1.000
   97     96.00     0.000     0.445      -0.0   0.212E+03     1.000     0.000     1.000     1.000     1.000
   98     97.00     0.000     0.445      -0.0   0.212E+03     1.000     0.000     1.000     1.000     1.000
   99     98.00     0.000     0.445      -0.0   0.212E+03     1.000     0.000     1.000     1.000     1.000
  100     99.00     0.000     0.445      -0.0   0.212E+03     1.000     0.000     1.000     1.000     1.000
  101    100.00     0.000     0.445      -0.0   0.212E+03     1.000     0.000     1.000     1.000     1.000
end
