 ******* Program HYDRUS
 ******* None                                                                    
 Date:   0.**.    Time: ***:**:**
 Units: L = cm   , T = days , M = mmol 


    TLevel      Time          dt      Iter    ItCum  KodT  KodB  Convergency

       14  0.1000000E+01  0.20873E+00    3       30    -4    -5     T
       27  0.2000000E+01  0.21151E+00    2       56    -4    -5     T
       30  0.3000000E+01  0.37500E+00    2       62    -4    -5     T
       32  0.4000000E+01  0.66667E+00    2       66    -4    -5     T
       34  0.5000000E+01  0.50000E+00    2       70    -4    -5     T
       35  0.6000000E+01  0.10000E+01    2       72    -4    -5     T
       36  0.7000000E+01  0.10000E+01    3       75    -4    -5     T
       37  0.8000000E+01  0.10000E+01    3       78    -4    -5     T
       38  0.9000000E+01  0.10000E+01    2       80    -4    -5     T
       39  0.1000000E+02  0.10000E+01    3       83    -4    -5     T
       40  0.1100000E+02  0.10000E+01    2       85    -4    -5     T
       41  0.1200000E+02  0.10000E+01    2       87    -4    -5     T
       42  0.1300000E+02  0.10000E+01    3       90    -4    -5     T
       43  0.1400000E+02  0.10000E+01    3       93    -4    -5     T
       44  0.1500000E+02  0.10000E+01    4       97    -4    -5     T
       45  0.1600000E+02  0.10000E+01    3      100    -4    -5     T
       46  0.1700000E+02  0.10000E+01    2      102    -4    -5     T
       47  0.1800000E+02  0.10000E+01    3      105    -4    -5     T
       60  0.1900000E+02  0.21151E+00    3      138    -4    -5     T
       64  0.2000000E+02  0.25000E+00    2      148    -4    -5     T
       66  0.2100000E+02  0.66667E+00    2      152    -4    -5     T
       79  0.2200000E+02  0.21151E+00    2      178    -4    -5     T
       99  0.2300000E+02  0.13143E+00    4      249    -4    -5     T
      112  0.2400000E+02  0.21151E+00    3      278    -4    -5     T
      116  0.2500000E+02  0.25000E+00    2      289    -4    -5     T
      118  0.2600000E+02  0.66667E+00    3      294    -4    -5     T
      120  0.2700000E+02  0.50000E+00    2      298    -4    -5     T
      121  0.2800000E+02  0.10000E+01    3      301    -4    -5     T
      122  0.2900000E+02  0.10000E+01    2      303    -4    -5     T
      123  0.3000000E+02  0.10000E+01    3      306    -4    -5     T
      124  0.3100000E+02  0.10000E+01    3      309    -4    -5     T
      125  0.3200000E+02  0.10000E+01    3      312    -4    -5     T
      126  0.3300000E+02  0.10000E+01    3      315    -4    -5     T
      127  0.3400000E+02  0.10000E+01    2      317    -4    -5     T
      128  0.3500000E+02  0.10000E+01    3      320    -4    -5     T
      129  0.3600000E+02  0.10000E+01    3      323    -4    -5     T
      142  0.3700000E+02  0.21151E+00    2      349    -4    -5     T
      155  0.3800000E+02  0.21151E+00    2      375    -4    -5     T
      158  0.3900000E+02  0.37500E+00    2      382    -4    -5     T
      171  0.4000000E+02  0.21151E+00    2      408    -4    -5     T
      174  0.4100000E+02  0.37500E+00    2      414    -4    -5     T
      176  0.4200000E+02  0.66667E+00    2      418    -4    -5     T
      190  0.4300000E+02  0.20873E+00    4      455    -4    -5     T
      205  0.4400000E+02  0.13915E+00    3      495    -4    -5     T
      209  0.4500000E+02  0.25000E+00    2      509    -4    -5     T
      222  0.4600000E+02  0.21151E+00    2      535    -4    -5     T
      225  0.4700000E+02  0.37500E+00    2      541    -4    -5     T
      227  0.4800000E+02  0.66667E+00    2      545    -4    -5     T
      229  0.4900000E+02  0.50000E+00    2      549    -4    -5     T
      230  0.5000000E+02  0.10000E+01    2      551    -4    -5     T
      231  0.5100000E+02  0.10000E+01    3      554    -4    -5     T
      232  0.5200000E+02  0.10000E+01    2      556    -4    -5     T
      233  0.5300000E+02  0.10000E+01    2      558    -4    -5     T
      234  0.5400000E+02  0.10000E+01    2      560    -4    -5     T
      235  0.5500000E+02  0.10000E+01    2      562    -4    -5     T
      248  0.5600000E+02  0.21151E+00    2      588    -4    -5     T
      262  0.5700000E+02  0.20873E+00    3      625    -4    -5     T
      266  0.5800000E+02  0.25000E+00    2      635    -4    -5     T
      279  0.5900000E+02  0.21151E+00    2      661    -4    -5     T
      282  0.6000000E+02  0.37500E+00    2      667    -4    -5     T
      295  0.6100000E+02  0.21151E+00    2      693    -4    -5     T
      298  0.6200000E+02  0.37500E+00    2      700    -4    -5     T
      300  0.6300000E+02  0.66667E+00    3      705    -4    -5     T
      302  0.6400000E+02  0.50000E+00    2      710    -4    -5     T
      303  0.6500000E+02  0.10000E+01    3      713    -4    -5     T
      304  0.6600000E+02  0.10000E+01    3      716    -4    -5     T
      327  0.6700000E+02  0.93529E-01    3      798    -4    -5     T
      333  0.6800000E+02  0.19048E+00    2      817    -4    -5     T
      336  0.6900000E+02  0.33333E+00    2      823    -4    -5     T
      338  0.7000000E+02  0.50000E+00    2      827    -4    -5     T
      340  0.7100000E+02  0.50000E+00    2      831    -4    -5     T
      341  0.7200000E+02  0.10000E+01    2      833    -4    -5     T
      342  0.7300000E+02  0.10000E+01    2      835    -4    -5     T
      343  0.7400000E+02  0.10000E+01    3      838    -4    -5     T
      344  0.7500000E+02  0.10000E+01    2      840    -4    -5     T
      345  0.7600000E+02  0.10000E+01    3      843    -4    -5     T
      346  0.7700000E+02  0.10000E+01    2      845    -4    -5     T
      377  0.7800000E+02  0.74007E-01    3      963    -4    -5     T
      390  0.7900000E+02  0.21151E+00    3      995    -4    -5     T
      394  0.8000000E+02  0.25000E+00    2     1006    -4    -5     T
      396  0.8100000E+02  0.66667E+00    3     1011    -4    -5     T
      409  0.8200000E+02  0.21151E+00    2     1037    -4    -5     T
      424  0.8300000E+02  0.13915E+00    3     1077    -4    -5     T
      437  0.8400000E+02  0.21151E+00    2     1103    -4    -5     T
      450  0.8500000E+02  0.21151E+00    2     1129    -4    -5     T
      453  0.8600000E+02  0.37500E+00    2     1135    -4    -5     T
      455  0.8700000E+02  0.66667E+00    2     1139    -4    -5     T
      457  0.8800000E+02  0.50000E+00    2     1143    -4    -5     T
      458  0.8900000E+02  0.10000E+01    2     1145    -4    -5     T
      471  0.9000000E+02  0.21151E+00    2     1171    -4    -5     T
      484  0.9100000E+02  0.21151E+00    2     1197    -4    -5     T
      497  0.9200000E+02  0.21151E+00    2     1223    -4    -5     T
      510  0.9300000E+02  0.21151E+00    2     1249    -4    -5     T
      523  0.9400000E+02  0.21151E+00    2     1275    -4    -5     T
      526  0.9500000E+02  0.37500E+00    2     1281    -4    -5     T
      528  0.9600000E+02  0.66667E+00    2     1285    -4    -5     T
      541  0.9700000E+02  0.21151E+00    2     1311    -4    -5     T
      544  0.9800000E+02  0.37500E+00    2     1317    -4    -5     T
      546  0.9900000E+02  0.66667E+00    3     1322    -4    -5     T
      548  0.1000000E+03  0.50000E+00    2     1326    -4    -5     T
      549  0.1010000E+03  0.10000E+01    3     1329    -4    -5     T
      550  0.1020000E+03  0.10000E+01    3     1332    -4    -5     T
      551  0.1030000E+03  0.10000E+01    3     1335    -4    -5     T
      552  0.1040000E+03  0.10000E+01    5     1340    -4    -5     T
      553  0.1050000E+03  0.10000E+01    6     1346    -4    -5     T
      554  0.1060000E+03  0.10000E+01    4     1350    -4    -5     T
      555  0.1070000E+03  0.10000E+01    3     1353    -4    -5     T
      556  0.1080000E+03  0.10000E+01    3     1356    -4    -5     T
      557  0.1090000E+03  0.10000E+01    6     1362    -4    -5     T
      558  0.1100000E+03  0.10000E+01    5     1367    -4    -5     T
      559  0.1110000E+03  0.10000E+01    5     1372    -4    -5     T
      560  0.1120000E+03  0.10000E+01    2     1374     4    -5     T
      561  0.1130000E+03  0.10000E+01    3     1377     4    -5     T
      562  0.1140000E+03  0.10000E+01    3     1380    -4    -5     T
      583  0.1150000E+03  0.12393E+00    5     1459    -4    -5     T
      589  0.1160000E+03  0.24306E+00    3     1476    -4    -5     T
      592  0.1170000E+03  0.33333E+00    2     1482    -4    -5     T
      594  0.1180000E+03  0.50000E+00    3     1489     4    -5     T
      608  0.1190000E+03  0.16921E+00    3     1527    -4    -5     T
      612  0.1200000E+03  0.44444E+00    2     1537    -4    -5     T
      614  0.1210000E+03  0.66667E+00    2     1541    -4    -5     T
      616  0.1220000E+03  0.50000E+00    2     1545    -4    -5     T
      617  0.1230000E+03  0.10000E+01    2     1547    -4    -5     T
      691  0.1240000E+03  0.26963E-01    4     1872    -4    -5     T
      708  0.1250000E+03  0.15074E+00    2     1924    -4    -5     T
      721  0.1260000E+03  0.21151E+00    2     1950    -4    -5     T
      725  0.1270000E+03  0.25000E+00    2     1960    -4    -5     T
      738  0.1280000E+03  0.21151E+00    2     1986    -4    -5     T
      751  0.1290000E+03  0.21151E+00    2     2012    -4    -5     T
      754  0.1300000E+03  0.37500E+00    2     2018    -4    -5     T
      756  0.1310000E+03  0.66667E+00    3     2023    -4    -5     T
      783  0.1320000E+03  0.78110E-01    3     2124    -4    -5     T
      790  0.1330000E+03  0.17778E+00    2     2145    -4    -5     T
      793  0.1340000E+03  0.33333E+00    2     2151    -4    -5     T
      815  0.1350000E+03  0.96037E-01    3     2229    -4    -5     T
      821  0.1360000E+03  0.19048E+00    2     2248    -4    -5     T
      834  0.1370000E+03  0.21151E+00    2     2274    -4    -5     T
      838  0.1380000E+03  0.25000E+00    2     2284    -4    -5     T
      840  0.1390000E+03  0.66667E+00    2     2288    -4    -5     T
      855  0.1400000E+03  0.18264E+00    4     2335    -4    -5     T
      868  0.1410000E+03  0.21151E+00    2     2362    -4    -5     T
      881  0.1420000E+03  0.21151E+00    2     2388    -4    -5     T
      894  0.1430000E+03  0.21151E+00    2     2414    -4    -5     T
      898  0.1440000E+03  0.25000E+00    2     2425    -4    -5     T
      900  0.1450000E+03  0.66667E+00    3     2430    -4    -5     T
      902  0.1460000E+03  0.50000E+00    3     2436    -4    -5     T
      919  0.1470000E+03  0.16428E+00    4     2491    -4    -5     T
      944  0.1480000E+03  0.75560E-01    5     2584    -4    -5     T
      968  0.1490000E+03  0.63506E-01    4     2678    -4    -5     T
      981  0.1500000E+03  0.21151E+00    3     2712    -4    -5     T
      985  0.1510000E+03  0.25000E+00    2     2723    -4    -5     T
      987  0.1520000E+03  0.66667E+00    2     2727    -4    -5     T
      989  0.1530000E+03  0.50000E+00    2     2731    -4    -5     T
      990  0.1540000E+03  0.10000E+01    2     2733    -4    -5     T
     1003  0.1550000E+03  0.21151E+00    2     2759    -4    -5     T
     1029  0.1560000E+03  0.76118E-01    3     2855    -4    -5     T
     1042  0.1570000E+03  0.21151E+00    2     2885    -4    -5     T
     1055  0.1580000E+03  0.21151E+00    2     2911    -4    -5     T
     1068  0.1590000E+03  0.21151E+00    2     2937    -4    -5     T
     1071  0.1600000E+03  0.37500E+00    2     2944    -4    -5     T
     1073  0.1610000E+03  0.66667E+00    2     2948    -4    -5     T
     1075  0.1620000E+03  0.50000E+00    2     2952    -4    -5     T
     1094  0.1630000E+03  0.10800E+00    3     3014    -4    -5     T
     1098  0.1640000E+03  0.44444E+00    2     3026    -4    -5     T
     1100  0.1650000E+03  0.66667E+00    2     3030    -4    -5     T
     1102  0.1660000E+03  0.50000E+00    3     3036    -4    -5     T
     1115  0.1670000E+03  0.21151E+00    2     3062    -4    -5     T
     1119  0.1680000E+03  0.25000E+00    2     3072    -4    -5     T
     1132  0.1690000E+03  0.21151E+00    3     3101    -4    -5     T
     1136  0.1700000E+03  0.25000E+00    2     3111    -4    -5     T
     1138  0.1710000E+03  0.66667E+00    2     3115    -4    -5     T
     1140  0.1720000E+03  0.50000E+00    2     3119    -4    -5     T
     1141  0.1730000E+03  0.10000E+01    2     3121    -4    -5     T
     1164  0.1740000E+03  0.85818E-01    3     3205    -4    -5     T
     1171  0.1750000E+03  0.17778E+00    2     3225    -4    -5     T
     1174  0.1760000E+03  0.33333E+00    2     3231    -4    -5     T
     1187  0.1770000E+03  0.21151E+00    2     3257    -4    -5     T
     1216  0.1780000E+03  0.50489E-01    3     3372    -4    -5     T
     1231  0.1790000E+03  0.13536E+00    4     3415    -4    -5     T
     1237  0.1800000E+03  0.19048E+00    2     3433    -4    -5     T
     1254  0.1810000E+03  0.16168E+00    5     3490    -4    -5     T
     1260  0.1820000E+03  0.19048E+00    2     3510    -4    -5     T
     1263  0.1830000E+03  0.33333E+00    2     3517    -4    -5     T
     1276  0.1840000E+03  0.21151E+00    3     3548    -4    -5     T
     1332  0.1850000E+03  0.20913E-01    4     3777    -4    -5     T
     1351  0.1860000E+03  0.16356E+00    3     3838    -4    -5     T
     1355  0.1870000E+03  0.31250E+00    2     3847    -4    -5     T
     1368  0.1880000E+03  0.21151E+00    2     3873    -4    -5     T
     1381  0.1890000E+03  0.21151E+00    2     3899    -4    -5     T
     1409  0.1900000E+03  0.63350E-01    3     4006    -4    -5     T
     1419  0.1910000E+03  0.10461E+00    4     4047    -4    -5     T
     1426  0.1920000E+03  0.17778E+00    2     4070    -4    -5     T
     1439  0.1930000E+03  0.21151E+00    2     4096    -4    -5     T
     1442  0.1940000E+03  0.37500E+00    2     4102    -4    -5     T
     1444  0.1950000E+03  0.66667E+00    3     4107    -4    -5     T
     1446  0.1960000E+03  0.50000E+00    3     4112    -4    -5     T
     1447  0.1970000E+03  0.10000E+01    4     4116    -4    -5     T
     1448  0.1980000E+03  0.10000E+01    4     4120    -4    -5     T
     1449  0.1990000E+03  0.10000E+01    3     4123    -4    -5     T
     1450  0.2000000E+03  0.10000E+01    3     4126    -4    -5     T
     1451  0.2010000E+03  0.10000E+01    2     4128    -4    -5     T
     1452  0.2020000E+03  0.10000E+01    3     4131    -4    -5     T
     1453  0.2030000E+03  0.10000E+01    2     4133    -4    -5     T
     1454  0.2040000E+03  0.10000E+01    2     4135    -4    -5     T
     1493  0.2050000E+03  0.48466E-01    4     4296    -4    -5     T
     1503  0.2060000E+03  0.19011E+00    2     4328    -4    -5     T
     1506  0.2070000E+03  0.53333E+00    3     4335    -4    -5     T
     1519  0.2080000E+03  0.21151E+00    2     4361    -4    -5     T
     1543  0.2090000E+03  0.90029E-01    4     4456    -4    -5     T
     1556  0.2100000E+03  0.21151E+00    3     4487    -4    -5     T
     1629  0.2110000E+03  0.18534E-01    3     4793    -4    -5     T
     1644  0.2120000E+03  0.16791E+00    3     4848    -4    -5     T
     1648  0.2130000E+03  0.26667E+00    2     4858    -4    -5     T
     1650  0.2140000E+03  0.50000E+00    2     4862    -4    -5     T
     1665  0.2150000E+03  0.18264E+00    4     4908    -4    -5     T
     1669  0.2160000E+03  0.44444E+00    2     4919    -4    -5     T
     1671  0.2170000E+03  0.66667E+00    2     4923    -4    -5     T
     1673  0.2180000E+03  0.50000E+00    3     4929    -4    -5     T
     1686  0.2190000E+03  0.21151E+00    3     4958    -4    -5     T
     1690  0.2200000E+03  0.25000E+00    2     4968    -4    -5     T
     1703  0.2210000E+03  0.21151E+00    4     5003    -4    -5     T
     1707  0.2220000E+03  0.31250E+00    4     5017    -4    -5     T
     1721  0.2230000E+03  0.14100E+00    3     5052    -4    -5     T
     1734  0.2240000E+03  0.21151E+00    2     5078    -4    -5     T
     1747  0.2250000E+03  0.21151E+00    2     5104    -4    -5     T
     1750  0.2260000E+03  0.37500E+00    2     5110    -4    -5     T
     1752  0.2270000E+03  0.66667E+00    4     5117    -4    -5     T
     1754  0.2280000E+03  0.50000E+00    4     5126    -4    -5     T
     1810  0.2290000E+03  0.46677E-01    4     5363    -4    -5     T
     1824  0.2300000E+03  0.20873E+00    2     5401    -4    -5     T
     1827  0.2310000E+03  0.37500E+00    2     5407    -4    -5     T
     1849  0.2320000E+03  0.12133E+00    4     5486    -4    -5     T
     1856  0.2330000E+03  0.17778E+00    2     5508    -4    -5     T
     1873  0.2340000E+03  0.13573E+00    3     5561    -4    -5     T
     1886  0.2350000E+03  0.21151E+00    3     5589    -4    -5     T
     1890  0.2360000E+03  0.25000E+00    2     5601    -4    -5     T
     1892  0.2370000E+03  0.66667E+00    3     5607    -4    -5     T
     1894  0.2380000E+03  0.50000E+00    2     5611    -4    -5     T
     1895  0.2390000E+03  0.10000E+01    3     5614    -4    -5     T
     1908  0.2400000E+03  0.21151E+00    2     5640    -4    -5     T
     1923  0.2410000E+03  0.18264E+00    4     5684    -4    -5     T
     1936  0.2420000E+03  0.21151E+00    2     5710    -4    -5     T
     1940  0.2430000E+03  0.25000E+00    2     5720    -4    -5     T
     1953  0.2440000E+03  0.21151E+00    2     5746    -4    -5     T
     1956  0.2450000E+03  0.37500E+00    2     5752    -4    -5     T
     1969  0.2460000E+03  0.21151E+00    2     5778    -4    -5     T
     1988  0.2470000E+03  0.11464E+00    3     5844    -4    -5     T
     2001  0.2480000E+03  0.21151E+00    2     5871    -4    -5     T
     2014  0.2490000E+03  0.21151E+00    2     5897    -4    -5     T
     2029  0.2500000E+03  0.14843E+00    3     5939    -4    -5     T
     2034  0.2510000E+03  0.25000E+00    2     5956    -4    -5     T
     2037  0.2520000E+03  0.33333E+00    2     5963    -4    -5     T
     2039  0.2530000E+03  0.50000E+00    2     5967    -4    -5     T
     2052  0.2540000E+03  0.21151E+00    2     5993    -4    -5     T
     2055  0.2550000E+03  0.37500E+00    2     5999    -4    -5     T
     2057  0.2560000E+03  0.66667E+00    2     6003    -4    -5     T
     2059  0.2570000E+03  0.50000E+00    2     6007    -4    -5     T
     2060  0.2580000E+03  0.10000E+01    3     6010    -4    -5     T
     2061  0.2590000E+03  0.10000E+01    3     6013    -4    -5     T
     2062  0.2600000E+03  0.10000E+01    3     6016    -4    -5     T
     2090  0.2610000E+03  0.80408E-01    3     6123    -4    -5     T
     2097  0.2620000E+03  0.17778E+00    2     6145    -4    -5     T
     2100  0.2630000E+03  0.33333E+00    2     6152    -4    -5     T
     2102  0.2640000E+03  0.50000E+00    2     6156    -4    -5     T
     2104  0.2650000E+03  0.50000E+00    2     6160    -4    -5     T
     2105  0.2660000E+03  0.10000E+01    2     6162    -4    -5     T
     2106  0.2670000E+03  0.10000E+01    2     6164    -4    -5     T
     2107  0.2680000E+03  0.10000E+01    2     6166    -4    -5     T
     2108  0.2690000E+03  0.10000E+01    3     6169    -4    -5     T
     2125  0.2700000E+03  0.13573E+00    3     6223    -4    -5     T
     2139  0.2710000E+03  0.14100E+00    3     6258    -4    -5     T
     2143  0.2720000E+03  0.25000E+00    2     6273    -4    -5     T
     2146  0.2730000E+03  0.33333E+00    2     6279    -4    -5     T
     2148  0.2740000E+03  0.50000E+00    2     6283    -4    -5     T
     2150  0.2750000E+03  0.50000E+00    2     6287    -4    -5     T
     2151  0.2760000E+03  0.10000E+01    2     6289    -4    -5     T
     2152  0.2770000E+03  0.10000E+01    2     6291    -4    -5     T
     2165  0.2780000E+03  0.21151E+00    2     6317    -4    -5     T
     2178  0.2790000E+03  0.21151E+00    2     6343    -4    -5     T
     2181  0.2800000E+03  0.37500E+00    2     6349    -4    -5     T
     2183  0.2810000E+03  0.66667E+00    2     6353    -4    -5     T
     2185  0.2820000E+03  0.50000E+00    2     6357    -4    -5     T
     2186  0.2830000E+03  0.10000E+01    3     6360    -4    -5     T
     2187  0.2840000E+03  0.10000E+01    2     6362    -4    -5     T
     2188  0.2850000E+03  0.10000E+01    2     6364    -4    -5     T
     2189  0.2860000E+03  0.10000E+01    2     6366    -4    -5     T
     2190  0.2870000E+03  0.10000E+01    3     6369    -4    -5     T
     2191  0.2880000E+03  0.10000E+01    2     6371    -4    -5     T
     2192  0.2890000E+03  0.10000E+01    2     6373    -4    -5     T
     2193  0.2900000E+03  0.10000E+01    2     6375    -4    -5     T
     2208  0.2910000E+03  0.14843E+00    3     6417    -4    -5     T
     2221  0.2920000E+03  0.21151E+00    2     6443    -4    -5     T
     2234  0.2930000E+03  0.21151E+00    2     6469    -4    -5     T
     2247  0.2940000E+03  0.21151E+00    2     6495    -4    -5     T
     2261  0.2950000E+03  0.20873E+00    3     6530    -4    -5     T
     2265  0.2960000E+03  0.25000E+00    2     6541    -4    -5     T
     2278  0.2970000E+03  0.21151E+00    2     6567    -4    -5     T
     2281  0.2980000E+03  0.37500E+00    2     6573    -4    -5     T
     2294  0.2990000E+03  0.21151E+00    2     6599    -4    -5     T
     2297  0.3000000E+03  0.37500E+00    2     6605    -4    -5     T
     2310  0.3010000E+03  0.21151E+00    3     6633    -4    -5     T
     2314  0.3020000E+03  0.25000E+00    2     6643    -4    -5     T
     2327  0.3030000E+03  0.21151E+00    2     6669    -4    -5     T
     2330  0.3040000E+03  0.37500E+00    2     6675    -4    -5     T
     2332  0.3050000E+03  0.66667E+00    2     6679    -4    -5     T
     2334  0.3060000E+03  0.50000E+00    2     6683    -4    -5     T
     2335  0.3070000E+03  0.10000E+01    2     6685    -4    -5     T
     2336  0.3080000E+03  0.10000E+01    2     6687    -4    -5     T
     2337  0.3090000E+03  0.10000E+01    3     6690    -4    -5     T
     2338  0.3100000E+03  0.10000E+01    2     6692    -4    -5     T
     2339  0.3110000E+03  0.10000E+01    2     6694    -4    -5     T
     2340  0.3120000E+03  0.10000E+01    2     6696    -4    -5     T
     2353  0.3130000E+03  0.21151E+00    2     6722    -4    -5     T
     2357  0.3140000E+03  0.25000E+00    2     6732    -4    -5     T
     2370  0.3150000E+03  0.21151E+00    2     6758    -4    -5     T
     2373  0.3160000E+03  0.37500E+00    2     6764    -4    -5     T
     2375  0.3170000E+03  0.66667E+00    2     6768    -4    -5     T
     2377  0.3180000E+03  0.50000E+00    2     6772    -4    -5     T
     2378  0.3190000E+03  0.10000E+01    2     6774    -4    -5     T
     2379  0.3200000E+03  0.10000E+01    2     6776    -4    -5     T
     2380  0.3210000E+03  0.10000E+01    2     6778    -4    -5     T
     2394  0.3220000E+03  0.20873E+00    3     6812    -4    -5     T
     2407  0.3230000E+03  0.21151E+00    2     6838    -4    -5     T
     2410  0.3240000E+03  0.37500E+00    2     6844    -4    -5     T
     2412  0.3250000E+03  0.66667E+00    2     6848    -4    -5     T
     2414  0.3260000E+03  0.50000E+00    2     6852    -4    -5     T
     2415  0.3270000E+03  0.10000E+01    2     6854    -4    -5     T
     2416  0.3280000E+03  0.10000E+01    2     6856    -4    -5     T
     2430  0.3290000E+03  0.20873E+00    3     6890    -4    -5     T
     2434  0.3300000E+03  0.25000E+00    2     6900    -4    -5     T
     2436  0.3310000E+03  0.66667E+00    2     6904    -4    -5     T
     2438  0.3320000E+03  0.50000E+00    2     6908    -4    -5     T
     2439  0.3330000E+03  0.10000E+01    2     6910    -4    -5     T
     2440  0.3340000E+03  0.10000E+01    2     6912    -4    -5     T
     2441  0.3350000E+03  0.10000E+01    2     6914    -4    -5     T
     2442  0.3360000E+03  0.10000E+01    2     6916    -4    -5     T
     2455  0.3370000E+03  0.21151E+00    2     6942    -4    -5     T
     2459  0.3380000E+03  0.25000E+00    2     6952    -4    -5     T
     2461  0.3390000E+03  0.66667E+00    2     6956    -4    -5     T
     2463  0.3400000E+03  0.50000E+00    2     6960    -4    -5     T
     2476  0.3410000E+03  0.21151E+00    2     6986    -4    -5     T
     2491  0.3420000E+03  0.13915E+00    3     7026    -4    -5     T
     2504  0.3430000E+03  0.21151E+00    2     7052    -4    -5     T
     2507  0.3440000E+03  0.37500E+00    2     7058    -4    -5     T
     2509  0.3450000E+03  0.66667E+00    2     7062    -4    -5     T
     2522  0.3460000E+03  0.21151E+00    2     7089    -4    -5     T
     2535  0.3470000E+03  0.21151E+00    2     7115    -4    -5     T
     2538  0.3480000E+03  0.37500E+00    2     7121    -4    -5     T
     2551  0.3490000E+03  0.21151E+00    2     7147    -4    -5     T
     2564  0.3500000E+03  0.21151E+00    2     7173    -4    -5     T
     2577  0.3510000E+03  0.21151E+00    2     7199    -4    -5     T
     2580  0.3520000E+03  0.37500E+00    2     7205    -4    -5     T
     2582  0.3530000E+03  0.66667E+00    2     7209    -4    -5     T
     2584  0.3540000E+03  0.50000E+00    2     7213    -4    -5     T
     2585  0.3550000E+03  0.10000E+01    2     7215    -4    -5     T
     2586  0.3560000E+03  0.10000E+01    2     7217    -4    -5     T
     2587  0.3570000E+03  0.10000E+01    2     7219    -4    -5     T
     2588  0.3580000E+03  0.10000E+01    2     7221    -4    -5     T
     2589  0.3590000E+03  0.10000E+01    2     7223    -4    -5     T
     2590  0.3600000E+03  0.10000E+01    2     7225    -4    -5     T
     2591  0.3610000E+03  0.10000E+01    2     7227    -4    -5     T
     2592  0.3620000E+03  0.10000E+01    2     7229    -4    -5     T
     2593  0.3630000E+03  0.10000E+01    2     7231    -4    -5     T
     2594  0.3640000E+03  0.10000E+01    2     7233    -4    -5     T
     2595  0.3650000E+03  0.10000E+01    2     7235    -4    -5     T
     2596  0.3660000E+03  0.10000E+01    2     7237    -4    -5     T
     2597  0.3670000E+03  0.10000E+01    2     7239    -4    -5     T
     2598  0.3680000E+03  0.10000E+01    2     7241    -4    -5     T
     2599  0.3690000E+03  0.10000E+01    2     7243    -4    -5     T
     2600  0.3700000E+03  0.10000E+01    2     7245    -4    -5     T
     2601  0.3710000E+03  0.10000E+01    2     7247    -4    -5     T
     2602  0.3720000E+03  0.10000E+01    2     7249    -4    -5     T
     2603  0.3730000E+03  0.10000E+01    3     7252    -4    -5     T
     2604  0.3740000E+03  0.10000E+01    2     7254    -4    -5     T
     2605  0.3750000E+03  0.10000E+01    2     7256    -4    -5     T
     2606  0.3760000E+03  0.10000E+01    2     7258    -4    -5     T
     2607  0.3770000E+03  0.10000E+01    2     7260    -4    -5     T
     2620  0.3780000E+03  0.21151E+00    2     7286    -4    -5     T
     2623  0.3790000E+03  0.37500E+00    2     7292    -4    -5     T
     2625  0.3800000E+03  0.66667E+00    2     7296    -4    -5     T
     2627  0.3810000E+03  0.50000E+00    2     7300    -4    -5     T
     2640  0.3820000E+03  0.21151E+00    2     7326    -4    -5     T
     2643  0.3830000E+03  0.37500E+00    2     7332    -4    -5     T
     2645  0.3840000E+03  0.66667E+00    2     7336    -4    -5     T
     2647  0.3850000E+03  0.50000E+00    2     7341    -4    -5     T
     2648  0.3860000E+03  0.10000E+01    2     7343    -4    -5     T
     2649  0.3870000E+03  0.10000E+01    2     7345    -4    -5     T
     2650  0.3880000E+03  0.10000E+01    2     7347    -4    -5     T
     2651  0.3890000E+03  0.10000E+01    3     7350    -4    -5     T
     2652  0.3900000E+03  0.10000E+01    3     7353    -4    -5     T
     2653  0.3910000E+03  0.10000E+01    3     7356    -4    -5     T
     2654  0.3920000E+03  0.10000E+01    2     7358    -4    -5     T
     2655  0.3930000E+03  0.10000E+01    3     7361    -4    -5     T
     2656  0.3940000E+03  0.10000E+01    3     7364    -4    -5     T
     2657  0.3950000E+03  0.10000E+01    3     7367    -4    -5     T
     2658  0.3960000E+03  0.10000E+01    2     7369    -4    -5     T
     2659  0.3970000E+03  0.10000E+01    2     7371    -4    -5     T
     2672  0.3980000E+03  0.21151E+00    2     7400    -4    -5     T
     2685  0.3990000E+03  0.21151E+00    2     7426    -4    -5     T
     2688  0.4000000E+03  0.37500E+00    2     7432    -4    -5     T
     2701  0.4010000E+03  0.21151E+00    2     7458    -4    -5     T
     2705  0.4020000E+03  0.25000E+00    2     7468    -4    -5     T
     2707  0.4030000E+03  0.66667E+00    2     7472    -4    -5     T
     2709  0.4040000E+03  0.50000E+00    2     7476    -4    -5     T
     2710  0.4050000E+03  0.10000E+01    3     7479    -4    -5     T
     2711  0.4060000E+03  0.10000E+01    3     7482    -4    -5     T
     2712  0.4070000E+03  0.10000E+01    2     7484    -4    -5     T
     2713  0.4080000E+03  0.10000E+01    2     7486    -4    -5     T
     2714  0.4090000E+03  0.10000E+01    3     7489    -4    -5     T
     2715  0.4100000E+03  0.10000E+01    3     7492    -4    -5     T
     2716  0.4110000E+03  0.10000E+01    2     7494    -4    -5     T
     2717  0.4120000E+03  0.10000E+01    2     7496    -4    -5     T
     2718  0.4130000E+03  0.10000E+01    3     7499    -4    -5     T
     2719  0.4140000E+03  0.10000E+01    2     7501    -4    -5     T
     2720  0.4150000E+03  0.10000E+01    3     7504    -4    -5     T
     2721  0.4160000E+03  0.10000E+01    3     7507    -4    -5     T
     2722  0.4170000E+03  0.10000E+01    3     7510    -4    -5     T
     2723  0.4180000E+03  0.10000E+01    2     7512    -4    -5     T
     2724  0.4190000E+03  0.10000E+01    2     7514    -4    -5     T
     2725  0.4200000E+03  0.10000E+01    5     7519    -4    -5     T
     2726  0.4210000E+03  0.10000E+01    3     7522    -4    -5     T
     2727  0.4220000E+03  0.10000E+01    5     7527    -4    -5     T
     2740  0.4230000E+03  0.21151E+00    2     7553    -4    -5     T
     2753  0.4240000E+03  0.21151E+00    2     7579    -4    -5     T
     2756  0.4250000E+03  0.37500E+00    2     7586    -4    -5     T
     2769  0.4260000E+03  0.21151E+00    2     7615    -4    -5     T
     2782  0.4270000E+03  0.21151E+00    2     7641    -4    -5     T
     2785  0.4280000E+03  0.37500E+00    2     7647    -4    -5     T
     2806  0.4290000E+03  0.12652E+00    4     7722    -4    -5     T
     2819  0.4300000E+03  0.21151E+00    2     7748    -4    -5     T
     2822  0.4310000E+03  0.37500E+00    2     7754    -4    -5     T
     2824  0.4320000E+03  0.66667E+00    2     7758    -4    -5     T
     2837  0.4330000E+03  0.21151E+00    3     7786    -4    -5     T
     2841  0.4340000E+03  0.25000E+00    2     7796    -4    -5     T
     2843  0.4350000E+03  0.66667E+00    2     7800    -4    -5     T
     2856  0.4360000E+03  0.21151E+00    2     7826    -4    -5     T
     2869  0.4370000E+03  0.21151E+00    2     7852    -4    -5     T
     2873  0.4380000E+03  0.25000E+00    2     7862    -4    -5     T
     2875  0.4390000E+03  0.66667E+00    2     7866    -4    -5     T
     2877  0.4400000E+03  0.50000E+00    2     7871    -4    -5     T
     2890  0.4410000E+03  0.21151E+00    2     7897    -4    -5     T
     2893  0.4420000E+03  0.37500E+00    2     7903    -4    -5     T
     2896  0.4430000E+03  0.33333E+00    2     7911    -4    -5     T
     2898  0.4440000E+03  0.50000E+00    3     7916    -4    -5     T
     2900  0.4450000E+03  0.50000E+00    2     7920    -4    -5     T
     2901  0.4460000E+03  0.10000E+01    2     7922    -4    -5     T
     2920  0.4470000E+03  0.10543E+00    3     7986    -4    -5     T
     2935  0.4480000E+03  0.13536E+00    4     8031    -4    -5     T
     2948  0.4490000E+03  0.21151E+00    3     8059    -4    -5     T
     2952  0.4500000E+03  0.25000E+00    2     8071    -4    -5     T
     2954  0.4510000E+03  0.66667E+00    3     8076    -4    -5     T
     2967  0.4520000E+03  0.21151E+00    2     8102    -4    -5     T
     2980  0.4530000E+03  0.21151E+00    2     8128    -4    -5     T
     2993  0.4540000E+03  0.21151E+00    2     8154    -4    -5     T
     2996  0.4550000E+03  0.37500E+00    2     8161    -4    -5     T
     2998  0.4560000E+03  0.66667E+00    2     8165    -4    -5     T
     3000  0.4570000E+03  0.50000E+00    2     8169    -4    -5     T
     3013  0.4580000E+03  0.21151E+00    2     8195    -4    -5     T
     3026  0.4590000E+03  0.21151E+00    2     8221    -4    -5     T
     3029  0.4600000E+03  0.37500E+00    2     8227    -4    -5     T
     3031  0.4610000E+03  0.66667E+00    3     8232    -4    -5     T
     3033  0.4620000E+03  0.50000E+00    2     8236    -4    -5     T
     3053  0.4630000E+03  0.11528E+00    3     8304    -4    -5     T
     3058  0.4640000E+03  0.26786E+00    2     8320    -4    -5     T
     3061  0.4650000E+03  0.33333E+00    2     8326    -4    -5     T
     3063  0.4660000E+03  0.50000E+00    3     8331    -4    -5     T
     3065  0.4670000E+03  0.50000E+00    2     8335    -4    -5     T
     3078  0.4680000E+03  0.21151E+00    3     8367    -4    -5     T
     3082  0.4690000E+03  0.25000E+00    2     8378    -4    -5     T
     3084  0.4700000E+03  0.66667E+00    3     8383    -4    -5     T
     3115  0.4710000E+03  0.69413E-01    4     8509    -4    -5     T
     3123  0.4720000E+03  0.21239E+00    2     8534    -4    -5     T
     3136  0.4730000E+03  0.21151E+00    2     8560    -4    -5     T
     3140  0.4740000E+03  0.25000E+00    2     8570    -4    -5     T
     3153  0.4750000E+03  0.21151E+00    3     8598    -4    -5     T
     3157  0.4760000E+03  0.25000E+00    2     8609    -4    -5     T
     3159  0.4770000E+03  0.66667E+00    2     8613    -4    -5     T
     3161  0.4780000E+03  0.50000E+00    2     8617    -4    -5     T
     3174  0.4790000E+03  0.21151E+00    2     8643    -4    -5     T
     3178  0.4800000E+03  0.25000E+00    2     8653    -4    -5     T
     3191  0.4810000E+03  0.21151E+00    3     8685    -4    -5     T
     3204  0.4820000E+03  0.21151E+00    2     8711    -4    -5     T
     3207  0.4830000E+03  0.37500E+00    3     8720    -4    -5     T
     3209  0.4840000E+03  0.66667E+00    3     8725    -4    -5     T
     3211  0.4850000E+03  0.50000E+00    3     8730    -4    -5     T
     3212  0.4860000E+03  0.10000E+01    2     8732    -4    -5     T
     3234  0.4870000E+03  0.89552E-01    3     8812    -4    -5     T
     3247  0.4880000E+03  0.21151E+00    2     8838    -4    -5     T
     3261  0.4890000E+03  0.24676E+00    5     8878    -4    -5     T
     3274  0.4900000E+03  0.21151E+00    2     8904    -4    -5     T
     3300  0.4910000E+03  0.60476E-01    3     9000    -4    -5     T
     3314  0.4920000E+03  0.24676E+00    4     9040    -4    -5     T
     3318  0.4930000E+03  0.31250E+00    2     9051    -4    -5     T
     3320  0.4940000E+03  0.66667E+00    4     9057    -4    -5     T
     3322  0.4950000E+03  0.50000E+00    2     9062    -4    -5     T
     3324  0.4960000E+03  0.50000E+00    2     9066    -4    -5     T
     3325  0.4970000E+03  0.10000E+01    2     9068    -4    -5     T
     3326  0.4980000E+03  0.10000E+01    2     9070    -4    -5     T
     3327  0.4990000E+03  0.10000E+01    2     9072    -4    -5     T
     3328  0.5000000E+03  0.10000E+01    2     9074    -4    -5     T
     3329  0.5010000E+03  0.10000E+01    2     9076    -4    -5     T
     3342  0.5020000E+03  0.21151E+00    2     9104    -4    -5     T
     3346  0.5030000E+03  0.25000E+00    2     9114    -4    -5     T
     3370  0.5040000E+03  0.79832E-01    4     9205    -4    -5     T
     3402  0.5050000E+03  0.36143E-01    4     9337    -4    -5     T
     3437  0.5060000E+03  0.33546E-01    4     9480    -4    -5     T
     3454  0.5070000E+03  0.20643E+00    5     9536    -4    -5     T
     3459  0.5080000E+03  0.26786E+00    3     9552    -4    -5     T
     3462  0.5090000E+03  0.33333E+00    2     9559    -4    -5     T
     3475  0.5100000E+03  0.21151E+00    2     9585    -4    -5     T
     3478  0.5110000E+03  0.37500E+00    2     9592    -4    -5     T
     3480  0.5120000E+03  0.66667E+00    3     9597    -4    -5     T
     3482  0.5130000E+03  0.50000E+00    3     9602    -4    -5     T
     3483  0.5140000E+03  0.10000E+01    4     9606    -4    -5     T
     3484  0.5150000E+03  0.10000E+01    4     9610    -4    -5     T
     3498  0.5160000E+03  0.14100E+00    2     9646    -4    -5     T
     3503  0.5170000E+03  0.22222E+00   10     9671     4    -5     T
     3507  0.5180000E+03  0.31250E+00    2     9680     4    -5     T
     3520  0.5190000E+03  0.21151E+00    3     9708    -4    -5     T
     3523  0.5200000E+03  0.37500E+00    2     9715    -4    -5     T
     3570  0.5210000E+03  0.50605E-01    5     9912    -4    -5     T
     3601  0.5220000E+03  0.49000E-01    5    10051    -4    -5     T
     3616  0.5230000E+03  0.15526E+00    3    10095    -4    -5     T
     3629  0.5240000E+03  0.21151E+00    2    10122    -4    -5     T
     3647  0.5250000E+03  0.11820E+00    3    10184    -4    -5     T
     3661  0.5260000E+03  0.20873E+00    3    10218    -4    -5     T
     3664  0.5270000E+03  0.37500E+00    3    10227    -4    -5     T
     3677  0.5280000E+03  0.21151E+00    2    10253    -4    -5     T
     3690  0.5290000E+03  0.21151E+00    2    10279    -4    -5     T
     3703  0.5300000E+03  0.21151E+00    2    10305    -4    -5     T
     3716  0.5310000E+03  0.21151E+00    2    10331    -4    -5     T
     3729  0.5320000E+03  0.21151E+00    2    10357    -4    -5     T
     3732  0.5330000E+03  0.37500E+00    2    10363    -4    -5     T
     3745  0.5340000E+03  0.21151E+00    2    10389    -4    -5     T
     3763  0.5350000E+03  0.14847E+00    4    10452    -4    -5     T
     3768  0.5360000E+03  0.26786E+00    2    10468    -4    -5     T
     3771  0.5370000E+03  0.33333E+00    2    10474    -4    -5     T
     3784  0.5380000E+03  0.21151E+00    2    10500    -4    -5     T
     3787  0.5390000E+03  0.37500E+00    2    10507    -4    -5     T
     3800  0.5400000E+03  0.21151E+00    2    10533    -4    -5     T
     3815  0.5410000E+03  0.14843E+00    3    10577    -4    -5     T
     3828  0.5420000E+03  0.21151E+00    2    10604    -4    -5     T
     3831  0.5430000E+03  0.37500E+00    2    10610    -4    -5     T
     3845  0.5440000E+03  0.20873E+00    3    10645    -4    -5     T
     3858  0.5450000E+03  0.21151E+00    2    10671    -4    -5     T
     3861  0.5460000E+03  0.37500E+00    2    10677    -4    -5     T
     3875  0.5470000E+03  0.20873E+00    3    10713    -4    -5     T
     3879  0.5480000E+03  0.25000E+00    2    10724    -4    -5     T
     3881  0.5490000E+03  0.66667E+00    3    10729    -4    -5     T
     3883  0.5500000E+03  0.50000E+00    3    10735    -4    -5     T
     3907  0.5510000E+03  0.81560E-01    3    10823    -4    -5     T
     3913  0.5520000E+03  0.24306E+00    2    10842    -4    -5     T
     3926  0.5530000E+03  0.21151E+00    2    10868    -4    -5     T
     3943  0.5540000E+03  0.10938E+00    4    10924    -4    -5     T
     3957  0.5550000E+03  0.16921E+00    4    10962    -4    -5     T
     3970  0.5560000E+03  0.21151E+00    2    10989    -4    -5     T
     3974  0.5570000E+03  0.25000E+00    2    11000    -4    -5     T
     3976  0.5580000E+03  0.66667E+00    4    11006    -4    -5     T
     3978  0.5590000E+03  0.50000E+00    3    11012    -4    -5     T
     3991  0.5600000E+03  0.21151E+00    4    11046    -4    -5     T
     4082  0.5610000E+03  0.25702E-01    4    11442    -4    -5     T
     4098  0.5620000E+03  0.26641E+00    4    11492    -4    -5     T
     4102  0.5630000E+03  0.31250E+00    2    11502    -4    -5     T
     4115  0.5640000E+03  0.21151E+00    2    11528    -4    -5     T
     4128  0.5650000E+03  0.21151E+00    4    11561    -4    -5     T
     4132  0.5660000E+03  0.44444E+00    3    11574    -4    -5     T
     4145  0.5670000E+03  0.21151E+00    2    11600    -4    -5     T
     4158  0.5680000E+03  0.21151E+00    2    11627    -4    -5     T
     4171  0.5690000E+03  0.21151E+00    2    11653    -4    -5     T
     4184  0.5700000E+03  0.21151E+00    2    11679    -4    -5     T
     4188  0.5710000E+03  0.25000E+00    2    11689    -4    -5     T
     4190  0.5720000E+03  0.66667E+00    2    11693    -4    -5     T
     4192  0.5730000E+03  0.50000E+00    2    11697    -4    -5     T
     4205  0.5740000E+03  0.21151E+00    2    11723    -4    -5     T
     4208  0.5750000E+03  0.37500E+00    2    11730    -4    -5     T
     4210  0.5760000E+03  0.66667E+00    2    11734    -4    -5     T
     4223  0.5770000E+03  0.21151E+00    2    11760    -4    -5     T
     4236  0.5780000E+03  0.21151E+00    2    11786    -4    -5     T
     4239  0.5790000E+03  0.37500E+00    2    11793    -4    -5     T
     4258  0.5800000E+03  0.15502E+00    4    11860    -4    -5     T
     4263  0.5810000E+03  0.26786E+00    2    11874    -4    -5     T
     4277  0.5820000E+03  0.20873E+00    3    11913    -4    -5     T
     4290  0.5830000E+03  0.21151E+00    2    11939    -4    -5     T
     4293  0.5840000E+03  0.37500E+00    2    11946    -4    -5     T
     4295  0.5850000E+03  0.66667E+00    2    11950    -4    -5     T
     4324  0.5860000E+03  0.94837E-01    4    12062    -4    -5     T
     4337  0.5870000E+03  0.21151E+00    3    12093    -4    -5     T
     4341  0.5880000E+03  0.25000E+00    2    12104    -4    -5     T
     4343  0.5890000E+03  0.66667E+00    3    12109    -4    -5     T
     4356  0.5900000E+03  0.21151E+00    2    12135    -4    -5     T
     4359  0.5910000E+03  0.37500E+00    2    12141    -4    -5     T
     4372  0.5920000E+03  0.21151E+00    2    12167    -4    -5     T
     4392  0.5930000E+03  0.11492E+00    3    12236    -4    -5     T
     4405  0.5940000E+03  0.21151E+00    3    12264    -4    -5     T
     4409  0.5950000E+03  0.25000E+00    2    12276    -4    -5     T
     4411  0.5960000E+03  0.66667E+00    3    12281    -4    -5     T
     4413  0.5970000E+03  0.50000E+00    2    12285    -4    -5     T
     4426  0.5980000E+03  0.21151E+00    2    12311    -4    -5     T
     4429  0.5990000E+03  0.37500E+00    2    12318    -4    -5     T
     4431  0.6000000E+03  0.66667E+00    2    12322    -4    -5     T
     4455  0.6010000E+03  0.10366E+00    3    12410    -4    -5     T
     4468  0.6020000E+03  0.21151E+00    2    12437    -4    -5     T
     4472  0.6030000E+03  0.25000E+00    2    12447    -4    -5     T
     4474  0.6040000E+03  0.66667E+00    2    12451    -4    -5     T
     4476  0.6050000E+03  0.50000E+00    2    12455    -4    -5     T
     4477  0.6060000E+03  0.10000E+01    2    12457    -4    -5     T
     4478  0.6070000E+03  0.10000E+01    2    12459    -4    -5     T
     4491  0.6080000E+03  0.21151E+00    2    12485    -4    -5     T
     4494  0.6090000E+03  0.37500E+00    2    12491    -4    -5     T
     4496  0.6100000E+03  0.66667E+00    2    12495    -4    -5     T
     4498  0.6110000E+03  0.50000E+00    2    12499    -4    -5     T
     4499  0.6120000E+03  0.10000E+01    2    12501    -4    -5     T
     4500  0.6130000E+03  0.10000E+01    2    12503    -4    -5     T
     4501  0.6140000E+03  0.10000E+01    2    12505    -4    -5     T
     4502  0.6150000E+03  0.10000E+01    3    12508    -4    -5     T
     4515  0.6160000E+03  0.21151E+00    2    12534    -4    -5     T
     4530  0.6170000E+03  0.13915E+00    2    12572    -4    -5     T
     4534  0.6180000E+03  0.25000E+00    2    12583    -4    -5     T
     4536  0.6190000E+03  0.66667E+00    2    12587    -4    -5     T
     4538  0.6200000E+03  0.50000E+00    3    12592    -4    -5     T
     4575  0.6210000E+03  0.66344E-01    3    12736    -4    -5     T
     4589  0.6220000E+03  0.20873E+00    3    12772    -4    -5     T
     4602  0.6230000E+03  0.21151E+00    2    12798    -4    -5     T
     4615  0.6240000E+03  0.21151E+00    2    12824    -4    -5     T
     4619  0.6250000E+03  0.25000E+00    2    12834    -4    -5     T
     4621  0.6260000E+03  0.66667E+00    2    12838    -4    -5     T
     4623  0.6270000E+03  0.50000E+00    2    12842    -4    -5     T
     4624  0.6280000E+03  0.10000E+01    2    12844    -4    -5     T
     4625  0.6290000E+03  0.10000E+01    2    12846    -4    -5     T
     4626  0.6300000E+03  0.10000E+01    2    12848    -4    -5     T
     4639  0.6310000E+03  0.21151E+00    2    12874    -4    -5     T
     4652  0.6320000E+03  0.21151E+00    2    12900    -4    -5     T
     4655  0.6330000E+03  0.37500E+00    2    12906    -4    -5     T
     4671  0.6340000E+03  0.15378E+00    3    12955    -4    -5     T
     4684  0.6350000E+03  0.21151E+00    2    12981    -4    -5     T
     4687  0.6360000E+03  0.37500E+00    2    12987    -4    -5     T
     4689  0.6370000E+03  0.66667E+00    2    12991    -4    -5     T
     4691  0.6380000E+03  0.50000E+00    2    12995    -4    -5     T
     4692  0.6390000E+03  0.10000E+01    2    12997    -4    -5     T
     4693  0.6400000E+03  0.10000E+01    2    12999    -4    -5     T
     4694  0.6410000E+03  0.10000E+01    2    13001    -4    -5     T
     4714  0.6420000E+03  0.19847E+00    5    13073    -4    -5     T
     4727  0.6430000E+03  0.21151E+00    2    13099    -4    -5     T
     4731  0.6440000E+03  0.25000E+00    2    13109    -4    -5     T
     4733  0.6450000E+03  0.66667E+00    2    13113    -4    -5     T
     4735  0.6460000E+03  0.50000E+00    2    13117    -4    -5     T
     4736  0.6470000E+03  0.10000E+01    2    13119    -4    -5     T
     4737  0.6480000E+03  0.10000E+01    2    13121    -4    -5     T
     4750  0.6490000E+03  0.21151E+00    2    13147    -4    -5     T
     4753  0.6500000E+03  0.37500E+00    2    13154    -4    -5     T
     4755  0.6510000E+03  0.66667E+00    2    13158    -4    -5     T
     4757  0.6520000E+03  0.50000E+00    2    13162    -4    -5     T
     4758  0.6530000E+03  0.10000E+01    2    13164    -4    -5     T
     4759  0.6540000E+03  0.10000E+01    3    13167    -4    -5     T
     4760  0.6550000E+03  0.10000E+01    2    13169    -4    -5     T
     4773  0.6560000E+03  0.21151E+00    2    13195    -4    -5     T
     4777  0.6570000E+03  0.25000E+00    2    13205    -4    -5     T
     4779  0.6580000E+03  0.66667E+00    2    13209    -4    -5     T
     4781  0.6590000E+03  0.50000E+00    2    13213    -4    -5     T
     4782  0.6600000E+03  0.10000E+01    3    13216    -4    -5     T
     4783  0.6610000E+03  0.10000E+01    2    13218    -4    -5     T
     4784  0.6620000E+03  0.10000E+01    3    13221    -4    -5     T
     4785  0.6630000E+03  0.10000E+01    2    13223    -4    -5     T
     4786  0.6640000E+03  0.10000E+01    3    13226    -4    -5     T
     4787  0.6650000E+03  0.10000E+01    2    13228    -4    -5     T
     4788  0.6660000E+03  0.10000E+01    2    13230    -4    -5     T
     4789  0.6670000E+03  0.10000E+01    2    13232    -4    -5     T
     4802  0.6680000E+03  0.21151E+00    2    13258    -4    -5     T
     4815  0.6690000E+03  0.21151E+00    2    13284    -4    -5     T
     4819  0.6700000E+03  0.25000E+00    2    13294    -4    -5     T
     4833  0.6710000E+03  0.20873E+00    3    13326    -4    -5     T
     4846  0.6720000E+03  0.21151E+00    2    13352    -4    -5     T
     4849  0.6730000E+03  0.37500E+00    2    13358    -4    -5     T
     4851  0.6740000E+03  0.66667E+00    2    13362    -4    -5     T
     4864  0.6750000E+03  0.21151E+00    2    13388    -4    -5     T
     4877  0.6760000E+03  0.21151E+00    2    13414    -4    -5     T
     4890  0.6770000E+03  0.21151E+00    3    13447    -4    -5     T
     4894  0.6780000E+03  0.25000E+00    2    13457    -4    -5     T
     4897  0.6790000E+03  0.33333E+00    2    13466    -4    -5     T
     4899  0.6800000E+03  0.50000E+00    2    13470    -4    -5     T
     4901  0.6810000E+03  0.50000E+00    2    13474    -4    -5     T
     4902  0.6820000E+03  0.10000E+01    2    13476    -4    -5     T
     4915  0.6830000E+03  0.21151E+00    2    13502    -4    -5     T
     4928  0.6840000E+03  0.21151E+00    2    13528    -4    -5     T
     4931  0.6850000E+03  0.37500E+00    2    13534    -4    -5     T
     4933  0.6860000E+03  0.66667E+00    2    13538    -4    -5     T
     4946  0.6870000E+03  0.21151E+00    2    13564    -4    -5     T
     4949  0.6880000E+03  0.37500E+00    2    13570    -4    -5     T
     4951  0.6890000E+03  0.66667E+00    2    13574    -4    -5     T
     4953  0.6900000E+03  0.50000E+00    2    13578    -4    -5     T
     4966  0.6910000E+03  0.21151E+00    2    13604    -4    -5     T
     4970  0.6920000E+03  0.25000E+00    2    13614    -4    -5     T
     4972  0.6930000E+03  0.66667E+00    2    13618    -4    -5     T
     4985  0.6940000E+03  0.21151E+00    2    13644    -4    -5     T
     4989  0.6950000E+03  0.25000E+00    2    13654    -4    -5     T
     4991  0.6960000E+03  0.66667E+00    2    13658    -4    -5     T
     4993  0.6970000E+03  0.50000E+00    2    13662    -4    -5     T
     5006  0.6980000E+03  0.21151E+00    2    13688    -4    -5     T
     5019  0.6990000E+03  0.21151E+00    2    13714    -4    -5     T
     5032  0.7000000E+03  0.21151E+00    2    13740    -4    -5     T
     5045  0.7010000E+03  0.21151E+00    2    13766    -4    -5     T
     5058  0.7020000E+03  0.21151E+00    2    13792    -4    -5     T
     5071  0.7030000E+03  0.21151E+00    2    13818    -4    -5     T
     5074  0.7040000E+03  0.37500E+00    2    13825    -4    -5     T
     5087  0.7050000E+03  0.21151E+00    2    13851    -4    -5     T
     5100  0.7060000E+03  0.21151E+00    2    13877    -4    -5     T
     5103  0.7070000E+03  0.37500E+00    2    13883    -4    -5     T
     5105  0.7080000E+03  0.66667E+00    2    13887    -4    -5     T
     5107  0.7090000E+03  0.50000E+00    2    13891    -4    -5     T
     5108  0.7100000E+03  0.10000E+01    2    13893    -4    -5     T
     5123  0.7110000E+03  0.18264E+00    4    13938    -4    -5     T
     5127  0.7120000E+03  0.31250E+00    4    13952    -4    -5     T
     5140  0.7130000E+03  0.21151E+00    2    13978    -4    -5     T
     5153  0.7140000E+03  0.21151E+00    2    14004    -4    -5     T
     5166  0.7150000E+03  0.21151E+00    2    14030    -4    -5     T
     5179  0.7160000E+03  0.21151E+00    2    14056    -4    -5     T
     5192  0.7170000E+03  0.21151E+00    2    14082    -4    -5     T
     5205  0.7180000E+03  0.21151E+00    3    14110    -4    -5     T
     5218  0.7190000E+03  0.21151E+00    2    14136    -4    -5     T
     5221  0.7200000E+03  0.37500E+00    2    14142    -4    -5     T
     5223  0.7210000E+03  0.66667E+00    2    14146    -4    -5     T
     5225  0.7220000E+03  0.50000E+00    2    14150    -4    -5     T
     5226  0.7230000E+03  0.10000E+01    2    14152    -4    -5     T
     5227  0.7240000E+03  0.10000E+01    2    14154    -4    -5     T
     5240  0.7250000E+03  0.21151E+00    2    14180    -4    -5     T
     5243  0.7260000E+03  0.37500E+00    2    14186    -4    -5     T
     5245  0.7270000E+03  0.66667E+00    2    14190    -4    -5     T
     5247  0.7280000E+03  0.50000E+00    2    14194    -4    -5     T
     5248  0.7290000E+03  0.10000E+01    2    14196    -4    -5     T
     5249  0.7300000E+03  0.10000E+01    2    14198    -4    -5     T
end
