 ******* Program HYDRUS
 ******* Infiltration and drainage in a large caisson                            
 Date:   1. 1.    Time: ***: 0:**
 Units: L = cm   , T = min  , M = mmol 

----------------------------------------------------------
 Time       [T]       90.0000
----------------------------------------------------------
 Sub-region num.                     1
----------------------------------------------------------
 Area     [L]        0.10000E+01  0.10000E+01
 W-volume [L]        0.34210E+00  0.34210E+00
 In-flow  [L/T]      0.00000E+00  0.00000E+00
 h Mean   [L]        0.34200E+00  0.34200E+00
 Top Flux [L/T]     -0.10000E+01
 Bot Flux [L/T]     -0.10000E+00
----------------------------------------------------------

----------------------------------------------------------
 Time       [T]      120.0000
----------------------------------------------------------
 Sub-region num.                     1
----------------------------------------------------------
 Area     [L]        0.10000E+01  0.10000E+01
 W-volume [L]        0.34210E+00  0.34210E+00
 In-flow  [L/T]      0.00000E+00  0.00000E+00
 h Mean   [L]       -0.15800E+00 -0.15800E+00
 Top Flux [L/T]      0.23842E-06
 Bot Flux [L/T]     -0.19073E-06
 WatBalT  [L]        0.12821E-04
 WatBalR  [%]             99.464
----------------------------------------------------------

----------------------------------------------------------
 Time       [T]      121.0000
----------------------------------------------------------
 Sub-region num.                     1
----------------------------------------------------------
 Area     [L]        0.10000E+01  0.10000E+01
 W-volume [L]        0.34210E+00  0.34210E+00
 In-flow  [L/T]      0.00000E+00  0.00000E+00
 h Mean   [L]       -0.15800E+00 -0.15800E+00
 Top Flux [L/T]      0.23842E-06
 Bot Flux [L/T]     -0.19073E-06
 WatBalT  [L]        0.13250E-04
 WatBalR  [%]             99.481
----------------------------------------------------------

----------------------------------------------------------
 Time       [T]      122.0000
----------------------------------------------------------
 Sub-region num.                     1
----------------------------------------------------------
 Area     [L]        0.10000E+01  0.10000E+01
 W-volume [L]        0.34210E+00  0.34210E+00
 In-flow  [L/T]      0.00000E+00  0.00000E+00
 h Mean   [L]       -0.15800E+00 -0.15800E+00
 Top Flux [L/T]      0.23842E-06
 Bot Flux [L/T]     -0.19073E-06
 WatBalT  [L]        0.13679E-04
 WatBalR  [%]             99.497
----------------------------------------------------------

----------------------------------------------------------
 Time       [T]      123.0000
----------------------------------------------------------
 Sub-region num.                     1
----------------------------------------------------------
 Area     [L]        0.10000E+01  0.10000E+01
 W-volume [L]        0.34210E+00  0.34210E+00
 In-flow  [L/T]      0.00000E+00  0.00000E+00
 h Mean   [L]       -0.15800E+00 -0.15800E+00
 Top Flux [L/T]      0.23842E-06
 Bot Flux [L/T]     -0.19073E-06
 WatBalT  [L]        0.14108E-04
 WatBalR  [%]             99.512
----------------------------------------------------------

----------------------------------------------------------
 Time       [T]      124.0000
----------------------------------------------------------
 Sub-region num.                     1
----------------------------------------------------------
 Area     [L]        0.10000E+01  0.10000E+01
 W-volume [L]        0.34210E+00  0.34210E+00
 In-flow  [L/T]      0.00000E+00  0.00000E+00
 h Mean   [L]       -0.15800E+00 -0.15800E+00
 Top Flux [L/T]      0.23842E-06
 Bot Flux [L/T]     -0.19073E-06
 WatBalT  [L]        0.14538E-04
 WatBalR  [%]             99.527
----------------------------------------------------------

----------------------------------------------------------
 Time       [T]      125.0000
----------------------------------------------------------
 Sub-region num.                     1
----------------------------------------------------------
 Area     [L]        0.10000E+01  0.10000E+01
 W-volume [L]        0.34210E+00  0.34210E+00
 In-flow  [L/T]      0.00000E+00  0.00000E+00
 h Mean   [L]       -0.15800E+00 -0.15800E+00
 Top Flux [L/T]      0.23842E-06
 Bot Flux [L/T]     -0.19073E-06
 WatBalT  [L]        0.14967E-04
 WatBalR  [%]             99.540
----------------------------------------------------------

----------------------------------------------------------
 Time       [T]      126.0000
----------------------------------------------------------
 Sub-region num.                     1
----------------------------------------------------------
 Area     [L]        0.10000E+01  0.10000E+01
 W-volume [L]        0.34210E+00  0.34210E+00
 In-flow  [L/T]      0.00000E+00  0.00000E+00
 h Mean   [L]       -0.15800E+00 -0.15800E+00
 Top Flux [L/T]      0.23842E-06
 Bot Flux [L/T]     -0.19073E-06
 WatBalT  [L]        0.15396E-04
 WatBalR  [%]             99.553
----------------------------------------------------------

----------------------------------------------------------
 Time       [T]      127.0000
----------------------------------------------------------
 Sub-region num.                     1
----------------------------------------------------------
 Area     [L]        0.10000E+01  0.10000E+01
 W-volume [L]        0.34210E+00  0.34210E+00
 In-flow  [L/T]      0.00000E+00  0.00000E+00
 h Mean   [L]       -0.15800E+00 -0.15800E+00
 Top Flux [L/T]      0.23842E-06
 Bot Flux [L/T]     -0.19073E-06
 WatBalT  [L]        0.15825E-04
 WatBalR  [%]             99.565
----------------------------------------------------------

----------------------------------------------------------
 Time       [T]      128.0000
----------------------------------------------------------
 Sub-region num.                     1
----------------------------------------------------------
 Area     [L]        0.10000E+01  0.10000E+01
 W-volume [L]        0.34210E+00  0.34210E+00
 In-flow  [L/T]      0.00000E+00  0.00000E+00
 h Mean   [L]       -0.15800E+00 -0.15800E+00
 Top Flux [L/T]      0.23842E-06
 Bot Flux [L/T]     -0.19073E-06
 WatBalT  [L]        0.16254E-04
 WatBalR  [%]             99.576
----------------------------------------------------------

----------------------------------------------------------
 Time       [T]      129.0000
----------------------------------------------------------
 Sub-region num.                     1
----------------------------------------------------------
 Area     [L]        0.10000E+01  0.10000E+01
 W-volume [L]        0.34210E+00  0.34210E+00
 In-flow  [L/T]      0.00000E+00  0.00000E+00
 h Mean   [L]       -0.15800E+00 -0.15800E+00
 Top Flux [L/T]      0.23842E-06
 Bot Flux [L/T]     -0.19073E-06
 WatBalT  [L]        0.16683E-04
 WatBalR  [%]             99.587
----------------------------------------------------------

----------------------------------------------------------
 Time       [T]      130.0000
----------------------------------------------------------
 Sub-region num.                     1
----------------------------------------------------------
 Area     [L]        0.10000E+01  0.10000E+01
 W-volume [L]        0.34210E+00  0.34210E+00
 In-flow  [L/T]      0.00000E+00  0.00000E+00
 h Mean   [L]       -0.15800E+00 -0.15800E+00
 Top Flux [L/T]      0.23842E-06
 Bot Flux [L/T]     -0.19073E-06
 WatBalT  [L]        0.17113E-04
 WatBalR  [%]             99.598
----------------------------------------------------------

----------------------------------------------------------
 Time       [T]      131.0000
----------------------------------------------------------
 Sub-region num.                     1
----------------------------------------------------------
 Area     [L]        0.10000E+01  0.10000E+01
 W-volume [L]        0.34210E+00  0.34210E+00
 In-flow  [L/T]      0.00000E+00  0.00000E+00
 h Mean   [L]       -0.15800E+00 -0.15800E+00
 Top Flux [L/T]      0.23842E-06
 Bot Flux [L/T]     -0.19073E-06
 WatBalT  [L]        0.17542E-04
 WatBalR  [%]             99.607
----------------------------------------------------------

----------------------------------------------------------
 Time       [T]      132.0000
----------------------------------------------------------
 Sub-region num.                     1
----------------------------------------------------------
 Area     [L]        0.10000E+01  0.10000E+01
 W-volume [L]        0.34210E+00  0.34210E+00
 In-flow  [L/T]      0.00000E+00  0.00000E+00
 h Mean   [L]       -0.15800E+00 -0.15800E+00
 Top Flux [L/T]      0.23842E-06
 Bot Flux [L/T]     -0.19073E-06
 WatBalT  [L]        0.17971E-04
 WatBalR  [%]             99.617
----------------------------------------------------------

----------------------------------------------------------
 Time       [T]      133.0000
----------------------------------------------------------
 Sub-region num.                     1
----------------------------------------------------------
 Area     [L]        0.10000E+01  0.10000E+01
 W-volume [L]        0.34210E+00  0.34210E+00
 In-flow  [L/T]      0.00000E+00  0.00000E+00
 h Mean   [L]       -0.15800E+00 -0.15800E+00
 Top Flux [L/T]      0.23842E-06
 Bot Flux [L/T]     -0.19073E-06
 WatBalT  [L]        0.18400E-04
 WatBalR  [%]             99.626
----------------------------------------------------------

----------------------------------------------------------
 Time       [T]      134.0000
----------------------------------------------------------
 Sub-region num.                     1
----------------------------------------------------------
 Area     [L]        0.10000E+01  0.10000E+01
 W-volume [L]        0.34210E+00  0.34210E+00
 In-flow  [L/T]      0.00000E+00  0.00000E+00
 h Mean   [L]       -0.15800E+00 -0.15800E+00
 Top Flux [L/T]      0.23842E-06
 Bot Flux [L/T]     -0.19073E-06
 WatBalT  [L]        0.18829E-04
 WatBalR  [%]             99.634
----------------------------------------------------------

----------------------------------------------------------
 Time       [T]      135.0000
----------------------------------------------------------
 Sub-region num.                     1
----------------------------------------------------------
 Area     [L]        0.10000E+01  0.10000E+01
 W-volume [L]        0.34210E+00  0.34210E+00
 In-flow  [L/T]      0.00000E+00  0.00000E+00
 h Mean   [L]       -0.15800E+00 -0.15800E+00
 Top Flux [L/T]      0.23842E-06
 Bot Flux [L/T]     -0.19073E-06
 WatBalT  [L]        0.19258E-04
 WatBalR  [%]             99.642
----------------------------------------------------------

----------------------------------------------------------
 Time       [T]      136.0000
----------------------------------------------------------
 Sub-region num.                     1
----------------------------------------------------------
 Area     [L]        0.10000E+01  0.10000E+01
 W-volume [L]        0.34210E+00  0.34210E+00
 In-flow  [L/T]      0.00000E+00  0.00000E+00
 h Mean   [L]       -0.15800E+00 -0.15800E+00
 Top Flux [L/T]      0.23842E-06
 Bot Flux [L/T]     -0.19073E-06
 WatBalT  [L]        0.19687E-04
 WatBalR  [%]             99.650
----------------------------------------------------------

----------------------------------------------------------
 Time       [T]      137.0000
----------------------------------------------------------
 Sub-region num.                     1
----------------------------------------------------------
 Area     [L]        0.10000E+01  0.10000E+01
 W-volume [L]        0.34210E+00  0.34210E+00
 In-flow  [L/T]      0.00000E+00  0.00000E+00
 h Mean   [L]       -0.15800E+00 -0.15800E+00
 Top Flux [L/T]      0.23842E-06
 Bot Flux [L/T]     -0.19073E-06
 WatBalT  [L]        0.20117E-04
 WatBalR  [%]             99.657
----------------------------------------------------------

----------------------------------------------------------
 Time       [T]      138.0000
----------------------------------------------------------
 Sub-region num.                     1
----------------------------------------------------------
 Area     [L]        0.10000E+01  0.10000E+01
 W-volume [L]        0.34210E+00  0.34210E+00
 In-flow  [L/T]      0.00000E+00  0.00000E+00
 h Mean   [L]       -0.15800E+00 -0.15800E+00
 Top Flux [L/T]      0.23842E-06
 Bot Flux [L/T]     -0.19073E-06
 WatBalT  [L]        0.20546E-04
 WatBalR  [%]             99.665
----------------------------------------------------------

----------------------------------------------------------
 Time       [T]      139.0000
----------------------------------------------------------
 Sub-region num.                     1
----------------------------------------------------------
 Area     [L]        0.10000E+01  0.10000E+01
 W-volume [L]        0.34210E+00  0.34210E+00
 In-flow  [L/T]      0.00000E+00  0.00000E+00
 h Mean   [L]       -0.15800E+00 -0.15800E+00
 Top Flux [L/T]      0.23842E-06
 Bot Flux [L/T]     -0.19073E-06
 WatBalT  [L]        0.20975E-04
 WatBalR  [%]             99.671
----------------------------------------------------------

----------------------------------------------------------
 Time       [T]      140.0000
----------------------------------------------------------
 Sub-region num.                     1
----------------------------------------------------------
 Area     [L]        0.10000E+01  0.10000E+01
 W-volume [L]        0.34210E+00  0.34210E+00
 In-flow  [L/T]      0.00000E+00  0.00000E+00
 h Mean   [L]       -0.15800E+00 -0.15800E+00
 Top Flux [L/T]      0.23842E-06
 Bot Flux [L/T]     -0.19073E-06
 WatBalT  [L]        0.21404E-04
 WatBalR  [%]             99.678
----------------------------------------------------------

----------------------------------------------------------
 Time       [T]      141.0000
----------------------------------------------------------
 Sub-region num.                     1
----------------------------------------------------------
 Area     [L]        0.10000E+01  0.10000E+01
 W-volume [L]        0.34210E+00  0.34210E+00
 In-flow  [L/T]      0.00000E+00  0.00000E+00
 h Mean   [L]       -0.15800E+00 -0.15800E+00
 Top Flux [L/T]      0.23842E-06
 Bot Flux [L/T]     -0.19073E-06
 WatBalT  [L]        0.21833E-04
 WatBalR  [%]             99.684
----------------------------------------------------------

----------------------------------------------------------
 Time       [T]      142.0000
----------------------------------------------------------
 Sub-region num.                     1
----------------------------------------------------------
 Area     [L]        0.10000E+01  0.10000E+01
 W-volume [L]        0.34210E+00  0.34210E+00
 In-flow  [L/T]      0.00000E+00  0.00000E+00
 h Mean   [L]       -0.15800E+00 -0.15800E+00
 Top Flux [L/T]      0.23842E-06
 Bot Flux [L/T]     -0.19073E-06
 WatBalT  [L]        0.22262E-04
 WatBalR  [%]             99.690
----------------------------------------------------------

----------------------------------------------------------
 Time       [T]      143.0000
----------------------------------------------------------
 Sub-region num.                     1
----------------------------------------------------------
 Area     [L]        0.10000E+01  0.10000E+01
 W-volume [L]        0.34210E+00  0.34210E+00
 In-flow  [L/T]      0.00000E+00  0.00000E+00
 h Mean   [L]       -0.15800E+00 -0.15800E+00
 Top Flux [L/T]      0.23842E-06
 Bot Flux [L/T]     -0.19073E-06
 WatBalT  [L]        0.22692E-04
 WatBalR  [%]             99.696
----------------------------------------------------------

----------------------------------------------------------
 Time       [T]      144.0000
----------------------------------------------------------
 Sub-region num.                     1
----------------------------------------------------------
 Area     [L]        0.10000E+01  0.10000E+01
 W-volume [L]        0.34210E+00  0.34210E+00
 In-flow  [L/T]      0.00000E+00  0.00000E+00
 h Mean   [L]       -0.15800E+00 -0.15800E+00
 Top Flux [L/T]      0.23842E-06
 Bot Flux [L/T]     -0.19073E-06
 WatBalT  [L]        0.23121E-04
 WatBalR  [%]             99.702
----------------------------------------------------------

----------------------------------------------------------
 Time       [T]      145.0000
----------------------------------------------------------
 Sub-region num.                     1
----------------------------------------------------------
 Area     [L]        0.10000E+01  0.10000E+01
 W-volume [L]        0.34210E+00  0.34210E+00
 In-flow  [L/T]      0.00000E+00  0.00000E+00
 h Mean   [L]       -0.15800E+00 -0.15800E+00
 Top Flux [L/T]      0.23842E-06
 Bot Flux [L/T]     -0.19073E-06
 WatBalT  [L]        0.23550E-04
 WatBalR  [%]             99.707
----------------------------------------------------------

----------------------------------------------------------
 Time       [T]      146.0000
----------------------------------------------------------
 Sub-region num.                     1
----------------------------------------------------------
 Area     [L]        0.10000E+01  0.10000E+01
 W-volume [L]        0.34210E+00  0.34210E+00
 In-flow  [L/T]      0.00000E+00  0.00000E+00
 h Mean   [L]       -0.15800E+00 -0.15800E+00
 Top Flux [L/T]      0.23842E-06
 Bot Flux [L/T]     -0.19073E-06
 WatBalT  [L]        0.23979E-04
 WatBalR  [%]             99.712
----------------------------------------------------------

----------------------------------------------------------
 Time       [T]      147.0000
----------------------------------------------------------
 Sub-region num.                     1
----------------------------------------------------------
 Area     [L]        0.10000E+01  0.10000E+01
 W-volume [L]        0.34210E+00  0.34210E+00
 In-flow  [L/T]      0.00000E+00  0.00000E+00
 h Mean   [L]       -0.15800E+00 -0.15800E+00
 Top Flux [L/T]      0.23842E-06
 Bot Flux [L/T]     -0.19073E-06
 WatBalT  [L]        0.24408E-04
 WatBalR  [%]             99.718
----------------------------------------------------------

----------------------------------------------------------
 Time       [T]      148.0000
----------------------------------------------------------
 Sub-region num.                     1
----------------------------------------------------------
 Area     [L]        0.10000E+01  0.10000E+01
 W-volume [L]        0.34210E+00  0.34210E+00
 In-flow  [L/T]      0.00000E+00  0.00000E+00
 h Mean   [L]       -0.15800E+00 -0.15800E+00
 Top Flux [L/T]      0.23842E-06
 Bot Flux [L/T]     -0.19073E-06
 WatBalT  [L]        0.24837E-04
 WatBalR  [%]             99.722
----------------------------------------------------------

----------------------------------------------------------
 Time       [T]      149.0000
----------------------------------------------------------
 Sub-region num.                     1
----------------------------------------------------------
 Area     [L]        0.10000E+01  0.10000E+01
 W-volume [L]        0.34210E+00  0.34210E+00
 In-flow  [L/T]      0.00000E+00  0.00000E+00
 h Mean   [L]       -0.15800E+00 -0.15800E+00
 Top Flux [L/T]      0.23842E-06
 Bot Flux [L/T]     -0.19073E-06
 WatBalT  [L]        0.25266E-04
 WatBalR  [%]             99.727
----------------------------------------------------------

----------------------------------------------------------
 Time       [T]      150.0000
----------------------------------------------------------
 Sub-region num.                     1
----------------------------------------------------------
 Area     [L]        0.10000E+01  0.10000E+01
 W-volume [L]        0.34210E+00  0.34210E+00
 In-flow  [L/T]      0.00000E+00  0.00000E+00
 h Mean   [L]       -0.15800E+00 -0.15800E+00
 Top Flux [L/T]      0.23842E-06
 Bot Flux [L/T]     -0.19073E-06
 WatBalT  [L]        0.25696E-04
 WatBalR  [%]             99.732
----------------------------------------------------------

----------------------------------------------------------
 Time       [T]      151.0000
----------------------------------------------------------
 Sub-region num.                     1
----------------------------------------------------------
 Area     [L]        0.10000E+01  0.10000E+01
 W-volume [L]        0.34210E+00  0.34210E+00
 In-flow  [L/T]      0.00000E+00  0.00000E+00
 h Mean   [L]       -0.15800E+00 -0.15800E+00
 Top Flux [L/T]      0.23842E-06
 Bot Flux [L/T]     -0.19073E-06
 WatBalT  [L]        0.26125E-04
 WatBalR  [%]             99.736
----------------------------------------------------------

----------------------------------------------------------
 Time       [T]      152.0000
----------------------------------------------------------
 Sub-region num.                     1
----------------------------------------------------------
 Area     [L]        0.10000E+01  0.10000E+01
 W-volume [L]        0.34210E+00  0.34210E+00
 In-flow  [L/T]      0.00000E+00  0.00000E+00
 h Mean   [L]       -0.15800E+00 -0.15800E+00
 Top Flux [L/T]      0.23842E-06
 Bot Flux [L/T]     -0.19073E-06
 WatBalT  [L]        0.26554E-04
 WatBalR  [%]             99.740
----------------------------------------------------------

----------------------------------------------------------
 Time       [T]      153.0000
----------------------------------------------------------
 Sub-region num.                     1
----------------------------------------------------------
 Area     [L]        0.10000E+01  0.10000E+01
 W-volume [L]        0.34210E+00  0.34210E+00
 In-flow  [L/T]      0.00000E+00  0.00000E+00
 h Mean   [L]       -0.15800E+00 -0.15800E+00
 Top Flux [L/T]      0.23842E-06
 Bot Flux [L/T]     -0.19073E-06
 WatBalT  [L]        0.26983E-04
 WatBalR  [%]             99.744
----------------------------------------------------------

----------------------------------------------------------
 Time       [T]      154.0000
----------------------------------------------------------
 Sub-region num.                     1
----------------------------------------------------------
 Area     [L]        0.10000E+01  0.10000E+01
 W-volume [L]        0.34210E+00  0.34210E+00
 In-flow  [L/T]      0.00000E+00  0.00000E+00
 h Mean   [L]       -0.15800E+00 -0.15800E+00
 Top Flux [L/T]      0.23842E-06
 Bot Flux [L/T]     -0.19073E-06
 WatBalT  [L]        0.27412E-04
 WatBalR  [%]             99.748
----------------------------------------------------------

----------------------------------------------------------
 Time       [T]      155.0000
----------------------------------------------------------
 Sub-region num.                     1
----------------------------------------------------------
 Area     [L]        0.10000E+01  0.10000E+01
 W-volume [L]        0.34210E+00  0.34210E+00
 In-flow  [L/T]      0.00000E+00  0.00000E+00
 h Mean   [L]       -0.15800E+00 -0.15800E+00
 Top Flux [L/T]      0.23842E-06
 Bot Flux [L/T]     -0.19073E-06
 WatBalT  [L]        0.27841E-04
 WatBalR  [%]             99.752
----------------------------------------------------------

----------------------------------------------------------
 Time       [T]      156.0000
----------------------------------------------------------
 Sub-region num.                     1
----------------------------------------------------------
 Area     [L]        0.10000E+01  0.10000E+01
 W-volume [L]        0.34210E+00  0.34210E+00
 In-flow  [L/T]      0.00000E+00  0.00000E+00
 h Mean   [L]       -0.15800E+00 -0.15800E+00
 Top Flux [L/T]      0.23842E-06
 Bot Flux [L/T]     -0.19073E-06
 WatBalT  [L]        0.28271E-04
 WatBalR  [%]             99.756
----------------------------------------------------------

----------------------------------------------------------
 Time       [T]      157.0000
----------------------------------------------------------
 Sub-region num.                     1
----------------------------------------------------------
 Area     [L]        0.10000E+01  0.10000E+01
 W-volume [L]        0.34210E+00  0.34210E+00
 In-flow  [L/T]      0.00000E+00  0.00000E+00
 h Mean   [L]       -0.15800E+00 -0.15800E+00
 Top Flux [L/T]      0.23842E-06
 Bot Flux [L/T]     -0.19073E-06
 WatBalT  [L]        0.28700E-04
 WatBalR  [%]             99.760
----------------------------------------------------------

----------------------------------------------------------
 Time       [T]      158.0000
----------------------------------------------------------
 Sub-region num.                     1
----------------------------------------------------------
 Area     [L]        0.10000E+01  0.10000E+01
 W-volume [L]        0.34210E+00  0.34210E+00
 In-flow  [L/T]      0.00000E+00  0.00000E+00
 h Mean   [L]       -0.15800E+00 -0.15800E+00
 Top Flux [L/T]      0.23842E-06
 Bot Flux [L/T]     -0.19073E-06
 WatBalT  [L]        0.29129E-04
 WatBalR  [%]             99.763
----------------------------------------------------------

----------------------------------------------------------
 Time       [T]      159.0000
----------------------------------------------------------
 Sub-region num.                     1
----------------------------------------------------------
 Area     [L]        0.10000E+01  0.10000E+01
 W-volume [L]        0.34210E+00  0.34210E+00
 In-flow  [L/T]      0.00000E+00  0.00000E+00
 h Mean   [L]       -0.15800E+00 -0.15800E+00
 Top Flux [L/T]      0.23842E-06
 Bot Flux [L/T]     -0.19073E-06
 WatBalT  [L]        0.29558E-04
 WatBalR  [%]             99.767
----------------------------------------------------------

----------------------------------------------------------
 Time       [T]      160.0000
----------------------------------------------------------
 Sub-region num.                     1
----------------------------------------------------------
 Area     [L]        0.10000E+01  0.10000E+01
 W-volume [L]        0.34210E+00  0.34210E+00
 In-flow  [L/T]      0.00000E+00  0.00000E+00
 h Mean   [L]       -0.15800E+00 -0.15800E+00
 Top Flux [L/T]      0.23842E-06
 Bot Flux [L/T]     -0.19073E-06
 WatBalT  [L]        0.29987E-04
 WatBalR  [%]             99.770
----------------------------------------------------------

----------------------------------------------------------
 Time       [T]      161.0000
----------------------------------------------------------
 Sub-region num.                     1
----------------------------------------------------------
 Area     [L]        0.10000E+01  0.10000E+01
 W-volume [L]        0.34210E+00  0.34210E+00
 In-flow  [L/T]      0.00000E+00  0.00000E+00
 h Mean   [L]       -0.15800E+00 -0.15800E+00
 Top Flux [L/T]      0.23842E-06
 Bot Flux [L/T]     -0.19073E-06
 WatBalT  [L]        0.30416E-04
 WatBalR  [%]             99.773
----------------------------------------------------------

----------------------------------------------------------
 Time       [T]      162.0000
----------------------------------------------------------
 Sub-region num.                     1
----------------------------------------------------------
 Area     [L]        0.10000E+01  0.10000E+01
 W-volume [L]        0.34210E+00  0.34210E+00
 In-flow  [L/T]      0.00000E+00  0.00000E+00
 h Mean   [L]       -0.15800E+00 -0.15800E+00
 Top Flux [L/T]      0.23842E-06
 Bot Flux [L/T]     -0.19073E-06
 WatBalT  [L]        0.30845E-04
 WatBalR  [%]             99.776
----------------------------------------------------------

----------------------------------------------------------
 Time       [T]      163.0000
----------------------------------------------------------
 Sub-region num.                     1
----------------------------------------------------------
 Area     [L]        0.10000E+01  0.10000E+01
 W-volume [L]        0.34210E+00  0.34210E+00
 In-flow  [L/T]      0.00000E+00  0.00000E+00
 h Mean   [L]       -0.15800E+00 -0.15800E+00
 Top Flux [L/T]      0.23842E-06
 Bot Flux [L/T]     -0.19073E-06
 WatBalT  [L]        0.31275E-04
 WatBalR  [%]             99.779
----------------------------------------------------------

----------------------------------------------------------
 Time       [T]      164.0000
----------------------------------------------------------
 Sub-region num.                     1
----------------------------------------------------------
 Area     [L]        0.10000E+01  0.10000E+01
 W-volume [L]        0.34210E+00  0.34210E+00
 In-flow  [L/T]      0.00000E+00  0.00000E+00
 h Mean   [L]       -0.15800E+00 -0.15800E+00
 Top Flux [L/T]      0.23842E-06
 Bot Flux [L/T]     -0.19073E-06
 WatBalT  [L]        0.31704E-04
 WatBalR  [%]             99.782
----------------------------------------------------------

----------------------------------------------------------
 Time       [T]      165.0000
----------------------------------------------------------
 Sub-region num.                     1
----------------------------------------------------------
 Area     [L]        0.10000E+01  0.10000E+01
 W-volume [L]        0.34210E+00  0.34210E+00
 In-flow  [L/T]      0.00000E+00  0.00000E+00
 h Mean   [L]       -0.15800E+00 -0.15800E+00
 Top Flux [L/T]      0.23842E-06
 Bot Flux [L/T]     -0.19073E-06
 WatBalT  [L]        0.32133E-04
 WatBalR  [%]             99.785
----------------------------------------------------------

----------------------------------------------------------
 Time       [T]      166.0000
----------------------------------------------------------
 Sub-region num.                     1
----------------------------------------------------------
 Area     [L]        0.10000E+01  0.10000E+01
 W-volume [L]        0.34210E+00  0.34210E+00
 In-flow  [L/T]      0.00000E+00  0.00000E+00
 h Mean   [L]       -0.15800E+00 -0.15800E+00
 Top Flux [L/T]      0.23842E-06
 Bot Flux [L/T]     -0.19073E-06
 WatBalT  [L]        0.32562E-04
 WatBalR  [%]             99.788
----------------------------------------------------------

----------------------------------------------------------
 Time       [T]      167.0000
----------------------------------------------------------
 Sub-region num.                     1
----------------------------------------------------------
 Area     [L]        0.10000E+01  0.10000E+01
 W-volume [L]        0.34210E+00  0.34210E+00
 In-flow  [L/T]      0.00000E+00  0.00000E+00
 h Mean   [L]       -0.15800E+00 -0.15800E+00
 Top Flux [L/T]      0.23842E-06
 Bot Flux [L/T]     -0.19073E-06
 WatBalT  [L]        0.32991E-04
 WatBalR  [%]             99.791
----------------------------------------------------------

----------------------------------------------------------
 Time       [T]      168.0000
----------------------------------------------------------
 Sub-region num.                     1
----------------------------------------------------------
 Area     [L]        0.10000E+01  0.10000E+01
 W-volume [L]        0.34210E+00  0.34210E+00
 In-flow  [L/T]      0.00000E+00  0.00000E+00
 h Mean   [L]       -0.15800E+00 -0.15800E+00
 Top Flux [L/T]      0.23842E-06
 Bot Flux [L/T]     -0.19073E-06
 WatBalT  [L]        0.33420E-04
 WatBalR  [%]             99.794
----------------------------------------------------------

----------------------------------------------------------
 Time       [T]      169.0000
----------------------------------------------------------
 Sub-region num.                     1
----------------------------------------------------------
 Area     [L]        0.10000E+01  0.10000E+01
 W-volume [L]        0.34210E+00  0.34210E+00
 In-flow  [L/T]      0.00000E+00  0.00000E+00
 h Mean   [L]       -0.15800E+00 -0.15800E+00
 Top Flux [L/T]      0.23842E-06
 Bot Flux [L/T]     -0.19073E-06
 WatBalT  [L]        0.33849E-04
 WatBalR  [%]             99.796
----------------------------------------------------------

----------------------------------------------------------
 Time       [T]      170.0000
----------------------------------------------------------
 Sub-region num.                     1
----------------------------------------------------------
 Area     [L]        0.10000E+01  0.10000E+01
 W-volume [L]        0.34210E+00  0.34210E+00
 In-flow  [L/T]      0.00000E+00  0.00000E+00
 h Mean   [L]       -0.15800E+00 -0.15800E+00
 Top Flux [L/T]      0.23842E-06
 Bot Flux [L/T]     -0.19073E-06
 WatBalT  [L]        0.34279E-04
 WatBalR  [%]             99.799
----------------------------------------------------------

----------------------------------------------------------
 Time       [T]      171.0000
----------------------------------------------------------
 Sub-region num.                     1
----------------------------------------------------------
 Area     [L]        0.10000E+01  0.10000E+01
 W-volume [L]        0.34210E+00  0.34210E+00
 In-flow  [L/T]      0.00000E+00  0.00000E+00
 h Mean   [L]       -0.15800E+00 -0.15800E+00
 Top Flux [L/T]      0.23842E-06
 Bot Flux [L/T]     -0.19073E-06
 WatBalT  [L]        0.34708E-04
 WatBalR  [%]             99.801
----------------------------------------------------------

----------------------------------------------------------
 Time       [T]      172.0000
----------------------------------------------------------
 Sub-region num.                     1
----------------------------------------------------------
 Area     [L]        0.10000E+01  0.10000E+01
 W-volume [L]        0.34210E+00  0.34210E+00
 In-flow  [L/T]      0.00000E+00  0.00000E+00
 h Mean   [L]       -0.15800E+00 -0.15800E+00
 Top Flux [L/T]      0.23842E-06
 Bot Flux [L/T]     -0.19073E-06
 WatBalT  [L]        0.35137E-04
 WatBalR  [%]             99.804
----------------------------------------------------------

----------------------------------------------------------
 Time       [T]      173.0000
----------------------------------------------------------
 Sub-region num.                     1
----------------------------------------------------------
 Area     [L]        0.10000E+01  0.10000E+01
 W-volume [L]        0.34210E+00  0.34210E+00
 In-flow  [L/T]      0.00000E+00  0.00000E+00
 h Mean   [L]       -0.15800E+00 -0.15800E+00
 Top Flux [L/T]      0.23842E-06
 Bot Flux [L/T]     -0.19073E-06
 WatBalT  [L]        0.35566E-04
 WatBalR  [%]             99.806
----------------------------------------------------------

----------------------------------------------------------
 Time       [T]      174.0000
----------------------------------------------------------
 Sub-region num.                     1
----------------------------------------------------------
 Area     [L]        0.10000E+01  0.10000E+01
 W-volume [L]        0.34210E+00  0.34210E+00
 In-flow  [L/T]      0.00000E+00  0.00000E+00
 h Mean   [L]       -0.15800E+00 -0.15800E+00
 Top Flux [L/T]      0.23842E-06
 Bot Flux [L/T]     -0.19073E-06
 WatBalT  [L]        0.35995E-04
 WatBalR  [%]             99.808
----------------------------------------------------------

----------------------------------------------------------
 Time       [T]      175.0000
----------------------------------------------------------
 Sub-region num.                     1
----------------------------------------------------------
 Area     [L]        0.10000E+01  0.10000E+01
 W-volume [L]        0.34210E+00  0.34210E+00
 In-flow  [L/T]      0.00000E+00  0.00000E+00
 h Mean   [L]       -0.15800E+00 -0.15800E+00
 Top Flux [L/T]      0.23842E-06
 Bot Flux [L/T]     -0.19073E-06
 WatBalT  [L]        0.36424E-04
 WatBalR  [%]             99.811
----------------------------------------------------------

----------------------------------------------------------
 Time       [T]      176.0000
----------------------------------------------------------
 Sub-region num.                     1
----------------------------------------------------------
 Area     [L]        0.10000E+01  0.10000E+01
 W-volume [L]        0.34210E+00  0.34210E+00
 In-flow  [L/T]      0.00000E+00  0.00000E+00
 h Mean   [L]       -0.15800E+00 -0.15800E+00
 Top Flux [L/T]      0.23842E-06
 Bot Flux [L/T]     -0.19073E-06
 WatBalT  [L]        0.36854E-04
 WatBalR  [%]             99.813
----------------------------------------------------------

----------------------------------------------------------
 Time       [T]      177.0000
----------------------------------------------------------
 Sub-region num.                     1
----------------------------------------------------------
 Area     [L]        0.10000E+01  0.10000E+01
 W-volume [L]        0.34210E+00  0.34210E+00
 In-flow  [L/T]      0.00000E+00  0.00000E+00
 h Mean   [L]       -0.15800E+00 -0.15800E+00
 Top Flux [L/T]      0.23842E-06
 Bot Flux [L/T]     -0.19073E-06
 WatBalT  [L]        0.37283E-04
 WatBalR  [%]             99.815
----------------------------------------------------------

----------------------------------------------------------
 Time       [T]      178.0000
----------------------------------------------------------
 Sub-region num.                     1
----------------------------------------------------------
 Area     [L]        0.10000E+01  0.10000E+01
 W-volume [L]        0.34210E+00  0.34210E+00
 In-flow  [L/T]      0.00000E+00  0.00000E+00
 h Mean   [L]       -0.15800E+00 -0.15800E+00
 Top Flux [L/T]      0.23842E-06
 Bot Flux [L/T]     -0.19073E-06
 WatBalT  [L]        0.37712E-04
 WatBalR  [%]             99.817
----------------------------------------------------------

----------------------------------------------------------
 Time       [T]      179.0000
----------------------------------------------------------
 Sub-region num.                     1
----------------------------------------------------------
 Area     [L]        0.10000E+01  0.10000E+01
 W-volume [L]        0.34210E+00  0.34210E+00
 In-flow  [L/T]      0.00000E+00  0.00000E+00
 h Mean   [L]       -0.15800E+00 -0.15800E+00
 Top Flux [L/T]      0.23842E-06
 Bot Flux [L/T]     -0.19073E-06
 WatBalT  [L]        0.38141E-04
 WatBalR  [%]             99.819
----------------------------------------------------------

----------------------------------------------------------
 Time       [T]      180.0000
----------------------------------------------------------
 Sub-region num.                     1
----------------------------------------------------------
 Area     [L]        0.10000E+01  0.10000E+01
 W-volume [L]        0.34210E+00  0.34210E+00
 In-flow  [L/T]      0.00000E+00  0.00000E+00
 h Mean   [L]       -0.15800E+00 -0.15800E+00
 Top Flux [L/T]      0.23842E-06
 Bot Flux [L/T]     -0.19073E-06
 WatBalT  [L]        0.38570E-04
 WatBalR  [%]             99.821
----------------------------------------------------------

----------------------------------------------------------
 Time       [T]      181.0000
----------------------------------------------------------
 Sub-region num.                     1
----------------------------------------------------------
 Area     [L]        0.10000E+01  0.10000E+01
 W-volume [L]        0.34210E+00  0.34210E+00
 In-flow  [L/T]      0.00000E+00  0.00000E+00
 h Mean   [L]       -0.15800E+00 -0.15800E+00
 Top Flux [L/T]      0.23842E-06
 Bot Flux [L/T]     -0.19073E-06
 WatBalT  [L]        0.38999E-04
 WatBalR  [%]             99.823
----------------------------------------------------------

----------------------------------------------------------
 Time       [T]      182.0000
----------------------------------------------------------
 Sub-region num.                     1
----------------------------------------------------------
 Area     [L]        0.10000E+01  0.10000E+01
 W-volume [L]        0.34210E+00  0.34210E+00
 In-flow  [L/T]      0.00000E+00  0.00000E+00
 h Mean   [L]       -0.15800E+00 -0.15800E+00
 Top Flux [L/T]      0.23842E-06
 Bot Flux [L/T]     -0.19073E-06
 WatBalT  [L]        0.39428E-04
 WatBalR  [%]             99.825
----------------------------------------------------------

----------------------------------------------------------
 Time       [T]      183.0000
----------------------------------------------------------
 Sub-region num.                     1
----------------------------------------------------------
 Area     [L]        0.10000E+01  0.10000E+01
 W-volume [L]        0.34210E+00  0.34210E+00
 In-flow  [L/T]      0.00000E+00  0.00000E+00
 h Mean   [L]       -0.15800E+00 -0.15800E+00
 Top Flux [L/T]      0.23842E-06
 Bot Flux [L/T]     -0.19073E-06
 WatBalT  [L]        0.39858E-04
 WatBalR  [%]             99.827
----------------------------------------------------------

----------------------------------------------------------
 Time       [T]      184.0000
----------------------------------------------------------
 Sub-region num.                     1
----------------------------------------------------------
 Area     [L]        0.10000E+01  0.10000E+01
 W-volume [L]        0.34210E+00  0.34210E+00
 In-flow  [L/T]      0.00000E+00  0.00000E+00
 h Mean   [L]       -0.15800E+00 -0.15800E+00
 Top Flux [L/T]      0.23842E-06
 Bot Flux [L/T]     -0.19073E-06
 WatBalT  [L]        0.40287E-04
 WatBalR  [%]             99.829
----------------------------------------------------------

----------------------------------------------------------
 Time       [T]      185.0000
----------------------------------------------------------
 Sub-region num.                     1
----------------------------------------------------------
 Area     [L]        0.10000E+01  0.10000E+01
 W-volume [L]        0.34210E+00  0.34210E+00
 In-flow  [L/T]      0.00000E+00  0.00000E+00
 h Mean   [L]       -0.15800E+00 -0.15800E+00
 Top Flux [L/T]      0.23842E-06
 Bot Flux [L/T]     -0.19073E-06
 WatBalT  [L]        0.40716E-04
 WatBalR  [%]             99.830
----------------------------------------------------------

----------------------------------------------------------
 Time       [T]      186.0000
----------------------------------------------------------
 Sub-region num.                     1
----------------------------------------------------------
 Area     [L]        0.10000E+01  0.10000E+01
 W-volume [L]        0.34210E+00  0.34210E+00
 In-flow  [L/T]      0.00000E+00  0.00000E+00
 h Mean   [L]       -0.15800E+00 -0.15800E+00
 Top Flux [L/T]      0.23842E-06
 Bot Flux [L/T]     -0.19073E-06
 WatBalT  [L]        0.41145E-04
 WatBalR  [%]             99.832
----------------------------------------------------------

----------------------------------------------------------
 Time       [T]      187.0000
----------------------------------------------------------
 Sub-region num.                     1
----------------------------------------------------------
 Area     [L]        0.10000E+01  0.10000E+01
 W-volume [L]        0.34210E+00  0.34210E+00
 In-flow  [L/T]      0.00000E+00  0.00000E+00
 h Mean   [L]       -0.15800E+00 -0.15800E+00
 Top Flux [L/T]      0.23842E-06
 Bot Flux [L/T]     -0.19073E-06
 WatBalT  [L]        0.41574E-04
 WatBalR  [%]             99.834
----------------------------------------------------------

----------------------------------------------------------
 Time       [T]      188.0000
----------------------------------------------------------
 Sub-region num.                     1
----------------------------------------------------------
 Area     [L]        0.10000E+01  0.10000E+01
 W-volume [L]        0.34210E+00  0.34210E+00
 In-flow  [L/T]      0.00000E+00  0.00000E+00
 h Mean   [L]       -0.15800E+00 -0.15800E+00
 Top Flux [L/T]      0.23842E-06
 Bot Flux [L/T]     -0.19073E-06
 WatBalT  [L]        0.42003E-04
 WatBalR  [%]             99.836
----------------------------------------------------------

----------------------------------------------------------
 Time       [T]      189.0000
----------------------------------------------------------
 Sub-region num.                     1
----------------------------------------------------------
 Area     [L]        0.10000E+01  0.10000E+01
 W-volume [L]        0.34210E+00  0.34210E+00
 In-flow  [L/T]      0.00000E+00  0.00000E+00
 h Mean   [L]       -0.15800E+00 -0.15800E+00
 Top Flux [L/T]      0.23842E-06
 Bot Flux [L/T]     -0.19073E-06
 WatBalT  [L]        0.42433E-04
 WatBalR  [%]             99.837
----------------------------------------------------------

----------------------------------------------------------
 Time       [T]      190.0000
----------------------------------------------------------
 Sub-region num.                     1
----------------------------------------------------------
 Area     [L]        0.10000E+01  0.10000E+01
 W-volume [L]        0.34210E+00  0.34210E+00
 In-flow  [L/T]      0.00000E+00  0.00000E+00
 h Mean   [L]       -0.15800E+00 -0.15800E+00
 Top Flux [L/T]      0.23842E-06
 Bot Flux [L/T]     -0.19073E-06
 WatBalT  [L]        0.42862E-04
 WatBalR  [%]             99.839
----------------------------------------------------------

----------------------------------------------------------
 Time       [T]      191.0000
----------------------------------------------------------
 Sub-region num.                     1
----------------------------------------------------------
 Area     [L]        0.10000E+01  0.10000E+01
 W-volume [L]        0.34210E+00  0.34210E+00
 In-flow  [L/T]      0.00000E+00  0.00000E+00
 h Mean   [L]       -0.15800E+00 -0.15800E+00
 Top Flux [L/T]      0.23842E-06
 Bot Flux [L/T]     -0.19073E-06
 WatBalT  [L]        0.43291E-04
 WatBalR  [%]             99.841
----------------------------------------------------------

----------------------------------------------------------
 Time       [T]      192.0000
----------------------------------------------------------
 Sub-region num.                     1
----------------------------------------------------------
 Area     [L]        0.10000E+01  0.10000E+01
 W-volume [L]        0.34210E+00  0.34210E+00
 In-flow  [L/T]      0.00000E+00  0.00000E+00
 h Mean   [L]       -0.15800E+00 -0.15800E+00
 Top Flux [L/T]      0.23842E-06
 Bot Flux [L/T]     -0.19073E-06
 WatBalT  [L]        0.43720E-04
 WatBalR  [%]             99.842
----------------------------------------------------------

----------------------------------------------------------
 Time       [T]      193.0000
----------------------------------------------------------
 Sub-region num.                     1
----------------------------------------------------------
 Area     [L]        0.10000E+01  0.10000E+01
 W-volume [L]        0.34210E+00  0.34210E+00
 In-flow  [L/T]      0.00000E+00  0.00000E+00
 h Mean   [L]       -0.15800E+00 -0.15800E+00
 Top Flux [L/T]      0.23842E-06
 Bot Flux [L/T]     -0.19073E-06
 WatBalT  [L]        0.44149E-04
 WatBalR  [%]             99.844
----------------------------------------------------------

----------------------------------------------------------
 Time       [T]      194.0000
----------------------------------------------------------
 Sub-region num.                     1
----------------------------------------------------------
 Area     [L]        0.10000E+01  0.10000E+01
 W-volume [L]        0.34210E+00  0.34210E+00
 In-flow  [L/T]      0.00000E+00  0.00000E+00
 h Mean   [L]       -0.15800E+00 -0.15800E+00
 Top Flux [L/T]      0.23842E-06
 Bot Flux [L/T]     -0.19073E-06
 WatBalT  [L]        0.44578E-04
 WatBalR  [%]             99.845
----------------------------------------------------------

----------------------------------------------------------
 Time       [T]      195.0000
----------------------------------------------------------
 Sub-region num.                     1
----------------------------------------------------------
 Area     [L]        0.10000E+01  0.10000E+01
 W-volume [L]        0.34210E+00  0.34210E+00
 In-flow  [L/T]      0.00000E+00  0.00000E+00
 h Mean   [L]       -0.15800E+00 -0.15800E+00
 Top Flux [L/T]      0.23842E-06
 Bot Flux [L/T]     -0.19073E-06
 WatBalT  [L]        0.45007E-04
 WatBalR  [%]             99.847
----------------------------------------------------------

----------------------------------------------------------
 Time       [T]      196.0000
----------------------------------------------------------
 Sub-region num.                     1
----------------------------------------------------------
 Area     [L]        0.10000E+01  0.10000E+01
 W-volume [L]        0.34210E+00  0.34210E+00
 In-flow  [L/T]      0.00000E+00  0.00000E+00
 h Mean   [L]       -0.15800E+00 -0.15800E+00
 Top Flux [L/T]      0.23842E-06
 Bot Flux [L/T]     -0.19073E-06
 WatBalT  [L]        0.45437E-04
 WatBalR  [%]             99.848
----------------------------------------------------------

----------------------------------------------------------
 Time       [T]      197.0000
----------------------------------------------------------
 Sub-region num.                     1
----------------------------------------------------------
 Area     [L]        0.10000E+01  0.10000E+01
 W-volume [L]        0.34210E+00  0.34210E+00
 In-flow  [L/T]      0.00000E+00  0.00000E+00
 h Mean   [L]       -0.15800E+00 -0.15800E+00
 Top Flux [L/T]      0.23842E-06
 Bot Flux [L/T]     -0.19073E-06
 WatBalT  [L]        0.45866E-04
 WatBalR  [%]             99.849
----------------------------------------------------------

----------------------------------------------------------
 Time       [T]      198.0000
----------------------------------------------------------
 Sub-region num.                     1
----------------------------------------------------------
 Area     [L]        0.10000E+01  0.10000E+01
 W-volume [L]        0.34210E+00  0.34210E+00
 In-flow  [L/T]      0.00000E+00  0.00000E+00
 h Mean   [L]       -0.15800E+00 -0.15800E+00
 Top Flux [L/T]      0.23842E-06
 Bot Flux [L/T]     -0.19073E-06
 WatBalT  [L]        0.46295E-04
 WatBalR  [%]             99.851
----------------------------------------------------------

----------------------------------------------------------
 Time       [T]      199.0000
----------------------------------------------------------
 Sub-region num.                     1
----------------------------------------------------------
 Area     [L]        0.10000E+01  0.10000E+01
 W-volume [L]        0.34210E+00  0.34210E+00
 In-flow  [L/T]      0.00000E+00  0.00000E+00
 h Mean   [L]       -0.15800E+00 -0.15800E+00
 Top Flux [L/T]      0.23842E-06
 Bot Flux [L/T]     -0.19073E-06
 WatBalT  [L]        0.46724E-04
 WatBalR  [%]             99.852
----------------------------------------------------------

----------------------------------------------------------
 Time       [T]      200.0000
----------------------------------------------------------
 Sub-region num.                     1
----------------------------------------------------------
 Area     [L]        0.10000E+01  0.10000E+01
 W-volume [L]        0.34210E+00  0.34210E+00
 In-flow  [L/T]      0.00000E+00  0.00000E+00
 h Mean   [L]       -0.15800E+00 -0.15800E+00
 Top Flux [L/T]      0.23842E-06
 Bot Flux [L/T]     -0.19073E-06
 WatBalT  [L]        0.47153E-04
 WatBalR  [%]             99.854
----------------------------------------------------------

----------------------------------------------------------
 Time       [T]      201.0000
----------------------------------------------------------
 Sub-region num.                     1
----------------------------------------------------------
 Area     [L]        0.10000E+01  0.10000E+01
 W-volume [L]        0.34210E+00  0.34210E+00
 In-flow  [L/T]      0.00000E+00  0.00000E+00
 h Mean   [L]       -0.15800E+00 -0.15800E+00
 Top Flux [L/T]      0.23842E-06
 Bot Flux [L/T]     -0.19073E-06
 WatBalT  [L]        0.47582E-04
 WatBalR  [%]             99.855
----------------------------------------------------------

----------------------------------------------------------
 Time       [T]      202.0000
----------------------------------------------------------
 Sub-region num.                     1
----------------------------------------------------------
 Area     [L]        0.10000E+01  0.10000E+01
 W-volume [L]        0.34210E+00  0.34210E+00
 In-flow  [L/T]      0.00000E+00  0.00000E+00
 h Mean   [L]       -0.15800E+00 -0.15800E+00
 Top Flux [L/T]      0.23842E-06
 Bot Flux [L/T]     -0.19073E-06
 WatBalT  [L]        0.48011E-04
 WatBalR  [%]             99.856
----------------------------------------------------------

----------------------------------------------------------
 Time       [T]      203.0000
----------------------------------------------------------
 Sub-region num.                     1
----------------------------------------------------------
 Area     [L]        0.10000E+01  0.10000E+01
 W-volume [L]        0.34210E+00  0.34210E+00
 In-flow  [L/T]      0.00000E+00  0.00000E+00
 h Mean   [L]       -0.15800E+00 -0.15800E+00
 Top Flux [L/T]      0.23842E-06
 Bot Flux [L/T]     -0.19073E-06
 WatBalT  [L]        0.48441E-04
 WatBalR  [%]             99.857
----------------------------------------------------------

----------------------------------------------------------
 Time       [T]      204.0000
----------------------------------------------------------
 Sub-region num.                     1
----------------------------------------------------------
 Area     [L]        0.10000E+01  0.10000E+01
 W-volume [L]        0.34210E+00  0.34210E+00
 In-flow  [L/T]      0.00000E+00  0.00000E+00
 h Mean   [L]       -0.15800E+00 -0.15800E+00
 Top Flux [L/T]      0.23842E-06
 Bot Flux [L/T]     -0.19073E-06
 WatBalT  [L]        0.48870E-04
 WatBalR  [%]             99.859
----------------------------------------------------------

----------------------------------------------------------
 Time       [T]      205.0000
----------------------------------------------------------
 Sub-region num.                     1
----------------------------------------------------------
 Area     [L]        0.10000E+01  0.10000E+01
 W-volume [L]        0.34210E+00  0.34210E+00
 In-flow  [L/T]      0.00000E+00  0.00000E+00
 h Mean   [L]       -0.15800E+00 -0.15800E+00
 Top Flux [L/T]      0.23842E-06
 Bot Flux [L/T]     -0.19073E-06
 WatBalT  [L]        0.49299E-04
 WatBalR  [%]             99.860
----------------------------------------------------------

----------------------------------------------------------
 Time       [T]      206.0000
----------------------------------------------------------
 Sub-region num.                     1
----------------------------------------------------------
 Area     [L]        0.10000E+01  0.10000E+01
 W-volume [L]        0.34210E+00  0.34210E+00
 In-flow  [L/T]      0.00000E+00  0.00000E+00
 h Mean   [L]       -0.15800E+00 -0.15800E+00
 Top Flux [L/T]      0.23842E-06
 Bot Flux [L/T]     -0.19073E-06
 WatBalT  [L]        0.49728E-04
 WatBalR  [%]             99.861
----------------------------------------------------------

----------------------------------------------------------
 Time       [T]      207.0000
----------------------------------------------------------
 Sub-region num.                     1
----------------------------------------------------------
 Area     [L]        0.10000E+01  0.10000E+01
 W-volume [L]        0.34210E+00  0.34210E+00
 In-flow  [L/T]      0.00000E+00  0.00000E+00
 h Mean   [L]       -0.15800E+00 -0.15800E+00
 Top Flux [L/T]      0.23842E-06
 Bot Flux [L/T]     -0.19073E-06
 WatBalT  [L]        0.50157E-04
 WatBalR  [%]             99.862
----------------------------------------------------------

----------------------------------------------------------
 Time       [T]      208.0000
----------------------------------------------------------
 Sub-region num.                     1
----------------------------------------------------------
 Area     [L]        0.10000E+01  0.10000E+01
 W-volume [L]        0.34210E+00  0.34210E+00
 In-flow  [L/T]      0.00000E+00  0.00000E+00
 h Mean   [L]       -0.15800E+00 -0.15800E+00
 Top Flux [L/T]      0.23842E-06
 Bot Flux [L/T]     -0.19073E-06
 WatBalT  [L]        0.50586E-04
 WatBalR  [%]             99.864
----------------------------------------------------------

----------------------------------------------------------
 Time       [T]      209.0000
----------------------------------------------------------
 Sub-region num.                     1
----------------------------------------------------------
 Area     [L]        0.10000E+01  0.10000E+01
 W-volume [L]        0.34210E+00  0.34210E+00
 In-flow  [L/T]      0.00000E+00  0.00000E+00
 h Mean   [L]       -0.15800E+00 -0.15800E+00
 Top Flux [L/T]      0.23842E-06
 Bot Flux [L/T]     -0.19073E-06
 WatBalT  [L]        0.51016E-04
 WatBalR  [%]             99.865
----------------------------------------------------------

----------------------------------------------------------
 Time       [T]      210.0000
----------------------------------------------------------
 Sub-region num.                     1
----------------------------------------------------------
 Area     [L]        0.10000E+01  0.10000E+01
 W-volume [L]        0.34210E+00  0.34210E+00
 In-flow  [L/T]      0.00000E+00  0.00000E+00
 h Mean   [L]       -0.15800E+00 -0.15800E+00
 Top Flux [L/T]      0.23842E-06
 Bot Flux [L/T]     -0.19073E-06
 WatBalT  [L]        0.51445E-04
 WatBalR  [%]             99.866
----------------------------------------------------------

----------------------------------------------------------
 Time       [T]      211.0000
----------------------------------------------------------
 Sub-region num.                     1
----------------------------------------------------------
 Area     [L]        0.10000E+01  0.10000E+01
 W-volume [L]        0.34210E+00  0.34210E+00
 In-flow  [L/T]      0.00000E+00  0.00000E+00
 h Mean   [L]       -0.15800E+00 -0.15800E+00
 Top Flux [L/T]      0.23842E-06
 Bot Flux [L/T]     -0.19073E-06
 WatBalT  [L]        0.51874E-04
 WatBalR  [%]             99.867
----------------------------------------------------------

----------------------------------------------------------
 Time       [T]      212.0000
----------------------------------------------------------
 Sub-region num.                     1
----------------------------------------------------------
 Area     [L]        0.10000E+01  0.10000E+01
 W-volume [L]        0.34210E+00  0.34210E+00
 In-flow  [L/T]      0.00000E+00  0.00000E+00
 h Mean   [L]       -0.15800E+00 -0.15800E+00
 Top Flux [L/T]      0.23842E-06
 Bot Flux [L/T]     -0.19073E-06
 WatBalT  [L]        0.52303E-04
 WatBalR  [%]             99.868
----------------------------------------------------------

----------------------------------------------------------
 Time       [T]      213.0000
----------------------------------------------------------
 Sub-region num.                     1
----------------------------------------------------------
 Area     [L]        0.10000E+01  0.10000E+01
 W-volume [L]        0.34210E+00  0.34210E+00
 In-flow  [L/T]      0.00000E+00  0.00000E+00
 h Mean   [L]       -0.15800E+00 -0.15800E+00
 Top Flux [L/T]      0.23842E-06
 Bot Flux [L/T]     -0.19073E-06
 WatBalT  [L]        0.52732E-04
 WatBalR  [%]             99.869
----------------------------------------------------------

----------------------------------------------------------
 Time       [T]      214.0000
----------------------------------------------------------
 Sub-region num.                     1
----------------------------------------------------------
 Area     [L]        0.10000E+01  0.10000E+01
 W-volume [L]        0.34210E+00  0.34210E+00
 In-flow  [L/T]      0.00000E+00  0.00000E+00
 h Mean   [L]       -0.15800E+00 -0.15800E+00
 Top Flux [L/T]      0.23842E-06
 Bot Flux [L/T]     -0.19073E-06
 WatBalT  [L]        0.53161E-04
 WatBalR  [%]             99.870
----------------------------------------------------------

----------------------------------------------------------
 Time       [T]      215.0000
----------------------------------------------------------
 Sub-region num.                     1
----------------------------------------------------------
 Area     [L]        0.10000E+01  0.10000E+01
 W-volume [L]        0.34210E+00  0.34210E+00
 In-flow  [L/T]      0.00000E+00  0.00000E+00
 h Mean   [L]       -0.15800E+00 -0.15800E+00
 Top Flux [L/T]      0.23842E-06
 Bot Flux [L/T]     -0.19073E-06
 WatBalT  [L]        0.53590E-04
 WatBalR  [%]             99.871
----------------------------------------------------------

----------------------------------------------------------
 Time       [T]      216.0000
----------------------------------------------------------
 Sub-region num.                     1
----------------------------------------------------------
 Area     [L]        0.10000E+01  0.10000E+01
 W-volume [L]        0.34210E+00  0.34210E+00
 In-flow  [L/T]      0.00000E+00  0.00000E+00
 h Mean   [L]       -0.15800E+00 -0.15800E+00
 Top Flux [L/T]      0.23842E-06
 Bot Flux [L/T]     -0.19073E-06
 WatBalT  [L]        0.54020E-04
 WatBalR  [%]             99.872
----------------------------------------------------------

----------------------------------------------------------
 Time       [T]      217.0000
----------------------------------------------------------
 Sub-region num.                     1
----------------------------------------------------------
 Area     [L]        0.10000E+01  0.10000E+01
 W-volume [L]        0.34210E+00  0.34210E+00
 In-flow  [L/T]      0.00000E+00  0.00000E+00
 h Mean   [L]       -0.15800E+00 -0.15800E+00
 Top Flux [L/T]      0.23842E-06
 Bot Flux [L/T]     -0.19073E-06
 WatBalT  [L]        0.54449E-04
 WatBalR  [%]             99.873
----------------------------------------------------------

----------------------------------------------------------
 Time       [T]      218.0000
----------------------------------------------------------
 Sub-region num.                     1
----------------------------------------------------------
 Area     [L]        0.10000E+01  0.10000E+01
 W-volume [L]        0.34210E+00  0.34210E+00
 In-flow  [L/T]      0.00000E+00  0.00000E+00
 h Mean   [L]       -0.15800E+00 -0.15800E+00
 Top Flux [L/T]      0.23842E-06
 Bot Flux [L/T]     -0.19073E-06
 WatBalT  [L]        0.54878E-04
 WatBalR  [%]             99.874
----------------------------------------------------------

----------------------------------------------------------
 Time       [T]      219.0000
----------------------------------------------------------
 Sub-region num.                     1
----------------------------------------------------------
 Area     [L]        0.10000E+01  0.10000E+01
 W-volume [L]        0.34210E+00  0.34210E+00
 In-flow  [L/T]      0.00000E+00  0.00000E+00
 h Mean   [L]       -0.15800E+00 -0.15800E+00
 Top Flux [L/T]      0.23842E-06
 Bot Flux [L/T]     -0.19073E-06
 WatBalT  [L]        0.55307E-04
 WatBalR  [%]             99.875
----------------------------------------------------------

----------------------------------------------------------
 Time       [T]      220.0000
----------------------------------------------------------
 Sub-region num.                     1
----------------------------------------------------------
 Area     [L]        0.10000E+01  0.10000E+01
 W-volume [L]        0.34210E+00  0.34210E+00
 In-flow  [L/T]      0.00000E+00  0.00000E+00
 h Mean   [L]       -0.15800E+00 -0.15800E+00
 Top Flux [L/T]      0.23842E-06
 Bot Flux [L/T]     -0.19073E-06
 WatBalT  [L]        0.55736E-04
 WatBalR  [%]             99.876
----------------------------------------------------------

----------------------------------------------------------
 Time       [T]      221.0000
----------------------------------------------------------
 Sub-region num.                     1
----------------------------------------------------------
 Area     [L]        0.10000E+01  0.10000E+01
 W-volume [L]        0.34210E+00  0.34210E+00
 In-flow  [L/T]      0.00000E+00  0.00000E+00
 h Mean   [L]       -0.15800E+00 -0.15800E+00
 Top Flux [L/T]      0.23842E-06
 Bot Flux [L/T]     -0.19073E-06
 WatBalT  [L]        0.56165E-04
 WatBalR  [%]             99.877
----------------------------------------------------------

----------------------------------------------------------
 Time       [T]      222.0000
----------------------------------------------------------
 Sub-region num.                     1
----------------------------------------------------------
 Area     [L]        0.10000E+01  0.10000E+01
 W-volume [L]        0.34210E+00  0.34210E+00
 In-flow  [L/T]      0.00000E+00  0.00000E+00
 h Mean   [L]       -0.15800E+00 -0.15800E+00
 Top Flux [L/T]      0.23842E-06
 Bot Flux [L/T]     -0.19073E-06
 WatBalT  [L]        0.56594E-04
 WatBalR  [%]             99.878
----------------------------------------------------------

----------------------------------------------------------
 Time       [T]      223.0000
----------------------------------------------------------
 Sub-region num.                     1
----------------------------------------------------------
 Area     [L]        0.10000E+01  0.10000E+01
 W-volume [L]        0.34210E+00  0.34210E+00
 In-flow  [L/T]      0.00000E+00  0.00000E+00
 h Mean   [L]       -0.15800E+00 -0.15800E+00
 Top Flux [L/T]      0.23842E-06
 Bot Flux [L/T]     -0.19073E-06
 WatBalT  [L]        0.57024E-04
 WatBalR  [%]             99.879
----------------------------------------------------------

----------------------------------------------------------
 Time       [T]      224.0000
----------------------------------------------------------
 Sub-region num.                     1
----------------------------------------------------------
 Area     [L]        0.10000E+01  0.10000E+01
 W-volume [L]        0.34210E+00  0.34210E+00
 In-flow  [L/T]      0.00000E+00  0.00000E+00
 h Mean   [L]       -0.15800E+00 -0.15800E+00
 Top Flux [L/T]      0.23842E-06
 Bot Flux [L/T]     -0.19073E-06
 WatBalT  [L]        0.57453E-04
 WatBalR  [%]             99.880
----------------------------------------------------------

----------------------------------------------------------
 Time       [T]      225.0000
----------------------------------------------------------
 Sub-region num.                     1
----------------------------------------------------------
 Area     [L]        0.10000E+01  0.10000E+01
 W-volume [L]        0.34210E+00  0.34210E+00
 In-flow  [L/T]      0.00000E+00  0.00000E+00
 h Mean   [L]       -0.15800E+00 -0.15800E+00
 Top Flux [L/T]      0.23842E-06
 Bot Flux [L/T]     -0.19073E-06
 WatBalT  [L]        0.57882E-04
 WatBalR  [%]             99.881
----------------------------------------------------------

----------------------------------------------------------
 Time       [T]      226.0000
----------------------------------------------------------
 Sub-region num.                     1
----------------------------------------------------------
 Area     [L]        0.10000E+01  0.10000E+01
 W-volume [L]        0.34210E+00  0.34210E+00
 In-flow  [L/T]      0.00000E+00  0.00000E+00
 h Mean   [L]       -0.15800E+00 -0.15800E+00
 Top Flux [L/T]      0.23842E-06
 Bot Flux [L/T]     -0.19073E-06
 WatBalT  [L]        0.58311E-04
 WatBalR  [%]             99.882
----------------------------------------------------------

----------------------------------------------------------
 Time       [T]      227.0000
----------------------------------------------------------
 Sub-region num.                     1
----------------------------------------------------------
 Area     [L]        0.10000E+01  0.10000E+01
 W-volume [L]        0.34210E+00  0.34210E+00
 In-flow  [L/T]      0.00000E+00  0.00000E+00
 h Mean   [L]       -0.15800E+00 -0.15800E+00
 Top Flux [L/T]      0.23842E-06
 Bot Flux [L/T]     -0.19073E-06
 WatBalT  [L]        0.58740E-04
 WatBalR  [%]             99.882
----------------------------------------------------------

----------------------------------------------------------
 Time       [T]      228.0000
----------------------------------------------------------
 Sub-region num.                     1
----------------------------------------------------------
 Area     [L]        0.10000E+01  0.10000E+01
 W-volume [L]        0.34210E+00  0.34210E+00
 In-flow  [L/T]      0.00000E+00  0.00000E+00
 h Mean   [L]       -0.15800E+00 -0.15800E+00
 Top Flux [L/T]      0.23842E-06
 Bot Flux [L/T]     -0.19073E-06
 WatBalT  [L]        0.59169E-04
 WatBalR  [%]             99.883
----------------------------------------------------------

----------------------------------------------------------
 Time       [T]      229.0000
----------------------------------------------------------
 Sub-region num.                     1
----------------------------------------------------------
 Area     [L]        0.10000E+01  0.10000E+01
 W-volume [L]        0.34210E+00  0.34210E+00
 In-flow  [L/T]      0.00000E+00  0.00000E+00
 h Mean   [L]       -0.15800E+00 -0.15800E+00
 Top Flux [L/T]      0.23842E-06
 Bot Flux [L/T]     -0.19073E-06
 WatBalT  [L]        0.59599E-04
 WatBalR  [%]             99.884
----------------------------------------------------------

----------------------------------------------------------
 Time       [T]      230.0000
----------------------------------------------------------
 Sub-region num.                     1
----------------------------------------------------------
 Area     [L]        0.10000E+01  0.10000E+01
 W-volume [L]        0.34210E+00  0.34210E+00
 In-flow  [L/T]      0.00000E+00  0.00000E+00
 h Mean   [L]       -0.15800E+00 -0.15800E+00
 Top Flux [L/T]      0.23842E-06
 Bot Flux [L/T]     -0.19073E-06
 WatBalT  [L]        0.60028E-04
 WatBalR  [%]             99.885
----------------------------------------------------------

----------------------------------------------------------
 Time       [T]      231.0000
----------------------------------------------------------
 Sub-region num.                     1
----------------------------------------------------------
 Area     [L]        0.10000E+01  0.10000E+01
 W-volume [L]        0.34210E+00  0.34210E+00
 In-flow  [L/T]      0.00000E+00  0.00000E+00
 h Mean   [L]       -0.15800E+00 -0.15800E+00
 Top Flux [L/T]      0.23842E-06
 Bot Flux [L/T]     -0.19073E-06
 WatBalT  [L]        0.60457E-04
 WatBalR  [%]             99.886
----------------------------------------------------------

----------------------------------------------------------
 Time       [T]      232.0000
----------------------------------------------------------
 Sub-region num.                     1
----------------------------------------------------------
 Area     [L]        0.10000E+01  0.10000E+01
 W-volume [L]        0.34210E+00  0.34210E+00
 In-flow  [L/T]      0.00000E+00  0.00000E+00
 h Mean   [L]       -0.15800E+00 -0.15800E+00
 Top Flux [L/T]      0.23842E-06
 Bot Flux [L/T]     -0.19073E-06
 WatBalT  [L]        0.60886E-04
 WatBalR  [%]             99.887
----------------------------------------------------------

----------------------------------------------------------
 Time       [T]      233.0000
----------------------------------------------------------
 Sub-region num.                     1
----------------------------------------------------------
 Area     [L]        0.10000E+01  0.10000E+01
 W-volume [L]        0.34210E+00  0.34210E+00
 In-flow  [L/T]      0.00000E+00  0.00000E+00
 h Mean   [L]       -0.15800E+00 -0.15800E+00
 Top Flux [L/T]      0.23842E-06
 Bot Flux [L/T]     -0.19073E-06
 WatBalT  [L]        0.61315E-04
 WatBalR  [%]             99.887
----------------------------------------------------------

----------------------------------------------------------
 Time       [T]      234.0000
----------------------------------------------------------
 Sub-region num.                     1
----------------------------------------------------------
 Area     [L]        0.10000E+01  0.10000E+01
 W-volume [L]        0.34210E+00  0.34210E+00
 In-flow  [L/T]      0.00000E+00  0.00000E+00
 h Mean   [L]       -0.15800E+00 -0.15800E+00
 Top Flux [L/T]      0.23842E-06
 Bot Flux [L/T]     -0.19073E-06
 WatBalT  [L]        0.61744E-04
 WatBalR  [%]             99.888
----------------------------------------------------------

----------------------------------------------------------
 Time       [T]      235.0000
----------------------------------------------------------
 Sub-region num.                     1
----------------------------------------------------------
 Area     [L]        0.10000E+01  0.10000E+01
 W-volume [L]        0.34210E+00  0.34210E+00
 In-flow  [L/T]      0.00000E+00  0.00000E+00
 h Mean   [L]       -0.15800E+00 -0.15800E+00
 Top Flux [L/T]      0.23842E-06
 Bot Flux [L/T]     -0.19073E-06
 WatBalT  [L]        0.62173E-04
 WatBalR  [%]             99.889
----------------------------------------------------------

----------------------------------------------------------
 Time       [T]      236.0000
----------------------------------------------------------
 Sub-region num.                     1
----------------------------------------------------------
 Area     [L]        0.10000E+01  0.10000E+01
 W-volume [L]        0.34210E+00  0.34210E+00
 In-flow  [L/T]      0.00000E+00  0.00000E+00
 h Mean   [L]       -0.15800E+00 -0.15800E+00
 Top Flux [L/T]      0.23842E-06
 Bot Flux [L/T]     -0.19073E-06
 WatBalT  [L]        0.62603E-04
 WatBalR  [%]             99.890
----------------------------------------------------------

----------------------------------------------------------
 Time       [T]      237.0000
----------------------------------------------------------
 Sub-region num.                     1
----------------------------------------------------------
 Area     [L]        0.10000E+01  0.10000E+01
 W-volume [L]        0.34210E+00  0.34210E+00
 In-flow  [L/T]      0.00000E+00  0.00000E+00
 h Mean   [L]       -0.15800E+00 -0.15800E+00
 Top Flux [L/T]      0.23842E-06
 Bot Flux [L/T]     -0.19073E-06
 WatBalT  [L]        0.63032E-04
 WatBalR  [%]             99.890
----------------------------------------------------------

----------------------------------------------------------
 Time       [T]      238.0000
----------------------------------------------------------
 Sub-region num.                     1
----------------------------------------------------------
 Area     [L]        0.10000E+01  0.10000E+01
 W-volume [L]        0.34210E+00  0.34210E+00
 In-flow  [L/T]      0.00000E+00  0.00000E+00
 h Mean   [L]       -0.15800E+00 -0.15800E+00
 Top Flux [L/T]      0.23842E-06
 Bot Flux [L/T]     -0.19073E-06
 WatBalT  [L]        0.63461E-04
 WatBalR  [%]             99.891
----------------------------------------------------------

----------------------------------------------------------
 Time       [T]      239.0000
----------------------------------------------------------
 Sub-region num.                     1
----------------------------------------------------------
 Area     [L]        0.10000E+01  0.10000E+01
 W-volume [L]        0.34210E+00  0.34210E+00
 In-flow  [L/T]      0.00000E+00  0.00000E+00
 h Mean   [L]       -0.15800E+00 -0.15800E+00
 Top Flux [L/T]      0.23842E-06
 Bot Flux [L/T]     -0.19073E-06
 WatBalT  [L]        0.63890E-04
 WatBalR  [%]             99.892
----------------------------------------------------------

----------------------------------------------------------
 Time       [T]      240.0000
----------------------------------------------------------
 Sub-region num.                     1
----------------------------------------------------------
 Area     [L]        0.10000E+01  0.10000E+01
 W-volume [L]        0.34210E+00  0.34210E+00
 In-flow  [L/T]      0.00000E+00  0.00000E+00
 h Mean   [L]       -0.15800E+00 -0.15800E+00
 Top Flux [L/T]      0.23842E-06
 Bot Flux [L/T]     -0.19073E-06
 WatBalT  [L]        0.64319E-04
 WatBalR  [%]             99.893
----------------------------------------------------------

----------------------------------------------------------
 Time       [T]      241.0000
----------------------------------------------------------
 Sub-region num.                     1
----------------------------------------------------------
 Area     [L]        0.10000E+01  0.10000E+01
 W-volume [L]        0.34210E+00  0.34210E+00
 In-flow  [L/T]      0.00000E+00  0.00000E+00
 h Mean   [L]       -0.15800E+00 -0.15800E+00
 Top Flux [L/T]      0.23842E-06
 Bot Flux [L/T]     -0.19073E-06
 WatBalT  [L]        0.64748E-04
 WatBalR  [%]             99.893
----------------------------------------------------------

----------------------------------------------------------
 Time       [T]      242.0000
----------------------------------------------------------
 Sub-region num.                     1
----------------------------------------------------------
 Area     [L]        0.10000E+01  0.10000E+01
 W-volume [L]        0.34210E+00  0.34210E+00
 In-flow  [L/T]      0.00000E+00  0.00000E+00
 h Mean   [L]       -0.15800E+00 -0.15800E+00
 Top Flux [L/T]      0.23842E-06
 Bot Flux [L/T]     -0.19073E-06
 WatBalT  [L]        0.65177E-04
 WatBalR  [%]             99.894
----------------------------------------------------------

----------------------------------------------------------
 Time       [T]      243.0000
----------------------------------------------------------
 Sub-region num.                     1
----------------------------------------------------------
 Area     [L]        0.10000E+01  0.10000E+01
 W-volume [L]        0.34210E+00  0.34210E+00
 In-flow  [L/T]      0.00000E+00  0.00000E+00
 h Mean   [L]       -0.15800E+00 -0.15800E+00
 Top Flux [L/T]      0.23842E-06
 Bot Flux [L/T]     -0.19073E-06
 WatBalT  [L]        0.65607E-04
 WatBalR  [%]             99.895
----------------------------------------------------------

----------------------------------------------------------
 Time       [T]      244.0000
----------------------------------------------------------
 Sub-region num.                     1
----------------------------------------------------------
 Area     [L]        0.10000E+01  0.10000E+01
 W-volume [L]        0.34210E+00  0.34210E+00
 In-flow  [L/T]      0.00000E+00  0.00000E+00
 h Mean   [L]       -0.15800E+00 -0.15800E+00
 Top Flux [L/T]      0.23842E-06
 Bot Flux [L/T]     -0.19073E-06
 WatBalT  [L]        0.66036E-04
 WatBalR  [%]             99.895
----------------------------------------------------------

----------------------------------------------------------
 Time       [T]      245.0000
----------------------------------------------------------
 Sub-region num.                     1
----------------------------------------------------------
 Area     [L]        0.10000E+01  0.10000E+01
 W-volume [L]        0.34210E+00  0.34210E+00
 In-flow  [L/T]      0.00000E+00  0.00000E+00
 h Mean   [L]       -0.15800E+00 -0.15800E+00
 Top Flux [L/T]      0.23842E-06
 Bot Flux [L/T]     -0.19073E-06
 WatBalT  [L]        0.66465E-04
 WatBalR  [%]             99.896
----------------------------------------------------------

----------------------------------------------------------
 Time       [T]      246.0000
----------------------------------------------------------
 Sub-region num.                     1
----------------------------------------------------------
 Area     [L]        0.10000E+01  0.10000E+01
 W-volume [L]        0.34210E+00  0.34210E+00
 In-flow  [L/T]      0.00000E+00  0.00000E+00
 h Mean   [L]       -0.15800E+00 -0.15800E+00
 Top Flux [L/T]      0.23842E-06
 Bot Flux [L/T]     -0.19073E-06
 WatBalT  [L]        0.66894E-04
 WatBalR  [%]             99.897
----------------------------------------------------------

----------------------------------------------------------
 Time       [T]      247.0000
----------------------------------------------------------
 Sub-region num.                     1
----------------------------------------------------------
 Area     [L]        0.10000E+01  0.10000E+01
 W-volume [L]        0.34210E+00  0.34210E+00
 In-flow  [L/T]      0.00000E+00  0.00000E+00
 h Mean   [L]       -0.15800E+00 -0.15800E+00
 Top Flux [L/T]      0.23842E-06
 Bot Flux [L/T]     -0.19073E-06
 WatBalT  [L]        0.67323E-04
 WatBalR  [%]             99.897
----------------------------------------------------------

----------------------------------------------------------
 Time       [T]      248.0000
----------------------------------------------------------
 Sub-region num.                     1
----------------------------------------------------------
 Area     [L]        0.10000E+01  0.10000E+01
 W-volume [L]        0.34210E+00  0.34210E+00
 In-flow  [L/T]      0.00000E+00  0.00000E+00
 h Mean   [L]       -0.15800E+00 -0.15800E+00
 Top Flux [L/T]      0.23842E-06
 Bot Flux [L/T]     -0.19073E-06
 WatBalT  [L]        0.67752E-04
 WatBalR  [%]             99.898
----------------------------------------------------------

----------------------------------------------------------
 Time       [T]      249.0000
----------------------------------------------------------
 Sub-region num.                     1
----------------------------------------------------------
 Area     [L]        0.10000E+01  0.10000E+01
 W-volume [L]        0.34210E+00  0.34210E+00
 In-flow  [L/T]      0.00000E+00  0.00000E+00
 h Mean   [L]       -0.15800E+00 -0.15800E+00
 Top Flux [L/T]      0.23842E-06
 Bot Flux [L/T]     -0.19073E-06
 WatBalT  [L]        0.68182E-04
 WatBalR  [%]             99.899
----------------------------------------------------------

----------------------------------------------------------
 Time       [T]      250.0000
----------------------------------------------------------
 Sub-region num.                     1
----------------------------------------------------------
 Area     [L]        0.10000E+01  0.10000E+01
 W-volume [L]        0.34210E+00  0.34210E+00
 In-flow  [L/T]      0.00000E+00  0.00000E+00
 h Mean   [L]       -0.15800E+00 -0.15800E+00
 Top Flux [L/T]      0.23842E-06
 Bot Flux [L/T]     -0.19073E-06
 WatBalT  [L]        0.68611E-04
 WatBalR  [%]             99.899
----------------------------------------------------------

----------------------------------------------------------
 Time       [T]      251.0000
----------------------------------------------------------
 Sub-region num.                     1
----------------------------------------------------------
 Area     [L]        0.10000E+01  0.10000E+01
 W-volume [L]        0.34210E+00  0.34210E+00
 In-flow  [L/T]      0.00000E+00  0.00000E+00
 h Mean   [L]       -0.15800E+00 -0.15800E+00
 Top Flux [L/T]      0.23842E-06
 Bot Flux [L/T]     -0.19073E-06
 WatBalT  [L]        0.69040E-04
 WatBalR  [%]             99.900
----------------------------------------------------------

----------------------------------------------------------
 Time       [T]      252.0000
----------------------------------------------------------
 Sub-region num.                     1
----------------------------------------------------------
 Area     [L]        0.10000E+01  0.10000E+01
 W-volume [L]        0.34210E+00  0.34210E+00
 In-flow  [L/T]      0.00000E+00  0.00000E+00
 h Mean   [L]       -0.15800E+00 -0.15800E+00
 Top Flux [L/T]      0.23842E-06
 Bot Flux [L/T]     -0.19073E-06
 WatBalT  [L]        0.69469E-04
 WatBalR  [%]             99.901
----------------------------------------------------------

----------------------------------------------------------
 Time       [T]      253.0000
----------------------------------------------------------
 Sub-region num.                     1
----------------------------------------------------------
 Area     [L]        0.10000E+01  0.10000E+01
 W-volume [L]        0.34210E+00  0.34210E+00
 In-flow  [L/T]      0.00000E+00  0.00000E+00
 h Mean   [L]       -0.15800E+00 -0.15800E+00
 Top Flux [L/T]      0.23842E-06
 Bot Flux [L/T]     -0.19073E-06
 WatBalT  [L]        0.69898E-04
 WatBalR  [%]             99.901
----------------------------------------------------------

----------------------------------------------------------
 Time       [T]      254.0000
----------------------------------------------------------
 Sub-region num.                     1
----------------------------------------------------------
 Area     [L]        0.10000E+01  0.10000E+01
 W-volume [L]        0.34210E+00  0.34210E+00
 In-flow  [L/T]      0.00000E+00  0.00000E+00
 h Mean   [L]       -0.15800E+00 -0.15800E+00
 Top Flux [L/T]      0.23842E-06
 Bot Flux [L/T]     -0.19073E-06
 WatBalT  [L]        0.70327E-04
 WatBalR  [%]             99.902
----------------------------------------------------------

----------------------------------------------------------
 Time       [T]      255.0000
----------------------------------------------------------
 Sub-region num.                     1
----------------------------------------------------------
 Area     [L]        0.10000E+01  0.10000E+01
 W-volume [L]        0.34210E+00  0.34210E+00
 In-flow  [L/T]      0.00000E+00  0.00000E+00
 h Mean   [L]       -0.15800E+00 -0.15800E+00
 Top Flux [L/T]      0.23842E-06
 Bot Flux [L/T]     -0.19073E-06
 WatBalT  [L]        0.70756E-04
 WatBalR  [%]             99.902
----------------------------------------------------------

----------------------------------------------------------
 Time       [T]      256.0000
----------------------------------------------------------
 Sub-region num.                     1
----------------------------------------------------------
 Area     [L]        0.10000E+01  0.10000E+01
 W-volume [L]        0.34210E+00  0.34210E+00
 In-flow  [L/T]      0.00000E+00  0.00000E+00
 h Mean   [L]       -0.15800E+00 -0.15800E+00
 Top Flux [L/T]      0.23842E-06
 Bot Flux [L/T]     -0.19073E-06
 WatBalT  [L]        0.71186E-04
 WatBalR  [%]             99.903
----------------------------------------------------------

----------------------------------------------------------
 Time       [T]      257.0000
----------------------------------------------------------
 Sub-region num.                     1
----------------------------------------------------------
 Area     [L]        0.10000E+01  0.10000E+01
 W-volume [L]        0.34210E+00  0.34210E+00
 In-flow  [L/T]      0.00000E+00  0.00000E+00
 h Mean   [L]       -0.15800E+00 -0.15800E+00
 Top Flux [L/T]      0.23842E-06
 Bot Flux [L/T]     -0.19073E-06
 WatBalT  [L]        0.71615E-04
 WatBalR  [%]             99.904
----------------------------------------------------------

----------------------------------------------------------
 Time       [T]      258.0000
----------------------------------------------------------
 Sub-region num.                     1
----------------------------------------------------------
 Area     [L]        0.10000E+01  0.10000E+01
 W-volume [L]        0.34210E+00  0.34210E+00
 In-flow  [L/T]      0.00000E+00  0.00000E+00
 h Mean   [L]       -0.15800E+00 -0.15800E+00
 Top Flux [L/T]      0.23842E-06
 Bot Flux [L/T]     -0.19073E-06
 WatBalT  [L]        0.72044E-04
 WatBalR  [%]             99.904
----------------------------------------------------------

----------------------------------------------------------
 Time       [T]      259.0000
----------------------------------------------------------
 Sub-region num.                     1
----------------------------------------------------------
 Area     [L]        0.10000E+01  0.10000E+01
 W-volume [L]        0.34210E+00  0.34210E+00
 In-flow  [L/T]      0.00000E+00  0.00000E+00
 h Mean   [L]       -0.15800E+00 -0.15800E+00
 Top Flux [L/T]      0.23842E-06
 Bot Flux [L/T]     -0.19073E-06
 WatBalT  [L]        0.72473E-04
 WatBalR  [%]             99.905
----------------------------------------------------------

----------------------------------------------------------
 Time       [T]      260.0000
----------------------------------------------------------
 Sub-region num.                     1
----------------------------------------------------------
 Area     [L]        0.10000E+01  0.10000E+01
 W-volume [L]        0.34210E+00  0.34210E+00
 In-flow  [L/T]      0.00000E+00  0.00000E+00
 h Mean   [L]       -0.15800E+00 -0.15800E+00
 Top Flux [L/T]      0.23842E-06
 Bot Flux [L/T]     -0.19073E-06
 WatBalT  [L]        0.72902E-04
 WatBalR  [%]             99.905
----------------------------------------------------------

----------------------------------------------------------
 Time       [T]      261.0000
----------------------------------------------------------
 Sub-region num.                     1
----------------------------------------------------------
 Area     [L]        0.10000E+01  0.10000E+01
 W-volume [L]        0.34210E+00  0.34210E+00
 In-flow  [L/T]      0.00000E+00  0.00000E+00
 h Mean   [L]       -0.15800E+00 -0.15800E+00
 Top Flux [L/T]      0.23842E-06
 Bot Flux [L/T]     -0.19073E-06
 WatBalT  [L]        0.73331E-04
 WatBalR  [%]             99.906
----------------------------------------------------------

----------------------------------------------------------
 Time       [T]      262.0000
----------------------------------------------------------
 Sub-region num.                     1
----------------------------------------------------------
 Area     [L]        0.10000E+01  0.10000E+01
 W-volume [L]        0.34210E+00  0.34210E+00
 In-flow  [L/T]      0.00000E+00  0.00000E+00
 h Mean   [L]       -0.15800E+00 -0.15800E+00
 Top Flux [L/T]      0.23842E-06
 Bot Flux [L/T]     -0.19073E-06
 WatBalT  [L]        0.73760E-04
 WatBalR  [%]             99.906
----------------------------------------------------------

----------------------------------------------------------
 Time       [T]      263.0000
----------------------------------------------------------
 Sub-region num.                     1
----------------------------------------------------------
 Area     [L]        0.10000E+01  0.10000E+01
 W-volume [L]        0.34210E+00  0.34210E+00
 In-flow  [L/T]      0.00000E+00  0.00000E+00
 h Mean   [L]       -0.15800E+00 -0.15800E+00
 Top Flux [L/T]      0.23842E-06
 Bot Flux [L/T]     -0.19073E-06
 WatBalT  [L]        0.74190E-04
 WatBalR  [%]             99.907
----------------------------------------------------------

----------------------------------------------------------
 Time       [T]      264.0000
----------------------------------------------------------
 Sub-region num.                     1
----------------------------------------------------------
 Area     [L]        0.10000E+01  0.10000E+01
 W-volume [L]        0.34210E+00  0.34210E+00
 In-flow  [L/T]      0.00000E+00  0.00000E+00
 h Mean   [L]       -0.15800E+00 -0.15800E+00
 Top Flux [L/T]      0.23842E-06
 Bot Flux [L/T]     -0.19073E-06
 WatBalT  [L]        0.74619E-04
 WatBalR  [%]             99.907
----------------------------------------------------------

----------------------------------------------------------
 Time       [T]      265.0000
----------------------------------------------------------
 Sub-region num.                     1
----------------------------------------------------------
 Area     [L]        0.10000E+01  0.10000E+01
 W-volume [L]        0.34210E+00  0.34210E+00
 In-flow  [L/T]      0.00000E+00  0.00000E+00
 h Mean   [L]       -0.15800E+00 -0.15800E+00
 Top Flux [L/T]      0.23842E-06
 Bot Flux [L/T]     -0.19073E-06
 WatBalT  [L]        0.75048E-04
 WatBalR  [%]             99.908
----------------------------------------------------------

----------------------------------------------------------
 Time       [T]      266.0000
----------------------------------------------------------
 Sub-region num.                     1
----------------------------------------------------------
 Area     [L]        0.10000E+01  0.10000E+01
 W-volume [L]        0.34210E+00  0.34210E+00
 In-flow  [L/T]      0.00000E+00  0.00000E+00
 h Mean   [L]       -0.15800E+00 -0.15800E+00
 Top Flux [L/T]      0.23842E-06
 Bot Flux [L/T]     -0.19073E-06
 WatBalT  [L]        0.75477E-04
 WatBalR  [%]             99.908
----------------------------------------------------------

----------------------------------------------------------
 Time       [T]      267.0000
----------------------------------------------------------
 Sub-region num.                     1
----------------------------------------------------------
 Area     [L]        0.10000E+01  0.10000E+01
 W-volume [L]        0.34210E+00  0.34210E+00
 In-flow  [L/T]      0.00000E+00  0.00000E+00
 h Mean   [L]       -0.15800E+00 -0.15800E+00
 Top Flux [L/T]      0.23842E-06
 Bot Flux [L/T]     -0.19073E-06
 WatBalT  [L]        0.75906E-04
 WatBalR  [%]             99.909
----------------------------------------------------------

----------------------------------------------------------
 Time       [T]      268.0000
----------------------------------------------------------
 Sub-region num.                     1
----------------------------------------------------------
 Area     [L]        0.10000E+01  0.10000E+01
 W-volume [L]        0.34210E+00  0.34210E+00
 In-flow  [L/T]      0.00000E+00  0.00000E+00
 h Mean   [L]       -0.15800E+00 -0.15800E+00
 Top Flux [L/T]      0.23842E-06
 Bot Flux [L/T]     -0.19073E-06
 WatBalT  [L]        0.76335E-04
 WatBalR  [%]             99.910
----------------------------------------------------------

----------------------------------------------------------
 Time       [T]      269.0000
----------------------------------------------------------
 Sub-region num.                     1
----------------------------------------------------------
 Area     [L]        0.10000E+01  0.10000E+01
 W-volume [L]        0.34210E+00  0.34210E+00
 In-flow  [L/T]      0.00000E+00  0.00000E+00
 h Mean   [L]       -0.15800E+00 -0.15800E+00
 Top Flux [L/T]      0.23842E-06
 Bot Flux [L/T]     -0.19073E-06
 WatBalT  [L]        0.76765E-04
 WatBalR  [%]             99.910
----------------------------------------------------------

----------------------------------------------------------
 Time       [T]      270.0000
----------------------------------------------------------
 Sub-region num.                     1
----------------------------------------------------------
 Area     [L]        0.10000E+01  0.10000E+01
 W-volume [L]        0.34210E+00  0.34210E+00
 In-flow  [L/T]      0.00000E+00  0.00000E+00
 h Mean   [L]       -0.15800E+00 -0.15800E+00
 Top Flux [L/T]      0.23842E-06
 Bot Flux [L/T]     -0.19073E-06
 WatBalT  [L]        0.77194E-04
 WatBalR  [%]             99.911
----------------------------------------------------------

----------------------------------------------------------
 Time       [T]      271.0000
----------------------------------------------------------
 Sub-region num.                     1
----------------------------------------------------------
 Area     [L]        0.10000E+01  0.10000E+01
 W-volume [L]        0.34210E+00  0.34210E+00
 In-flow  [L/T]      0.00000E+00  0.00000E+00
 h Mean   [L]       -0.15800E+00 -0.15800E+00
 Top Flux [L/T]      0.23842E-06
 Bot Flux [L/T]     -0.19073E-06
 WatBalT  [L]        0.77623E-04
 WatBalR  [%]             99.911
----------------------------------------------------------

----------------------------------------------------------
 Time       [T]      272.0000
----------------------------------------------------------
 Sub-region num.                     1
----------------------------------------------------------
 Area     [L]        0.10000E+01  0.10000E+01
 W-volume [L]        0.34210E+00  0.34210E+00
 In-flow  [L/T]      0.00000E+00  0.00000E+00
 h Mean   [L]       -0.15800E+00 -0.15800E+00
 Top Flux [L/T]      0.23842E-06
 Bot Flux [L/T]     -0.19073E-06
 WatBalT  [L]        0.78052E-04
 WatBalR  [%]             99.911
----------------------------------------------------------

----------------------------------------------------------
 Time       [T]      273.0000
----------------------------------------------------------
 Sub-region num.                     1
----------------------------------------------------------
 Area     [L]        0.10000E+01  0.10000E+01
 W-volume [L]        0.34210E+00  0.34210E+00
 In-flow  [L/T]      0.00000E+00  0.00000E+00
 h Mean   [L]       -0.15800E+00 -0.15800E+00
 Top Flux [L/T]      0.23842E-06
 Bot Flux [L/T]     -0.19073E-06
 WatBalT  [L]        0.78481E-04
 WatBalR  [%]             99.912
----------------------------------------------------------

 Calculation time [sec]  -2142220675.0000000     
