 ******* Program HYDRUS
 ******* Infiltration and drainage in a large caisson                            
 Date:   1. 1.    Time: ***: 0:**
 Units: L = cm   , T = min  , M = mmol 

 CosAlf,MaxIt,TolTh,  TolH
 1.000   10   0.001 1.00000

 TopInF,BotInF,AtmBC,SinkF,WLayer,qGWLF,FreeD,SeepF,lWat,lChem,lTemp,lRoot,lWDep
     F     F     F     F     F     F     F     F     T     F     F     F     F

Nodal point information

node      x         hOld    MatN LayN  Beta      Ah       AK      ATh     Temp    Conc(1...NS)         Sorb(1...NS)

   1      0.000      0.342    1    1   0.000    1.000    1.000    1.000
   2     -0.100      0.342    1    1   0.000    1.000    1.000    1.000
   3     -0.200      0.342    1    1   0.000    1.000    1.000    1.000
   4     -0.300      0.342    1    1   0.000    1.000    1.000    1.000
   5     -0.400      0.342    2    1   0.000    1.000    1.000    1.000
   6     -0.500      0.342    2    1   0.000    1.000    1.000    1.000
   7     -0.600      0.342    2    1   0.000    1.000    1.000    1.000
   8     -0.700      0.342    2    1   0.000    1.000    1.000    1.000
   9     -0.800      0.342    2    1   0.000    1.000    1.000    1.000
  10     -0.900      0.342    2    1   0.000    1.000    1.000    1.000
  11     -1.000      0.342    2    1   0.000    1.000    1.000    1.000
end

 Number of species in the chain :   0


MatNum, Param. array:

   Mat     Qr     Qs        Alfa         n          Ks      l

    1    0.080  0.342   0.300E-01   0.500E+01   0.100E+01 -0.500
    2    0.080  0.342   0.300E-01   0.500E+01   0.100E+00 -0.500

       Table of Hydraulic Properties which are interpolated in simulation
       =================================================================

  theta         h        log h        C             K        log K          S          Kv

  0.3421  -0.100E-05 -0.6000E+01  0.0000E+00  0.1000E+01  0.0000E+00    1.0000  0.0000E+00
  0.3421  -0.126E-05 -0.5899E+01  0.0000E+00  0.1000E+01  0.0000E+00    1.0000  0.0000E+00
  0.3421  -0.159E-05 -0.5798E+01  0.0000E+00  0.1000E+01  0.0000E+00    1.0000  0.0000E+00
  0.3421  -0.201E-05 -0.5697E+01  0.0000E+00  0.1000E+01  0.0000E+00    1.0000  0.0000E+00
  0.3421  -0.254E-05 -0.5596E+01  0.0000E+00  0.1000E+01  0.0000E+00    1.0000  0.0000E+00
  0.3421  -0.320E-05 -0.5495E+01  0.0000E+00  0.1000E+01  0.0000E+00    1.0000  0.0000E+00
  0.3421  -0.404E-05 -0.5394E+01  0.0000E+00  0.1000E+01  0.0000E+00    1.0000  0.0000E+00
  0.3421  -0.509E-05 -0.5293E+01  0.0000E+00  0.1000E+01  0.0000E+00    1.0000  0.0000E+00
  0.3421  -0.643E-05 -0.5192E+01  0.0000E+00  0.1000E+01  0.0000E+00    1.0000  0.0000E+00
  0.3421  -0.811E-05 -0.5091E+01  0.0000E+00  0.1000E+01  0.0000E+00    1.0000  0.0000E+00
  0.3421  -0.102E-04 -0.4990E+01  0.0000E+00  0.1000E+01  0.0000E+00    1.0000  0.0000E+00
  0.3421  -0.129E-04 -0.4889E+01  0.0000E+00  0.1000E+01  0.0000E+00    1.0000  0.0000E+00
  0.3421  -0.163E-04 -0.4788E+01  0.0000E+00  0.1000E+01  0.0000E+00    1.0000  0.0000E+00
  0.3421  -0.206E-04 -0.4687E+01  0.0000E+00  0.1000E+01  0.0000E+00    1.0000  0.0000E+00
  0.3421  -0.260E-04 -0.4586E+01  0.0000E+00  0.1000E+01  0.0000E+00    1.0000  0.0000E+00
  0.3421  -0.327E-04 -0.4485E+01  0.0000E+00  0.1000E+01  0.0000E+00    1.0000  0.0000E+00
  0.3421  -0.413E-04 -0.4384E+01  0.0000E+00  0.1000E+01  0.0000E+00    1.0000  0.0000E+00
  0.3421  -0.521E-04 -0.4283E+01  0.0000E+00  0.1000E+01  0.0000E+00    1.0000  0.0000E+00
  0.3421  -0.658E-04 -0.4182E+01  0.0000E+00  0.1000E+01  0.0000E+00    1.0000  0.0000E+00
  0.3421  -0.830E-04 -0.4081E+01  0.0000E+00  0.1000E+01  0.0000E+00    1.0000  0.0000E+00
  0.3421  -0.105E-03 -0.3980E+01  0.0000E+00  0.1000E+01  0.0000E+00    1.0000  0.0000E+00
  0.3421  -0.132E-03 -0.3879E+01  0.0000E+00  0.1000E+01  0.0000E+00    1.0000  0.0000E+00
  0.3421  -0.167E-03 -0.3778E+01  0.0000E+00  0.1000E+01  0.0000E+00    1.0000  0.0000E+00
  0.3421  -0.210E-03 -0.3677E+01  0.0000E+00  0.1000E+01  0.0000E+00    1.0000  0.0000E+00
  0.3421  -0.266E-03 -0.3576E+01  0.0000E+00  0.1000E+01  0.0000E+00    1.0000  0.0000E+00
  0.3421  -0.335E-03 -0.3475E+01  0.0000E+00  0.1000E+01  0.0000E+00    1.0000  0.0000E+00
  0.3421  -0.423E-03 -0.3374E+01  0.0000E+00  0.1000E+01  0.0000E+00    1.0000  0.0000E+00
  0.3421  -0.534E-03 -0.3273E+01  0.0000E+00  0.1000E+01  0.0000E+00    1.0000  0.0000E+00
  0.3421  -0.673E-03 -0.3172E+01  0.0000E+00  0.1000E+01  0.0000E+00    1.0000  0.0000E+00
  0.3421  -0.850E-03 -0.3071E+01  0.0000E+00  0.1000E+01  0.0000E+00    1.0000  0.0000E+00
  0.3421  -0.107E-02 -0.2970E+01  0.0000E+00  0.1000E+01  0.0000E+00    1.0000  0.0000E+00
  0.3421  -0.135E-02 -0.2869E+01  0.0000E+00  0.1000E+01  0.0000E+00    1.0000  0.0000E+00
  0.3421  -0.171E-02 -0.2768E+01  0.0000E+00  0.1000E+01  0.0000E+00    1.0000  0.0000E+00
  0.3421  -0.215E-02 -0.2667E+01  0.0000E+00  0.1000E+01  0.0000E+00    1.0000  0.0000E+00
  0.3421  -0.272E-02 -0.2566E+01  0.0000E+00  0.1000E+01  0.0000E+00    1.0000  0.0000E+00
  0.3421  -0.343E-02 -0.2465E+01  0.0000E+00  0.1000E+01  0.0000E+00    1.0000  0.0000E+00
  0.3421  -0.433E-02 -0.2364E+01  0.0000E+00  0.1000E+01  0.0000E+00    1.0000  0.0000E+00
  0.3421  -0.546E-02 -0.2263E+01  0.0000E+00  0.1000E+01  0.0000E+00    1.0000  0.0000E+00
  0.3421  -0.689E-02 -0.2162E+01  0.0000E+00  0.1000E+01  0.0000E+00    1.0000  0.0000E+00
  0.3421  -0.870E-02 -0.2061E+01  0.0000E+00  0.1000E+01  0.0000E+00    1.0000  0.0000E+00
  0.3421  -0.110E-01 -0.1960E+01  0.0000E+00  0.1000E+01  0.0000E+00    1.0000  0.0000E+00
  0.3421  -0.138E-01 -0.1859E+01  0.0000E+00  0.1000E+01  0.0000E+00    1.0000  0.0000E+00
  0.3421  -0.175E-01 -0.1758E+01  0.0000E+00  0.1000E+01  0.0000E+00    1.0000  0.0000E+00
  0.3421  -0.221E-01 -0.1657E+01  0.0000E+00  0.1000E+01  0.0000E+00    1.0000  0.0000E+00
  0.3421  -0.278E-01 -0.1556E+01  0.0000E+00  0.1000E+01  0.0000E+00    1.0000  0.0000E+00
  0.3421  -0.351E-01 -0.1455E+01  0.0000E+00  0.1000E+01  0.0000E+00    1.0000  0.0000E+00
  0.3421  -0.443E-01 -0.1354E+01  0.9817E-13  0.1000E+01  0.0000E+00    1.0000  0.0000E+00
  0.3421  -0.559E-01 -0.1253E+01  0.2489E-12  0.1000E+01  0.0000E+00    1.0000  0.0000E+00
  0.3421  -0.705E-01 -0.1152E+01  0.6311E-12  0.1000E+01  0.0000E+00    1.0000  0.0000E+00
  0.3421  -0.890E-01 -0.1051E+01  0.1600E-11  0.1000E+01  0.0000E+00    1.0000  0.0000E+00
  0.3421  -0.112E+00 -0.9495E+00  0.4057E-11  0.1000E+01  0.0000E+00    1.0000  0.0000E+00
  0.3421  -0.142E+00 -0.8485E+00  0.1028E-10  0.1000E+01  0.0000E+00    1.0000  0.0000E+00
  0.3421  -0.179E+00 -0.7475E+00  0.2608E-10  0.1000E+01  0.0000E+00    1.0000  0.0000E+00
  0.3421  -0.226E+00 -0.6465E+00  0.6611E-10  0.1000E+01  0.0000E+00    1.0000  0.0000E+00
  0.3421  -0.285E+00 -0.5455E+00  0.1676E-09  0.1000E+01  0.0000E+00    1.0000  0.0000E+00
  0.3421  -0.359E+00 -0.4444E+00  0.4250E-09  0.1000E+01  0.0000E+00    1.0000  0.0000E+00
  0.3421  -0.453E+00 -0.3434E+00  0.1077E-08  0.1000E+01 -0.2589E-07    1.0000  0.0000E+00
  0.3421  -0.572E+00 -0.2424E+00  0.2732E-08  0.1000E+01 -0.7766E-07    1.0000  0.0000E+00
  0.3421  -0.722E+00 -0.1414E+00  0.6926E-08  0.1000E+01 -0.1812E-06    1.0000  0.0000E+00
  0.3421  -0.911E+00 -0.4040E-01  0.1756E-07  0.1000E+01 -0.4918E-06    1.0000  0.0000E+00
  0.3421  -0.115E+01  0.6061E-01  0.4452E-07  0.1000E+01 -0.1217E-05    1.0000  0.0000E+00
  0.3421  -0.145E+01  0.1616E+00  0.1129E-06  0.1000E+01 -0.3080E-05    1.0000  0.1290E-33
  0.3421  -0.183E+01  0.2626E+00  0.2862E-06  0.1000E+01 -0.7818E-05    1.0000  0.1311E-31
  0.3421  -0.231E+01  0.3636E+00  0.7256E-06  0.1000E+01 -0.1975E-04    1.0000  0.3819E-30
  0.3421  -0.292E+01  0.4646E+00  0.1840E-05  0.9999E+00 -0.4991E-04    1.0000  0.1987E-28
  0.3421  -0.368E+01  0.5657E+00  0.4664E-05  0.9997E+00 -0.1260E-03    1.0000  0.9541E-27
  0.3421  -0.464E+01  0.6667E+00  0.1182E-04  0.9993E+00 -0.3175E-03    1.0000  0.4607E-25
  0.3421  -0.586E+01  0.7677E+00  0.2997E-04  0.9982E+00 -0.7991E-03    0.9999  0.2227E-23
  0.3420  -0.739E+01  0.8687E+00  0.7594E-04  0.9954E+00 -0.2008E-02    0.9996  0.1074E-21
  0.3417  -0.933E+01  0.9697E+00  0.1921E-03  0.9885E+00 -0.5034E-02    0.9986  0.5165E-20
  0.3410  -0.118E+02  0.1071E+01  0.4838E-03  0.9714E+00 -0.1259E-01    0.9956  0.2464E-18
  0.3385  -0.148E+02  0.1172E+01  0.1201E-02  0.9303E+00 -0.3139E-01    0.9862  0.1147E-16
  0.3309  -0.187E+02  0.1273E+01  0.2847E-02  0.8360E+00 -0.7778E-01    0.9572  0.4949E-15
  0.3097  -0.236E+02  0.1374E+01  0.5915E-02  0.6469E+00 -0.1892E+00    0.8762  0.1712E-13
  0.2623  -0.298E+02  0.1475E+01  0.8917E-02  0.3675E+00 -0.4348E+00    0.6955  0.3442E-12
  0.1938  -0.376E+02  0.1576E+01  0.7829E-02  0.1308E+00 -0.8834E+00    0.4341  0.2715E-11
  0.1360  -0.475E+02  0.1677E+01  0.4031E-02  0.3015E-01 -0.1521E+01    0.2137  0.8126E-11
  0.1040  -0.599E+02  0.1778E+01  0.1523E-02  0.5438E-02 -0.2265E+01    0.0917  0.1314E-10
  0.0898  -0.756E+02  0.1879E+01  0.5073E-03  0.8890E-03 -0.3051E+01    0.0372  0.1596E-10
  0.0839  -0.955E+02  0.1980E+01  0.1618E-03  0.1405E-03 -0.3852E+01    0.0148  0.1723E-10
  0.0815  -0.120E+03  0.2081E+01  0.5090E-04  0.2197E-04 -0.4658E+01    0.0059  0.1776E-10
  0.0806  -0.152E+03  0.2182E+01  0.1594E-04  0.3423E-05 -0.5466E+01    0.0023  0.1797E-10
  0.0802  -0.192E+03  0.2283E+01  0.4986E-05  0.5327E-06 -0.6274E+01    0.0009  0.1805E-10
  0.0801  -0.242E+03  0.2384E+01  0.1559E-05  0.8288E-07 -0.7082E+01    0.0004  0.1809E-10
  0.0800  -0.305E+03  0.2485E+01  0.4873E-06  0.1289E-07 -0.7890E+01    0.0001  0.1810E-10
  0.0800  -0.385E+03  0.2586E+01  0.1523E-06  0.2006E-08 -0.8698E+01    0.0001  0.1810E-10
  0.0800  -0.486E+03  0.2687E+01  0.4761E-07  0.3121E-09 -0.9506E+01    0.0000  0.1810E-10
  0.0800  -0.614E+03  0.2788E+01  0.1488E-07  0.4855E-10 -0.1031E+02    0.0000  0.1810E-10
  0.0800  -0.774E+03  0.2889E+01  0.4652E-08  0.7553E-11 -0.1112E+02    0.0000  0.1810E-10
  0.0800  -0.977E+03  0.2990E+01  0.1454E-08  0.1175E-11 -0.1193E+02    0.0000  0.1810E-10
  0.0800  -0.123E+04  0.3091E+01  0.4545E-09  0.1828E-12 -0.1274E+02    0.0000  0.1810E-10
  0.0800  -0.156E+04  0.3192E+01  0.1421E-09  0.2844E-13 -0.1355E+02    0.0000  0.1809E-10
  0.0800  -0.196E+04  0.3293E+01  0.4440E-10  0.4424E-14 -0.1435E+02    0.0000  0.1809E-10
  0.0800  -0.248E+04  0.3394E+01  0.1388E-10  0.6882E-15 -0.1516E+02    0.0000  0.1808E-10
  0.0800  -0.313E+04  0.3495E+01  0.4338E-11  0.1071E-15 -0.1597E+02    0.0000  0.1807E-10
  0.0800  -0.394E+04  0.3596E+01  0.1356E-11  0.1665E-16 -0.1678E+02    0.0000  0.1806E-10
  0.0800  -0.498E+04  0.3697E+01  0.4238E-12  0.2591E-17 -0.1759E+02    0.0000  0.1805E-10
  0.0800  -0.628E+04  0.3798E+01  0.1325E-12  0.4031E-18 -0.1839E+02    0.0000  0.1803E-10
  0.0800  -0.792E+04  0.3899E+01  0.4141E-13  0.6270E-19 -0.1920E+02    0.0000  0.1801E-10
  0.0800  -0.100E+05  0.4000E+01  0.1294E-13  0.9759E-20 -0.2001E+02    0.0000  0.1798E-10
end

  0.3421  -0.100E-05 -0.6000E+01  0.0000E+00  0.1000E+00 -0.1000E+01    1.0000  0.0000E+00
  0.3421  -0.126E-05 -0.5899E+01  0.0000E+00  0.1000E+00 -0.1000E+01    1.0000  0.0000E+00
  0.3421  -0.159E-05 -0.5798E+01  0.0000E+00  0.1000E+00 -0.1000E+01    1.0000  0.0000E+00
  0.3421  -0.201E-05 -0.5697E+01  0.0000E+00  0.1000E+00 -0.1000E+01    1.0000  0.0000E+00
  0.3421  -0.254E-05 -0.5596E+01  0.0000E+00  0.1000E+00 -0.1000E+01    1.0000  0.0000E+00
  0.3421  -0.320E-05 -0.5495E+01  0.0000E+00  0.1000E+00 -0.1000E+01    1.0000  0.0000E+00
  0.3421  -0.404E-05 -0.5394E+01  0.0000E+00  0.1000E+00 -0.1000E+01    1.0000  0.0000E+00
  0.3421  -0.509E-05 -0.5293E+01  0.0000E+00  0.1000E+00 -0.1000E+01    1.0000  0.0000E+00
  0.3421  -0.643E-05 -0.5192E+01  0.0000E+00  0.1000E+00 -0.1000E+01    1.0000  0.0000E+00
  0.3421  -0.811E-05 -0.5091E+01  0.0000E+00  0.1000E+00 -0.1000E+01    1.0000  0.0000E+00
  0.3421  -0.102E-04 -0.4990E+01  0.0000E+00  0.1000E+00 -0.1000E+01    1.0000  0.0000E+00
  0.3421  -0.129E-04 -0.4889E+01  0.0000E+00  0.1000E+00 -0.1000E+01    1.0000  0.0000E+00
  0.3421  -0.163E-04 -0.4788E+01  0.0000E+00  0.1000E+00 -0.1000E+01    1.0000  0.0000E+00
  0.3421  -0.206E-04 -0.4687E+01  0.0000E+00  0.1000E+00 -0.1000E+01    1.0000  0.0000E+00
  0.3421  -0.260E-04 -0.4586E+01  0.0000E+00  0.1000E+00 -0.1000E+01    1.0000  0.0000E+00
  0.3421  -0.327E-04 -0.4485E+01  0.0000E+00  0.1000E+00 -0.1000E+01    1.0000  0.0000E+00
  0.3421  -0.413E-04 -0.4384E+01  0.0000E+00  0.1000E+00 -0.1000E+01    1.0000  0.0000E+00
  0.3421  -0.521E-04 -0.4283E+01  0.0000E+00  0.1000E+00 -0.1000E+01    1.0000  0.0000E+00
  0.3421  -0.658E-04 -0.4182E+01  0.0000E+00  0.1000E+00 -0.1000E+01    1.0000  0.0000E+00
  0.3421  -0.830E-04 -0.4081E+01  0.0000E+00  0.1000E+00 -0.1000E+01    1.0000  0.0000E+00
  0.3421  -0.105E-03 -0.3980E+01  0.0000E+00  0.1000E+00 -0.1000E+01    1.0000  0.0000E+00
  0.3421  -0.132E-03 -0.3879E+01  0.0000E+00  0.1000E+00 -0.1000E+01    1.0000  0.0000E+00
  0.3421  -0.167E-03 -0.3778E+01  0.0000E+00  0.1000E+00 -0.1000E+01    1.0000  0.0000E+00
  0.3421  -0.210E-03 -0.3677E+01  0.0000E+00  0.1000E+00 -0.1000E+01    1.0000  0.0000E+00
  0.3421  -0.266E-03 -0.3576E+01  0.0000E+00  0.1000E+00 -0.1000E+01    1.0000  0.0000E+00
  0.3421  -0.335E-03 -0.3475E+01  0.0000E+00  0.1000E+00 -0.1000E+01    1.0000  0.0000E+00
  0.3421  -0.423E-03 -0.3374E+01  0.0000E+00  0.1000E+00 -0.1000E+01    1.0000  0.0000E+00
  0.3421  -0.534E-03 -0.3273E+01  0.0000E+00  0.1000E+00 -0.1000E+01    1.0000  0.0000E+00
  0.3421  -0.673E-03 -0.3172E+01  0.0000E+00  0.1000E+00 -0.1000E+01    1.0000  0.0000E+00
  0.3421  -0.850E-03 -0.3071E+01  0.0000E+00  0.1000E+00 -0.1000E+01    1.0000  0.0000E+00
  0.3421  -0.107E-02 -0.2970E+01  0.0000E+00  0.1000E+00 -0.1000E+01    1.0000  0.0000E+00
  0.3421  -0.135E-02 -0.2869E+01  0.0000E+00  0.1000E+00 -0.1000E+01    1.0000  0.0000E+00
  0.3421  -0.171E-02 -0.2768E+01  0.0000E+00  0.1000E+00 -0.1000E+01    1.0000  0.0000E+00
  0.3421  -0.215E-02 -0.2667E+01  0.0000E+00  0.1000E+00 -0.1000E+01    1.0000  0.0000E+00
  0.3421  -0.272E-02 -0.2566E+01  0.0000E+00  0.1000E+00 -0.1000E+01    1.0000  0.0000E+00
  0.3421  -0.343E-02 -0.2465E+01  0.0000E+00  0.1000E+00 -0.1000E+01    1.0000  0.0000E+00
  0.3421  -0.433E-02 -0.2364E+01  0.0000E+00  0.1000E+00 -0.1000E+01    1.0000  0.0000E+00
  0.3421  -0.546E-02 -0.2263E+01  0.0000E+00  0.1000E+00 -0.1000E+01    1.0000  0.0000E+00
  0.3421  -0.689E-02 -0.2162E+01  0.0000E+00  0.1000E+00 -0.1000E+01    1.0000  0.0000E+00
  0.3421  -0.870E-02 -0.2061E+01  0.0000E+00  0.1000E+00 -0.1000E+01    1.0000  0.0000E+00
  0.3421  -0.110E-01 -0.1960E+01  0.0000E+00  0.1000E+00 -0.1000E+01    1.0000  0.0000E+00
  0.3421  -0.138E-01 -0.1859E+01  0.0000E+00  0.1000E+00 -0.1000E+01    1.0000  0.0000E+00
  0.3421  -0.175E-01 -0.1758E+01  0.0000E+00  0.1000E+00 -0.1000E+01    1.0000  0.0000E+00
  0.3421  -0.221E-01 -0.1657E+01  0.0000E+00  0.1000E+00 -0.1000E+01    1.0000  0.0000E+00
  0.3421  -0.278E-01 -0.1556E+01  0.0000E+00  0.1000E+00 -0.1000E+01    1.0000  0.0000E+00
  0.3421  -0.351E-01 -0.1455E+01  0.0000E+00  0.1000E+00 -0.1000E+01    1.0000  0.0000E+00
  0.3421  -0.443E-01 -0.1354E+01  0.9817E-13  0.1000E+00 -0.1000E+01    1.0000  0.0000E+00
  0.3421  -0.559E-01 -0.1253E+01  0.2489E-12  0.1000E+00 -0.1000E+01    1.0000  0.0000E+00
  0.3421  -0.705E-01 -0.1152E+01  0.6311E-12  0.1000E+00 -0.1000E+01    1.0000  0.0000E+00
  0.3421  -0.890E-01 -0.1051E+01  0.1600E-11  0.1000E+00 -0.1000E+01    1.0000  0.0000E+00
  0.3421  -0.112E+00 -0.9495E+00  0.4057E-11  0.1000E+00 -0.1000E+01    1.0000  0.0000E+00
  0.3421  -0.142E+00 -0.8485E+00  0.1028E-10  0.1000E+00 -0.1000E+01    1.0000  0.0000E+00
  0.3421  -0.179E+00 -0.7475E+00  0.2608E-10  0.1000E+00 -0.1000E+01    1.0000  0.0000E+00
  0.3421  -0.226E+00 -0.6465E+00  0.6611E-10  0.1000E+00 -0.1000E+01    1.0000  0.0000E+00
  0.3421  -0.285E+00 -0.5455E+00  0.1676E-09  0.1000E+00 -0.1000E+01    1.0000  0.0000E+00
  0.3421  -0.359E+00 -0.4444E+00  0.4250E-09  0.1000E+00 -0.1000E+01    1.0000  0.0000E+00
  0.3421  -0.453E+00 -0.3434E+00  0.1077E-08  0.1000E+00 -0.1000E+01    1.0000  0.0000E+00
  0.3421  -0.572E+00 -0.2424E+00  0.2732E-08  0.1000E+00 -0.1000E+01    1.0000  0.0000E+00
  0.3421  -0.722E+00 -0.1414E+00  0.6926E-08  0.1000E+00 -0.1000E+01    1.0000  0.0000E+00
  0.3421  -0.911E+00 -0.4040E-01  0.1756E-07  0.1000E+00 -0.1000E+01    1.0000  0.0000E+00
  0.3421  -0.115E+01  0.6061E-01  0.4452E-07  0.1000E+00 -0.1000E+01    1.0000  0.0000E+00
  0.3421  -0.145E+01  0.1616E+00  0.1129E-06  0.1000E+00 -0.1000E+01    1.0000  0.1290E-33
  0.3421  -0.183E+01  0.2626E+00  0.2862E-06  0.1000E+00 -0.1000E+01    1.0000  0.1311E-31
  0.3421  -0.231E+01  0.3636E+00  0.7256E-06  0.1000E+00 -0.1000E+01    1.0000  0.3819E-30
  0.3421  -0.292E+01  0.4646E+00  0.1840E-05  0.9999E-01 -0.1000E+01    1.0000  0.1987E-28
  0.3421  -0.368E+01  0.5657E+00  0.4664E-05  0.9997E-01 -0.1000E+01    1.0000  0.9541E-27
  0.3421  -0.464E+01  0.6667E+00  0.1182E-04  0.9993E-01 -0.1000E+01    1.0000  0.4607E-25
  0.3421  -0.586E+01  0.7677E+00  0.2997E-04  0.9982E-01 -0.1001E+01    0.9999  0.2227E-23
  0.3420  -0.739E+01  0.8687E+00  0.7594E-04  0.9954E-01 -0.1002E+01    0.9996  0.1074E-21
  0.3417  -0.933E+01  0.9697E+00  0.1921E-03  0.9885E-01 -0.1005E+01    0.9986  0.5165E-20
  0.3410  -0.118E+02  0.1071E+01  0.4838E-03  0.9714E-01 -0.1013E+01    0.9956  0.2464E-18
  0.3385  -0.148E+02  0.1172E+01  0.1201E-02  0.9303E-01 -0.1031E+01    0.9862  0.1147E-16
  0.3309  -0.187E+02  0.1273E+01  0.2847E-02  0.8360E-01 -0.1078E+01    0.9572  0.4949E-15
  0.3097  -0.236E+02  0.1374E+01  0.5915E-02  0.6469E-01 -0.1189E+01    0.8762  0.1712E-13
  0.2623  -0.298E+02  0.1475E+01  0.8917E-02  0.3675E-01 -0.1435E+01    0.6955  0.3442E-12
  0.1938  -0.376E+02  0.1576E+01  0.7829E-02  0.1308E-01 -0.1883E+01    0.4341  0.2715E-11
  0.1360  -0.475E+02  0.1677E+01  0.4031E-02  0.3015E-02 -0.2521E+01    0.2137  0.8126E-11
  0.1040  -0.599E+02  0.1778E+01  0.1523E-02  0.5438E-03 -0.3265E+01    0.0917  0.1314E-10
  0.0898  -0.756E+02  0.1879E+01  0.5073E-03  0.8890E-04 -0.4051E+01    0.0372  0.1596E-10
  0.0839  -0.955E+02  0.1980E+01  0.1618E-03  0.1405E-04 -0.4852E+01    0.0148  0.1723E-10
  0.0815  -0.120E+03  0.2081E+01  0.5090E-04  0.2197E-05 -0.5658E+01    0.0059  0.1776E-10
  0.0806  -0.152E+03  0.2182E+01  0.1594E-04  0.3423E-06 -0.6466E+01    0.0023  0.1797E-10
  0.0802  -0.192E+03  0.2283E+01  0.4986E-05  0.5327E-07 -0.7274E+01    0.0009  0.1805E-10
  0.0801  -0.242E+03  0.2384E+01  0.1559E-05  0.8288E-08 -0.8082E+01    0.0004  0.1809E-10
  0.0800  -0.305E+03  0.2485E+01  0.4873E-06  0.1289E-08 -0.8890E+01    0.0001  0.1810E-10
  0.0800  -0.385E+03  0.2586E+01  0.1523E-06  0.2006E-09 -0.9698E+01    0.0001  0.1810E-10
  0.0800  -0.486E+03  0.2687E+01  0.4761E-07  0.3121E-10 -0.1051E+02    0.0000  0.1810E-10
  0.0800  -0.614E+03  0.2788E+01  0.1488E-07  0.4855E-11 -0.1131E+02    0.0000  0.1810E-10
  0.0800  -0.774E+03  0.2889E+01  0.4652E-08  0.7553E-12 -0.1212E+02    0.0000  0.1810E-10
  0.0800  -0.977E+03  0.2990E+01  0.1454E-08  0.1175E-12 -0.1293E+02    0.0000  0.1810E-10
  0.0800  -0.123E+04  0.3091E+01  0.4545E-09  0.1828E-13 -0.1374E+02    0.0000  0.1810E-10
  0.0800  -0.156E+04  0.3192E+01  0.1421E-09  0.2844E-14 -0.1455E+02    0.0000  0.1809E-10
  0.0800  -0.196E+04  0.3293E+01  0.4440E-10  0.4424E-15 -0.1535E+02    0.0000  0.1809E-10
  0.0800  -0.248E+04  0.3394E+01  0.1388E-10  0.6882E-16 -0.1616E+02    0.0000  0.1808E-10
  0.0800  -0.313E+04  0.3495E+01  0.4338E-11  0.1071E-16 -0.1697E+02    0.0000  0.1807E-10
  0.0800  -0.394E+04  0.3596E+01  0.1356E-11  0.1665E-17 -0.1778E+02    0.0000  0.1806E-10
  0.0800  -0.498E+04  0.3697E+01  0.4238E-12  0.2591E-18 -0.1859E+02    0.0000  0.1805E-10
  0.0800  -0.628E+04  0.3798E+01  0.1325E-12  0.4031E-19 -0.1939E+02    0.0000  0.1803E-10
  0.0800  -0.792E+04  0.3899E+01  0.4141E-13  0.6270E-20 -0.2020E+02    0.0000  0.1801E-10
  0.0800  -0.100E+05  0.4000E+01  0.1294E-13  0.9759E-21 -0.2101E+02    0.0000  0.1798E-10
end
