 ******* Program HYDRUS
 ******* Infiltration and drainage in a large caisson                            
 Date:   1. 1.    Time: ***: 0:**
 Units: L = cm   , T = min  , M = mmol 


    TLevel      Time          dt      Iter    ItCum  KodT  KodB  Convergency

        6  0.9100000E+02  0.25000E+00    2       12    -1     1     T
        9  0.9200000E+02  0.37500E+00    2       18    -1     1     T
       11  0.9300000E+02  0.50000E+00    2       22    -1     1     T
       13  0.9400000E+02  0.50000E+00    2       26    -1     1     T
       15  0.9500000E+02  0.50000E+00    2       30    -1     1     T
       17  0.9600000E+02  0.50000E+00    2       34    -1     1     T
       19  0.9700000E+02  0.50000E+00    2       38    -1     1     T
       21  0.9800000E+02  0.50000E+00    2       42    -1     1     T
       23  0.9900000E+02  0.50000E+00    2       46    -1     1     T
       25  0.1000000E+03  0.50000E+00    2       50    -1     1     T
       27  0.1010000E+03  0.50000E+00    2       54    -1     1     T
       29  0.1020000E+03  0.50000E+00    2       58    -1     1     T
       31  0.1030000E+03  0.50000E+00    2       62    -1     1     T
       33  0.1040000E+03  0.50000E+00    2       66    -1     1     T
       35  0.1050000E+03  0.50000E+00    2       70    -1     1     T
       37  0.1060000E+03  0.50000E+00    2       74    -1     1     T
       39  0.1070000E+03  0.50000E+00    2       78    -1     1     T
       41  0.1080000E+03  0.50000E+00    2       82    -1     1     T
       43  0.1090000E+03  0.50000E+00    2       86    -1     1     T
       45  0.1100000E+03  0.50000E+00    2       90    -1     1     T
       47  0.1110000E+03  0.50000E+00    2       94    -1     1     T
       49  0.1120000E+03  0.50000E+00    2       98    -1     1     T
       51  0.1130000E+03  0.50000E+00    2      102    -1     1     T
       53  0.1140000E+03  0.50000E+00    2      106    -1     1     T
       55  0.1150000E+03  0.50000E+00    2      110    -1     1     T
       57  0.1160000E+03  0.50000E+00    2      114    -1     1     T
       59  0.1170000E+03  0.50000E+00    2      118    -1     1     T
       61  0.1180000E+03  0.50000E+00    2      122    -1     1     T
       63  0.1190000E+03  0.50000E+00    2      126    -1     1     T
       65  0.1200000E+03  0.50000E+00    2      130    -1     1     T
       67  0.1210000E+03  0.50000E+00    2      134    -1     1     T
       69  0.1220000E+03  0.50000E+00    2      138    -1     1     T
       71  0.1230000E+03  0.50000E+00    2      142    -1     1     T
       73  0.1240000E+03  0.50000E+00    2      146    -1     1     T
       75  0.1250000E+03  0.50000E+00    2      150    -1     1     T
       77  0.1260000E+03  0.50000E+00    2      154    -1     1     T
       79  0.1270000E+03  0.50000E+00    2      158    -1     1     T
       81  0.1280000E+03  0.50000E+00    2      162    -1     1     T
       83  0.1290000E+03  0.50000E+00    2      166    -1     1     T
       85  0.1300000E+03  0.50000E+00    2      170    -1     1     T
       87  0.1310000E+03  0.50000E+00    2      174    -1     1     T
       89  0.1320000E+03  0.50000E+00    2      178    -1     1     T
       91  0.1330000E+03  0.50000E+00    2      182    -1     1     T
       93  0.1340000E+03  0.50000E+00    2      186    -1     1     T
       95  0.1350000E+03  0.50000E+00    2      190    -1     1     T
       97  0.1360000E+03  0.50000E+00    2      194    -1     1     T
       99  0.1370000E+03  0.50000E+00    2      198    -1     1     T
      101  0.1380000E+03  0.50000E+00    2      202    -1     1     T
      103  0.1390000E+03  0.50000E+00    2      206    -1     1     T
      105  0.1400000E+03  0.50000E+00    2      210    -1     1     T
      107  0.1410000E+03  0.50000E+00    2      214    -1     1     T
      109  0.1420000E+03  0.50000E+00    2      218    -1     1     T
      111  0.1430000E+03  0.50000E+00    2      222    -1     1     T
      113  0.1440000E+03  0.50000E+00    2      226    -1     1     T
      115  0.1450000E+03  0.50000E+00    2      230    -1     1     T
      117  0.1460000E+03  0.50000E+00    2      234    -1     1     T
      119  0.1470000E+03  0.50000E+00    2      238    -1     1     T
      121  0.1480000E+03  0.50000E+00    2      242    -1     1     T
      123  0.1490000E+03  0.50000E+00    2      246    -1     1     T
      125  0.1500000E+03  0.50000E+00    2      250    -1     1     T
      127  0.1510000E+03  0.50000E+00    2      254    -1     1     T
      129  0.1520000E+03  0.50000E+00    2      258    -1     1     T
      131  0.1530000E+03  0.50000E+00    2      262    -1     1     T
      133  0.1540000E+03  0.50000E+00    2      266    -1     1     T
      135  0.1550000E+03  0.50000E+00    2      270    -1     1     T
      137  0.1560000E+03  0.50000E+00    2      274    -1     1     T
      139  0.1570000E+03  0.50000E+00    2      278    -1     1     T
      141  0.1580000E+03  0.50000E+00    2      282    -1     1     T
      143  0.1590000E+03  0.50000E+00    2      286    -1     1     T
      145  0.1600000E+03  0.50000E+00    2      290    -1     1     T
      147  0.1610000E+03  0.50000E+00    2      294    -1     1     T
      149  0.1620000E+03  0.50000E+00    2      298    -1     1     T
      151  0.1630000E+03  0.50000E+00    2      302    -1     1     T
      153  0.1640000E+03  0.50000E+00    2      306    -1     1     T
      155  0.1650000E+03  0.50000E+00    2      310    -1     1     T
      157  0.1660000E+03  0.50000E+00    2      314    -1     1     T
      159  0.1670000E+03  0.50000E+00    2      318    -1     1     T
      161  0.1680000E+03  0.50000E+00    2      322    -1     1     T
      163  0.1690000E+03  0.50000E+00    2      326    -1     1     T
      165  0.1700000E+03  0.50000E+00    2      330    -1     1     T
      167  0.1710000E+03  0.50000E+00    2      334    -1     1     T
      169  0.1720000E+03  0.50000E+00    2      338    -1     1     T
      171  0.1730000E+03  0.50000E+00    2      342    -1     1     T
      173  0.1740000E+03  0.50000E+00    2      346    -1     1     T
      175  0.1750000E+03  0.50000E+00    2      350    -1     1     T
      177  0.1760000E+03  0.50000E+00    2      354    -1     1     T
      179  0.1770000E+03  0.50000E+00    2      358    -1     1     T
      181  0.1780000E+03  0.50000E+00    2      362    -1     1     T
      183  0.1790000E+03  0.50000E+00    2      366    -1     1     T
      185  0.1800000E+03  0.50000E+00    2      370    -1     1     T
      187  0.1810000E+03  0.50000E+00    2      374    -1     1     T
      189  0.1820000E+03  0.50000E+00    2      378    -1     1     T
      191  0.1830000E+03  0.50000E+00    2      382    -1     1     T
      193  0.1840000E+03  0.50000E+00    2      386    -1     1     T
      195  0.1850000E+03  0.50000E+00    2      390    -1     1     T
      197  0.1860000E+03  0.50000E+00    2      394    -1     1     T
      199  0.1870000E+03  0.50000E+00    2      398    -1     1     T
      201  0.1880000E+03  0.50000E+00    2      402    -1     1     T
      203  0.1890000E+03  0.50000E+00    2      406    -1     1     T
      205  0.1900000E+03  0.50000E+00    2      410    -1     1     T
      207  0.1910000E+03  0.50000E+00    2      414    -1     1     T
      209  0.1920000E+03  0.50000E+00    2      418    -1     1     T
      211  0.1930000E+03  0.50000E+00    2      422    -1     1     T
      213  0.1940000E+03  0.50000E+00    2      426    -1     1     T
      215  0.1950000E+03  0.50000E+00    2      430    -1     1     T
      217  0.1960000E+03  0.50000E+00    2      434    -1     1     T
      219  0.1970000E+03  0.50000E+00    2      438    -1     1     T
      221  0.1980000E+03  0.50000E+00    2      442    -1     1     T
      223  0.1990000E+03  0.50000E+00    2      446    -1     1     T
      225  0.2000000E+03  0.50000E+00    2      450    -1     1     T
      227  0.2010000E+03  0.50000E+00    2      454    -1     1     T
      229  0.2020000E+03  0.50000E+00    2      458    -1     1     T
      231  0.2030000E+03  0.50000E+00    2      462    -1     1     T
      233  0.2040000E+03  0.50000E+00    2      466    -1     1     T
      235  0.2050000E+03  0.50000E+00    2      470    -1     1     T
      237  0.2060000E+03  0.50000E+00    2      474    -1     1     T
      239  0.2070000E+03  0.50000E+00    2      478    -1     1     T
      241  0.2080000E+03  0.50000E+00    2      482    -1     1     T
      243  0.2090000E+03  0.50000E+00    2      486    -1     1     T
      245  0.2100000E+03  0.50000E+00    2      490    -1     1     T
      247  0.2110000E+03  0.50000E+00    2      494    -1     1     T
      249  0.2120000E+03  0.50000E+00    2      498    -1     1     T
      251  0.2130000E+03  0.50000E+00    2      502    -1     1     T
      253  0.2140000E+03  0.50000E+00    2      506    -1     1     T
      255  0.2150000E+03  0.50000E+00    2      510    -1     1     T
      257  0.2160000E+03  0.50000E+00    2      514    -1     1     T
      259  0.2170000E+03  0.50000E+00    2      518    -1     1     T
      261  0.2180000E+03  0.50000E+00    2      522    -1     1     T
      263  0.2190000E+03  0.50000E+00    2      526    -1     1     T
      265  0.2200000E+03  0.50000E+00    2      530    -1     1     T
      267  0.2210000E+03  0.50000E+00    2      534    -1     1     T
      269  0.2220000E+03  0.50000E+00    2      538    -1     1     T
      271  0.2230000E+03  0.50000E+00    2      542    -1     1     T
      273  0.2240000E+03  0.50000E+00    2      546    -1     1     T
      275  0.2250000E+03  0.50000E+00    2      550    -1     1     T
      277  0.2260000E+03  0.50000E+00    2      554    -1     1     T
      279  0.2270000E+03  0.50000E+00    2      558    -1     1     T
      281  0.2280000E+03  0.50000E+00    2      562    -1     1     T
      283  0.2290000E+03  0.50000E+00    2      566    -1     1     T
      285  0.2300000E+03  0.50000E+00    2      570    -1     1     T
      287  0.2310000E+03  0.50000E+00    2      574    -1     1     T
      289  0.2320000E+03  0.50000E+00    2      578    -1     1     T
      291  0.2330000E+03  0.50000E+00    2      582    -1     1     T
      293  0.2340000E+03  0.50000E+00    2      586    -1     1     T
      295  0.2350000E+03  0.50000E+00    2      590    -1     1     T
      297  0.2360000E+03  0.50000E+00    2      594    -1     1     T
      299  0.2370000E+03  0.50000E+00    2      598    -1     1     T
      301  0.2380000E+03  0.50000E+00    2      602    -1     1     T
      303  0.2390000E+03  0.50000E+00    2      606    -1     1     T
      305  0.2400000E+03  0.50000E+00    2      610    -1     1     T
      307  0.2410000E+03  0.50000E+00    2      614    -1     1     T
      309  0.2420000E+03  0.50000E+00    2      618    -1     1     T
      311  0.2430000E+03  0.50000E+00    2      622    -1     1     T
      313  0.2440000E+03  0.50000E+00    2      626    -1     1     T
      315  0.2450000E+03  0.50000E+00    2      630    -1     1     T
      317  0.2460000E+03  0.50000E+00    2      634    -1     1     T
      319  0.2470000E+03  0.50000E+00    2      638    -1     1     T
      321  0.2480000E+03  0.50000E+00    2      642    -1     1     T
      323  0.2490000E+03  0.50000E+00    2      646    -1     1     T
      325  0.2500000E+03  0.50000E+00    2      650    -1     1     T
      327  0.2510000E+03  0.50000E+00    2      654    -1     1     T
      329  0.2520000E+03  0.50000E+00    2      658    -1     1     T
      331  0.2530000E+03  0.50000E+00    2      662    -1     1     T
      333  0.2540000E+03  0.50000E+00    2      666    -1     1     T
      335  0.2550000E+03  0.50000E+00    2      670    -1     1     T
      337  0.2560000E+03  0.50000E+00    2      674    -1     1     T
      339  0.2570000E+03  0.50000E+00    2      678    -1     1     T
      341  0.2580000E+03  0.50000E+00    2      682    -1     1     T
      343  0.2590000E+03  0.50000E+00    2      686    -1     1     T
      345  0.2600000E+03  0.50000E+00    2      690    -1     1     T
      347  0.2610000E+03  0.50000E+00    2      694    -1     1     T
      349  0.2620000E+03  0.50000E+00    2      698    -1     1     T
      351  0.2630000E+03  0.50000E+00    2      702    -1     1     T
      353  0.2640000E+03  0.50000E+00    2      706    -1     1     T
      355  0.2650000E+03  0.50000E+00    2      710    -1     1     T
      357  0.2660000E+03  0.50000E+00    2      714    -1     1     T
      359  0.2670000E+03  0.50000E+00    2      718    -1     1     T
      361  0.2680000E+03  0.50000E+00    2      722    -1     1     T
      363  0.2690000E+03  0.50000E+00    2      726    -1     1     T
      365  0.2700000E+03  0.50000E+00    2      730    -1     1     T
      367  0.2710000E+03  0.50000E+00    2      734    -1     1     T
      369  0.2720000E+03  0.50000E+00    2      738    -1     1     T
      371  0.2730000E+03  0.50000E+00    2      742    -1     1     T
end
