 ******* Program HYDRUS
 ******* Infiltration and drainage in a large caisson                            
 Date:   1. 1.    Time: ***: 0:**
 Units: L = cm   , T = min  , M = mmol 

       Time          rTop        rRoot        vTop         vRoot        vBot       sum(rTop)   sum(rRoot)    sum(vTop)   sum(vRoot)    sum(vBot)      hTop         hRoot        hBot        RunOff    sum(RunOff)     Volume     sum(Infil)    sum(Evap) TLevel Cum(WTrans)  SnowLayer
        [T]         [L/T]        [L/T]        [L/T]        [L/T]        [L/T]         [L]          [L]          [L]         [L]           [L]         [L]           [L]         [L]          [L/T]         [L]          [L]          [L]          [L]

      91.0000  0.00000E+00  0.00000E+00  0.23842E-06  0.00000E+00 -0.19073E-06  0.00000E+00  0.00000E+00  0.23842E-06  0.00000E+00 -0.13709E-06 -0.65800E+00  0.00000E+00  0.34200E+00  0.00000E+00  0.00000E+00  0.34210E+00  0.00000E+00  0.23842E-06      6  0.00000E+00      0.000
      92.0000  0.00000E+00  0.00000E+00  0.23842E-06  0.00000E+00 -0.19073E-06  0.00000E+00  0.00000E+00  0.47684E-06  0.00000E+00 -0.32783E-06 -0.65800E+00  0.00000E+00  0.34200E+00  0.00000E+00  0.00000E+00  0.34210E+00  0.00000E+00  0.47684E-06      9  0.00000E+00      0.000
      93.0000  0.00000E+00  0.00000E+00  0.23842E-06  0.00000E+00 -0.19073E-06  0.00000E+00  0.00000E+00  0.71526E-06  0.00000E+00 -0.51856E-06 -0.65800E+00  0.00000E+00  0.34200E+00  0.00000E+00  0.00000E+00  0.34210E+00  0.00000E+00  0.71526E-06     11  0.00000E+00      0.000
      94.0000  0.00000E+00  0.00000E+00  0.23842E-06  0.00000E+00 -0.19073E-06  0.00000E+00  0.00000E+00  0.95367E-06  0.00000E+00 -0.70930E-06 -0.65800E+00  0.00000E+00  0.34200E+00  0.00000E+00  0.00000E+00  0.34210E+00  0.00000E+00  0.95367E-06     13  0.00000E+00      0.000
      95.0000  0.00000E+00  0.00000E+00  0.23842E-06  0.00000E+00 -0.19073E-06  0.00000E+00  0.00000E+00  0.11921E-05  0.00000E+00 -0.90003E-06 -0.65800E+00  0.00000E+00  0.34200E+00  0.00000E+00  0.00000E+00  0.34210E+00  0.00000E+00  0.11921E-05     15  0.00000E+00      0.000
      96.0000  0.00000E+00  0.00000E+00  0.23842E-06  0.00000E+00 -0.19073E-06  0.00000E+00  0.00000E+00  0.14305E-05  0.00000E+00 -0.10908E-05 -0.65800E+00  0.00000E+00  0.34200E+00  0.00000E+00  0.00000E+00  0.34210E+00  0.00000E+00  0.14305E-05     17  0.00000E+00      0.000
      97.0000  0.00000E+00  0.00000E+00  0.23842E-06  0.00000E+00 -0.19073E-06  0.00000E+00  0.00000E+00  0.16689E-05  0.00000E+00 -0.12815E-05 -0.65800E+00  0.00000E+00  0.34200E+00  0.00000E+00  0.00000E+00  0.34210E+00  0.00000E+00  0.16689E-05     19  0.00000E+00      0.000
      98.0000  0.00000E+00  0.00000E+00  0.23842E-06  0.00000E+00 -0.19073E-06  0.00000E+00  0.00000E+00  0.19073E-05  0.00000E+00 -0.14722E-05 -0.65800E+00  0.00000E+00  0.34200E+00  0.00000E+00  0.00000E+00  0.34210E+00  0.00000E+00  0.19073E-05     21  0.00000E+00      0.000
      99.0000  0.00000E+00  0.00000E+00  0.23842E-06  0.00000E+00 -0.19073E-06  0.00000E+00  0.00000E+00  0.21458E-05  0.00000E+00 -0.16630E-05 -0.65800E+00  0.00000E+00  0.34200E+00  0.00000E+00  0.00000E+00  0.34210E+00  0.00000E+00  0.21458E-05     23  0.00000E+00      0.000
     100.0000  0.00000E+00  0.00000E+00  0.23842E-06  0.00000E+00 -0.19073E-06  0.00000E+00  0.00000E+00  0.23842E-05  0.00000E+00 -0.18537E-05 -0.65800E+00  0.00000E+00  0.34200E+00  0.00000E+00  0.00000E+00  0.34210E+00  0.00000E+00  0.23842E-05     25  0.00000E+00      0.000
     101.0000  0.00000E+00  0.00000E+00  0.23842E-06  0.00000E+00 -0.19073E-06  0.00000E+00  0.00000E+00  0.26226E-05  0.00000E+00 -0.20444E-05 -0.65800E+00  0.00000E+00  0.34200E+00  0.00000E+00  0.00000E+00  0.34210E+00  0.00000E+00  0.26226E-05     27  0.00000E+00      0.000
     102.0000  0.00000E+00  0.00000E+00  0.23842E-06  0.00000E+00 -0.19073E-06  0.00000E+00  0.00000E+00  0.28610E-05  0.00000E+00 -0.22352E-05 -0.65800E+00  0.00000E+00  0.34200E+00  0.00000E+00  0.00000E+00  0.34210E+00  0.00000E+00  0.28610E-05     29  0.00000E+00      0.000
     103.0000  0.00000E+00  0.00000E+00  0.23842E-06  0.00000E+00 -0.19073E-06  0.00000E+00  0.00000E+00  0.30994E-05  0.00000E+00 -0.24259E-05 -0.65800E+00  0.00000E+00  0.34200E+00  0.00000E+00  0.00000E+00  0.34210E+00  0.00000E+00  0.30994E-05     31  0.00000E+00      0.000
     104.0000  0.00000E+00  0.00000E+00  0.23842E-06  0.00000E+00 -0.19073E-06  0.00000E+00  0.00000E+00  0.33379E-05  0.00000E+00 -0.26166E-05 -0.65800E+00  0.00000E+00  0.34200E+00  0.00000E+00  0.00000E+00  0.34210E+00  0.00000E+00  0.33379E-05     33  0.00000E+00      0.000
     105.0000  0.00000E+00  0.00000E+00  0.23842E-06  0.00000E+00 -0.19073E-06  0.00000E+00  0.00000E+00  0.35763E-05  0.00000E+00 -0.28074E-05 -0.65800E+00  0.00000E+00  0.34200E+00  0.00000E+00  0.00000E+00  0.34210E+00  0.00000E+00  0.35763E-05     35  0.00000E+00      0.000
     106.0000  0.00000E+00  0.00000E+00  0.23842E-06  0.00000E+00 -0.19073E-06  0.00000E+00  0.00000E+00  0.38147E-05  0.00000E+00 -0.29981E-05 -0.65800E+00  0.00000E+00  0.34200E+00  0.00000E+00  0.00000E+00  0.34210E+00  0.00000E+00  0.38147E-05     37  0.00000E+00      0.000
     107.0000  0.00000E+00  0.00000E+00  0.23842E-06  0.00000E+00 -0.19073E-06  0.00000E+00  0.00000E+00  0.40531E-05  0.00000E+00 -0.31888E-05 -0.65800E+00  0.00000E+00  0.34200E+00  0.00000E+00  0.00000E+00  0.34210E+00  0.00000E+00  0.40531E-05     39  0.00000E+00      0.000
     108.0000  0.00000E+00  0.00000E+00  0.23842E-06  0.00000E+00 -0.19073E-06  0.00000E+00  0.00000E+00  0.42915E-05  0.00000E+00 -0.33796E-05 -0.65800E+00  0.00000E+00  0.34200E+00  0.00000E+00  0.00000E+00  0.34210E+00  0.00000E+00  0.42915E-05     41  0.00000E+00      0.000
     109.0000  0.00000E+00  0.00000E+00  0.23842E-06  0.00000E+00 -0.19073E-06  0.00000E+00  0.00000E+00  0.45300E-05  0.00000E+00 -0.35703E-05 -0.65800E+00  0.00000E+00  0.34200E+00  0.00000E+00  0.00000E+00  0.34210E+00  0.00000E+00  0.45300E-05     43  0.00000E+00      0.000
     110.0000  0.00000E+00  0.00000E+00  0.23842E-06  0.00000E+00 -0.19073E-06  0.00000E+00  0.00000E+00  0.47684E-05  0.00000E+00 -0.37611E-05 -0.65800E+00  0.00000E+00  0.34200E+00  0.00000E+00  0.00000E+00  0.34210E+00  0.00000E+00  0.47684E-05     45  0.00000E+00      0.000
     111.0000  0.00000E+00  0.00000E+00  0.23842E-06  0.00000E+00 -0.19073E-06  0.00000E+00  0.00000E+00  0.50068E-05  0.00000E+00 -0.39518E-05 -0.65800E+00  0.00000E+00  0.34200E+00  0.00000E+00  0.00000E+00  0.34210E+00  0.00000E+00  0.50068E-05     47  0.00000E+00      0.000
     112.0000  0.00000E+00  0.00000E+00  0.23842E-06  0.00000E+00 -0.19073E-06  0.00000E+00  0.00000E+00  0.52452E-05  0.00000E+00 -0.41425E-05 -0.65800E+00  0.00000E+00  0.34200E+00  0.00000E+00  0.00000E+00  0.34210E+00  0.00000E+00  0.52452E-05     49  0.00000E+00      0.000
     113.0000  0.00000E+00  0.00000E+00  0.23842E-06  0.00000E+00 -0.19073E-06  0.00000E+00  0.00000E+00  0.54836E-05  0.00000E+00 -0.43333E-05 -0.65800E+00  0.00000E+00  0.34200E+00  0.00000E+00  0.00000E+00  0.34210E+00  0.00000E+00  0.54836E-05     51  0.00000E+00      0.000
     114.0000  0.00000E+00  0.00000E+00  0.23842E-06  0.00000E+00 -0.19073E-06  0.00000E+00  0.00000E+00  0.57220E-05  0.00000E+00 -0.45240E-05 -0.65800E+00  0.00000E+00  0.34200E+00  0.00000E+00  0.00000E+00  0.34210E+00  0.00000E+00  0.57220E-05     53  0.00000E+00      0.000
     115.0000  0.00000E+00  0.00000E+00  0.23842E-06  0.00000E+00 -0.19073E-06  0.00000E+00  0.00000E+00  0.59605E-05  0.00000E+00 -0.47147E-05 -0.65800E+00  0.00000E+00  0.34200E+00  0.00000E+00  0.00000E+00  0.34210E+00  0.00000E+00  0.59605E-05     55  0.00000E+00      0.000
     116.0000  0.00000E+00  0.00000E+00  0.23842E-06  0.00000E+00 -0.19073E-06  0.00000E+00  0.00000E+00  0.61989E-05  0.00000E+00 -0.49055E-05 -0.65800E+00  0.00000E+00  0.34200E+00  0.00000E+00  0.00000E+00  0.34210E+00  0.00000E+00  0.61989E-05     57  0.00000E+00      0.000
     117.0000  0.00000E+00  0.00000E+00  0.23842E-06  0.00000E+00 -0.19073E-06  0.00000E+00  0.00000E+00  0.64373E-05  0.00000E+00 -0.50962E-05 -0.65800E+00  0.00000E+00  0.34200E+00  0.00000E+00  0.00000E+00  0.34210E+00  0.00000E+00  0.64373E-05     59  0.00000E+00      0.000
     118.0000  0.00000E+00  0.00000E+00  0.23842E-06  0.00000E+00 -0.19073E-06  0.00000E+00  0.00000E+00  0.66757E-05  0.00000E+00 -0.52869E-05 -0.65800E+00  0.00000E+00  0.34200E+00  0.00000E+00  0.00000E+00  0.34210E+00  0.00000E+00  0.66757E-05     61  0.00000E+00      0.000
     119.0000  0.00000E+00  0.00000E+00  0.23842E-06  0.00000E+00 -0.19073E-06  0.00000E+00  0.00000E+00  0.69141E-05  0.00000E+00 -0.54777E-05 -0.65800E+00  0.00000E+00  0.34200E+00  0.00000E+00  0.00000E+00  0.34210E+00  0.00000E+00  0.69141E-05     63  0.00000E+00      0.000
     120.0000  0.00000E+00  0.00000E+00  0.23842E-06  0.00000E+00 -0.19073E-06  0.00000E+00  0.00000E+00  0.71526E-05  0.00000E+00 -0.56684E-05 -0.65800E+00  0.00000E+00  0.34200E+00  0.00000E+00  0.00000E+00  0.34210E+00  0.00000E+00  0.71526E-05     65  0.00000E+00      0.000
     121.0000  0.00000E+00  0.00000E+00  0.23842E-06  0.00000E+00 -0.19073E-06  0.00000E+00  0.00000E+00  0.73910E-05  0.00000E+00 -0.58591E-05 -0.65800E+00  0.00000E+00  0.34200E+00  0.00000E+00  0.00000E+00  0.34210E+00  0.00000E+00  0.73910E-05     67  0.00000E+00      0.000
     122.0000  0.00000E+00  0.00000E+00  0.23842E-06  0.00000E+00 -0.19073E-06  0.00000E+00  0.00000E+00  0.76294E-05  0.00000E+00 -0.60499E-05 -0.65800E+00  0.00000E+00  0.34200E+00  0.00000E+00  0.00000E+00  0.34210E+00  0.00000E+00  0.76294E-05     69  0.00000E+00      0.000
     123.0000  0.00000E+00  0.00000E+00  0.23842E-06  0.00000E+00 -0.19073E-06  0.00000E+00  0.00000E+00  0.78678E-05  0.00000E+00 -0.62406E-05 -0.65800E+00  0.00000E+00  0.34200E+00  0.00000E+00  0.00000E+00  0.34210E+00  0.00000E+00  0.78678E-05     71  0.00000E+00      0.000
     124.0000  0.00000E+00  0.00000E+00  0.23842E-06  0.00000E+00 -0.19073E-06  0.00000E+00  0.00000E+00  0.81062E-05  0.00000E+00 -0.64313E-05 -0.65800E+00  0.00000E+00  0.34200E+00  0.00000E+00  0.00000E+00  0.34210E+00  0.00000E+00  0.81062E-05     73  0.00000E+00      0.000
     125.0000  0.00000E+00  0.00000E+00  0.23842E-06  0.00000E+00 -0.19073E-06  0.00000E+00  0.00000E+00  0.83446E-05  0.00000E+00 -0.66221E-05 -0.65800E+00  0.00000E+00  0.34200E+00  0.00000E+00  0.00000E+00  0.34210E+00  0.00000E+00  0.83446E-05     75  0.00000E+00      0.000
     126.0000  0.00000E+00  0.00000E+00  0.23842E-06  0.00000E+00 -0.19073E-06  0.00000E+00  0.00000E+00  0.85831E-05  0.00000E+00 -0.68128E-05 -0.65800E+00  0.00000E+00  0.34200E+00  0.00000E+00  0.00000E+00  0.34210E+00  0.00000E+00  0.85831E-05     77  0.00000E+00      0.000
     127.0000  0.00000E+00  0.00000E+00  0.23842E-06  0.00000E+00 -0.19073E-06  0.00000E+00  0.00000E+00  0.88215E-05  0.00000E+00 -0.70035E-05 -0.65800E+00  0.00000E+00  0.34200E+00  0.00000E+00  0.00000E+00  0.34210E+00  0.00000E+00  0.88215E-05     79  0.00000E+00      0.000
     128.0000  0.00000E+00  0.00000E+00  0.23842E-06  0.00000E+00 -0.19073E-06  0.00000E+00  0.00000E+00  0.90599E-05  0.00000E+00 -0.71943E-05 -0.65800E+00  0.00000E+00  0.34200E+00  0.00000E+00  0.00000E+00  0.34210E+00  0.00000E+00  0.90599E-05     81  0.00000E+00      0.000
     129.0000  0.00000E+00  0.00000E+00  0.23842E-06  0.00000E+00 -0.19073E-06  0.00000E+00  0.00000E+00  0.92983E-05  0.00000E+00 -0.73850E-05 -0.65800E+00  0.00000E+00  0.34200E+00  0.00000E+00  0.00000E+00  0.34210E+00  0.00000E+00  0.92983E-05     83  0.00000E+00      0.000
     130.0000  0.00000E+00  0.00000E+00  0.23842E-06  0.00000E+00 -0.19073E-06  0.00000E+00  0.00000E+00  0.95367E-05  0.00000E+00 -0.75757E-05 -0.65800E+00  0.00000E+00  0.34200E+00  0.00000E+00  0.00000E+00  0.34210E+00  0.00000E+00  0.95367E-05     85  0.00000E+00      0.000
     131.0000  0.00000E+00  0.00000E+00  0.23842E-06  0.00000E+00 -0.19073E-06  0.00000E+00  0.00000E+00  0.97752E-05  0.00000E+00 -0.77665E-05 -0.65800E+00  0.00000E+00  0.34200E+00  0.00000E+00  0.00000E+00  0.34210E+00  0.00000E+00  0.97752E-05     87  0.00000E+00      0.000
     132.0000  0.00000E+00  0.00000E+00  0.23842E-06  0.00000E+00 -0.19073E-06  0.00000E+00  0.00000E+00  0.10014E-04  0.00000E+00 -0.79572E-05 -0.65800E+00  0.00000E+00  0.34200E+00  0.00000E+00  0.00000E+00  0.34210E+00  0.00000E+00  0.10014E-04     89  0.00000E+00      0.000
     133.0000  0.00000E+00  0.00000E+00  0.23842E-06  0.00000E+00 -0.19073E-06  0.00000E+00  0.00000E+00  0.10252E-04  0.00000E+00 -0.81480E-05 -0.65800E+00  0.00000E+00  0.34200E+00  0.00000E+00  0.00000E+00  0.34210E+00  0.00000E+00  0.10252E-04     91  0.00000E+00      0.000
     134.0000  0.00000E+00  0.00000E+00  0.23842E-06  0.00000E+00 -0.19073E-06  0.00000E+00  0.00000E+00  0.10490E-04  0.00000E+00 -0.83387E-05 -0.65800E+00  0.00000E+00  0.34200E+00  0.00000E+00  0.00000E+00  0.34210E+00  0.00000E+00  0.10490E-04     93  0.00000E+00      0.000
     135.0000  0.00000E+00  0.00000E+00  0.23842E-06  0.00000E+00 -0.19073E-06  0.00000E+00  0.00000E+00  0.10729E-04  0.00000E+00 -0.85294E-05 -0.65800E+00  0.00000E+00  0.34200E+00  0.00000E+00  0.00000E+00  0.34210E+00  0.00000E+00  0.10729E-04     95  0.00000E+00      0.000
     136.0000  0.00000E+00  0.00000E+00  0.23842E-06  0.00000E+00 -0.19073E-06  0.00000E+00  0.00000E+00  0.10967E-04  0.00000E+00 -0.87202E-05 -0.65800E+00  0.00000E+00  0.34200E+00  0.00000E+00  0.00000E+00  0.34210E+00  0.00000E+00  0.10967E-04     97  0.00000E+00      0.000
     137.0000  0.00000E+00  0.00000E+00  0.23842E-06  0.00000E+00 -0.19073E-06  0.00000E+00  0.00000E+00  0.11206E-04  0.00000E+00 -0.89109E-05 -0.65800E+00  0.00000E+00  0.34200E+00  0.00000E+00  0.00000E+00  0.34210E+00  0.00000E+00  0.11206E-04     99  0.00000E+00      0.000
     138.0000  0.00000E+00  0.00000E+00  0.23842E-06  0.00000E+00 -0.19073E-06  0.00000E+00  0.00000E+00  0.11444E-04  0.00000E+00 -0.91016E-05 -0.65800E+00  0.00000E+00  0.34200E+00  0.00000E+00  0.00000E+00  0.34210E+00  0.00000E+00  0.11444E-04    101  0.00000E+00      0.000
     139.0000  0.00000E+00  0.00000E+00  0.23842E-06  0.00000E+00 -0.19073E-06  0.00000E+00  0.00000E+00  0.11683E-04  0.00000E+00 -0.92924E-05 -0.65800E+00  0.00000E+00  0.34200E+00  0.00000E+00  0.00000E+00  0.34210E+00  0.00000E+00  0.11683E-04    103  0.00000E+00      0.000
     140.0000  0.00000E+00  0.00000E+00  0.23842E-06  0.00000E+00 -0.19073E-06  0.00000E+00  0.00000E+00  0.11921E-04  0.00000E+00 -0.94831E-05 -0.65800E+00  0.00000E+00  0.34200E+00  0.00000E+00  0.00000E+00  0.34210E+00  0.00000E+00  0.11921E-04    105  0.00000E+00      0.000
     141.0000  0.00000E+00  0.00000E+00  0.23842E-06  0.00000E+00 -0.19073E-06  0.00000E+00  0.00000E+00  0.12159E-04  0.00000E+00 -0.96738E-05 -0.65800E+00  0.00000E+00  0.34200E+00  0.00000E+00  0.00000E+00  0.34210E+00  0.00000E+00  0.12159E-04    107  0.00000E+00      0.000
     142.0000  0.00000E+00  0.00000E+00  0.23842E-06  0.00000E+00 -0.19073E-06  0.00000E+00  0.00000E+00  0.12398E-04  0.00000E+00 -0.98646E-05 -0.65800E+00  0.00000E+00  0.34200E+00  0.00000E+00  0.00000E+00  0.34210E+00  0.00000E+00  0.12398E-04    109  0.00000E+00      0.000
     143.0000  0.00000E+00  0.00000E+00  0.23842E-06  0.00000E+00 -0.19073E-06  0.00000E+00  0.00000E+00  0.12636E-04  0.00000E+00 -0.10055E-04 -0.65800E+00  0.00000E+00  0.34200E+00  0.00000E+00  0.00000E+00  0.34210E+00  0.00000E+00  0.12636E-04    111  0.00000E+00      0.000
     144.0000  0.00000E+00  0.00000E+00  0.23842E-06  0.00000E+00 -0.19073E-06  0.00000E+00  0.00000E+00  0.12875E-04  0.00000E+00 -0.10246E-04 -0.65800E+00  0.00000E+00  0.34200E+00  0.00000E+00  0.00000E+00  0.34210E+00  0.00000E+00  0.12875E-04    113  0.00000E+00      0.000
     145.0000  0.00000E+00  0.00000E+00  0.23842E-06  0.00000E+00 -0.19073E-06  0.00000E+00  0.00000E+00  0.13113E-04  0.00000E+00 -0.10437E-04 -0.65800E+00  0.00000E+00  0.34200E+00  0.00000E+00  0.00000E+00  0.34210E+00  0.00000E+00  0.13113E-04    115  0.00000E+00      0.000
     146.0000  0.00000E+00  0.00000E+00  0.23842E-06  0.00000E+00 -0.19073E-06  0.00000E+00  0.00000E+00  0.13351E-04  0.00000E+00 -0.10628E-04 -0.65800E+00  0.00000E+00  0.34200E+00  0.00000E+00  0.00000E+00  0.34210E+00  0.00000E+00  0.13351E-04    117  0.00000E+00      0.000
     147.0000  0.00000E+00  0.00000E+00  0.23842E-06  0.00000E+00 -0.19073E-06  0.00000E+00  0.00000E+00  0.13590E-04  0.00000E+00 -0.10818E-04 -0.65800E+00  0.00000E+00  0.34200E+00  0.00000E+00  0.00000E+00  0.34210E+00  0.00000E+00  0.13590E-04    119  0.00000E+00      0.000
     148.0000  0.00000E+00  0.00000E+00  0.23842E-06  0.00000E+00 -0.19073E-06  0.00000E+00  0.00000E+00  0.13828E-04  0.00000E+00 -0.11009E-04 -0.65800E+00  0.00000E+00  0.34200E+00  0.00000E+00  0.00000E+00  0.34210E+00  0.00000E+00  0.13828E-04    121  0.00000E+00      0.000
     149.0000  0.00000E+00  0.00000E+00  0.23842E-06  0.00000E+00 -0.19073E-06  0.00000E+00  0.00000E+00  0.14067E-04  0.00000E+00 -0.11200E-04 -0.65800E+00  0.00000E+00  0.34200E+00  0.00000E+00  0.00000E+00  0.34210E+00  0.00000E+00  0.14067E-04    123  0.00000E+00      0.000
     150.0000  0.00000E+00  0.00000E+00  0.23842E-06  0.00000E+00 -0.19073E-06  0.00000E+00  0.00000E+00  0.14305E-04  0.00000E+00 -0.11390E-04 -0.65800E+00  0.00000E+00  0.34200E+00  0.00000E+00  0.00000E+00  0.34210E+00  0.00000E+00  0.14305E-04    125  0.00000E+00      0.000
     151.0000  0.00000E+00  0.00000E+00  0.23842E-06  0.00000E+00 -0.19073E-06  0.00000E+00  0.00000E+00  0.14544E-04  0.00000E+00 -0.11581E-04 -0.65800E+00  0.00000E+00  0.34200E+00  0.00000E+00  0.00000E+00  0.34210E+00  0.00000E+00  0.14544E-04    127  0.00000E+00      0.000
     152.0000  0.00000E+00  0.00000E+00  0.23842E-06  0.00000E+00 -0.19073E-06  0.00000E+00  0.00000E+00  0.14782E-04  0.00000E+00 -0.11772E-04 -0.65800E+00  0.00000E+00  0.34200E+00  0.00000E+00  0.00000E+00  0.34210E+00  0.00000E+00  0.14782E-04    129  0.00000E+00      0.000
     153.0000  0.00000E+00  0.00000E+00  0.23842E-06  0.00000E+00 -0.19073E-06  0.00000E+00  0.00000E+00  0.15020E-04  0.00000E+00 -0.11963E-04 -0.65800E+00  0.00000E+00  0.34200E+00  0.00000E+00  0.00000E+00  0.34210E+00  0.00000E+00  0.15020E-04    131  0.00000E+00      0.000
     154.0000  0.00000E+00  0.00000E+00  0.23842E-06  0.00000E+00 -0.19073E-06  0.00000E+00  0.00000E+00  0.15259E-04  0.00000E+00 -0.12153E-04 -0.65800E+00  0.00000E+00  0.34200E+00  0.00000E+00  0.00000E+00  0.34210E+00  0.00000E+00  0.15259E-04    133  0.00000E+00      0.000
     155.0000  0.00000E+00  0.00000E+00  0.23842E-06  0.00000E+00 -0.19073E-06  0.00000E+00  0.00000E+00  0.15497E-04  0.00000E+00 -0.12344E-04 -0.65800E+00  0.00000E+00  0.34200E+00  0.00000E+00  0.00000E+00  0.34210E+00  0.00000E+00  0.15497E-04    135  0.00000E+00      0.000
     156.0000  0.00000E+00  0.00000E+00  0.23842E-06  0.00000E+00 -0.19073E-06  0.00000E+00  0.00000E+00  0.15736E-04  0.00000E+00 -0.12535E-04 -0.65800E+00  0.00000E+00  0.34200E+00  0.00000E+00  0.00000E+00  0.34210E+00  0.00000E+00  0.15736E-04    137  0.00000E+00      0.000
     157.0000  0.00000E+00  0.00000E+00  0.23842E-06  0.00000E+00 -0.19073E-06  0.00000E+00  0.00000E+00  0.15974E-04  0.00000E+00 -0.12726E-04 -0.65800E+00  0.00000E+00  0.34200E+00  0.00000E+00  0.00000E+00  0.34210E+00  0.00000E+00  0.15974E-04    139  0.00000E+00      0.000
     158.0000  0.00000E+00  0.00000E+00  0.23842E-06  0.00000E+00 -0.19073E-06  0.00000E+00  0.00000E+00  0.16212E-04  0.00000E+00 -0.12916E-04 -0.65800E+00  0.00000E+00  0.34200E+00  0.00000E+00  0.00000E+00  0.34210E+00  0.00000E+00  0.16212E-04    141  0.00000E+00      0.000
     159.0000  0.00000E+00  0.00000E+00  0.23842E-06  0.00000E+00 -0.19073E-06  0.00000E+00  0.00000E+00  0.16451E-04  0.00000E+00 -0.13107E-04 -0.65800E+00  0.00000E+00  0.34200E+00  0.00000E+00  0.00000E+00  0.34210E+00  0.00000E+00  0.16451E-04    143  0.00000E+00      0.000
     160.0000  0.00000E+00  0.00000E+00  0.23842E-06  0.00000E+00 -0.19073E-06  0.00000E+00  0.00000E+00  0.16689E-04  0.00000E+00 -0.13298E-04 -0.65800E+00  0.00000E+00  0.34200E+00  0.00000E+00  0.00000E+00  0.34210E+00  0.00000E+00  0.16689E-04    145  0.00000E+00      0.000
     161.0000  0.00000E+00  0.00000E+00  0.23842E-06  0.00000E+00 -0.19073E-06  0.00000E+00  0.00000E+00  0.16928E-04  0.00000E+00 -0.13489E-04 -0.65800E+00  0.00000E+00  0.34200E+00  0.00000E+00  0.00000E+00  0.34210E+00  0.00000E+00  0.16928E-04    147  0.00000E+00      0.000
     162.0000  0.00000E+00  0.00000E+00  0.23842E-06  0.00000E+00 -0.19073E-06  0.00000E+00  0.00000E+00  0.17166E-04  0.00000E+00 -0.13679E-04 -0.65800E+00  0.00000E+00  0.34200E+00  0.00000E+00  0.00000E+00  0.34210E+00  0.00000E+00  0.17166E-04    149  0.00000E+00      0.000
     163.0000  0.00000E+00  0.00000E+00  0.23842E-06  0.00000E+00 -0.19073E-06  0.00000E+00  0.00000E+00  0.17405E-04  0.00000E+00 -0.13870E-04 -0.65800E+00  0.00000E+00  0.34200E+00  0.00000E+00  0.00000E+00  0.34210E+00  0.00000E+00  0.17405E-04    151  0.00000E+00      0.000
     164.0000  0.00000E+00  0.00000E+00  0.23842E-06  0.00000E+00 -0.19073E-06  0.00000E+00  0.00000E+00  0.17643E-04  0.00000E+00 -0.14061E-04 -0.65800E+00  0.00000E+00  0.34200E+00  0.00000E+00  0.00000E+00  0.34210E+00  0.00000E+00  0.17643E-04    153  0.00000E+00      0.000
     165.0000  0.00000E+00  0.00000E+00  0.23842E-06  0.00000E+00 -0.19073E-06  0.00000E+00  0.00000E+00  0.17881E-04  0.00000E+00 -0.14251E-04 -0.65800E+00  0.00000E+00  0.34200E+00  0.00000E+00  0.00000E+00  0.34210E+00  0.00000E+00  0.17881E-04    155  0.00000E+00      0.000
     166.0000  0.00000E+00  0.00000E+00  0.23842E-06  0.00000E+00 -0.19073E-06  0.00000E+00  0.00000E+00  0.18120E-04  0.00000E+00 -0.14442E-04 -0.65800E+00  0.00000E+00  0.34200E+00  0.00000E+00  0.00000E+00  0.34210E+00  0.00000E+00  0.18120E-04    157  0.00000E+00      0.000
     167.0000  0.00000E+00  0.00000E+00  0.23842E-06  0.00000E+00 -0.19073E-06  0.00000E+00  0.00000E+00  0.18358E-04  0.00000E+00 -0.14633E-04 -0.65800E+00  0.00000E+00  0.34200E+00  0.00000E+00  0.00000E+00  0.34210E+00  0.00000E+00  0.18358E-04    159  0.00000E+00      0.000
     168.0000  0.00000E+00  0.00000E+00  0.23842E-06  0.00000E+00 -0.19073E-06  0.00000E+00  0.00000E+00  0.18597E-04  0.00000E+00 -0.14824E-04 -0.65800E+00  0.00000E+00  0.34200E+00  0.00000E+00  0.00000E+00  0.34210E+00  0.00000E+00  0.18597E-04    161  0.00000E+00      0.000
     169.0000  0.00000E+00  0.00000E+00  0.23842E-06  0.00000E+00 -0.19073E-06  0.00000E+00  0.00000E+00  0.18835E-04  0.00000E+00 -0.15014E-04 -0.65800E+00  0.00000E+00  0.34200E+00  0.00000E+00  0.00000E+00  0.34210E+00  0.00000E+00  0.18835E-04    163  0.00000E+00      0.000
     170.0000  0.00000E+00  0.00000E+00  0.23842E-06  0.00000E+00 -0.19073E-06  0.00000E+00  0.00000E+00  0.19073E-04  0.00000E+00 -0.15205E-04 -0.65800E+00  0.00000E+00  0.34200E+00  0.00000E+00  0.00000E+00  0.34210E+00  0.00000E+00  0.19073E-04    165  0.00000E+00      0.000
     171.0000  0.00000E+00  0.00000E+00  0.23842E-06  0.00000E+00 -0.19073E-06  0.00000E+00  0.00000E+00  0.19312E-04  0.00000E+00 -0.15396E-04 -0.65800E+00  0.00000E+00  0.34200E+00  0.00000E+00  0.00000E+00  0.34210E+00  0.00000E+00  0.19312E-04    167  0.00000E+00      0.000
     172.0000  0.00000E+00  0.00000E+00  0.23842E-06  0.00000E+00 -0.19073E-06  0.00000E+00  0.00000E+00  0.19550E-04  0.00000E+00 -0.15587E-04 -0.65800E+00  0.00000E+00  0.34200E+00  0.00000E+00  0.00000E+00  0.34210E+00  0.00000E+00  0.19550E-04    169  0.00000E+00      0.000
     173.0000  0.00000E+00  0.00000E+00  0.23842E-06  0.00000E+00 -0.19073E-06  0.00000E+00  0.00000E+00  0.19789E-04  0.00000E+00 -0.15777E-04 -0.65800E+00  0.00000E+00  0.34200E+00  0.00000E+00  0.00000E+00  0.34210E+00  0.00000E+00  0.19789E-04    171  0.00000E+00      0.000
     174.0000  0.00000E+00  0.00000E+00  0.23842E-06  0.00000E+00 -0.19073E-06  0.00000E+00  0.00000E+00  0.20027E-04  0.00000E+00 -0.15968E-04 -0.65800E+00  0.00000E+00  0.34200E+00  0.00000E+00  0.00000E+00  0.34210E+00  0.00000E+00  0.20027E-04    173  0.00000E+00      0.000
     175.0000  0.00000E+00  0.00000E+00  0.23842E-06  0.00000E+00 -0.19073E-06  0.00000E+00  0.00000E+00  0.20266E-04  0.00000E+00 -0.16159E-04 -0.65800E+00  0.00000E+00  0.34200E+00  0.00000E+00  0.00000E+00  0.34210E+00  0.00000E+00  0.20266E-04    175  0.00000E+00      0.000
     176.0000  0.00000E+00  0.00000E+00  0.23842E-06  0.00000E+00 -0.19073E-06  0.00000E+00  0.00000E+00  0.20504E-04  0.00000E+00 -0.16350E-04 -0.65800E+00  0.00000E+00  0.34200E+00  0.00000E+00  0.00000E+00  0.34210E+00  0.00000E+00  0.20504E-04    177  0.00000E+00      0.000
     177.0000  0.00000E+00  0.00000E+00  0.23842E-06  0.00000E+00 -0.19073E-06  0.00000E+00  0.00000E+00  0.20742E-04  0.00000E+00 -0.16540E-04 -0.65800E+00  0.00000E+00  0.34200E+00  0.00000E+00  0.00000E+00  0.34210E+00  0.00000E+00  0.20742E-04    179  0.00000E+00      0.000
     178.0000  0.00000E+00  0.00000E+00  0.23842E-06  0.00000E+00 -0.19073E-06  0.00000E+00  0.00000E+00  0.20981E-04  0.00000E+00 -0.16731E-04 -0.65800E+00  0.00000E+00  0.34200E+00  0.00000E+00  0.00000E+00  0.34210E+00  0.00000E+00  0.20981E-04    181  0.00000E+00      0.000
     179.0000  0.00000E+00  0.00000E+00  0.23842E-06  0.00000E+00 -0.19073E-06  0.00000E+00  0.00000E+00  0.21219E-04  0.00000E+00 -0.16922E-04 -0.65800E+00  0.00000E+00  0.34200E+00  0.00000E+00  0.00000E+00  0.34210E+00  0.00000E+00  0.21219E-04    183  0.00000E+00      0.000
     180.0000  0.00000E+00  0.00000E+00  0.23842E-06  0.00000E+00 -0.19073E-06  0.00000E+00  0.00000E+00  0.21458E-04  0.00000E+00 -0.17113E-04 -0.65800E+00  0.00000E+00  0.34200E+00  0.00000E+00  0.00000E+00  0.34210E+00  0.00000E+00  0.21458E-04    185  0.00000E+00      0.000
     181.0000  0.00000E+00  0.00000E+00  0.23842E-06  0.00000E+00 -0.19073E-06  0.00000E+00  0.00000E+00  0.21696E-04  0.00000E+00 -0.17303E-04 -0.65800E+00  0.00000E+00  0.34200E+00  0.00000E+00  0.00000E+00  0.34210E+00  0.00000E+00  0.21696E-04    187  0.00000E+00      0.000
     182.0000  0.00000E+00  0.00000E+00  0.23842E-06  0.00000E+00 -0.19073E-06  0.00000E+00  0.00000E+00  0.21935E-04  0.00000E+00 -0.17494E-04 -0.65800E+00  0.00000E+00  0.34200E+00  0.00000E+00  0.00000E+00  0.34210E+00  0.00000E+00  0.21935E-04    189  0.00000E+00      0.000
     183.0000  0.00000E+00  0.00000E+00  0.23842E-06  0.00000E+00 -0.19073E-06  0.00000E+00  0.00000E+00  0.22173E-04  0.00000E+00 -0.17685E-04 -0.65800E+00  0.00000E+00  0.34200E+00  0.00000E+00  0.00000E+00  0.34210E+00  0.00000E+00  0.22173E-04    191  0.00000E+00      0.000
     184.0000  0.00000E+00  0.00000E+00  0.23842E-06  0.00000E+00 -0.19073E-06  0.00000E+00  0.00000E+00  0.22411E-04  0.00000E+00 -0.17875E-04 -0.65800E+00  0.00000E+00  0.34200E+00  0.00000E+00  0.00000E+00  0.34210E+00  0.00000E+00  0.22411E-04    193  0.00000E+00      0.000
     185.0000  0.00000E+00  0.00000E+00  0.23842E-06  0.00000E+00 -0.19073E-06  0.00000E+00  0.00000E+00  0.22650E-04  0.00000E+00 -0.18066E-04 -0.65800E+00  0.00000E+00  0.34200E+00  0.00000E+00  0.00000E+00  0.34210E+00  0.00000E+00  0.22650E-04    195  0.00000E+00      0.000
     186.0000  0.00000E+00  0.00000E+00  0.23842E-06  0.00000E+00 -0.19073E-06  0.00000E+00  0.00000E+00  0.22888E-04  0.00000E+00 -0.18257E-04 -0.65800E+00  0.00000E+00  0.34200E+00  0.00000E+00  0.00000E+00  0.34210E+00  0.00000E+00  0.22888E-04    197  0.00000E+00      0.000
     187.0000  0.00000E+00  0.00000E+00  0.23842E-06  0.00000E+00 -0.19073E-06  0.00000E+00  0.00000E+00  0.23127E-04  0.00000E+00 -0.18448E-04 -0.65800E+00  0.00000E+00  0.34200E+00  0.00000E+00  0.00000E+00  0.34210E+00  0.00000E+00  0.23127E-04    199  0.00000E+00      0.000
     188.0000  0.00000E+00  0.00000E+00  0.23842E-06  0.00000E+00 -0.19073E-06  0.00000E+00  0.00000E+00  0.23365E-04  0.00000E+00 -0.18638E-04 -0.65800E+00  0.00000E+00  0.34200E+00  0.00000E+00  0.00000E+00  0.34210E+00  0.00000E+00  0.23365E-04    201  0.00000E+00      0.000
     189.0000  0.00000E+00  0.00000E+00  0.23842E-06  0.00000E+00 -0.19073E-06  0.00000E+00  0.00000E+00  0.23603E-04  0.00000E+00 -0.18829E-04 -0.65800E+00  0.00000E+00  0.34200E+00  0.00000E+00  0.00000E+00  0.34210E+00  0.00000E+00  0.23603E-04    203  0.00000E+00      0.000
     190.0000  0.00000E+00  0.00000E+00  0.23842E-06  0.00000E+00 -0.19073E-06  0.00000E+00  0.00000E+00  0.23842E-04  0.00000E+00 -0.19020E-04 -0.65800E+00  0.00000E+00  0.34200E+00  0.00000E+00  0.00000E+00  0.34210E+00  0.00000E+00  0.23842E-04    205  0.00000E+00      0.000
     191.0000  0.00000E+00  0.00000E+00  0.23842E-06  0.00000E+00 -0.19073E-06  0.00000E+00  0.00000E+00  0.24080E-04  0.00000E+00 -0.19211E-04 -0.65800E+00  0.00000E+00  0.34200E+00  0.00000E+00  0.00000E+00  0.34210E+00  0.00000E+00  0.24080E-04    207  0.00000E+00      0.000
     192.0000  0.00000E+00  0.00000E+00  0.23842E-06  0.00000E+00 -0.19073E-06  0.00000E+00  0.00000E+00  0.24319E-04  0.00000E+00 -0.19401E-04 -0.65800E+00  0.00000E+00  0.34200E+00  0.00000E+00  0.00000E+00  0.34210E+00  0.00000E+00  0.24319E-04    209  0.00000E+00      0.000
     193.0000  0.00000E+00  0.00000E+00  0.23842E-06  0.00000E+00 -0.19073E-06  0.00000E+00  0.00000E+00  0.24557E-04  0.00000E+00 -0.19592E-04 -0.65800E+00  0.00000E+00  0.34200E+00  0.00000E+00  0.00000E+00  0.34210E+00  0.00000E+00  0.24557E-04    211  0.00000E+00      0.000
     194.0000  0.00000E+00  0.00000E+00  0.23842E-06  0.00000E+00 -0.19073E-06  0.00000E+00  0.00000E+00  0.24796E-04  0.00000E+00 -0.19783E-04 -0.65800E+00  0.00000E+00  0.34200E+00  0.00000E+00  0.00000E+00  0.34210E+00  0.00000E+00  0.24796E-04    213  0.00000E+00      0.000
     195.0000  0.00000E+00  0.00000E+00  0.23842E-06  0.00000E+00 -0.19073E-06  0.00000E+00  0.00000E+00  0.25034E-04  0.00000E+00 -0.19974E-04 -0.65800E+00  0.00000E+00  0.34200E+00  0.00000E+00  0.00000E+00  0.34210E+00  0.00000E+00  0.25034E-04    215  0.00000E+00      0.000
     196.0000  0.00000E+00  0.00000E+00  0.23842E-06  0.00000E+00 -0.19073E-06  0.00000E+00  0.00000E+00  0.25272E-04  0.00000E+00 -0.20164E-04 -0.65800E+00  0.00000E+00  0.34200E+00  0.00000E+00  0.00000E+00  0.34210E+00  0.00000E+00  0.25272E-04    217  0.00000E+00      0.000
     197.0000  0.00000E+00  0.00000E+00  0.23842E-06  0.00000E+00 -0.19073E-06  0.00000E+00  0.00000E+00  0.25511E-04  0.00000E+00 -0.20355E-04 -0.65800E+00  0.00000E+00  0.34200E+00  0.00000E+00  0.00000E+00  0.34210E+00  0.00000E+00  0.25511E-04    219  0.00000E+00      0.000
     198.0000  0.00000E+00  0.00000E+00  0.23842E-06  0.00000E+00 -0.19073E-06  0.00000E+00  0.00000E+00  0.25749E-04  0.00000E+00 -0.20546E-04 -0.65800E+00  0.00000E+00  0.34200E+00  0.00000E+00  0.00000E+00  0.34210E+00  0.00000E+00  0.25749E-04    221  0.00000E+00      0.000
     199.0000  0.00000E+00  0.00000E+00  0.23842E-06  0.00000E+00 -0.19073E-06  0.00000E+00  0.00000E+00  0.25988E-04  0.00000E+00 -0.20737E-04 -0.65800E+00  0.00000E+00  0.34200E+00  0.00000E+00  0.00000E+00  0.34210E+00  0.00000E+00  0.25988E-04    223  0.00000E+00      0.000
     200.0000  0.00000E+00  0.00000E+00  0.23842E-06  0.00000E+00 -0.19073E-06  0.00000E+00  0.00000E+00  0.26226E-04  0.00000E+00 -0.20927E-04 -0.65800E+00  0.00000E+00  0.34200E+00  0.00000E+00  0.00000E+00  0.34210E+00  0.00000E+00  0.26226E-04    225  0.00000E+00      0.000
     201.0000  0.00000E+00  0.00000E+00  0.23842E-06  0.00000E+00 -0.19073E-06  0.00000E+00  0.00000E+00  0.26464E-04  0.00000E+00 -0.21118E-04 -0.65800E+00  0.00000E+00  0.34200E+00  0.00000E+00  0.00000E+00  0.34210E+00  0.00000E+00  0.26464E-04    227  0.00000E+00      0.000
     202.0000  0.00000E+00  0.00000E+00  0.23842E-06  0.00000E+00 -0.19073E-06  0.00000E+00  0.00000E+00  0.26703E-04  0.00000E+00 -0.21309E-04 -0.65800E+00  0.00000E+00  0.34200E+00  0.00000E+00  0.00000E+00  0.34210E+00  0.00000E+00  0.26703E-04    229  0.00000E+00      0.000
     203.0000  0.00000E+00  0.00000E+00  0.23842E-06  0.00000E+00 -0.19073E-06  0.00000E+00  0.00000E+00  0.26941E-04  0.00000E+00 -0.21499E-04 -0.65800E+00  0.00000E+00  0.34200E+00  0.00000E+00  0.00000E+00  0.34210E+00  0.00000E+00  0.26941E-04    231  0.00000E+00      0.000
     204.0000  0.00000E+00  0.00000E+00  0.23842E-06  0.00000E+00 -0.19073E-06  0.00000E+00  0.00000E+00  0.27180E-04  0.00000E+00 -0.21690E-04 -0.65800E+00  0.00000E+00  0.34200E+00  0.00000E+00  0.00000E+00  0.34210E+00  0.00000E+00  0.27180E-04    233  0.00000E+00      0.000
     205.0000  0.00000E+00  0.00000E+00  0.23842E-06  0.00000E+00 -0.19073E-06  0.00000E+00  0.00000E+00  0.27418E-04  0.00000E+00 -0.21881E-04 -0.65800E+00  0.00000E+00  0.34200E+00  0.00000E+00  0.00000E+00  0.34210E+00  0.00000E+00  0.27418E-04    235  0.00000E+00      0.000
     206.0000  0.00000E+00  0.00000E+00  0.23842E-06  0.00000E+00 -0.19073E-06  0.00000E+00  0.00000E+00  0.27657E-04  0.00000E+00 -0.22072E-04 -0.65800E+00  0.00000E+00  0.34200E+00  0.00000E+00  0.00000E+00  0.34210E+00  0.00000E+00  0.27657E-04    237  0.00000E+00      0.000
     207.0000  0.00000E+00  0.00000E+00  0.23842E-06  0.00000E+00 -0.19073E-06  0.00000E+00  0.00000E+00  0.27895E-04  0.00000E+00 -0.22262E-04 -0.65800E+00  0.00000E+00  0.34200E+00  0.00000E+00  0.00000E+00  0.34210E+00  0.00000E+00  0.27895E-04    239  0.00000E+00      0.000
     208.0000  0.00000E+00  0.00000E+00  0.23842E-06  0.00000E+00 -0.19073E-06  0.00000E+00  0.00000E+00  0.28133E-04  0.00000E+00 -0.22453E-04 -0.65800E+00  0.00000E+00  0.34200E+00  0.00000E+00  0.00000E+00  0.34210E+00  0.00000E+00  0.28133E-04    241  0.00000E+00      0.000
     209.0000  0.00000E+00  0.00000E+00  0.23842E-06  0.00000E+00 -0.19073E-06  0.00000E+00  0.00000E+00  0.28372E-04  0.00000E+00 -0.22644E-04 -0.65800E+00  0.00000E+00  0.34200E+00  0.00000E+00  0.00000E+00  0.34210E+00  0.00000E+00  0.28372E-04    243  0.00000E+00      0.000
     210.0000  0.00000E+00  0.00000E+00  0.23842E-06  0.00000E+00 -0.19073E-06  0.00000E+00  0.00000E+00  0.28610E-04  0.00000E+00 -0.22835E-04 -0.65800E+00  0.00000E+00  0.34200E+00  0.00000E+00  0.00000E+00  0.34210E+00  0.00000E+00  0.28610E-04    245  0.00000E+00      0.000
     211.0000  0.00000E+00  0.00000E+00  0.23842E-06  0.00000E+00 -0.19073E-06  0.00000E+00  0.00000E+00  0.28849E-04  0.00000E+00 -0.23025E-04 -0.65800E+00  0.00000E+00  0.34200E+00  0.00000E+00  0.00000E+00  0.34210E+00  0.00000E+00  0.28849E-04    247  0.00000E+00      0.000
     212.0000  0.00000E+00  0.00000E+00  0.23842E-06  0.00000E+00 -0.19073E-06  0.00000E+00  0.00000E+00  0.29087E-04  0.00000E+00 -0.23216E-04 -0.65800E+00  0.00000E+00  0.34200E+00  0.00000E+00  0.00000E+00  0.34210E+00  0.00000E+00  0.29087E-04    249  0.00000E+00      0.000
     213.0000  0.00000E+00  0.00000E+00  0.23842E-06  0.00000E+00 -0.19073E-06  0.00000E+00  0.00000E+00  0.29325E-04  0.00000E+00 -0.23407E-04 -0.65800E+00  0.00000E+00  0.34200E+00  0.00000E+00  0.00000E+00  0.34210E+00  0.00000E+00  0.29325E-04    251  0.00000E+00      0.000
     214.0000  0.00000E+00  0.00000E+00  0.23842E-06  0.00000E+00 -0.19073E-06  0.00000E+00  0.00000E+00  0.29564E-04  0.00000E+00 -0.23598E-04 -0.65800E+00  0.00000E+00  0.34200E+00  0.00000E+00  0.00000E+00  0.34210E+00  0.00000E+00  0.29564E-04    253  0.00000E+00      0.000
     215.0000  0.00000E+00  0.00000E+00  0.23842E-06  0.00000E+00 -0.19073E-06  0.00000E+00  0.00000E+00  0.29802E-04  0.00000E+00 -0.23788E-04 -0.65800E+00  0.00000E+00  0.34200E+00  0.00000E+00  0.00000E+00  0.34210E+00  0.00000E+00  0.29802E-04    255  0.00000E+00      0.000
     216.0000  0.00000E+00  0.00000E+00  0.23842E-06  0.00000E+00 -0.19073E-06  0.00000E+00  0.00000E+00  0.30041E-04  0.00000E+00 -0.23979E-04 -0.65800E+00  0.00000E+00  0.34200E+00  0.00000E+00  0.00000E+00  0.34210E+00  0.00000E+00  0.30041E-04    257  0.00000E+00      0.000
     217.0000  0.00000E+00  0.00000E+00  0.23842E-06  0.00000E+00 -0.19073E-06  0.00000E+00  0.00000E+00  0.30279E-04  0.00000E+00 -0.24170E-04 -0.65800E+00  0.00000E+00  0.34200E+00  0.00000E+00  0.00000E+00  0.34210E+00  0.00000E+00  0.30279E-04    259  0.00000E+00      0.000
     218.0000  0.00000E+00  0.00000E+00  0.23842E-06  0.00000E+00 -0.19073E-06  0.00000E+00  0.00000E+00  0.30518E-04  0.00000E+00 -0.24360E-04 -0.65800E+00  0.00000E+00  0.34200E+00  0.00000E+00  0.00000E+00  0.34210E+00  0.00000E+00  0.30518E-04    261  0.00000E+00      0.000
     219.0000  0.00000E+00  0.00000E+00  0.23842E-06  0.00000E+00 -0.19073E-06  0.00000E+00  0.00000E+00  0.30756E-04  0.00000E+00 -0.24551E-04 -0.65800E+00  0.00000E+00  0.34200E+00  0.00000E+00  0.00000E+00  0.34210E+00  0.00000E+00  0.30756E-04    263  0.00000E+00      0.000
     220.0000  0.00000E+00  0.00000E+00  0.23842E-06  0.00000E+00 -0.19073E-06  0.00000E+00  0.00000E+00  0.30994E-04  0.00000E+00 -0.24742E-04 -0.65800E+00  0.00000E+00  0.34200E+00  0.00000E+00  0.00000E+00  0.34210E+00  0.00000E+00  0.30994E-04    265  0.00000E+00      0.000
     221.0000  0.00000E+00  0.00000E+00  0.23842E-06  0.00000E+00 -0.19073E-06  0.00000E+00  0.00000E+00  0.31233E-04  0.00000E+00 -0.24933E-04 -0.65800E+00  0.00000E+00  0.34200E+00  0.00000E+00  0.00000E+00  0.34210E+00  0.00000E+00  0.31233E-04    267  0.00000E+00      0.000
     222.0000  0.00000E+00  0.00000E+00  0.23842E-06  0.00000E+00 -0.19073E-06  0.00000E+00  0.00000E+00  0.31471E-04  0.00000E+00 -0.25123E-04 -0.65800E+00  0.00000E+00  0.34200E+00  0.00000E+00  0.00000E+00  0.34210E+00  0.00000E+00  0.31471E-04    269  0.00000E+00      0.000
     223.0000  0.00000E+00  0.00000E+00  0.23842E-06  0.00000E+00 -0.19073E-06  0.00000E+00  0.00000E+00  0.31710E-04  0.00000E+00 -0.25314E-04 -0.65800E+00  0.00000E+00  0.34200E+00  0.00000E+00  0.00000E+00  0.34210E+00  0.00000E+00  0.31710E-04    271  0.00000E+00      0.000
     224.0000  0.00000E+00  0.00000E+00  0.23842E-06  0.00000E+00 -0.19073E-06  0.00000E+00  0.00000E+00  0.31948E-04  0.00000E+00 -0.25505E-04 -0.65800E+00  0.00000E+00  0.34200E+00  0.00000E+00  0.00000E+00  0.34210E+00  0.00000E+00  0.31948E-04    273  0.00000E+00      0.000
     225.0000  0.00000E+00  0.00000E+00  0.23842E-06  0.00000E+00 -0.19073E-06  0.00000E+00  0.00000E+00  0.32187E-04  0.00000E+00 -0.25696E-04 -0.65800E+00  0.00000E+00  0.34200E+00  0.00000E+00  0.00000E+00  0.34210E+00  0.00000E+00  0.32187E-04    275  0.00000E+00      0.000
     226.0000  0.00000E+00  0.00000E+00  0.23842E-06  0.00000E+00 -0.19073E-06  0.00000E+00  0.00000E+00  0.32425E-04  0.00000E+00 -0.25886E-04 -0.65800E+00  0.00000E+00  0.34200E+00  0.00000E+00  0.00000E+00  0.34210E+00  0.00000E+00  0.32425E-04    277  0.00000E+00      0.000
     227.0000  0.00000E+00  0.00000E+00  0.23842E-06  0.00000E+00 -0.19073E-06  0.00000E+00  0.00000E+00  0.32663E-04  0.00000E+00 -0.26077E-04 -0.65800E+00  0.00000E+00  0.34200E+00  0.00000E+00  0.00000E+00  0.34210E+00  0.00000E+00  0.32663E-04    279  0.00000E+00      0.000
     228.0000  0.00000E+00  0.00000E+00  0.23842E-06  0.00000E+00 -0.19073E-06  0.00000E+00  0.00000E+00  0.32902E-04  0.00000E+00 -0.26268E-04 -0.65800E+00  0.00000E+00  0.34200E+00  0.00000E+00  0.00000E+00  0.34210E+00  0.00000E+00  0.32902E-04    281  0.00000E+00      0.000
     229.0000  0.00000E+00  0.00000E+00  0.23842E-06  0.00000E+00 -0.19073E-06  0.00000E+00  0.00000E+00  0.33140E-04  0.00000E+00 -0.26459E-04 -0.65800E+00  0.00000E+00  0.34200E+00  0.00000E+00  0.00000E+00  0.34210E+00  0.00000E+00  0.33140E-04    283  0.00000E+00      0.000
     230.0000  0.00000E+00  0.00000E+00  0.23842E-06  0.00000E+00 -0.19073E-06  0.00000E+00  0.00000E+00  0.33379E-04  0.00000E+00 -0.26649E-04 -0.65800E+00  0.00000E+00  0.34200E+00  0.00000E+00  0.00000E+00  0.34210E+00  0.00000E+00  0.33379E-04    285  0.00000E+00      0.000
     231.0000  0.00000E+00  0.00000E+00  0.23842E-06  0.00000E+00 -0.19073E-06  0.00000E+00  0.00000E+00  0.33617E-04  0.00000E+00 -0.26840E-04 -0.65800E+00  0.00000E+00  0.34200E+00  0.00000E+00  0.00000E+00  0.34210E+00  0.00000E+00  0.33617E-04    287  0.00000E+00      0.000
     232.0000  0.00000E+00  0.00000E+00  0.23842E-06  0.00000E+00 -0.19073E-06  0.00000E+00  0.00000E+00  0.33855E-04  0.00000E+00 -0.27031E-04 -0.65800E+00  0.00000E+00  0.34200E+00  0.00000E+00  0.00000E+00  0.34210E+00  0.00000E+00  0.33855E-04    289  0.00000E+00      0.000
     233.0000  0.00000E+00  0.00000E+00  0.23842E-06  0.00000E+00 -0.19073E-06  0.00000E+00  0.00000E+00  0.34094E-04  0.00000E+00 -0.27222E-04 -0.65800E+00  0.00000E+00  0.34200E+00  0.00000E+00  0.00000E+00  0.34210E+00  0.00000E+00  0.34094E-04    291  0.00000E+00      0.000
     234.0000  0.00000E+00  0.00000E+00  0.23842E-06  0.00000E+00 -0.19073E-06  0.00000E+00  0.00000E+00  0.34332E-04  0.00000E+00 -0.27412E-04 -0.65800E+00  0.00000E+00  0.34200E+00  0.00000E+00  0.00000E+00  0.34210E+00  0.00000E+00  0.34332E-04    293  0.00000E+00      0.000
     235.0000  0.00000E+00  0.00000E+00  0.23842E-06  0.00000E+00 -0.19073E-06  0.00000E+00  0.00000E+00  0.34571E-04  0.00000E+00 -0.27603E-04 -0.65800E+00  0.00000E+00  0.34200E+00  0.00000E+00  0.00000E+00  0.34210E+00  0.00000E+00  0.34571E-04    295  0.00000E+00      0.000
     236.0000  0.00000E+00  0.00000E+00  0.23842E-06  0.00000E+00 -0.19073E-06  0.00000E+00  0.00000E+00  0.34809E-04  0.00000E+00 -0.27794E-04 -0.65800E+00  0.00000E+00  0.34200E+00  0.00000E+00  0.00000E+00  0.34210E+00  0.00000E+00  0.34809E-04    297  0.00000E+00      0.000
     237.0000  0.00000E+00  0.00000E+00  0.23842E-06  0.00000E+00 -0.19073E-06  0.00000E+00  0.00000E+00  0.35048E-04  0.00000E+00 -0.27984E-04 -0.65800E+00  0.00000E+00  0.34200E+00  0.00000E+00  0.00000E+00  0.34210E+00  0.00000E+00  0.35048E-04    299  0.00000E+00      0.000
     238.0000  0.00000E+00  0.00000E+00  0.23842E-06  0.00000E+00 -0.19073E-06  0.00000E+00  0.00000E+00  0.35286E-04  0.00000E+00 -0.28175E-04 -0.65800E+00  0.00000E+00  0.34200E+00  0.00000E+00  0.00000E+00  0.34210E+00  0.00000E+00  0.35286E-04    301  0.00000E+00      0.000
     239.0000  0.00000E+00  0.00000E+00  0.23842E-06  0.00000E+00 -0.19073E-06  0.00000E+00  0.00000E+00  0.35524E-04  0.00000E+00 -0.28366E-04 -0.65800E+00  0.00000E+00  0.34200E+00  0.00000E+00  0.00000E+00  0.34210E+00  0.00000E+00  0.35524E-04    303  0.00000E+00      0.000
     240.0000  0.00000E+00  0.00000E+00  0.23842E-06  0.00000E+00 -0.19073E-06  0.00000E+00  0.00000E+00  0.35763E-04  0.00000E+00 -0.28557E-04 -0.65800E+00  0.00000E+00  0.34200E+00  0.00000E+00  0.00000E+00  0.34210E+00  0.00000E+00  0.35763E-04    305  0.00000E+00      0.000
     241.0000  0.00000E+00  0.00000E+00  0.23842E-06  0.00000E+00 -0.19073E-06  0.00000E+00  0.00000E+00  0.36001E-04  0.00000E+00 -0.28747E-04 -0.65800E+00  0.00000E+00  0.34200E+00  0.00000E+00  0.00000E+00  0.34210E+00  0.00000E+00  0.36001E-04    307  0.00000E+00      0.000
     242.0000  0.00000E+00  0.00000E+00  0.23842E-06  0.00000E+00 -0.19073E-06  0.00000E+00  0.00000E+00  0.36240E-04  0.00000E+00 -0.28938E-04 -0.65800E+00  0.00000E+00  0.34200E+00  0.00000E+00  0.00000E+00  0.34210E+00  0.00000E+00  0.36240E-04    309  0.00000E+00      0.000
     243.0000  0.00000E+00  0.00000E+00  0.23842E-06  0.00000E+00 -0.19073E-06  0.00000E+00  0.00000E+00  0.36478E-04  0.00000E+00 -0.29129E-04 -0.65800E+00  0.00000E+00  0.34200E+00  0.00000E+00  0.00000E+00  0.34210E+00  0.00000E+00  0.36478E-04    311  0.00000E+00      0.000
     244.0000  0.00000E+00  0.00000E+00  0.23842E-06  0.00000E+00 -0.19073E-06  0.00000E+00  0.00000E+00  0.36716E-04  0.00000E+00 -0.29320E-04 -0.65800E+00  0.00000E+00  0.34200E+00  0.00000E+00  0.00000E+00  0.34210E+00  0.00000E+00  0.36716E-04    313  0.00000E+00      0.000
     245.0000  0.00000E+00  0.00000E+00  0.23842E-06  0.00000E+00 -0.19073E-06  0.00000E+00  0.00000E+00  0.36955E-04  0.00000E+00 -0.29510E-04 -0.65800E+00  0.00000E+00  0.34200E+00  0.00000E+00  0.00000E+00  0.34210E+00  0.00000E+00  0.36955E-04    315  0.00000E+00      0.000
     246.0000  0.00000E+00  0.00000E+00  0.23842E-06  0.00000E+00 -0.19073E-06  0.00000E+00  0.00000E+00  0.37193E-04  0.00000E+00 -0.29701E-04 -0.65800E+00  0.00000E+00  0.34200E+00  0.00000E+00  0.00000E+00  0.34210E+00  0.00000E+00  0.37193E-04    317  0.00000E+00      0.000
     247.0000  0.00000E+00  0.00000E+00  0.23842E-06  0.00000E+00 -0.19073E-06  0.00000E+00  0.00000E+00  0.37432E-04  0.00000E+00 -0.29892E-04 -0.65800E+00  0.00000E+00  0.34200E+00  0.00000E+00  0.00000E+00  0.34210E+00  0.00000E+00  0.37432E-04    319  0.00000E+00      0.000
     248.0000  0.00000E+00  0.00000E+00  0.23842E-06  0.00000E+00 -0.19073E-06  0.00000E+00  0.00000E+00  0.37670E-04  0.00000E+00 -0.30083E-04 -0.65800E+00  0.00000E+00  0.34200E+00  0.00000E+00  0.00000E+00  0.34210E+00  0.00000E+00  0.37670E-04    321  0.00000E+00      0.000
     249.0000  0.00000E+00  0.00000E+00  0.23842E-06  0.00000E+00 -0.19073E-06  0.00000E+00  0.00000E+00  0.37909E-04  0.00000E+00 -0.30273E-04 -0.65800E+00  0.00000E+00  0.34200E+00  0.00000E+00  0.00000E+00  0.34210E+00  0.00000E+00  0.37909E-04    323  0.00000E+00      0.000
     250.0000  0.00000E+00  0.00000E+00  0.23842E-06  0.00000E+00 -0.19073E-06  0.00000E+00  0.00000E+00  0.38147E-04  0.00000E+00 -0.30464E-04 -0.65800E+00  0.00000E+00  0.34200E+00  0.00000E+00  0.00000E+00  0.34210E+00  0.00000E+00  0.38147E-04    325  0.00000E+00      0.000
     251.0000  0.00000E+00  0.00000E+00  0.23842E-06  0.00000E+00 -0.19073E-06  0.00000E+00  0.00000E+00  0.38385E-04  0.00000E+00 -0.30655E-04 -0.65800E+00  0.00000E+00  0.34200E+00  0.00000E+00  0.00000E+00  0.34210E+00  0.00000E+00  0.38385E-04    327  0.00000E+00      0.000
     252.0000  0.00000E+00  0.00000E+00  0.23842E-06  0.00000E+00 -0.19073E-06  0.00000E+00  0.00000E+00  0.38624E-04  0.00000E+00 -0.30845E-04 -0.65800E+00  0.00000E+00  0.34200E+00  0.00000E+00  0.00000E+00  0.34210E+00  0.00000E+00  0.38624E-04    329  0.00000E+00      0.000
     253.0000  0.00000E+00  0.00000E+00  0.23842E-06  0.00000E+00 -0.19073E-06  0.00000E+00  0.00000E+00  0.38862E-04  0.00000E+00 -0.31036E-04 -0.65800E+00  0.00000E+00  0.34200E+00  0.00000E+00  0.00000E+00  0.34210E+00  0.00000E+00  0.38862E-04    331  0.00000E+00      0.000
     254.0000  0.00000E+00  0.00000E+00  0.23842E-06  0.00000E+00 -0.19073E-06  0.00000E+00  0.00000E+00  0.39101E-04  0.00000E+00 -0.31227E-04 -0.65800E+00  0.00000E+00  0.34200E+00  0.00000E+00  0.00000E+00  0.34210E+00  0.00000E+00  0.39101E-04    333  0.00000E+00      0.000
     255.0000  0.00000E+00  0.00000E+00  0.23842E-06  0.00000E+00 -0.19073E-06  0.00000E+00  0.00000E+00  0.39339E-04  0.00000E+00 -0.31418E-04 -0.65800E+00  0.00000E+00  0.34200E+00  0.00000E+00  0.00000E+00  0.34210E+00  0.00000E+00  0.39339E-04    335  0.00000E+00      0.000
     256.0000  0.00000E+00  0.00000E+00  0.23842E-06  0.00000E+00 -0.19073E-06  0.00000E+00  0.00000E+00  0.39577E-04  0.00000E+00 -0.31608E-04 -0.65800E+00  0.00000E+00  0.34200E+00  0.00000E+00  0.00000E+00  0.34210E+00  0.00000E+00  0.39577E-04    337  0.00000E+00      0.000
     257.0000  0.00000E+00  0.00000E+00  0.23842E-06  0.00000E+00 -0.19073E-06  0.00000E+00  0.00000E+00  0.39816E-04  0.00000E+00 -0.31799E-04 -0.65800E+00  0.00000E+00  0.34200E+00  0.00000E+00  0.00000E+00  0.34210E+00  0.00000E+00  0.39816E-04    339  0.00000E+00      0.000
     258.0000  0.00000E+00  0.00000E+00  0.23842E-06  0.00000E+00 -0.19073E-06  0.00000E+00  0.00000E+00  0.40054E-04  0.00000E+00 -0.31990E-04 -0.65800E+00  0.00000E+00  0.34200E+00  0.00000E+00  0.00000E+00  0.34210E+00  0.00000E+00  0.40054E-04    341  0.00000E+00      0.000
     259.0000  0.00000E+00  0.00000E+00  0.23842E-06  0.00000E+00 -0.19073E-06  0.00000E+00  0.00000E+00  0.40293E-04  0.00000E+00 -0.32181E-04 -0.65800E+00  0.00000E+00  0.34200E+00  0.00000E+00  0.00000E+00  0.34210E+00  0.00000E+00  0.40293E-04    343  0.00000E+00      0.000
     260.0000  0.00000E+00  0.00000E+00  0.23842E-06  0.00000E+00 -0.19073E-06  0.00000E+00  0.00000E+00  0.40531E-04  0.00000E+00 -0.32371E-04 -0.65800E+00  0.00000E+00  0.34200E+00  0.00000E+00  0.00000E+00  0.34210E+00  0.00000E+00  0.40531E-04    345  0.00000E+00      0.000
     261.0000  0.00000E+00  0.00000E+00  0.23842E-06  0.00000E+00 -0.19073E-06  0.00000E+00  0.00000E+00  0.40770E-04  0.00000E+00 -0.32562E-04 -0.65800E+00  0.00000E+00  0.34200E+00  0.00000E+00  0.00000E+00  0.34210E+00  0.00000E+00  0.40770E-04    347  0.00000E+00      0.000
     262.0000  0.00000E+00  0.00000E+00  0.23842E-06  0.00000E+00 -0.19073E-06  0.00000E+00  0.00000E+00  0.41008E-04  0.00000E+00 -0.32753E-04 -0.65800E+00  0.00000E+00  0.34200E+00  0.00000E+00  0.00000E+00  0.34210E+00  0.00000E+00  0.41008E-04    349  0.00000E+00      0.000
     263.0000  0.00000E+00  0.00000E+00  0.23842E-06  0.00000E+00 -0.19073E-06  0.00000E+00  0.00000E+00  0.41246E-04  0.00000E+00 -0.32944E-04 -0.65800E+00  0.00000E+00  0.34200E+00  0.00000E+00  0.00000E+00  0.34210E+00  0.00000E+00  0.41246E-04    351  0.00000E+00      0.000
     264.0000  0.00000E+00  0.00000E+00  0.23842E-06  0.00000E+00 -0.19073E-06  0.00000E+00  0.00000E+00  0.41485E-04  0.00000E+00 -0.33134E-04 -0.65800E+00  0.00000E+00  0.34200E+00  0.00000E+00  0.00000E+00  0.34210E+00  0.00000E+00  0.41485E-04    353  0.00000E+00      0.000
     265.0000  0.00000E+00  0.00000E+00  0.23842E-06  0.00000E+00 -0.19073E-06  0.00000E+00  0.00000E+00  0.41723E-04  0.00000E+00 -0.33325E-04 -0.65800E+00  0.00000E+00  0.34200E+00  0.00000E+00  0.00000E+00  0.34210E+00  0.00000E+00  0.41723E-04    355  0.00000E+00      0.000
     266.0000  0.00000E+00  0.00000E+00  0.23842E-06  0.00000E+00 -0.19073E-06  0.00000E+00  0.00000E+00  0.41962E-04  0.00000E+00 -0.33516E-04 -0.65800E+00  0.00000E+00  0.34200E+00  0.00000E+00  0.00000E+00  0.34210E+00  0.00000E+00  0.41962E-04    357  0.00000E+00      0.000
     267.0000  0.00000E+00  0.00000E+00  0.23842E-06  0.00000E+00 -0.19073E-06  0.00000E+00  0.00000E+00  0.42200E-04  0.00000E+00 -0.33706E-04 -0.65800E+00  0.00000E+00  0.34200E+00  0.00000E+00  0.00000E+00  0.34210E+00  0.00000E+00  0.42200E-04    359  0.00000E+00      0.000
     268.0000  0.00000E+00  0.00000E+00  0.23842E-06  0.00000E+00 -0.19073E-06  0.00000E+00  0.00000E+00  0.42439E-04  0.00000E+00 -0.33897E-04 -0.65800E+00  0.00000E+00  0.34200E+00  0.00000E+00  0.00000E+00  0.34210E+00  0.00000E+00  0.42439E-04    361  0.00000E+00      0.000
     269.0000  0.00000E+00  0.00000E+00  0.23842E-06  0.00000E+00 -0.19073E-06  0.00000E+00  0.00000E+00  0.42677E-04  0.00000E+00 -0.34088E-04 -0.65800E+00  0.00000E+00  0.34200E+00  0.00000E+00  0.00000E+00  0.34210E+00  0.00000E+00  0.42677E-04    363  0.00000E+00      0.000
     270.0000  0.00000E+00  0.00000E+00  0.23842E-06  0.00000E+00 -0.19073E-06  0.00000E+00  0.00000E+00  0.42915E-04  0.00000E+00 -0.34279E-04 -0.65800E+00  0.00000E+00  0.34200E+00  0.00000E+00  0.00000E+00  0.34210E+00  0.00000E+00  0.42915E-04    365  0.00000E+00      0.000
     271.0000  0.00000E+00  0.00000E+00  0.23842E-06  0.00000E+00 -0.19073E-06  0.00000E+00  0.00000E+00  0.43154E-04  0.00000E+00 -0.34469E-04 -0.65800E+00  0.00000E+00  0.34200E+00  0.00000E+00  0.00000E+00  0.34210E+00  0.00000E+00  0.43154E-04    367  0.00000E+00      0.000
     272.0000  0.00000E+00  0.00000E+00  0.23842E-06  0.00000E+00 -0.19073E-06  0.00000E+00  0.00000E+00  0.43392E-04  0.00000E+00 -0.34660E-04 -0.65800E+00  0.00000E+00  0.34200E+00  0.00000E+00  0.00000E+00  0.34210E+00  0.00000E+00  0.43392E-04    369  0.00000E+00      0.000
     273.0000  0.00000E+00  0.00000E+00  0.23842E-06  0.00000E+00 -0.19073E-06  0.00000E+00  0.00000E+00  0.43631E-04  0.00000E+00 -0.34851E-04 -0.65800E+00  0.00000E+00  0.34200E+00  0.00000E+00  0.00000E+00  0.34210E+00  0.00000E+00  0.43631E-04    371  0.00000E+00      0.000
end
